~~ Start logging ~~
2025-01-23 15:08:09.410 INFO Found the following version folder: ['1.0.11']
2025-01-23 15:08:09.590 INFO Processing version folder: 1.0.11
2025-01-23 15:08:09.591 INFO   Create and checkout to a new branch: Modify-Y8Games.Y8Browser-1.0.11
2025-01-23 15:08:15.519 INFO   Processing of manifest: D:\...\winget-pkgs\manifests\y\Y8Games\Y8Browser\1.0.11\Y8Games.Y8Browser.installer.yaml
2025-01-23 15:08:15.521 INFO     Replace ManifestVersion: 1.6.0 -> 1.9.0
2025-01-23 15:08:15.522 INFO     Replace schema references: 1.6.0.schema.json -> 1.9.0.schema.json
2025-01-23 15:08:15.523 WARNING   这是一个半自动处理，自动化不会对清单进行实质性修改，仅仅是格式化。
2025-01-23 15:08:15.524 INFO     The modified file has been saved as: D:\...\winget-pkgs\manifests\y\Y8Games\Y8Browser\1.0.11\Y8Games.Y8Browser.installer.yaml
2025-01-23 15:08:15.525 INFO   Processing of manifest: D:\...\winget-pkgs\manifests\y\Y8Games\Y8Browser\1.0.11\Y8Games.Y8Browser.locale.en-US.yaml
2025-01-23 15:08:15.527 INFO     Replace ManifestVersion: 1.6.0 -> 1.9.0
2025-01-23 15:08:15.529 INFO     Replace schema references: 1.6.0.schema.json -> 1.9.0.schema.json
2025-01-23 15:08:15.530 WARNING   这是一个半自动处理，自动化不会对清单进行实质性修改，仅仅是格式化。
2025-01-23 15:08:15.531 INFO     The modified file has been saved as: D:\...\winget-pkgs\manifests\y\Y8Games\Y8Browser\1.0.11\Y8Games.Y8Browser.locale.en-US.yaml
2025-01-23 15:08:15.533 INFO   Processing of manifest: D:\...\winget-pkgs\manifests\y\Y8Games\Y8Browser\1.0.11\Y8Games.Y8Browser.locale.zh-CN.yaml
2025-01-23 15:08:15.552 INFO     Replace ManifestVersion: 1.6.0 -> 1.9.0
2025-01-23 15:08:15.554 INFO     Replace schema references: 1.6.0.schema.json -> 1.9.0.schema.json
2025-01-23 15:08:15.555 WARNING   这是一个半自动处理，自动化不会对清单进行实质性修改，仅仅是格式化。
2025-01-23 15:08:15.557 INFO     The modified file has been saved as: D:\...\winget-pkgs\manifests\y\Y8Games\Y8Browser\1.0.11\Y8Games.Y8Browser.locale.zh-CN.yaml
2025-01-23 15:08:15.559 INFO   Processing of manifest: D:\...\winget-pkgs\manifests\y\Y8Games\Y8Browser\1.0.11\Y8Games.Y8Browser.yaml
2025-01-23 15:08:15.561 INFO     Replace ManifestVersion: 1.6.0 -> 1.9.0
2025-01-23 15:08:15.562 INFO     Replace schema references: 1.6.0.schema.json -> 1.9.0.schema.json
2025-01-23 15:08:15.563 WARNING   这是一个半自动处理，自动化不会对清单进行实质性修改，仅仅是格式化。
2025-01-23 15:08:15.564 INFO     The modified file has been saved as: D:\...\winget-pkgs\manifests\y\Y8Games\Y8Browser\1.0.11\Y8Games.Y8Browser.yaml
2025-01-23 15:08:16.122 INFO     清单验证成功。

2025-01-23 15:08:16.138 INFO   Staging and Committing Changes to Git
2025-01-23 15:08:23.932 INFO     Commit message: Modify: Y8Games.Y8Browser version 1.0.11 (Auto)
2025-01-23 15:08:23.952 INFO   Pushing changes to remote (origin) repository
2025-01-23 15:08:38.895 INFO     Successfully pushed to remote (origin): Modify-Y8Games.Y8Browser-1.0.11
2025-01-23 15:08:41.915 INFO     Pull request created successfully: https://github.com/microsoft/winget-pkgs/pull/216025
2025-01-23 15:08:41.919 INFO All manifests have been modified and pushed through.
2025-01-23 15:08:48.814 INFO Workspace clean-up completed.
~~ End of logging ~~
