~~ Start logging ~~
2025-06-25 20:15:30.874 FUN 学新闻学学的。
2025-06-25 20:15:30.895 INFO Found the following version folder: ['1.0.1', '1.0.10', '1.0.11', '1.0.2', '1.0.3', '1.0.4', '1.0.5', '1.0.6', '1.0.7', '1.0.8', '1.0.9', '1.1.0', '1.1.1', '1.1.10', '1.1.11', '1.1.12', '1.1.13', '1.1.14', '1.1.2', '1.1.3', '1.1.4', '1.1.6', '1.1.7', '1.1.8', '1.1.9', '1.2.0', '1.2.1', '1.2.2', '1.2.3', '1.2.8']
2025-06-25 20:15:30.896 INFO Skip version 1.0.1, because it's not in the list of versions to be modified.
2025-06-25 20:15:30.897 INFO Skip version 1.0.10, because it's not in the list of versions to be modified.
2025-06-25 20:15:30.898 INFO Skip version 1.0.11, because it's not in the list of versions to be modified.
2025-06-25 20:15:30.899 INFO Skip version 1.0.2, because it's not in the list of versions to be modified.
2025-06-25 20:15:30.900 INFO Skip version 1.0.3, because it's not in the list of versions to be modified.
2025-06-25 20:15:30.901 INFO Skip version 1.0.4, because it's not in the list of versions to be modified.
2025-06-25 20:15:30.902 INFO Skip version 1.0.5, because it's not in the list of versions to be modified.
2025-06-25 20:15:30.903 INFO Skip version 1.0.6, because it's not in the list of versions to be modified.
2025-06-25 20:15:30.904 INFO Skip version 1.0.7, because it's not in the list of versions to be modified.
2025-06-25 20:15:30.905 INFO Skip version 1.0.8, because it's not in the list of versions to be modified.
2025-06-25 20:15:30.905 INFO Skip version 1.0.9, because it's not in the list of versions to be modified.
2025-06-25 20:15:30.906 INFO Skip version 1.1.0, because it's not in the list of versions to be modified.
2025-06-25 20:15:30.907 INFO Skip version 1.1.1, because it's not in the list of versions to be modified.
2025-06-25 20:15:30.908 INFO Skip version 1.1.10, because it's not in the list of versions to be modified.
2025-06-25 20:15:30.909 INFO Skip version 1.1.11, because it's not in the list of versions to be modified.
2025-06-25 20:15:30.910 INFO Skip version 1.1.12, because it's not in the list of versions to be modified.
2025-06-25 20:15:30.911 INFO Skip version 1.1.13, because it's not in the list of versions to be modified.
2025-06-25 20:15:30.912 INFO Skip version 1.1.14, because it's not in the list of versions to be modified.
2025-06-25 20:15:30.912 INFO Skip version 1.1.2, because it's not in the list of versions to be modified.
2025-06-25 20:15:30.913 INFO Skip version 1.1.3, because it's not in the list of versions to be modified.
2025-06-25 20:15:30.914 INFO Skip version 1.1.4, because it's not in the list of versions to be modified.
2025-06-25 20:15:30.915 INFO Skip version 1.1.6, because it's not in the list of versions to be modified.
2025-06-25 20:15:30.915 INFO Skip version 1.1.7, because it's not in the list of versions to be modified.
2025-06-25 20:15:30.916 INFO Skip version 1.1.8, because it's not in the list of versions to be modified.
2025-06-25 20:15:30.917 INFO Skip version 1.1.9, because it's not in the list of versions to be modified.
2025-06-25 20:15:30.917 INFO Skip version 1.2.0, because it's not in the list of versions to be modified.
2025-06-25 20:15:30.918 INFO Skip version 1.2.1, because it's not in the list of versions to be modified.
2025-06-25 20:15:30.919 INFO Skip version 1.2.2, because it's not in the list of versions to be modified.
2025-06-25 20:15:30.920 INFO Skip version 1.2.3, because it's not in the list of versions to be modified.
2025-06-25 20:15:30.920 INFO Processing version folder: 1.2.8
2025-06-25 20:15:30.921 INFO   Create and checkout to a new branch: New-Version-DuckStudio.Sundry-1.2.8-1750853730
2025-06-25 20:15:40.516 INFO   Processing of manifest: D:\...\winget-pkgs\manifests\d\DuckStudio\Sundry\1.2.8\DuckStudio.Sundry.installer.yaml
2025-06-25 20:15:40.518 INFO     The manifest file has been saved as: D:\...\winget-pkgs\manifests\d\DuckStudio\Sundry\1.2.8\DuckStudio.Sundry.installer.yaml
2025-06-25 20:15:40.685 INFO   Processing of manifest: D:\...\winget-pkgs\manifests\d\DuckStudio\Sundry\1.2.8\DuckStudio.Sundry.locale.en-US.yaml
2025-06-25 20:15:40.687 INFO     The manifest file has been saved as: D:\...\winget-pkgs\manifests\d\DuckStudio\Sundry\1.2.8\DuckStudio.Sundry.locale.en-US.yaml
2025-06-25 20:15:40.798 INFO   Processing of manifest: D:\...\winget-pkgs\manifests\d\DuckStudio\Sundry\1.2.8\DuckStudio.Sundry.locale.zh-CN.yaml
2025-06-25 20:15:40.801 INFO     The manifest file has been saved as: D:\...\winget-pkgs\manifests\d\DuckStudio\Sundry\1.2.8\DuckStudio.Sundry.locale.zh-CN.yaml
2025-06-25 20:15:40.917 INFO   Processing of manifest: D:\...\winget-pkgs\manifests\d\DuckStudio\Sundry\1.2.8\DuckStudio.Sundry.yaml
2025-06-25 20:15:40.919 INFO     The manifest file has been saved as: D:\...\winget-pkgs\manifests\d\DuckStudio\Sundry\1.2.8\DuckStudio.Sundry.yaml
2025-06-25 20:15:41.428 INFO   New manifests in D:\...\winget-pkgs\manifests\d\DuckStudio\Sundry\1.2.8 for DuckStudio.Sundry (1.2.8)
2025-06-25 20:21:08.487 INFO     清单具有以下未验证的依赖项;确保它们有效：
2025-06-25 20:21:08.488 INFO       - 程序包
2025-06-25 20:21:08.489 INFO           DuckStudio.GitHubLabelsManager [>= 1.7]
2025-06-25 20:21:08.490 INFO           Git.Git
2025-06-25 20:21:08.491 INFO           GitHub.cli
2025-06-25 20:21:08.492 INFO     清单验证成功。
2025-06-25 20:21:08.498 INFO   Staging and Committing Changes to Git
2025-06-25 20:21:17.468 INFO     Commit message: New version: DuckStudio.Sundry version 1.2.8 (Auto)
2025-06-25 20:21:17.469 INFO   Pushing changes to remote (origin) repository
2025-06-25 20:21:22.122 INFO     Successfully pushed to remote (origin): New-Version-DuckStudio.Sundry-1.2.8-1750853730
2025-06-25 20:21:24.135 INFO     Pull request created successfully: https://github.com/microsoft/winget-pkgs/pull/268440
2025-06-25 20:21:24.136 INFO All manifests have been modified and pushed through.
2025-06-25 20:21:29.617 INFO Workspace clean-up completed.
~~ End of logging ~~
