~~ Start logging ~~
2025-08-04 22:44:52.246 FUN 虽然什么都没做，但还是辛苦我自己了。
2025-08-04 22:44:52.247 INFO Trying to generate new manifests for CyberHive.Connect 3.8.0 with urls ['https://pkgs.cyberhive.com/windows/stable/cyberhive-connect_3.8.0-351255de.exe']...
2025-08-04 22:45:14.263 INFO The manifest was successfully generated.
2025-08-04 22:45:14.272 INFO Found the following version folder: ['3.5.1', '3.6.0', '3.7.0', '3.7.1', '3.7.2', '3.7.3', '3.7.4', '3.7.5', '3.7.6', '3.8.0']
2025-08-04 22:45:14.273 INFO Skip version 3.5.1, because it's not in the list of versions to be modified.
2025-08-04 22:45:14.274 INFO Skip version 3.6.0, because it's not in the list of versions to be modified.
2025-08-04 22:45:14.275 INFO Skip version 3.7.0, because it's not in the list of versions to be modified.
2025-08-04 22:45:14.276 INFO Skip version 3.7.1, because it's not in the list of versions to be modified.
2025-08-04 22:45:14.277 INFO Skip version 3.7.2, because it's not in the list of versions to be modified.
2025-08-04 22:45:14.277 INFO Skip version 3.7.3, because it's not in the list of versions to be modified.
2025-08-04 22:45:14.278 INFO Skip version 3.7.4, because it's not in the list of versions to be modified.
2025-08-04 22:45:14.279 INFO Skip version 3.7.5, because it's not in the list of versions to be modified.
2025-08-04 22:45:14.280 INFO Skip version 3.7.6, because it's not in the list of versions to be modified.
2025-08-04 22:45:14.281 INFO Processing version folder: 3.8.0
2025-08-04 22:45:14.282 INFO   Create and checkout to a new branch: New-Version-CyberHive.Connect-3.8.0-1754318714
2025-08-04 22:45:25.724 INFO   Processing of manifest: D:\...\winget-pkgs\manifests\c\CyberHive\Connect\3.8.0\CyberHive.Connect.installer.yaml
2025-08-04 22:45:25.726 INFO     The manifest file has been saved as: D:\...\winget-pkgs\manifests\c\CyberHive\Connect\3.8.0\CyberHive.Connect.installer.yaml
2025-08-04 22:45:25.905 INFO   Processing of manifest: D:\...\winget-pkgs\manifests\c\CyberHive\Connect\3.8.0\CyberHive.Connect.locale.en-US.yaml
2025-08-04 22:45:25.908 INFO     The manifest file has been saved as: D:\...\winget-pkgs\manifests\c\CyberHive\Connect\3.8.0\CyberHive.Connect.locale.en-US.yaml
2025-08-04 22:45:26.453 INFO   Processing of manifest: D:\...\winget-pkgs\manifests\c\CyberHive\Connect\3.8.0\CyberHive.Connect.locale.zh-CN.yaml
2025-08-04 22:45:26.477 INFO     The manifest file has been saved as: D:\...\winget-pkgs\manifests\c\CyberHive\Connect\3.8.0\CyberHive.Connect.locale.zh-CN.yaml
2025-08-04 22:45:26.178 INFO   Processing of manifest: D:\...\winget-pkgs\manifests\c\CyberHive\Connect\3.8.0\CyberHive.Connect.yaml
2025-08-04 22:45:26.181 INFO     The manifest file has been saved as: D:\...\winget-pkgs\manifests\c\CyberHive\Connect\3.8.0\CyberHive.Connect.yaml
2025-08-04 22:45:26.321 INFO   New manifests in D:\...\winget-pkgs\manifests\c\CyberHive\Connect\3.8.0 for CyberHive.Connect (3.8.0)
2025-08-04 22:47:12.602 INFO     清单验证成功。
2025-08-04 22:47:12.617 INFO   Staging and Committing Changes to Git
2025-08-04 22:47:22.990 INFO     Commit message: New version: CyberHive.Connect version 3.8.0 (Auto)
2025-08-04 22:47:22.991 INFO   Pushing changes to remote (origin) repository
2025-08-04 22:47:28.979 INFO     Successfully pushed to remote (origin): New-Version-CyberHive.Connect-3.8.0-1754318714
2025-08-04 22:47:31.557 INFO     Pull request created successfully: https://github.com/microsoft/winget-pkgs/pull/280591
2025-08-04 22:47:31.560 INFO All manifests have been modified and pushed through.
2025-08-04 22:47:39.675 INFO Workspace clean-up completed.
~~ End of logging ~~
