~~ Start logging ~~
2025-09-13 20:38:49.678 FUN 唉乌蒙吃。
2025-09-13 20:38:49.768 INFO Found the following version folder: ['1.0.1', '1.0.10', '1.0.11', '1.0.2', '1.0.3', '1.0.4', '1.0.5', '1.0.6', '1.0.7', '1.0.8', '1.0.9', '1.1.0', '1.1.1', '1.1.10', '1.1.11', '1.1.12', '1.1.13', '1.1.14', '1.1.2', '1.1.3', '1.1.4', '1.1.6', '1.1.7', '1.1.8', '1.1.9', '1.2.0', '1.2.1', '1.2.2', '1.2.3', '1.2.4', '1.2.5', '1.2.6', '1.2.7', '1.2.8', '1.2.9', '1.3.0', '1.3.1', '1.3.2', '1.3.3', '1.3.4', '1.3.5', '1.3.6', '1.3.7', '1.3.8', '1.3.9', '1.4.0']
2025-09-13 20:38:49.771 INFO Skip version 1.0.1, because it's not in the list of versions to be modified.
2025-09-13 20:38:49.776 INFO Skip version 1.0.10, because it's not in the list of versions to be modified.
2025-09-13 20:38:49.779 INFO Skip version 1.0.11, because it's not in the list of versions to be modified.
2025-09-13 20:38:49.782 INFO Skip version 1.0.2, because it's not in the list of versions to be modified.
2025-09-13 20:38:49.785 INFO Skip version 1.0.3, because it's not in the list of versions to be modified.
2025-09-13 20:38:49.788 INFO Skip version 1.0.4, because it's not in the list of versions to be modified.
2025-09-13 20:38:49.791 INFO Skip version 1.0.5, because it's not in the list of versions to be modified.
2025-09-13 20:38:49.794 INFO Skip version 1.0.6, because it's not in the list of versions to be modified.
2025-09-13 20:38:49.797 INFO Skip version 1.0.7, because it's not in the list of versions to be modified.
2025-09-13 20:38:49.800 INFO Skip version 1.0.8, because it's not in the list of versions to be modified.
2025-09-13 20:38:49.803 INFO Skip version 1.0.9, because it's not in the list of versions to be modified.
2025-09-13 20:38:49.806 INFO Skip version 1.1.0, because it's not in the list of versions to be modified.
2025-09-13 20:38:49.809 INFO Skip version 1.1.1, because it's not in the list of versions to be modified.
2025-09-13 20:38:49.812 INFO Skip version 1.1.10, because it's not in the list of versions to be modified.
2025-09-13 20:38:49.815 INFO Skip version 1.1.11, because it's not in the list of versions to be modified.
2025-09-13 20:38:49.819 INFO Skip version 1.1.12, because it's not in the list of versions to be modified.
2025-09-13 20:38:49.822 INFO Skip version 1.1.13, because it's not in the list of versions to be modified.
2025-09-13 20:38:49.826 INFO Skip version 1.1.14, because it's not in the list of versions to be modified.
2025-09-13 20:38:49.829 INFO Skip version 1.1.2, because it's not in the list of versions to be modified.
2025-09-13 20:38:49.832 INFO Skip version 1.1.3, because it's not in the list of versions to be modified.
2025-09-13 20:38:49.835 INFO Skip version 1.1.4, because it's not in the list of versions to be modified.
2025-09-13 20:38:49.838 INFO Skip version 1.1.6, because it's not in the list of versions to be modified.
2025-09-13 20:38:49.842 INFO Skip version 1.1.7, because it's not in the list of versions to be modified.
2025-09-13 20:38:49.845 INFO Skip version 1.1.8, because it's not in the list of versions to be modified.
2025-09-13 20:38:49.848 INFO Skip version 1.1.9, because it's not in the list of versions to be modified.
2025-09-13 20:38:49.851 INFO Skip version 1.2.0, because it's not in the list of versions to be modified.
2025-09-13 20:38:49.856 INFO Skip version 1.2.1, because it's not in the list of versions to be modified.
2025-09-13 20:38:49.859 INFO Skip version 1.2.2, because it's not in the list of versions to be modified.
2025-09-13 20:38:49.862 INFO Skip version 1.2.3, because it's not in the list of versions to be modified.
2025-09-13 20:38:49.866 INFO Skip version 1.2.4, because it's not in the list of versions to be modified.
2025-09-13 20:38:49.869 INFO Skip version 1.2.5, because it's not in the list of versions to be modified.
2025-09-13 20:38:49.873 INFO Skip version 1.2.6, because it's not in the list of versions to be modified.
2025-09-13 20:38:49.876 INFO Skip version 1.2.7, because it's not in the list of versions to be modified.
2025-09-13 20:38:49.879 INFO Skip version 1.2.8, because it's not in the list of versions to be modified.
2025-09-13 20:38:49.882 INFO Skip version 1.2.9, because it's not in the list of versions to be modified.
2025-09-13 20:38:49.885 INFO Skip version 1.3.0, because it's not in the list of versions to be modified.
2025-09-13 20:38:49.888 INFO Skip version 1.3.1, because it's not in the list of versions to be modified.
2025-09-13 20:38:49.890 INFO Skip version 1.3.2, because it's not in the list of versions to be modified.
2025-09-13 20:38:49.893 INFO Skip version 1.3.3, because it's not in the list of versions to be modified.
2025-09-13 20:38:49.897 INFO Skip version 1.3.4, because it's not in the list of versions to be modified.
2025-09-13 20:38:49.900 INFO Skip version 1.3.5, because it's not in the list of versions to be modified.
2025-09-13 20:38:49.904 INFO Skip version 1.3.6, because it's not in the list of versions to be modified.
2025-09-13 20:38:49.907 INFO Skip version 1.3.7, because it's not in the list of versions to be modified.
2025-09-13 20:38:49.910 INFO Skip version 1.3.8, because it's not in the list of versions to be modified.
2025-09-13 20:38:49.913 INFO Skip version 1.3.9, because it's not in the list of versions to be modified.
2025-09-13 20:38:49.916 INFO Processing version folder: 1.4.0
2025-09-13 20:38:49.921 INFO   Create and checkout to a new branch: New-Version-DuckStudio.Sundry-1.4.0-1757767129
2025-09-13 20:39:22.874 INFO   Processing of manifest: D:\...\winget-pkgs\manifests\d\DuckStudio\Sundry\1.4.0\DuckStudio.Sundry.installer.yaml
2025-09-13 20:39:22.913 INFO     The manifest file has been saved as: D:\...\winget-pkgs\manifests\d\DuckStudio\Sundry\1.4.0\DuckStudio.Sundry.installer.yaml
2025-09-13 20:39:23.181 INFO   Processing of manifest: D:\...\winget-pkgs\manifests\d\DuckStudio\Sundry\1.4.0\DuckStudio.Sundry.locale.en-US.yaml
2025-09-13 20:39:23.190 INFO     The manifest file has been saved as: D:\...\winget-pkgs\manifests\d\DuckStudio\Sundry\1.4.0\DuckStudio.Sundry.locale.en-US.yaml
2025-09-13 20:39:23.360 INFO   Processing of manifest: D:\...\winget-pkgs\manifests\d\DuckStudio\Sundry\1.4.0\DuckStudio.Sundry.locale.zh-CN.yaml
2025-09-13 20:39:23.366 INFO     The manifest file has been saved as: D:\...\winget-pkgs\manifests\d\DuckStudio\Sundry\1.4.0\DuckStudio.Sundry.locale.zh-CN.yaml
2025-09-13 20:39:23.552 INFO   Processing of manifest: D:\...\winget-pkgs\manifests\d\DuckStudio\Sundry\1.4.0\DuckStudio.Sundry.locale.zh-TW.yaml
2025-09-13 20:39:23.556 INFO     The manifest file has been saved as: D:\...\winget-pkgs\manifests\d\DuckStudio\Sundry\1.4.0\DuckStudio.Sundry.locale.zh-TW.yaml
2025-09-13 20:39:23.744 INFO   Processing of manifest: D:\...\winget-pkgs\manifests\d\DuckStudio\Sundry\1.4.0\DuckStudio.Sundry.yaml
2025-09-13 20:39:23.749 INFO     The manifest file has been saved as: D:\...\winget-pkgs\manifests\d\DuckStudio\Sundry\1.4.0\DuckStudio.Sundry.yaml
2025-09-13 20:39:23.980 INFO   New manifests in D:\...\winget-pkgs\manifests\d\DuckStudio\Sundry\1.4.0 for DuckStudio.Sundry (1.4.0)
2025-09-13 20:39:33.335 INFO     清单具有以下未验证的依赖项;确保它们有效：
2025-09-13 20:39:33.337 INFO       - 程序包
2025-09-13 20:39:33.339 INFO           DuckStudio.GitHubLabelsManager [>= 1.7]
2025-09-13 20:39:33.341 INFO           Git.Git
2025-09-13 20:39:33.344 INFO           GitHub.cli
2025-09-13 20:39:33.347 INFO     清单验证成功。
2025-09-13 20:39:33.356 INFO   Staging and Committing Changes to Git
2025-09-13 20:39:55.285 INFO     Commit message: New version: DuckStudio.Sundry version 1.4.0 (Auto)
2025-09-13 20:39:55.288 INFO   Pushing changes to remote (origin) repository
2025-09-13 20:40:01.112 INFO     Successfully pushed to remote (origin): New-Version-DuckStudio.Sundry-1.4.0-1757767129
2025-09-13 20:40:04.242 INFO     Pull request created successfully: https://github.com/microsoft/winget-pkgs/pull/292762
2025-09-13 20:40:04.245 INFO All manifests have been modified and pushed through.
2025-09-13 20:40:15.726 INFO Workspace clean-up completed.
~~ End of logging ~~
