~~ Start logging ~~
2025-04-04 14:12:03.603 FUN 这回应该肯定一定能修好
2025-04-04 14:12:03.603 INFO Found the following version folder: ['20250309.2', '20250401.2']
2025-04-04 14:12:03.697 INFO Skip version 20250309.2, because it's not in the list of versions to be modified.
2025-04-04 14:12:03.697 INFO Processing version folder: 20250401.2
2025-04-04 14:12:03.697 INFO   Create and checkout to a new branch: NewVersion-ppy.osu.stable-20250401.2
2025-04-04 14:12:09.261 INFO   Processing of manifest: D:\...\winget-pkgs\manifests\p\ppy\osu\stable\20250401.2\ppy.osu.stable.installer.yaml
2025-04-04 14:12:09.277 INFO     Replace ManifestVersion: 1.9.0 -> 1.10.0
2025-04-04 14:12:09.277 INFO     Replace schema references: 1.9.0.schema.json -> 1.10.0.schema.json
2025-04-04 14:12:09.277 INFO     Cleaned up ppy.osu.stable.installer.yaml
2025-04-04 14:12:09.277 INFO     The manifest file has been saved as: D:\...\winget-pkgs\manifests\p\ppy\osu\stable\20250401.2\ppy.osu.stable.installer.yaml
2025-04-04 14:12:09.464 INFO   Processing of manifest: D:\...\winget-pkgs\manifests\p\ppy\osu\stable\20250401.2\ppy.osu.stable.locale.en-US.yaml
2025-04-04 14:12:09.464 INFO     Replace ManifestVersion: 1.9.0 -> 1.10.0
2025-04-04 14:12:09.464 INFO     Replace schema references: 1.9.0.schema.json -> 1.10.0.schema.json
2025-04-04 14:12:09.464 INFO     Cleaned up ppy.osu.stable.locale.en-US.yaml
2025-04-04 14:12:09.464 INFO     The manifest file has been saved as: D:\...\winget-pkgs\manifests\p\ppy\osu\stable\20250401.2\ppy.osu.stable.locale.en-US.yaml
2025-04-04 14:12:09.573 INFO   Processing of manifest: D:\...\winget-pkgs\manifests\p\ppy\osu\stable\20250401.2\ppy.osu.stable.locale.zh-CN.yaml
2025-04-04 14:12:09.573 INFO     Replace ManifestVersion: 1.9.0 -> 1.10.0
2025-04-04 14:12:09.573 INFO     Replace schema references: 1.9.0.schema.json -> 1.10.0.schema.json
2025-04-04 14:12:09.573 INFO     Cleaned up ppy.osu.stable.locale.zh-CN.yaml
2025-04-04 14:12:09.573 INFO     The manifest file has been saved as: D:\...\winget-pkgs\manifests\p\ppy\osu\stable\20250401.2\ppy.osu.stable.locale.zh-CN.yaml
2025-04-04 14:12:09.683 INFO   Processing of manifest: D:\...\winget-pkgs\manifests\p\ppy\osu\stable\20250401.2\ppy.osu.stable.yaml
2025-04-04 14:12:09.683 INFO     Replace ManifestVersion: 1.9.0 -> 1.10.0
2025-04-04 14:12:09.683 INFO     Replace schema references: 1.9.0.schema.json -> 1.10.0.schema.json
2025-04-04 14:12:09.683 INFO     Cleaned up ppy.osu.stable.yaml
2025-04-04 14:12:09.683 INFO     The manifest file has been saved as: D:\...\winget-pkgs\manifests\p\ppy\osu\stable\20250401.2\ppy.osu.stable.yaml
2025-04-04 14:12:09.808 INFO   New manifests in D:\...\winget-pkgs\manifests\p\ppy\osu\stable\20250401.2 for ppy.osu.stable (1.10.0)
2025-04-04 14:14:12.868 INFO     清单验证成功，但出现警告。
2025-04-04 14:14:12.884 INFO     Manifest Warning: Silent and SilentWithProgress switches are not specified for InstallerType exe. Please make sure the installer can run unattended.
2025-04-04 14:14:12.884 INFO     
2025-04-04 14:14:31.751 INFO Manifest Error Fixed.
2025-04-04 14:14:31.751 INFO   Staging and Committing Changes to Git
2025-04-04 14:14:36.206 INFO     Commit message: New version: ppy.osu.stable version 20250401.2 (Auto)
2025-04-04 14:14:36.206 INFO   Pushing changes to remote (origin) repository
2025-04-04 14:14:40.442 INFO     Successfully pushed to remote (origin): NewVersion-ppy.osu.stable-20250401.2
2025-04-04 14:14:41.944 INFO     Pull request created successfully: https://github.com/microsoft/winget-pkgs/pull/244956
2025-04-04 14:14:41.970 INFO All manifests have been modified and pushed through.
2025-04-04 14:14:46.206 INFO Workspace clean-up completed.
~~ End of logging ~~
