~~ Start logging ~~
2026-03-03 20:39:59.893 FUN Never Gonna Give You Up!
2026-03-03 20:39:59.895 INFO Found the following version folder: ['1.1']
2026-03-03 20:39:59.897 INFO Processing version folder: 1.1
2026-03-03 20:39:59.898 INFO   Create and checkout to a new branch: New-Version-Chill-Astro.TMM-1.1-1772541599
2026-03-03 20:40:13.490 INFO   Processing of manifest: D:\...\winget-pkgs\manifests\c\Chill-Astro\TMM\1.1\Chill-Astro.TMM.installer.yaml
2026-03-03 20:40:13.554 INFO     The manifest file has been saved as: D:\...\winget-pkgs\manifests\c\Chill-Astro\TMM\1.1\Chill-Astro.TMM.installer.yaml
2026-03-03 20:40:13.234 INFO   Processing of manifest: D:\...\winget-pkgs\manifests\c\Chill-Astro\TMM\1.1\Chill-Astro.TMM.locale.en-US.yaml
2026-03-03 20:40:13.239 INFO     The manifest file has been saved as: D:\...\winget-pkgs\manifests\c\Chill-Astro\TMM\1.1\Chill-Astro.TMM.locale.en-US.yaml
2026-03-03 20:40:13.402 INFO   Processing of manifest: D:\...\winget-pkgs\manifests\c\Chill-Astro\TMM\1.1\Chill-Astro.TMM.yaml
2026-03-03 20:40:13.406 INFO     The manifest file has been saved as: D:\...\winget-pkgs\manifests\c\Chill-Astro\TMM\1.1\Chill-Astro.TMM.yaml
2026-03-03 20:40:13.585 INFO   New manifests in D:\...\winget-pkgs\manifests\c\Chill-Astro\TMM\1.1 for Chill-Astro.TMM (1.1)
2026-03-03 20:40:53.768 INFO Manifest validation succeeded with "sundry validate".
2026-03-03 20:40:53.770 INFO   Staging and Committing Changes to Git
2026-03-03 20:41:07.446 INFO     Commit message: New version: Chill-Astro.TMM version 1.1 (Auto)
2026-03-03 20:41:20.854 INFO   Pushing changes to remote (origin) repository
2026-03-03 20:41:25.287 INFO     Successfully pushed to remote (origin): New-Version-Chill-Astro.TMM-1.1-1772541599
2026-03-03 20:41:34.873 INFO All manifests have been modified and pushed through.
2026-03-03 20:41:50.927 INFO Workspace clean-up completed.
~~ End of logging ~~
