~~ Start logging ~~
2026-04-14 18:09:12.980 FUN 嘶~不辣
2026-04-14 18:09:12.982 INFO Found the following version folder: ['1.0.0', '1.0.1']
2026-04-14 18:09:12.984 VERBOSE Skip version 1.0.0, because it's not in the list of versions to be modified.
2026-04-14 18:09:12.985 INFO Processing version folder: 1.0.1
2026-04-14 18:09:12.986 INFO   Create and checkout to a new branch: New-Version-DuckStudio.FCM-1.0.1-1776161352
2026-04-14 18:09:21.810 INFO   Processing of manifest: D:\...\winget-pkgs\manifests\d\DuckStudio\FCM\1.0.1\DuckStudio.FCM.installer.yaml
2026-04-14 18:09:21.813 INFO     The manifest file has been saved as: D:\...\winget-pkgs\manifests\d\DuckStudio\FCM\1.0.1\DuckStudio.FCM.installer.yaml
2026-04-14 18:09:22.232 INFO   Processing of manifest: D:\...\winget-pkgs\manifests\d\DuckStudio\FCM\1.0.1\DuckStudio.FCM.locale.en-US.yaml
2026-04-14 18:09:22.272 INFO     The manifest file has been saved as: D:\...\winget-pkgs\manifests\d\DuckStudio\FCM\1.0.1\DuckStudio.FCM.locale.en-US.yaml
2026-04-14 18:09:22.130 INFO   Processing of manifest: D:\...\winget-pkgs\manifests\d\DuckStudio\FCM\1.0.1\DuckStudio.FCM.locale.zh-CN.yaml
2026-04-14 18:09:22.133 INFO     The manifest file has been saved as: D:\...\winget-pkgs\manifests\d\DuckStudio\FCM\1.0.1\DuckStudio.FCM.locale.zh-CN.yaml
2026-04-14 18:09:22.243 INFO   Processing of manifest: D:\...\winget-pkgs\manifests\d\DuckStudio\FCM\1.0.1\DuckStudio.FCM.yaml
2026-04-14 18:09:22.246 INFO     The manifest file has been saved as: D:\...\winget-pkgs\manifests\d\DuckStudio\FCM\1.0.1\DuckStudio.FCM.yaml
2026-04-14 18:09:22.378 INFO   New manifests in D:\...\winget-pkgs\manifests\d\DuckStudio\FCM\1.0.1 for DuckStudio.FCM (1.0.1)
2026-04-14 18:19:31.869 INFO Manifest validation succeeded with "sundry validate".
2026-04-14 18:19:31.871 INFO   Staging and Committing Changes to Git
2026-04-14 18:19:48.225 INFO     Commit message: New version: DuckStudio.FCM version 1.0.1 (Auto)
2026-04-14 18:32:37.809 INFO   Pushing changes to remote (origin) repository
2026-04-14 18:32:42.123 INFO     Successfully pushed to remote (origin): New-Version-DuckStudio.FCM-1.0.1-1776161352
2026-04-14 18:32:46.715 INFO All manifests have been modified and pushed through.
2026-04-14 18:32:56.320 INFO Workspace clean-up completed.
~~ End of logging ~~
