~~ Start logging ~~
2025-06-09 18:58:53.506 FUN o((>ω< ))o
2025-06-09 18:58:53.507 INFO Trying to generate new manifests...
2025-06-09 18:59:38.415 INFO The manifest was successfully generated.
2025-06-09 18:59:38.420 INFO Found the following version folder: ['4.11.0', '4.11.1', '4.11.10', '4.11.11', '4.11.13', '4.11.14', '4.11.15', '4.11.2', '4.11.3', '4.11.4', '4.11.6', '4.11.7']
2025-06-09 18:59:38.422 INFO Skip version 4.11.0, because it's not in the list of versions to be modified.
2025-06-09 18:59:38.423 INFO Skip version 4.11.1, because it's not in the list of versions to be modified.
2025-06-09 18:59:38.425 INFO Skip version 4.11.10, because it's not in the list of versions to be modified.
2025-06-09 18:59:38.426 INFO Skip version 4.11.11, because it's not in the list of versions to be modified.
2025-06-09 18:59:38.427 INFO Skip version 4.11.13, because it's not in the list of versions to be modified.
2025-06-09 18:59:38.428 INFO Skip version 4.11.14, because it's not in the list of versions to be modified.
2025-06-09 18:59:38.430 INFO Processing version folder: 4.11.15
2025-06-09 18:59:38.431 INFO   Create and checkout to a new branch: New-Version-Codemao.kitten.4-4.11.15-1749466778
2025-06-09 18:59:55.469 INFO   Processing of manifest: D:\...\winget-pkgs\manifests\c\Codemao\kitten\4\4.11.15\Codemao.kitten.4.installer.yaml
2025-06-09 18:59:55.472 INFO     Replace ManifestVersion: 1.9.0 -> 1.10.0
2025-06-09 18:59:55.473 INFO     Replace schema references: 1.9.0.schema.json -> 1.10.0.schema.json
2025-06-09 18:59:55.476 INFO     The manifest file has been saved as: D:\...\winget-pkgs\manifests\c\Codemao\kitten\4\4.11.15\Codemao.kitten.4.installer.yaml
2025-06-09 18:59:55.809 INFO   Processing of manifest: D:\...\winget-pkgs\manifests\c\Codemao\kitten\4\4.11.15\Codemao.kitten.4.locale.en-US.yaml
2025-06-09 18:59:55.812 INFO     Replace ManifestVersion: 1.9.0 -> 1.10.0
2025-06-09 18:59:55.814 INFO     Replace schema references: 1.9.0.schema.json -> 1.10.0.schema.json
2025-06-09 18:59:55.816 INFO     The manifest file has been saved as: D:\...\winget-pkgs\manifests\c\Codemao\kitten\4\4.11.15\Codemao.kitten.4.locale.en-US.yaml
2025-06-09 18:59:55.990 INFO   Processing of manifest: D:\...\winget-pkgs\manifests\c\Codemao\kitten\4\4.11.15\Codemao.kitten.4.locale.zh-CN.yaml
2025-06-09 18:59:55.992 INFO     Replace ManifestVersion: 1.9.0 -> 1.10.0
2025-06-09 18:59:55.993 INFO     Replace schema references: 1.9.0.schema.json -> 1.10.0.schema.json
2025-06-09 18:59:55.995 INFO     The manifest file has been saved as: D:\...\winget-pkgs\manifests\c\Codemao\kitten\4\4.11.15\Codemao.kitten.4.locale.zh-CN.yaml
2025-06-09 18:59:56.140 INFO   Processing of manifest: D:\...\winget-pkgs\manifests\c\Codemao\kitten\4\4.11.15\Codemao.kitten.4.yaml
2025-06-09 18:59:56.141 INFO     Replace ManifestVersion: 1.9.0 -> 1.10.0
2025-06-09 18:59:56.142 INFO     Replace schema references: 1.9.0.schema.json -> 1.10.0.schema.json
2025-06-09 18:59:56.144 INFO     The manifest file has been saved as: D:\...\winget-pkgs\manifests\c\Codemao\kitten\4\4.11.15\Codemao.kitten.4.yaml
2025-06-09 18:59:56.298 INFO   New manifests in D:\...\winget-pkgs\manifests\c\Codemao\kitten\4\4.11.15 for Codemao.kitten.4 (4.11.15)
2025-06-09 19:02:00.191 INFO     清单验证成功。
2025-06-09 19:02:00.206 INFO   Staging and Committing Changes to Git
2025-06-09 19:02:16.320 INFO     Commit message: New version: Codemao.kitten.4 version 4.11.15 (Auto)
2025-06-09 19:02:16.321 INFO   Pushing changes to remote (origin) repository
2025-06-09 19:02:20.729 INFO     Successfully pushed to remote (origin): New-Version-Codemao.kitten.4-4.11.15-1749466778
2025-06-09 19:02:22.616 INFO     Pull request created successfully: https://github.com/microsoft/winget-pkgs/pull/264060
2025-06-09 19:02:22.619 INFO Skip version 4.11.2, because it's not in the list of versions to be modified.
2025-06-09 19:02:22.621 INFO Skip version 4.11.3, because it's not in the list of versions to be modified.
2025-06-09 19:02:22.623 INFO Skip version 4.11.4, because it's not in the list of versions to be modified.
2025-06-09 19:02:22.625 INFO Skip version 4.11.6, because it's not in the list of versions to be modified.
2025-06-09 19:02:22.626 INFO Skip version 4.11.7, because it's not in the list of versions to be modified.
2025-06-09 19:02:22.628 INFO All manifests have been modified and pushed through.
2025-06-09 19:02:32.756 INFO Workspace clean-up completed.
~~ End of logging ~~
