~~ Start logging ~~
2025-06-09 11:04:22.411 FUN https://www.bilibili.com/video/BV1MVLuz8EFa/
2025-06-09 11:04:22.426 INFO Found the following version folder: ['1.0.1', '1.0.10', '1.0.11', '1.0.2', '1.0.3', '1.0.4', '1.0.5', '1.0.6', '1.0.7', '1.0.8', '1.0.9', '1.1.0', '1.1.1', '1.1.10', '1.1.11', '1.1.12', '1.1.13', '1.1.14', '1.1.2', '1.1.3', '1.1.4', '1.1.6', '1.1.7', '1.1.8', '1.1.9', '1.2.0', '1.2.1', '1.2.2']
2025-06-09 11:04:22.428 INFO Skip version 1.0.1, because it's not in the list of versions to be modified.
2025-06-09 11:04:22.430 INFO Skip version 1.0.10, because it's not in the list of versions to be modified.
2025-06-09 11:04:22.433 INFO Skip version 1.0.11, because it's not in the list of versions to be modified.
2025-06-09 11:04:22.435 INFO Skip version 1.0.2, because it's not in the list of versions to be modified.
2025-06-09 11:04:22.437 INFO Skip version 1.0.3, because it's not in the list of versions to be modified.
2025-06-09 11:04:22.440 INFO Skip version 1.0.4, because it's not in the list of versions to be modified.
2025-06-09 11:04:22.443 INFO Skip version 1.0.5, because it's not in the list of versions to be modified.
2025-06-09 11:04:22.445 INFO Skip version 1.0.6, because it's not in the list of versions to be modified.
2025-06-09 11:04:22.446 INFO Skip version 1.0.7, because it's not in the list of versions to be modified.
2025-06-09 11:04:22.448 INFO Skip version 1.0.8, because it's not in the list of versions to be modified.
2025-06-09 11:04:22.451 INFO Skip version 1.0.9, because it's not in the list of versions to be modified.
2025-06-09 11:04:22.452 INFO Skip version 1.1.0, because it's not in the list of versions to be modified.
2025-06-09 11:04:22.454 INFO Skip version 1.1.1, because it's not in the list of versions to be modified.
2025-06-09 11:04:22.455 INFO Skip version 1.1.10, because it's not in the list of versions to be modified.
2025-06-09 11:04:22.457 INFO Skip version 1.1.11, because it's not in the list of versions to be modified.
2025-06-09 11:04:22.458 INFO Skip version 1.1.12, because it's not in the list of versions to be modified.
2025-06-09 11:04:22.460 INFO Skip version 1.1.13, because it's not in the list of versions to be modified.
2025-06-09 11:04:22.462 INFO Skip version 1.1.14, because it's not in the list of versions to be modified.
2025-06-09 11:04:22.464 INFO Skip version 1.1.2, because it's not in the list of versions to be modified.
2025-06-09 11:04:22.466 INFO Skip version 1.1.3, because it's not in the list of versions to be modified.
2025-06-09 11:04:22.468 INFO Skip version 1.1.4, because it's not in the list of versions to be modified.
2025-06-09 11:04:22.470 INFO Skip version 1.1.6, because it's not in the list of versions to be modified.
2025-06-09 11:04:22.472 INFO Skip version 1.1.7, because it's not in the list of versions to be modified.
2025-06-09 11:04:22.473 INFO Skip version 1.1.8, because it's not in the list of versions to be modified.
2025-06-09 11:04:22.475 INFO Skip version 1.1.9, because it's not in the list of versions to be modified.
2025-06-09 11:04:22.477 INFO Skip version 1.2.0, because it's not in the list of versions to be modified.
2025-06-09 11:04:22.479 INFO Skip version 1.2.1, because it's not in the list of versions to be modified.
2025-06-09 11:04:22.481 INFO Processing version folder: 1.2.2
2025-06-09 11:04:22.483 INFO   Create and checkout to a new branch: New-Version-DuckStudio.Sundry-1.2.2-1749438262
2025-06-09 11:05:03.895 INFO   Processing of manifest: D:\...\winget-pkgs\manifests\d\DuckStudio\Sundry\1.2.2\DuckStudio.Sundry.installer.yaml
2025-06-09 11:05:03.900 INFO     The manifest file has been saved as: D:\...\winget-pkgs\manifests\d\DuckStudio\Sundry\1.2.2\DuckStudio.Sundry.installer.yaml
2025-06-09 11:05:04.242 INFO   Processing of manifest: D:\...\winget-pkgs\manifests\d\DuckStudio\Sundry\1.2.2\DuckStudio.Sundry.locale.en-US.yaml
2025-06-09 11:05:04.258 INFO     The manifest file has been saved as: D:\...\winget-pkgs\manifests\d\DuckStudio\Sundry\1.2.2\DuckStudio.Sundry.locale.en-US.yaml
2025-06-09 11:05:04.515 INFO   Processing of manifest: D:\...\winget-pkgs\manifests\d\DuckStudio\Sundry\1.2.2\DuckStudio.Sundry.locale.zh-CN.yaml
2025-06-09 11:05:04.520 INFO     The manifest file has been saved as: D:\...\winget-pkgs\manifests\d\DuckStudio\Sundry\1.2.2\DuckStudio.Sundry.locale.zh-CN.yaml
2025-06-09 11:05:04.805 INFO   Processing of manifest: D:\...\winget-pkgs\manifests\d\DuckStudio\Sundry\1.2.2\DuckStudio.Sundry.yaml
2025-06-09 11:05:04.810 INFO     The manifest file has been saved as: D:\...\winget-pkgs\manifests\d\DuckStudio\Sundry\1.2.2\DuckStudio.Sundry.yaml
2025-06-09 11:05:05.110 INFO   New manifests in D:\...\winget-pkgs\manifests\d\DuckStudio\Sundry\1.2.2 for DuckStudio.Sundry (1.2.2)
2025-06-09 11:10:00.941 INFO     清单具有以下未验证的依赖项;确保它们有效：
2025-06-09 11:10:00.944 INFO       - 程序包
2025-06-09 11:10:00.946 INFO           DuckStudio.GitHubLabelsManager [>= 1.7]
2025-06-09 11:10:00.947 INFO           Git.Git
2025-06-09 11:10:00.949 INFO           GitHub.cli
2025-06-09 11:10:00.950 INFO     清单验证成功。
2025-06-09 11:10:00.968 INFO   Staging and Committing Changes to Git
2025-06-09 11:10:18.132 INFO     Commit message: New version: DuckStudio.Sundry version 1.2.2 (Auto)
2025-06-09 11:10:18.424 INFO   Pushing changes to remote (origin) repository
2025-06-09 11:10:24.592 INFO     Successfully pushed to remote (origin): New-Version-DuckStudio.Sundry-1.2.2-1749438262
2025-06-09 11:10:26.450 INFO     Pull request created successfully: https://github.com/microsoft/winget-pkgs/pull/264000
2025-06-09 11:10:26.453 INFO All manifests have been modified and pushed through.
2025-06-09 11:10:37.411 INFO Workspace clean-up completed.
~~ End of logging ~~
