~~ Start logging ~~
2025-11-23 21:49:18.609 FUN TEmPTaTiON
2025-11-23 21:49:18.620 INFO Found the following version folder: ['1.3.10', '1.3.2', '1.3.3', '1.3.4', '1.3.5', '1.3.6', '1.3.7', '1.3.7.1', '1.3.8', '1.4.0', '1.4.1', '1.4.2', '1.5.0']
2025-11-23 21:49:18.623 INFO Skip version 1.3.10, because it's not in the list of versions to be modified.
2025-11-23 21:49:18.626 INFO Skip version 1.3.2, because it's not in the list of versions to be modified.
2025-11-23 21:49:18.628 INFO Skip version 1.3.3, because it's not in the list of versions to be modified.
2025-11-23 21:49:18.631 INFO Skip version 1.3.4, because it's not in the list of versions to be modified.
2025-11-23 21:49:18.633 INFO Skip version 1.3.5, because it's not in the list of versions to be modified.
2025-11-23 21:49:18.638 INFO Skip version 1.3.6, because it's not in the list of versions to be modified.
2025-11-23 21:49:18.640 INFO Skip version 1.3.7, because it's not in the list of versions to be modified.
2025-11-23 21:49:18.643 INFO Skip version 1.3.7.1, because it's not in the list of versions to be modified.
2025-11-23 21:49:18.645 INFO Skip version 1.3.8, because it's not in the list of versions to be modified.
2025-11-23 21:49:18.647 INFO Skip version 1.4.0, because it's not in the list of versions to be modified.
2025-11-23 21:49:18.649 INFO Skip version 1.4.1, because it's not in the list of versions to be modified.
2025-11-23 21:49:18.651 INFO Skip version 1.4.2, because it's not in the list of versions to be modified.
2025-11-23 21:49:18.655 INFO Processing version folder: 1.5.0
2025-11-23 21:49:18.658 INFO   Create and checkout to a new branch: New-Version-DuckStudio.FufuTools-1.5.0-1763905758
2025-11-23 21:49:29.451 INFO   Processing of manifest: D:\...\winget-pkgs\manifests\d\DuckStudio\FufuTools\1.5.0\DuckStudio.FufuTools.installer.yaml
2025-11-23 21:49:29.458 INFO     The manifest file has been saved as: D:\...\winget-pkgs\manifests\d\DuckStudio\FufuTools\1.5.0\DuckStudio.FufuTools.installer.yaml
2025-11-23 21:49:29.882 INFO   Processing of manifest: D:\...\winget-pkgs\manifests\d\DuckStudio\FufuTools\1.5.0\DuckStudio.FufuTools.locale.en-US.yaml
2025-11-23 21:49:29.888 INFO     The manifest file has been saved as: D:\...\winget-pkgs\manifests\d\DuckStudio\FufuTools\1.5.0\DuckStudio.FufuTools.locale.en-US.yaml
2025-11-23 21:49:30.541 INFO   Processing of manifest: D:\...\winget-pkgs\manifests\d\DuckStudio\FufuTools\1.5.0\DuckStudio.FufuTools.locale.zh-CN.yaml
2025-11-23 21:49:30.589 INFO     The manifest file has been saved as: D:\...\winget-pkgs\manifests\d\DuckStudio\FufuTools\1.5.0\DuckStudio.FufuTools.locale.zh-CN.yaml
2025-11-23 21:49:30.244 INFO   Processing of manifest: D:\...\winget-pkgs\manifests\d\DuckStudio\FufuTools\1.5.0\DuckStudio.FufuTools.yaml
2025-11-23 21:49:30.249 INFO     The manifest file has been saved as: D:\...\winget-pkgs\manifests\d\DuckStudio\FufuTools\1.5.0\DuckStudio.FufuTools.yaml
2025-11-23 21:49:30.437 INFO   New manifests in D:\...\winget-pkgs\manifests\d\DuckStudio\FufuTools\1.5.0 for DuckStudio.FufuTools (1.5.0)
2025-11-23 21:50:39.375 INFO Manifest validation succeeded with "sundry validate".
2025-11-23 21:50:39.378 INFO   Staging and Committing Changes to Git
2025-11-23 21:51:01.281 INFO     Commit message: New version: DuckStudio.FufuTools version 1.5.0 (Auto)
2025-11-23 21:51:12.272 INFO   Pushing changes to remote (origin) repository
2025-11-23 21:51:17.990 INFO     Successfully pushed to remote (origin): New-Version-DuckStudio.FufuTools-1.5.0-1763905758
2025-11-23 21:51:21.748 INFO     Pull request created successfully: https://github.com/microsoft/winget-pkgs/pull/316246
2025-11-23 21:51:21.756 INFO All manifests have been modified and pushed through.
2025-11-23 21:51:34.831 INFO Workspace clean-up completed.
~~ End of logging ~~
