~~ Start logging ~~
2025-10-25 02:56:26.415 FUN 嘶~不辣
2025-10-25 02:56:26.417 INFO Found the following version folder: ['370.1.48', '370.1.52']
2025-10-25 02:56:26.419 INFO Processing version folder: 370.1.48
2025-10-25 02:56:26.420 INFO   Create and checkout to a new branch: Modify-S-Akko.CloudDriver-370.1.48-1761332186
2025-10-25 02:56:51.234 INFO   Processing of manifest: D:\...\winget-pkgs\manifests\a\Akko\CloudDriver\370.1.48\Akko.CloudDriver.installer.yaml
2025-10-25 02:56:51.236 INFO     The manifest file has been saved as: D:\...\winget-pkgs\manifests\a\Akko\CloudDriver\370.1.48\Akko.CloudDriver.installer.yaml
2025-10-25 02:56:51.427 INFO   Processing of manifest: D:\...\winget-pkgs\manifests\a\Akko\CloudDriver\370.1.48\Akko.CloudDriver.locale.en-US.yaml
2025-10-25 02:56:51.432 INFO     The manifest file has been saved as: D:\...\winget-pkgs\manifests\a\Akko\CloudDriver\370.1.48\Akko.CloudDriver.locale.en-US.yaml
2025-10-25 02:56:51.544 INFO   Processing of manifest: D:\...\winget-pkgs\manifests\a\Akko\CloudDriver\370.1.48\Akko.CloudDriver.locale.zh-CN.yaml
2025-10-25 02:56:51.548 INFO     The manifest file has been saved as: D:\...\winget-pkgs\manifests\a\Akko\CloudDriver\370.1.48\Akko.CloudDriver.locale.zh-CN.yaml
2025-10-25 02:56:51.670 INFO   Processing of manifest: D:\...\winget-pkgs\manifests\a\Akko\CloudDriver\370.1.48\Akko.CloudDriver.yaml
2025-10-25 02:56:51.673 INFO     The manifest file has been saved as: D:\...\winget-pkgs\manifests\a\Akko\CloudDriver\370.1.48\Akko.CloudDriver.yaml
2025-10-25 03:01:06.533 INFO     清单具有以下未验证的依赖项;确保它们有效：
2025-10-25 03:01:06.534 INFO       - 程序包
2025-10-25 03:01:06.536 INFO           Microsoft.VCRedist.2015+.x64
2025-10-25 03:01:06.537 INFO           Microsoft.VCRedist.2015+.x86
2025-10-25 03:01:06.538 INFO     清单验证成功。
2025-10-25 03:01:06.545 INFO   Staging and Committing Changes to Git
2025-10-25 03:01:17.207 INFO     Commit message: Modify: Akko.CloudDriver version 370.1.48 (Auto)
2025-10-25 03:01:17.210 INFO   Pushing changes to remote (origin) repository
2025-10-25 03:01:22.503 INFO     Successfully pushed to remote (origin): Modify-S-Akko.CloudDriver-370.1.48-1761332186
2025-10-25 03:01:26.486 INFO     Pull request created successfully: https://github.com/microsoft/winget-pkgs/pull/306748
2025-10-25 03:01:26.488 INFO Skip version 370.1.52, because it's not in the list of versions to be modified.
2025-10-25 03:01:26.489 INFO All manifests have been modified and pushed through.
2025-10-25 03:01:33.758 INFO Workspace clean-up completed.
~~ End of logging ~~
