~~ Start logging ~~
2025-01-25 16:35:49.883 FUN 你这清单是从多少个现有清单中拼凑出来的？
2025-01-25 16:35:49.888 INFO Found the following version folder: ['1.3.2', '1.3.3', '1.3.4', '1.3.5', '1.3.6']
2025-01-25 16:35:50.626 INFO Processing version folder: 1.3.2
2025-01-25 16:35:50.636 INFO   Create and checkout to a new branch: Modify-DuckStudio.FufuTools-1.3.2
2025-01-25 16:36:03.656 INFO   Processing of manifest: D:\...\winget-pkgs\manifests\d\DuckStudio\FufuTools\1.3.2\DuckStudio.FufuTools.installer.yaml
2025-01-25 16:36:03.660 INFO     Replace ManifestVersion: 1.6.0 -> 1.9.0
2025-01-25 16:36:03.661 INFO     Replace schema references: 1.6.0.schema.json -> 1.9.0.schema.json
2025-01-25 16:36:03.663 INFO     The modified file has been saved as: D:\...\winget-pkgs\manifests\d\DuckStudio\FufuTools\1.3.2\DuckStudio.FufuTools.installer.yaml
2025-01-25 16:36:03.665 INFO   Processing of manifest: D:\...\winget-pkgs\manifests\d\DuckStudio\FufuTools\1.3.2\DuckStudio.FufuTools.locale.zh-CN.yaml
2025-01-25 16:36:03.669 INFO     Replace ManifestVersion: 1.6.0 -> 1.9.0
2025-01-25 16:36:03.671 INFO     Replace schema references: 1.6.0.schema.json -> 1.9.0.schema.json
2025-01-25 16:36:03.671 INFO   Correction to ReleaseNotes entry: Replace all <hr /> -> ---
2025-01-25 16:36:03.672 INFO   Correction to Tags entry: Replace all old tags -> new tags (in v1.3.6 manifest)
2025-01-25 16:36:03.672 INFO   Add Documentations entry: Too Long, Not show
2025-01-25 16:36:03.673 INFO   Correction to Moniker entry: Fufu Tools -> FufuTools
2025-01-25 16:36:03.674 INFO     The modified file has been saved as: D:\...\winget-pkgs\manifests\d\DuckStudio\FufuTools\1.3.2\DuckStudio.FufuTools.locale.zh-CN.yaml
2025-01-25 16:36:03.675 INFO   Processing of manifest: D:\...\winget-pkgs\manifests\d\DuckStudio\FufuTools\1.3.2\DuckStudio.FufuTools.yaml
2025-01-25 16:36:03.678 INFO     Replace ManifestVersion: 1.6.0 -> 1.9.0
2025-01-25 16:36:03.679 INFO     Replace schema references: 1.6.0.schema.json -> 1.9.0.schema.json
2025-01-25 16:36:03.680 INFO     The modified file has been saved as: D:\...\winget-pkgs\manifests\d\DuckStudio\FufuTools\1.3.2\DuckStudio.FufuTools.yaml
2025-01-25 16:36:03.683 INFO   Create a new locale manifest file: D:\...\winget-pkgs\manifests\d\DuckStudio\FufuTools\1.3.2\DuckStudio.FufuTools.locale.en-US.yaml
2025-01-25 16:36:03.686 INFO     New locale manifest file created: D:\...\winget-pkgs\manifests\d\DuckStudio\FufuTools\1.3.2\DuckStudio.FufuTools.locale.en-US.yaml
2025-01-25 16:36:04.607 INFO     清单具有以下未验证的依赖项;确保它们有效：

2025-01-25 16:36:04.617 INFO       - 程序包

2025-01-25 16:36:04.627 INFO           Microsoft.VCRedist.2015+.x64

2025-01-25 16:36:04.637 INFO           Microsoft.VCRedist.2015+.x86

2025-01-25 16:36:04.637 INFO     清单验证成功。

2025-01-25 16:36:04.747 INFO   Staging and Committing Changes to Git
2025-01-25 16:36:08.563 INFO     Commit message: Modify: DuckStudio.FufuTools version 1.3.2 (Auto)
2025-01-25 16:36:08.564 INFO   Pushing changes to remote (origin) repository
2025-01-25 16:36:25.254 INFO     Successfully pushed to remote (origin): Modify-DuckStudio.FufuTools-1.3.2
2025-01-25 16:36:29.150 INFO     Pull request created successfully: https://github.com/microsoft/winget-pkgs/pull/216660
2025-01-25 16:36:29.151 INFO Processing version folder: 1.3.3
2025-01-25 16:36:29.152 INFO   Create and checkout to a new branch: Modify-DuckStudio.FufuTools-1.3.3
2025-01-25 16:36:45.856 INFO   Processing of manifest: D:\...\winget-pkgs\manifests\d\DuckStudio\FufuTools\1.3.3\DuckStudio.FufuTools.installer.yaml
2025-01-25 16:36:45.905 INFO     Replace ManifestVersion: 1.6.0 -> 1.9.0
2025-01-25 16:36:45.907 INFO     Replace schema references: 1.6.0.schema.json -> 1.9.0.schema.json
2025-01-25 16:36:45.918 INFO     The modified file has been saved as: D:\...\winget-pkgs\manifests\d\DuckStudio\FufuTools\1.3.3\DuckStudio.FufuTools.installer.yaml
2025-01-25 16:36:45.921 INFO   Processing of manifest: D:\...\winget-pkgs\manifests\d\DuckStudio\FufuTools\1.3.3\DuckStudio.FufuTools.locale.zh-CN.yaml
2025-01-25 16:36:45.923 INFO     Replace ManifestVersion: 1.6.0 -> 1.9.0
2025-01-25 16:36:45.926 INFO     Replace schema references: 1.6.0.schema.json -> 1.9.0.schema.json
2025-01-25 16:36:45.929 INFO   Correction to ReleaseNotes entry: Replace all <hr /> -> ---
2025-01-25 16:36:45.930 INFO   Correction to Tags entry: Replace all old tags -> new tags (in v1.3.6 manifest)
2025-01-25 16:36:45.931 INFO   Add Documentations entry: Too Long, Not show
2025-01-25 16:36:45.932 INFO   Correction to Moniker entry: Fufu Tools -> FufuTools
2025-01-25 16:36:45.936 INFO     The modified file has been saved as: D:\...\winget-pkgs\manifests\d\DuckStudio\FufuTools\1.3.3\DuckStudio.FufuTools.locale.zh-CN.yaml
2025-01-25 16:36:45.941 INFO   Processing of manifest: D:\...\winget-pkgs\manifests\d\DuckStudio\FufuTools\1.3.3\DuckStudio.FufuTools.yaml
2025-01-25 16:36:45.949 INFO     Replace ManifestVersion: 1.6.0 -> 1.9.0
2025-01-25 16:36:45.951 INFO     Replace schema references: 1.6.0.schema.json -> 1.9.0.schema.json
2025-01-25 16:36:45.953 INFO     The modified file has been saved as: D:\...\winget-pkgs\manifests\d\DuckStudio\FufuTools\1.3.3\DuckStudio.FufuTools.yaml
2025-01-25 16:36:45.955 INFO   Create a new locale manifest file: D:\...\winget-pkgs\manifests\d\DuckStudio\FufuTools\1.3.3\DuckStudio.FufuTools.locale.en-US.yaml
2025-01-25 16:36:45.958 INFO     New locale manifest file created: D:\...\winget-pkgs\manifests\d\DuckStudio\FufuTools\1.3.3\DuckStudio.FufuTools.locale.en-US.yaml
2025-01-25 16:36:46.455 INFO     清单具有以下未验证的依赖项;确保它们有效：

2025-01-25 16:36:46.456 INFO       - 程序包

2025-01-25 16:36:46.457 INFO           Microsoft.VCRedist.2015+.x64

2025-01-25 16:36:46.457 INFO           Microsoft.VCRedist.2015+.x86

2025-01-25 16:36:46.458 INFO     清单验证成功。

2025-01-25 16:36:46.479 INFO   Staging and Committing Changes to Git
2025-01-25 16:36:52.762 INFO     Commit message: Modify: DuckStudio.FufuTools version 1.3.3 (Auto)
2025-01-25 16:36:52.764 INFO   Pushing changes to remote (origin) repository
2025-01-25 16:37:05.384 INFO     Successfully pushed to remote (origin): Modify-DuckStudio.FufuTools-1.3.3
2025-01-25 16:37:08.752 INFO     Pull request created successfully: https://github.com/microsoft/winget-pkgs/pull/216661
2025-01-25 16:37:08.753 INFO Processing version folder: 1.3.4
2025-01-25 16:37:08.755 INFO   Create and checkout to a new branch: Modify-DuckStudio.FufuTools-1.3.4
2025-01-25 16:37:22.503 INFO   Processing of manifest: D:\...\winget-pkgs\manifests\d\DuckStudio\FufuTools\1.3.4\DuckStudio.FufuTools.installer.yaml
2025-01-25 16:37:22.544 INFO     Replace ManifestVersion: 1.6.0 -> 1.9.0
2025-01-25 16:37:22.546 INFO     Replace schema references: 1.6.0.schema.json -> 1.9.0.schema.json
2025-01-25 16:37:22.549 INFO     The modified file has been saved as: D:\...\winget-pkgs\manifests\d\DuckStudio\FufuTools\1.3.4\DuckStudio.FufuTools.installer.yaml
2025-01-25 16:37:22.554 INFO   Processing of manifest: D:\...\winget-pkgs\manifests\d\DuckStudio\FufuTools\1.3.4\DuckStudio.FufuTools.locale.zh-CN.yaml
2025-01-25 16:37:22.560 INFO     Replace ManifestVersion: 1.6.0 -> 1.9.0
2025-01-25 16:37:22.562 INFO     Replace schema references: 1.6.0.schema.json -> 1.9.0.schema.json
2025-01-25 16:37:22.563 INFO   Correction to ReleaseNotes entry: Replace all <hr /> -> ---
2025-01-25 16:37:22.564 INFO   Correction to Tags entry: Replace all old tags -> new tags (in v1.3.6 manifest)
2025-01-25 16:37:22.565 INFO   Add Documentations entry: Too Long, Not show
2025-01-25 16:37:22.566 INFO   Correction to Moniker entry: Fufu Tools -> FufuTools
2025-01-25 16:37:22.569 INFO     The modified file has been saved as: D:\...\winget-pkgs\manifests\d\DuckStudio\FufuTools\1.3.4\DuckStudio.FufuTools.locale.zh-CN.yaml
2025-01-25 16:37:22.573 INFO   Processing of manifest: D:\...\winget-pkgs\manifests\d\DuckStudio\FufuTools\1.3.4\DuckStudio.FufuTools.yaml
2025-01-25 16:37:22.615 INFO     Replace ManifestVersion: 1.6.0 -> 1.9.0
2025-01-25 16:37:22.618 INFO     Replace schema references: 1.6.0.schema.json -> 1.9.0.schema.json
2025-01-25 16:37:22.620 INFO     The modified file has been saved as: D:\...\winget-pkgs\manifests\d\DuckStudio\FufuTools\1.3.4\DuckStudio.FufuTools.yaml
2025-01-25 16:37:22.622 INFO   Create a new locale manifest file: D:\...\winget-pkgs\manifests\d\DuckStudio\FufuTools\1.3.4\DuckStudio.FufuTools.locale.en-US.yaml
2025-01-25 16:37:22.628 INFO     New locale manifest file created: D:\...\winget-pkgs\manifests\d\DuckStudio\FufuTools\1.3.4\DuckStudio.FufuTools.locale.en-US.yaml
2025-01-25 16:37:23.126 INFO     清单具有以下未验证的依赖项;确保它们有效：

2025-01-25 16:37:23.127 INFO       - 程序包

2025-01-25 16:37:23.128 INFO           Microsoft.VCRedist.2015+.x86

2025-01-25 16:37:23.129 INFO           Microsoft.VCRedist.2015+.x64

2025-01-25 16:37:23.130 INFO     清单验证成功。

2025-01-25 16:37:23.146 INFO   Staging and Committing Changes to Git
2025-01-25 16:37:28.711 INFO     Commit message: Modify: DuckStudio.FufuTools version 1.3.4 (Auto)
2025-01-25 16:37:28.713 INFO   Pushing changes to remote (origin) repository
2025-01-25 16:37:42.662 INFO     Successfully pushed to remote (origin): Modify-DuckStudio.FufuTools-1.3.4
2025-01-25 16:37:46.125 INFO     Pull request created successfully: https://github.com/microsoft/winget-pkgs/pull/216662
2025-01-25 16:37:46.127 INFO Processing version folder: 1.3.5
2025-01-25 16:37:46.129 INFO   Create and checkout to a new branch: Modify-DuckStudio.FufuTools-1.3.5
2025-01-25 16:37:58.250 INFO   Processing of manifest: D:\...\winget-pkgs\manifests\d\DuckStudio\FufuTools\1.3.5\DuckStudio.FufuTools.installer.yaml
2025-01-25 16:37:58.532 INFO     Replace ManifestVersion: 1.6.0 -> 1.9.0
2025-01-25 16:37:58.572 INFO     Replace schema references: 1.6.0.schema.json -> 1.9.0.schema.json
2025-01-25 16:37:58.592 INFO     The modified file has been saved as: D:\...\winget-pkgs\manifests\d\DuckStudio\FufuTools\1.3.5\DuckStudio.FufuTools.installer.yaml
2025-01-25 16:37:58.602 INFO   Processing of manifest: D:\...\winget-pkgs\manifests\d\DuckStudio\FufuTools\1.3.5\DuckStudio.FufuTools.locale.zh-CN.yaml
2025-01-25 16:37:58.632 INFO     Replace ManifestVersion: 1.6.0 -> 1.9.0
2025-01-25 16:37:58.642 INFO     Replace schema references: 1.6.0.schema.json -> 1.9.0.schema.json
2025-01-25 16:37:58.652 INFO   Correction to ReleaseNotes entry: Replace all <hr /> -> ---
2025-01-25 16:37:58.662 INFO   Correction to Tags entry: Replace all old tags -> new tags (in v1.3.6 manifest)
2025-01-25 16:37:58.662 INFO   Add Documentations entry: Too Long, Not show
2025-01-25 16:37:58.662 INFO   Correction to Moniker entry: Fufu Tools -> FufuTools
2025-01-25 16:37:58.682 INFO     The modified file has been saved as: D:\...\winget-pkgs\manifests\d\DuckStudio\FufuTools\1.3.5\DuckStudio.FufuTools.locale.zh-CN.yaml
2025-01-25 16:37:58.709 INFO   Processing of manifest: D:\...\winget-pkgs\manifests\d\DuckStudio\FufuTools\1.3.5\DuckStudio.FufuTools.yaml
2025-01-25 16:37:58.949 INFO     Replace ManifestVersion: 1.6.0 -> 1.9.0
2025-01-25 16:37:58.969 INFO     Replace schema references: 1.6.0.schema.json -> 1.9.0.schema.json
2025-01-25 16:37:58.999 INFO     The modified file has been saved as: D:\...\winget-pkgs\manifests\d\DuckStudio\FufuTools\1.3.5\DuckStudio.FufuTools.yaml
2025-01-25 16:37:58.104 INFO   Create a new locale manifest file: D:\...\winget-pkgs\manifests\d\DuckStudio\FufuTools\1.3.5\DuckStudio.FufuTools.locale.en-US.yaml
2025-01-25 16:37:58.108 INFO     New locale manifest file created: D:\...\winget-pkgs\manifests\d\DuckStudio\FufuTools\1.3.5\DuckStudio.FufuTools.locale.en-US.yaml
2025-01-25 16:37:58.581 INFO     清单具有以下未验证的依赖项;确保它们有效：

2025-01-25 16:37:58.582 INFO       - 程序包

2025-01-25 16:37:58.583 INFO           Microsoft.VCRedist.2015+.x86

2025-01-25 16:37:58.584 INFO           Microsoft.VCRedist.2015+.x64

2025-01-25 16:37:58.584 INFO     清单验证成功。

2025-01-25 16:37:58.595 INFO   Staging and Committing Changes to Git
2025-01-25 16:38:04.514 INFO     Commit message: Modify: DuckStudio.FufuTools version 1.3.5 (Auto)
2025-01-25 16:38:04.516 INFO   Pushing changes to remote (origin) repository
2025-01-25 16:38:16.889 INFO     Successfully pushed to remote (origin): Modify-DuckStudio.FufuTools-1.3.5
2025-01-25 16:38:19.554 INFO     Pull request created successfully: https://github.com/microsoft/winget-pkgs/pull/216663
2025-01-25 16:38:19.555 WARNING Skip version 1.3.6, Because there is already a pull request for this version: https://github.com/microsoft/winget-pkgs/pull/216649
2025-01-25 16:38:19.557 INFO All manifests have been modified and pushed through.
2025-01-25 16:38:24.823 INFO Workspace clean-up completed.
~~ End of logging ~~
