~~ Start logging ~~
2025-10-18 19:17:09.228 FUN 我是矿工，这是神金
2025-10-18 19:17:09.246 INFO Found the following version folder: ['1.0.1', '1.0.10', '1.0.11', '1.0.2', '1.0.3', '1.0.4', '1.0.5', '1.0.6', '1.0.7', '1.0.8', '1.0.9', '1.1.0', '1.1.1', '1.1.10', '1.1.11', '1.1.12', '1.1.13', '1.1.14', '1.1.2', '1.1.3', '1.1.4', '1.1.6', '1.1.7', '1.1.8', '1.1.9', '1.2.0', '1.2.1', '1.2.2', '1.2.3', '1.2.4', '1.2.5', '1.2.6', '1.2.7', '1.2.8', '1.2.9', '1.3.0', '1.3.1', '1.3.2', '1.3.3', '1.3.4', '1.3.5', '1.3.6', '1.3.7', '1.3.8', '1.3.9', '1.4.0', '1.4.1', '1.4.2', '1.4.3']
2025-10-18 19:17:09.247 INFO Skip version 1.0.1, because it's not in the list of versions to be modified.
2025-10-18 19:17:09.249 INFO Skip version 1.0.10, because it's not in the list of versions to be modified.
2025-10-18 19:17:09.250 INFO Skip version 1.0.11, because it's not in the list of versions to be modified.
2025-10-18 19:17:09.251 INFO Skip version 1.0.2, because it's not in the list of versions to be modified.
2025-10-18 19:17:09.252 INFO Skip version 1.0.3, because it's not in the list of versions to be modified.
2025-10-18 19:17:09.253 INFO Skip version 1.0.4, because it's not in the list of versions to be modified.
2025-10-18 19:17:09.254 INFO Skip version 1.0.5, because it's not in the list of versions to be modified.
2025-10-18 19:17:09.254 INFO Skip version 1.0.6, because it's not in the list of versions to be modified.
2025-10-18 19:17:09.255 INFO Skip version 1.0.7, because it's not in the list of versions to be modified.
2025-10-18 19:17:09.256 INFO Skip version 1.0.8, because it's not in the list of versions to be modified.
2025-10-18 19:17:09.257 INFO Skip version 1.0.9, because it's not in the list of versions to be modified.
2025-10-18 19:17:09.258 INFO Skip version 1.1.0, because it's not in the list of versions to be modified.
2025-10-18 19:17:09.259 INFO Skip version 1.1.1, because it's not in the list of versions to be modified.
2025-10-18 19:17:09.260 INFO Skip version 1.1.10, because it's not in the list of versions to be modified.
2025-10-18 19:17:09.262 INFO Skip version 1.1.11, because it's not in the list of versions to be modified.
2025-10-18 19:17:09.263 INFO Skip version 1.1.12, because it's not in the list of versions to be modified.
2025-10-18 19:17:09.264 INFO Skip version 1.1.13, because it's not in the list of versions to be modified.
2025-10-18 19:17:09.265 INFO Skip version 1.1.14, because it's not in the list of versions to be modified.
2025-10-18 19:17:09.266 INFO Skip version 1.1.2, because it's not in the list of versions to be modified.
2025-10-18 19:17:09.266 INFO Skip version 1.1.3, because it's not in the list of versions to be modified.
2025-10-18 19:17:09.267 INFO Skip version 1.1.4, because it's not in the list of versions to be modified.
2025-10-18 19:17:09.268 INFO Skip version 1.1.6, because it's not in the list of versions to be modified.
2025-10-18 19:17:09.269 INFO Skip version 1.1.7, because it's not in the list of versions to be modified.
2025-10-18 19:17:09.270 INFO Skip version 1.1.8, because it's not in the list of versions to be modified.
2025-10-18 19:17:09.270 INFO Skip version 1.1.9, because it's not in the list of versions to be modified.
2025-10-18 19:17:09.271 INFO Skip version 1.2.0, because it's not in the list of versions to be modified.
2025-10-18 19:17:09.272 INFO Skip version 1.2.1, because it's not in the list of versions to be modified.
2025-10-18 19:17:09.273 INFO Skip version 1.2.2, because it's not in the list of versions to be modified.
2025-10-18 19:17:09.274 INFO Skip version 1.2.3, because it's not in the list of versions to be modified.
2025-10-18 19:17:09.275 INFO Skip version 1.2.4, because it's not in the list of versions to be modified.
2025-10-18 19:17:09.275 INFO Skip version 1.2.5, because it's not in the list of versions to be modified.
2025-10-18 19:17:09.276 INFO Skip version 1.2.6, because it's not in the list of versions to be modified.
2025-10-18 19:17:09.278 INFO Skip version 1.2.7, because it's not in the list of versions to be modified.
2025-10-18 19:17:09.279 INFO Skip version 1.2.8, because it's not in the list of versions to be modified.
2025-10-18 19:17:09.280 INFO Skip version 1.2.9, because it's not in the list of versions to be modified.
2025-10-18 19:17:09.281 INFO Skip version 1.3.0, because it's not in the list of versions to be modified.
2025-10-18 19:17:09.282 INFO Skip version 1.3.1, because it's not in the list of versions to be modified.
2025-10-18 19:17:09.282 INFO Skip version 1.3.2, because it's not in the list of versions to be modified.
2025-10-18 19:17:09.283 INFO Skip version 1.3.3, because it's not in the list of versions to be modified.
2025-10-18 19:17:09.284 INFO Skip version 1.3.4, because it's not in the list of versions to be modified.
2025-10-18 19:17:09.285 INFO Skip version 1.3.5, because it's not in the list of versions to be modified.
2025-10-18 19:17:09.286 INFO Skip version 1.3.6, because it's not in the list of versions to be modified.
2025-10-18 19:17:09.286 INFO Skip version 1.3.7, because it's not in the list of versions to be modified.
2025-10-18 19:17:09.287 INFO Skip version 1.3.8, because it's not in the list of versions to be modified.
2025-10-18 19:17:09.288 INFO Skip version 1.3.9, because it's not in the list of versions to be modified.
2025-10-18 19:17:09.289 INFO Skip version 1.4.0, because it's not in the list of versions to be modified.
2025-10-18 19:17:09.290 INFO Skip version 1.4.1, because it's not in the list of versions to be modified.
2025-10-18 19:17:09.291 INFO Skip version 1.4.2, because it's not in the list of versions to be modified.
2025-10-18 19:17:09.292 INFO Processing version folder: 1.4.3
2025-10-18 19:17:09.292 INFO   Create and checkout to a new branch: New-Version-DuckStudio.Sundry-1.4.3-1760786229
2025-10-18 19:17:15.993 INFO   Processing of manifest: D:\...\winget-pkgs\manifests\d\DuckStudio\Sundry\1.4.3\DuckStudio.Sundry.installer.yaml
2025-10-18 19:17:15.101 INFO     The manifest file has been saved as: D:\...\winget-pkgs\manifests\d\DuckStudio\Sundry\1.4.3\DuckStudio.Sundry.installer.yaml
2025-10-18 19:17:15.265 INFO   Processing of manifest: D:\...\winget-pkgs\manifests\d\DuckStudio\Sundry\1.4.3\DuckStudio.Sundry.locale.en-US.yaml
2025-10-18 19:17:15.268 INFO     The manifest file has been saved as: D:\...\winget-pkgs\manifests\d\DuckStudio\Sundry\1.4.3\DuckStudio.Sundry.locale.en-US.yaml
2025-10-18 19:17:15.376 INFO   Processing of manifest: D:\...\winget-pkgs\manifests\d\DuckStudio\Sundry\1.4.3\DuckStudio.Sundry.locale.zh-CN.yaml
2025-10-18 19:17:15.379 INFO     The manifest file has been saved as: D:\...\winget-pkgs\manifests\d\DuckStudio\Sundry\1.4.3\DuckStudio.Sundry.locale.zh-CN.yaml
2025-10-18 19:17:15.505 INFO   Processing of manifest: D:\...\winget-pkgs\manifests\d\DuckStudio\Sundry\1.4.3\DuckStudio.Sundry.yaml
2025-10-18 19:17:15.508 INFO     The manifest file has been saved as: D:\...\winget-pkgs\manifests\d\DuckStudio\Sundry\1.4.3\DuckStudio.Sundry.yaml
2025-10-18 19:17:15.639 INFO   New manifests in D:\...\winget-pkgs\manifests\d\DuckStudio\Sundry\1.4.3 for DuckStudio.Sundry (1.4.3)
2025-10-18 19:17:26.572 INFO     清单具有以下未验证的依赖项;确保它们有效：
2025-10-18 19:17:26.573 INFO       - 程序包
2025-10-18 19:17:26.575 INFO           DuckStudio.GitHubLabelsManager [>= 1.7]
2025-10-18 19:17:26.577 INFO           Git.Git
2025-10-18 19:17:26.578 INFO           GitHub.cli
2025-10-18 19:17:26.580 INFO     清单验证成功。
2025-10-18 19:17:26.587 INFO   Staging and Committing Changes to Git
2025-10-18 19:17:39.287 INFO     Commit message: New version: DuckStudio.Sundry version 1.4.3 (Auto)
2025-10-18 19:17:46.707 INFO   Pushing changes to remote (origin) repository
2025-10-18 19:17:51.280 INFO     Successfully pushed to remote (origin): New-Version-DuckStudio.Sundry-1.4.3-1760786229
2025-10-18 19:17:53.988 INFO     Pull request created successfully: https://github.com/microsoft/winget-pkgs/pull/304655
2025-10-18 19:17:53.991 INFO All manifests have been modified and pushed through.
2025-10-18 19:18:01.426 INFO Workspace clean-up completed.
~~ End of logging ~~
