~~ Start logging ~~
2025-03-06 20:48:04.924 FUN (*≧︶≦))(￣▽￣* )ゞ
2025-03-06 20:48:04.924 INFO Found the following version folder: ['1.0.1', '1.0.2', '1.0.3', '1.0.4', '1.0.5', '1.0.6', '1.0.7', '1.0.8']
2025-03-06 20:48:05.221 INFO Skip version 1.0.1, because it's not in the list of versions to be modified.
2025-03-06 20:48:05.221 INFO Skip version 1.0.2, because it's not in the list of versions to be modified.
2025-03-06 20:48:05.221 INFO Skip version 1.0.3, because it's not in the list of versions to be modified.
2025-03-06 20:48:05.221 INFO Skip version 1.0.4, because it's not in the list of versions to be modified.
2025-03-06 20:48:05.221 INFO Skip version 1.0.5, because it's not in the list of versions to be modified.
2025-03-06 20:48:05.341 INFO Skip version 1.0.6, because it's not in the list of versions to be modified.
2025-03-06 20:48:05.341 INFO Skip version 1.0.7, because it's not in the list of versions to be modified.
2025-03-06 20:48:05.341 INFO Processing version folder: 1.0.8
2025-03-06 20:48:05.341 INFO   Create and checkout to a new branch: NewVersion-DuckStudio.Sundry-1.0.8
2025-03-06 20:58:28.461 INFO   Processing of manifest: D:\...\winget-pkgs\manifests\d\DuckStudio\Sundry\1.0.8\DuckStudio.Sundry.installer.yaml
2025-03-06 20:58:28.463 INFO     Cleaned up DuckStudio.Sundry.installer.yaml
2025-03-06 20:58:28.465 INFO     The manifest file has been saved as: D:\...\winget-pkgs\manifests\d\DuckStudio\Sundry\1.0.8\DuckStudio.Sundry.installer.yaml
2025-03-06 21:00:20.735 INFO   Processing of manifest: D:\...\winget-pkgs\manifests\d\DuckStudio\Sundry\1.0.8\DuckStudio.Sundry.locale.en-US.yaml
2025-03-06 21:00:20.737 INFO     Cleaned up DuckStudio.Sundry.locale.en-US.yaml
2025-03-06 21:00:20.739 INFO     The manifest file has been saved as: D:\...\winget-pkgs\manifests\d\DuckStudio\Sundry\1.0.8\DuckStudio.Sundry.locale.en-US.yaml
2025-03-06 21:00:47.371 INFO   Processing of manifest: D:\...\winget-pkgs\manifests\d\DuckStudio\Sundry\1.0.8\DuckStudio.Sundry.locale.zh-CN.yaml
2025-03-06 21:00:47.373 INFO     Cleaned up DuckStudio.Sundry.locale.zh-CN.yaml
2025-03-06 21:00:47.375 INFO     The manifest file has been saved as: D:\...\winget-pkgs\manifests\d\DuckStudio\Sundry\1.0.8\DuckStudio.Sundry.locale.zh-CN.yaml
2025-03-06 21:02:33.570 INFO   Processing of manifest: D:\...\winget-pkgs\manifests\d\DuckStudio\Sundry\1.0.8\DuckStudio.Sundry.yaml
2025-03-06 21:02:33.571 INFO     Cleaned up DuckStudio.Sundry.yaml
2025-03-06 21:02:33.574 INFO     The manifest file has been saved as: D:\...\winget-pkgs\manifests\d\DuckStudio\Sundry\1.0.8\DuckStudio.Sundry.yaml
2025-03-06 21:03:07.282 INFO   New manifests in D:\...\winget-pkgs\manifests\d\DuckStudio\Sundry\1.0.8 for DuckStudio.Sundry (1.9.0)
2025-03-06 21:03:07.756 INFO     清单具有以下未验证的依赖项;确保它们有效：
2025-03-06 21:03:07.756 INFO       - 程序包
2025-03-06 21:03:07.757 INFO           DuckStudio.GitHubLabelsManager
2025-03-06 21:03:07.759 INFO           Git.Git
2025-03-06 21:03:07.760 INFO           GitHub.cli
2025-03-06 21:03:07.761 INFO     清单验证成功。
2025-03-06 21:03:07.772 INFO   Staging and Committing Changes to Git
2025-03-06 21:03:22.380 INFO     Commit message: New version: DuckStudio.Sundry version 1.0.8 (Auto)
2025-03-06 21:03:22.382 INFO   Pushing changes to remote (origin) repository
2025-03-06 21:03:30.668 INFO     Successfully pushed to remote (origin): NewVersion-DuckStudio.Sundry-1.0.8
2025-03-06 21:03:33.814 INFO     Pull request created successfully: https://github.com/microsoft/winget-pkgs/pull/235349
2025-03-06 21:03:33.947 INFO All manifests have been modified and pushed through.
2025-03-06 21:03:39.568 INFO Workspace clean-up completed.
~~ End of logging ~~
