~~ Start logging ~~
2025-02-01 18:17:24.845 FUN :)
2025-02-01 18:17:24.847 INFO Found the following version folder: ['8.3.14', '8.4.1', '8.4.10', '8.4.11', '8.4.13', '8.4.8']
2025-02-01 18:17:24.996 WARNING Skip version 8.3.14, 因为这不是目标版本.
2025-02-01 18:17:24.997 WARNING Skip version 8.4.1, 因为这不是目标版本.
2025-02-01 18:17:24.998 INFO Processing version folder: 8.4.10
2025-02-01 18:17:24.998 INFO   Create and checkout to a new branch: Modify-Wondershare.PDFelement.8-8.4.10
2025-02-01 18:17:33.226 INFO   Processing of manifest: D:\...\winget-pkgs\manifests\w\Wondershare\PDFelement\8\8.4.10\Wondershare.PDFelement.8.installer.yaml
2025-02-01 18:17:33.227 INFO     Replace ManifestVersion: 1.2.0 -> 1.9.0
2025-02-01 18:17:33.228 INFO     Replace schema references: 1.2.0.schema.json -> 1.9.0.schema.json
2025-02-01 18:17:33.228 WARNING   这是一个半自动处理，自动化不会对清单进行实质性修改，仅仅是格式化。
2025-02-01 18:17:33.229 INFO     The modified file has been saved as: D:\...\winget-pkgs\manifests\w\Wondershare\PDFelement\8\8.4.10\Wondershare.PDFelement.8.installer.yaml
2025-02-01 18:17:33.231 INFO   Processing of manifest: D:\...\winget-pkgs\manifests\w\Wondershare\PDFelement\8\8.4.10\Wondershare.PDFelement.8.locale.en-US.yaml
2025-02-01 18:17:33.232 INFO     Replace ManifestVersion: 1.2.0 -> 1.9.0
2025-02-01 18:17:33.234 INFO     Replace schema references: 1.2.0.schema.json -> 1.9.0.schema.json
2025-02-01 18:17:33.234 WARNING   这是一个半自动处理，自动化不会对清单进行实质性修改，仅仅是格式化。
2025-02-01 18:17:33.236 INFO     The modified file has been saved as: D:\...\winget-pkgs\manifests\w\Wondershare\PDFelement\8\8.4.10\Wondershare.PDFelement.8.locale.en-US.yaml
2025-02-01 18:17:33.237 INFO   Processing of manifest: D:\...\winget-pkgs\manifests\w\Wondershare\PDFelement\8\8.4.10\Wondershare.PDFelement.8.locale.zh-CN.yaml
2025-02-01 18:17:33.239 INFO     Replace ManifestVersion: 1.2.0 -> 1.9.0
2025-02-01 18:17:33.240 INFO     Replace schema references: 1.2.0.schema.json -> 1.9.0.schema.json
2025-02-01 18:17:33.241 WARNING   这是一个半自动处理，自动化不会对清单进行实质性修改，仅仅是格式化。
2025-02-01 18:17:33.242 INFO     The modified file has been saved as: D:\...\winget-pkgs\manifests\w\Wondershare\PDFelement\8\8.4.10\Wondershare.PDFelement.8.locale.zh-CN.yaml
2025-02-01 18:17:33.243 INFO   Processing of manifest: D:\...\winget-pkgs\manifests\w\Wondershare\PDFelement\8\8.4.10\Wondershare.PDFelement.8.yaml
2025-02-01 18:17:33.244 INFO     Replace ManifestVersion: 1.2.0 -> 1.9.0
2025-02-01 18:17:33.245 INFO     Replace schema references: 1.2.0.schema.json -> 1.9.0.schema.json
2025-02-01 18:17:33.246 WARNING   这是一个半自动处理，自动化不会对清单进行实质性修改，仅仅是格式化。
2025-02-01 18:17:33.247 INFO     The modified file has been saved as: D:\...\winget-pkgs\manifests\w\Wondershare\PDFelement\8\8.4.10\Wondershare.PDFelement.8.yaml
2025-02-01 18:17:33.542 INFO     清单验证成功。
2025-02-01 18:17:33.555 INFO   Staging and Committing Changes to Git
2025-02-01 18:17:37.727 INFO     Commit message: Modify: Wondershare.PDFelement.8 version 8.4.10 (Auto)
2025-02-01 18:17:37.729 INFO   Pushing changes to remote (origin) repository
2025-02-01 18:17:42.268 INFO     Successfully FORCE pushed to remote (origin): Modify-Wondershare.PDFelement.8-8.4.10
2025-02-01 18:17:42.271 WARNING Skip version 8.4.11, 因为这不是目标版本.
2025-02-01 18:17:42.272 WARNING Skip version 8.4.13, 因为这不是目标版本.
2025-02-01 18:17:42.274 WARNING Skip version 8.4.8, 因为这不是目标版本.
2025-02-01 18:17:42.276 INFO All manifests have been modified and pushed through.
2025-02-01 18:17:46.530 INFO Workspace clean-up completed.
~~ End of logging ~~
