~~ Start logging ~~
2025-02-25 17:12:43.664 FUN 玩__玩的。
2025-02-25 17:12:43.667 INFO Found the following version folder: ['1.0.1', '1.0.2']
2025-02-25 17:12:43.774 INFO Processing version folder: 1.0.1
2025-02-25 17:12:43.774 INFO   Create and checkout to a new branch: Modify-DuckStudio.Sundry-1.0.1
2025-02-25 17:12:51.144 INFO   Processing of manifest: D:\...\winget-pkgs\manifests\d\DuckStudio\Sundry\1.0.1\DuckStudio.Sundry.installer.yaml
2025-02-25 17:12:51.145 INFO     Add a PackageIdentifier to Dependencies: GitHub.cli # Check for duplicates
2025-02-25 17:12:51.146 INFO     The modified file has been saved as: D:\...\winget-pkgs\manifests\d\DuckStudio\Sundry\1.0.1\DuckStudio.Sundry.installer.yaml
2025-02-25 17:12:51.157 INFO   Processing of manifest: D:\...\winget-pkgs\manifests\d\DuckStudio\Sundry\1.0.1\DuckStudio.Sundry.locale.zh-CN.yaml
2025-02-25 17:12:51.181 INFO     The modified file has been saved as: D:\...\winget-pkgs\manifests\d\DuckStudio\Sundry\1.0.1\DuckStudio.Sundry.locale.zh-CN.yaml
2025-02-25 17:12:51.182 INFO   Processing of manifest: D:\...\winget-pkgs\manifests\d\DuckStudio\Sundry\1.0.1\DuckStudio.Sundry.yaml
2025-02-25 17:12:51.184 INFO     The modified file has been saved as: D:\...\winget-pkgs\manifests\d\DuckStudio\Sundry\1.0.1\DuckStudio.Sundry.yaml
2025-02-25 17:12:51.443 INFO     清单具有以下未验证的依赖项;确保它们有效：
2025-02-25 17:12:51.443 INFO       - 程序包
2025-02-25 17:12:51.444 INFO           DuckStudio.GitHubLabelsManager
2025-02-25 17:12:51.445 INFO           Git.Git
2025-02-25 17:12:51.446 INFO           GitHub.cli
2025-02-25 17:12:51.446 INFO     清单验证成功。
2025-02-25 17:12:51.453 INFO   Staging and Committing Changes to Git
2025-02-25 17:12:55.180 INFO     Commit message: Modify: DuckStudio.Sundry version 1.0.1 (Auto)
2025-02-25 17:12:55.181 INFO   Pushing changes to remote (origin) repository
2025-02-25 17:13:01.262 INFO     Successfully pushed to remote (origin): Modify-DuckStudio.Sundry-1.0.1
2025-02-25 17:13:03.539 INFO     Pull request created successfully: https://github.com/microsoft/winget-pkgs/pull/232881
2025-02-25 17:13:03.551 INFO Processing version folder: 1.0.2
2025-02-25 17:13:03.553 INFO   Create and checkout to a new branch: Modify-DuckStudio.Sundry-1.0.2
2025-02-25 17:13:10.948 INFO   Processing of manifest: D:\...\winget-pkgs\manifests\d\DuckStudio\Sundry\1.0.2\DuckStudio.Sundry.installer.yaml
2025-02-25 17:13:10.949 INFO     Add a PackageIdentifier to Dependencies: GitHub.cli # Check for duplicates
2025-02-25 17:13:10.951 INFO     The modified file has been saved as: D:\...\winget-pkgs\manifests\d\DuckStudio\Sundry\1.0.2\DuckStudio.Sundry.installer.yaml
2025-02-25 17:13:10.952 INFO   Processing of manifest: D:\...\winget-pkgs\manifests\d\DuckStudio\Sundry\1.0.2\DuckStudio.Sundry.locale.zh-CN.yaml
2025-02-25 17:13:11.138 INFO     The modified file has been saved as: D:\...\winget-pkgs\manifests\d\DuckStudio\Sundry\1.0.2\DuckStudio.Sundry.locale.zh-CN.yaml
2025-02-25 17:13:11.148 INFO   Processing of manifest: D:\...\winget-pkgs\manifests\d\DuckStudio\Sundry\1.0.2\DuckStudio.Sundry.yaml
2025-02-25 17:13:11.296 INFO     The modified file has been saved as: D:\...\winget-pkgs\manifests\d\DuckStudio\Sundry\1.0.2\DuckStudio.Sundry.yaml
2025-02-25 17:13:11.307 INFO     清单具有以下未验证的依赖项;确保它们有效：
2025-02-25 17:13:11.308 INFO       - 程序包
2025-02-25 17:13:11.308 INFO           DuckStudio.GitHubLabelsManager
2025-02-25 17:13:11.308 INFO           Git.Git
2025-02-25 17:13:11.308 INFO           GitHub.cli
2025-02-25 17:13:11.308 INFO     清单验证成功。
2025-02-25 17:13:11.319 INFO   Staging and Committing Changes to Git
2025-02-25 17:13:15.721 INFO     Commit message: Modify: DuckStudio.Sundry version 1.0.2 (Auto)
2025-02-25 17:13:15.722 INFO   Pushing changes to remote (origin) repository
2025-02-25 17:13:19.230 INFO     Successfully pushed to remote (origin): Modify-DuckStudio.Sundry-1.0.2
2025-02-25 17:13:21.491 INFO     Pull request created successfully: https://github.com/microsoft/winget-pkgs/pull/232882
2025-02-25 17:13:21.495 INFO All manifests have been modified and pushed through.
2025-02-25 17:13:25.704 INFO Workspace clean-up completed.
~~ End of logging ~~
