~~ Start logging ~~
2025-12-31 22:16:27.924 FUN 哇！这个好可爱啊！
2025-12-31 22:16:27.979 INFO Found the following version folder: ['1.0.1', '1.0.10', '1.0.11', '1.0.2', '1.0.3', '1.0.4', '1.0.5', '1.0.6', '1.0.7', '1.0.8', '1.0.9', '1.1.0', '1.1.1', '1.1.10', '1.1.11', '1.1.12', '1.1.13', '1.1.14', '1.1.2', '1.1.3', '1.1.4', '1.1.6', '1.1.7', '1.1.8', '1.1.9', '1.2.0', '1.2.1', '1.2.2', '1.2.3', '1.2.4', '1.2.5', '1.2.6', '1.2.7', '1.2.8', '1.2.9', '1.3.0', '1.3.1', '1.3.2', '1.3.3', '1.3.4', '1.3.5', '1.3.6', '1.3.7', '1.3.8', '1.3.9', '1.4.0', '1.4.1', '1.4.2', '1.4.3', '1.5.0', '1.5.1', '1.5.2', '1.6.0']
2025-12-31 22:16:27.981 INFO Skip version 1.0.1, because it's not in the list of versions to be modified.
2025-12-31 22:16:27.982 INFO Skip version 1.0.10, because it's not in the list of versions to be modified.
2025-12-31 22:16:27.984 INFO Skip version 1.0.11, because it's not in the list of versions to be modified.
2025-12-31 22:16:27.986 INFO Skip version 1.0.2, because it's not in the list of versions to be modified.
2025-12-31 22:16:27.987 INFO Skip version 1.0.3, because it's not in the list of versions to be modified.
2025-12-31 22:16:27.988 INFO Skip version 1.0.4, because it's not in the list of versions to be modified.
2025-12-31 22:16:27.990 INFO Skip version 1.0.5, because it's not in the list of versions to be modified.
2025-12-31 22:16:27.992 INFO Skip version 1.0.6, because it's not in the list of versions to be modified.
2025-12-31 22:16:27.993 INFO Skip version 1.0.7, because it's not in the list of versions to be modified.
2025-12-31 22:16:27.994 INFO Skip version 1.0.8, because it's not in the list of versions to be modified.
2025-12-31 22:16:27.996 INFO Skip version 1.0.9, because it's not in the list of versions to be modified.
2025-12-31 22:16:27.997 INFO Skip version 1.1.0, because it's not in the list of versions to be modified.
2025-12-31 22:16:27.998 INFO Skip version 1.1.1, because it's not in the list of versions to be modified.
2025-12-31 22:16:28.660 INFO Skip version 1.1.10, because it's not in the list of versions to be modified.
2025-12-31 22:16:28.287 INFO Skip version 1.1.11, because it's not in the list of versions to be modified.
2025-12-31 22:16:28.437 INFO Skip version 1.1.12, because it's not in the list of versions to be modified.
2025-12-31 22:16:28.587 INFO Skip version 1.1.13, because it's not in the list of versions to be modified.
2025-12-31 22:16:28.739 INFO Skip version 1.1.14, because it's not in the list of versions to be modified.
2025-12-31 22:16:28.865 INFO Skip version 1.1.2, because it's not in the list of versions to be modified.
2025-12-31 22:16:28.100 INFO Skip version 1.1.3, because it's not in the list of versions to be modified.
2025-12-31 22:16:28.114 INFO Skip version 1.1.4, because it's not in the list of versions to be modified.
2025-12-31 22:16:28.134 INFO Skip version 1.1.6, because it's not in the list of versions to be modified.
2025-12-31 22:16:28.150 INFO Skip version 1.1.7, because it's not in the list of versions to be modified.
2025-12-31 22:16:28.169 INFO Skip version 1.1.8, because it's not in the list of versions to be modified.
2025-12-31 22:16:28.188 INFO Skip version 1.1.9, because it's not in the list of versions to be modified.
2025-12-31 22:16:28.210 INFO Skip version 1.2.0, because it's not in the list of versions to be modified.
2025-12-31 22:16:28.229 INFO Skip version 1.2.1, because it's not in the list of versions to be modified.
2025-12-31 22:16:28.244 INFO Skip version 1.2.2, because it's not in the list of versions to be modified.
2025-12-31 22:16:28.259 INFO Skip version 1.2.3, because it's not in the list of versions to be modified.
2025-12-31 22:16:28.276 INFO Skip version 1.2.4, because it's not in the list of versions to be modified.
2025-12-31 22:16:28.292 INFO Skip version 1.2.5, because it's not in the list of versions to be modified.
2025-12-31 22:16:28.307 INFO Skip version 1.2.6, because it's not in the list of versions to be modified.
2025-12-31 22:16:28.326 INFO Skip version 1.2.7, because it's not in the list of versions to be modified.
2025-12-31 22:16:28.346 INFO Skip version 1.2.8, because it's not in the list of versions to be modified.
2025-12-31 22:16:28.375 INFO Skip version 1.2.9, because it's not in the list of versions to be modified.
2025-12-31 22:16:28.392 INFO Skip version 1.3.0, because it's not in the list of versions to be modified.
2025-12-31 22:16:28.406 INFO Skip version 1.3.1, because it's not in the list of versions to be modified.
2025-12-31 22:16:28.422 INFO Skip version 1.3.2, because it's not in the list of versions to be modified.
2025-12-31 22:16:28.435 INFO Skip version 1.3.3, because it's not in the list of versions to be modified.
2025-12-31 22:16:28.450 INFO Skip version 1.3.4, because it's not in the list of versions to be modified.
2025-12-31 22:16:28.465 INFO Skip version 1.3.5, because it's not in the list of versions to be modified.
2025-12-31 22:16:28.486 INFO Skip version 1.3.6, because it's not in the list of versions to be modified.
2025-12-31 22:16:28.512 INFO Skip version 1.3.7, because it's not in the list of versions to be modified.
2025-12-31 22:16:28.533 INFO Skip version 1.3.8, because it's not in the list of versions to be modified.
2025-12-31 22:16:28.556 INFO Skip version 1.3.9, because it's not in the list of versions to be modified.
2025-12-31 22:16:28.574 INFO Skip version 1.4.0, because it's not in the list of versions to be modified.
2025-12-31 22:16:28.589 INFO Skip version 1.4.1, because it's not in the list of versions to be modified.
2025-12-31 22:16:28.605 INFO Skip version 1.4.2, because it's not in the list of versions to be modified.
2025-12-31 22:16:28.619 INFO Skip version 1.4.3, because it's not in the list of versions to be modified.
2025-12-31 22:16:28.638 INFO Skip version 1.5.0, because it's not in the list of versions to be modified.
2025-12-31 22:16:28.655 INFO Skip version 1.5.1, because it's not in the list of versions to be modified.
2025-12-31 22:16:28.674 INFO Skip version 1.5.2, because it's not in the list of versions to be modified.
2025-12-31 22:16:28.699 INFO Processing version folder: 1.6.0
2025-12-31 22:16:28.718 INFO   Create and checkout to a new branch: New-Version-DuckStudio.Sundry-1.6.0-1767190588
2025-12-31 22:16:40.396 INFO   Processing of manifest: D:\...\winget-pkgs\manifests\d\DuckStudio\Sundry\1.6.0\DuckStudio.Sundry.installer.yaml
2025-12-31 22:16:40.401 INFO     The manifest file has been saved as: D:\...\winget-pkgs\manifests\d\DuckStudio\Sundry\1.6.0\DuckStudio.Sundry.installer.yaml
2025-12-31 22:16:40.620 INFO   Processing of manifest: D:\...\winget-pkgs\manifests\d\DuckStudio\Sundry\1.6.0\DuckStudio.Sundry.locale.en-US.yaml
2025-12-31 22:16:40.625 INFO     The manifest file has been saved as: D:\...\winget-pkgs\manifests\d\DuckStudio\Sundry\1.6.0\DuckStudio.Sundry.locale.en-US.yaml
2025-12-31 22:16:40.727 INFO   Processing of manifest: D:\...\winget-pkgs\manifests\d\DuckStudio\Sundry\1.6.0\DuckStudio.Sundry.locale.zh-CN.yaml
2025-12-31 22:16:40.732 INFO     The manifest file has been saved as: D:\...\winget-pkgs\manifests\d\DuckStudio\Sundry\1.6.0\DuckStudio.Sundry.locale.zh-CN.yaml
2025-12-31 22:16:40.860 INFO   Processing of manifest: D:\...\winget-pkgs\manifests\d\DuckStudio\Sundry\1.6.0\DuckStudio.Sundry.yaml
2025-12-31 22:16:40.865 INFO     The manifest file has been saved as: D:\...\winget-pkgs\manifests\d\DuckStudio\Sundry\1.6.0\DuckStudio.Sundry.yaml
2025-12-31 22:16:41.171 INFO   New manifests in D:\...\winget-pkgs\manifests\d\DuckStudio\Sundry\1.6.0 for DuckStudio.Sundry (1.6.0)
2025-12-31 22:24:09.417 INFO Manifest validation succeeded with "sundry validate".
2025-12-31 22:24:09.419 INFO   Staging and Committing Changes to Git
2025-12-31 22:24:18.923 INFO     Commit message: New version: DuckStudio.Sundry version 1.6.0 (Auto)
2025-12-31 22:24:40.493 INFO   Pushing changes to remote (origin) repository
fatal: unable to access 'https://github.com/DuckDuckStudio/winget-pkgs.git/': Failed to connect to github.com port 443 after 21127 ms: Could not connect to server
Traceback (most recent call last):
  File "D:\...\Sundry-Locale\src\sundry.py", line 197, in <module>
    sys.exit(main())
             ~~~~^^
  File "D:\...\Sundry-Locale\src\sundry.py", line 99, in main
    return updater.main(args)
           ~~~~~~~~~~~~^^^^^^
  File "D:\...\Sundry-Locale\src\la\updater\updater.py", line 28, in main
    if e := update(PackageIdentifier):
            ~~~~~~^^^^^^^^^^^^^^^^^^^
  File "D:\...\Sundry-Locale\src\la\updater\updater.py", line 93, in update
    if e := tools.update.main([PackageIdentifier, ReleaseInfo[0]]):
            ~~~~~~~~~~~~~~~~~^^^^^^^^^^^^^^^^^^^^^^^^^^^^^^^^^^^^^
  File "D:\...\Sundry-Locale\src\tools\update.py", line 154, in main
    if 修改版本(版本文件夹) == 1:
       ~~~~~~~~^^^^^^^^^^^^
  File "D:\...\Sundry-Locale\src\tools\update.py", line 324, in 修改版本
    subprocess.run(["git", "push", "origin", 新分支], check=True)
    ~~~~~~~~~~~~~~^^^^^^^^^^^^^^^^^^^^^^^^^^^^^^^^^^^^^^^^^^^^^^^
  File "D:\...\Python\313\Lib\subprocess.py", line 577, in run
    raise CalledProcessError(retcode, process.args,
                             output=stdout, stderr=stderr)
subprocess.CalledProcessError: Command '['git', 'push', 'origin', 'New-Version-DuckStudio.Sundry-1.6.0-1767190588']' returned non-zero exit status 128.
