~~ Start logging ~~
2025-01-16 23:29:24.617 INFO Found the following version folder: ['0.10.0', '0.11.0', '0.12.0', '0.13.0', '0.14.0', '0.15.0', '0.16.0', '0.17.0', '0.18.0', '0.19.0', '0.20.0', '0.21.0', '0.22.0', '0.3.0', '0.4.1', '0.5.0', '0.6.0', '0.7.0', '0.8.0', '0.9.0']
2025-01-16 23:29:24.754 INFO Processing version folder: 0.10.0
2025-01-16 23:29:24.760 INFO   Create and checkout to a new branch: Modify-n0-computer.sendme-0.10.0
2025-01-16 23:29:29.124 INFO   Processing of manifest: D:\...\winget-pkgs\manifests\n\n0-computer\sendme\0.10.0\n0-computer.sendme.installer.yaml
2025-01-16 23:29:29.124 INFO     Replace ManifestVersion: 1.6.0 -> 1.9.0
2025-01-16 23:29:29.127 INFO     Replace schema references: 1.6.0.schema.json -> 1.9.0.schema.json
2025-01-16 23:29:29.127 INFO     The modified file has been saved as: D:\...\winget-pkgs\manifests\n\n0-computer\sendme\0.10.0\n0-computer.sendme.installer.yaml
2025-01-16 23:29:29.127 INFO   Processing of manifest: D:\...\winget-pkgs\manifests\n\n0-computer\sendme\0.10.0\n0-computer.sendme.locale.en-US.yaml
2025-01-16 23:29:29.127 INFO     Replace ManifestVersion: 1.6.0 -> 1.9.0
2025-01-16 23:29:29.127 INFO     Replace schema references: 1.6.0.schema.json -> 1.9.0.schema.json
2025-01-16 23:29:29.127 INFO     The modified file has been saved as: D:\...\winget-pkgs\manifests\n\n0-computer\sendme\0.10.0\n0-computer.sendme.locale.en-US.yaml
2025-01-16 23:29:29.127 INFO   Processing of manifest: D:\...\winget-pkgs\manifests\n\n0-computer\sendme\0.10.0\n0-computer.sendme.yaml
2025-01-16 23:29:29.134 INFO     Replace ManifestVersion: 1.6.0 -> 1.9.0
2025-01-16 23:29:29.134 INFO     Replace schema references: 1.6.0.schema.json -> 1.9.0.schema.json
2025-01-16 23:29:29.134 INFO     The modified file has been saved as: D:\...\winget-pkgs\manifests\n\n0-computer\sendme\0.10.0\n0-computer.sendme.yaml
2025-01-16 23:29:29.134 INFO   Create a new locale manifest file: D:\...\winget-pkgs\manifests\n\n0-computer\sendme\0.10.0\n0-computer.sendme.locale.zh-CN.yaml
2025-01-16 23:29:29.138 INFO     New locale manifest file created: D:\...\winget-pkgs\manifests\n\n0-computer\sendme\0.10.0\n0-computer.sendme.locale.zh-CN.yaml
2025-01-16 23:29:29.138 INFO   Staging and Committing Changes to Git
2025-01-16 23:29:33.650 INFO     Commit message: Modify: Zype.Compass version 0.10.0 (Auto)
2025-01-16 23:29:33.650 INFO   Pushing changes to remote (origin) repository
2025-01-16 23:29:44.466 INFO     Successfully pushed to remote (origin): Modify-n0-computer.sendme-0.10.0
2025-01-16 23:29:47.227 INFO     Pull request created successfully: https://github.com/microsoft/winget-pkgs/pull/212798
2025-01-16 23:29:47.229 INFO Processing version folder: 0.11.0
2025-01-16 23:29:47.230 INFO   Create and checkout to a new branch: Modify-n0-computer.sendme-0.11.0
2025-01-16 23:29:52.168 INFO   Processing of manifest: D:\...\winget-pkgs\manifests\n\n0-computer\sendme\0.11.0\n0-computer.sendme.installer.yaml
2025-01-16 23:29:52.177 INFO     Replace ManifestVersion: 1.6.0 -> 1.9.0
2025-01-16 23:29:52.177 INFO     Replace schema references: 1.6.0.schema.json -> 1.9.0.schema.json
2025-01-16 23:29:52.179 INFO     The modified file has been saved as: D:\...\winget-pkgs\manifests\n\n0-computer\sendme\0.11.0\n0-computer.sendme.installer.yaml
2025-01-16 23:29:52.179 INFO   Processing of manifest: D:\...\winget-pkgs\manifests\n\n0-computer\sendme\0.11.0\n0-computer.sendme.locale.en-US.yaml
2025-01-16 23:29:52.179 INFO     Replace ManifestVersion: 1.6.0 -> 1.9.0
2025-01-16 23:29:52.179 INFO     Replace schema references: 1.6.0.schema.json -> 1.9.0.schema.json
2025-01-16 23:29:52.179 INFO     The modified file has been saved as: D:\...\winget-pkgs\manifests\n\n0-computer\sendme\0.11.0\n0-computer.sendme.locale.en-US.yaml
2025-01-16 23:29:52.187 INFO   Processing of manifest: D:\...\winget-pkgs\manifests\n\n0-computer\sendme\0.11.0\n0-computer.sendme.yaml
2025-01-16 23:29:52.190 INFO     Replace ManifestVersion: 1.6.0 -> 1.9.0
2025-01-16 23:29:52.190 INFO     Replace schema references: 1.6.0.schema.json -> 1.9.0.schema.json
2025-01-16 23:29:52.190 INFO     The modified file has been saved as: D:\...\winget-pkgs\manifests\n\n0-computer\sendme\0.11.0\n0-computer.sendme.yaml
2025-01-16 23:29:52.190 INFO   Create a new locale manifest file: D:\...\winget-pkgs\manifests\n\n0-computer\sendme\0.11.0\n0-computer.sendme.locale.zh-CN.yaml
2025-01-16 23:29:52.190 INFO     New locale manifest file created: D:\...\winget-pkgs\manifests\n\n0-computer\sendme\0.11.0\n0-computer.sendme.locale.zh-CN.yaml
2025-01-16 23:29:52.190 INFO   Staging and Committing Changes to Git
2025-01-16 23:29:57.284 INFO     Commit message: Modify: Zype.Compass version 0.11.0 (Auto)
2025-01-16 23:29:57.299 INFO   Pushing changes to remote (origin) repository
2025-01-16 23:30:08.209 INFO     Successfully pushed to remote (origin): Modify-n0-computer.sendme-0.11.0
2025-01-16 23:30:10.720 INFO     Pull request created successfully: https://github.com/microsoft/winget-pkgs/pull/212799
2025-01-16 23:30:10.720 INFO Processing version folder: 0.12.0
2025-01-16 23:30:10.727 INFO   Create and checkout to a new branch: Modify-n0-computer.sendme-0.12.0
2025-01-16 23:30:16.619 INFO   Processing of manifest: D:\...\winget-pkgs\manifests\n\n0-computer\sendme\0.12.0\n0-computer.sendme.installer.yaml
2025-01-16 23:30:16.619 INFO     Replace ManifestVersion: 1.6.0 -> 1.9.0
2025-01-16 23:30:16.715 INFO     Replace schema references: 1.6.0.schema.json -> 1.9.0.schema.json
2025-01-16 23:30:16.715 INFO     The modified file has been saved as: D:\...\winget-pkgs\manifests\n\n0-computer\sendme\0.12.0\n0-computer.sendme.installer.yaml
2025-01-16 23:30:16.715 INFO   Processing of manifest: D:\...\winget-pkgs\manifests\n\n0-computer\sendme\0.12.0\n0-computer.sendme.locale.en-US.yaml
2025-01-16 23:30:16.715 INFO     Replace ManifestVersion: 1.6.0 -> 1.9.0
2025-01-16 23:30:16.715 INFO     Replace schema references: 1.6.0.schema.json -> 1.9.0.schema.json
2025-01-16 23:30:16.715 INFO     The modified file has been saved as: D:\...\winget-pkgs\manifests\n\n0-computer\sendme\0.12.0\n0-computer.sendme.locale.en-US.yaml
2025-01-16 23:30:16.715 INFO   Processing of manifest: D:\...\winget-pkgs\manifests\n\n0-computer\sendme\0.12.0\n0-computer.sendme.yaml
2025-01-16 23:30:16.821 INFO     Replace ManifestVersion: 1.6.0 -> 1.9.0
2025-01-16 23:30:16.821 INFO     Replace schema references: 1.6.0.schema.json -> 1.9.0.schema.json
2025-01-16 23:30:16.821 INFO     The modified file has been saved as: D:\...\winget-pkgs\manifests\n\n0-computer\sendme\0.12.0\n0-computer.sendme.yaml
2025-01-16 23:30:16.821 INFO   Create a new locale manifest file: D:\...\winget-pkgs\manifests\n\n0-computer\sendme\0.12.0\n0-computer.sendme.locale.zh-CN.yaml
2025-01-16 23:30:16.821 INFO     New locale manifest file created: D:\...\winget-pkgs\manifests\n\n0-computer\sendme\0.12.0\n0-computer.sendme.locale.zh-CN.yaml
2025-01-16 23:30:16.821 INFO   Staging and Committing Changes to Git
2025-01-16 23:30:22.201 INFO     Commit message: Modify: Zype.Compass version 0.12.0 (Auto)
2025-01-16 23:30:22.202 INFO   Pushing changes to remote (origin) repository
2025-01-16 23:30:34.449 INFO     Successfully pushed to remote (origin): Modify-n0-computer.sendme-0.12.0
2025-01-16 23:30:36.527 INFO     Pull request created successfully: https://github.com/microsoft/winget-pkgs/pull/212800
2025-01-16 23:30:36.529 INFO Processing version folder: 0.13.0
2025-01-16 23:30:36.530 INFO   Create and checkout to a new branch: Modify-n0-computer.sendme-0.13.0
2025-01-16 23:30:42.112 INFO   Processing of manifest: D:\...\winget-pkgs\manifests\n\n0-computer\sendme\0.13.0\n0-computer.sendme.installer.yaml
2025-01-16 23:30:42.134 INFO     Replace ManifestVersion: 1.6.0 -> 1.9.0
2025-01-16 23:30:42.135 INFO     Replace schema references: 1.6.0.schema.json -> 1.9.0.schema.json
2025-01-16 23:30:42.136 INFO     The modified file has been saved as: D:\...\winget-pkgs\manifests\n\n0-computer\sendme\0.13.0\n0-computer.sendme.installer.yaml
2025-01-16 23:30:42.137 INFO   Processing of manifest: D:\...\winget-pkgs\manifests\n\n0-computer\sendme\0.13.0\n0-computer.sendme.locale.en-US.yaml
2025-01-16 23:30:42.138 INFO     Replace ManifestVersion: 1.6.0 -> 1.9.0
2025-01-16 23:30:42.139 INFO     Replace schema references: 1.6.0.schema.json -> 1.9.0.schema.json
2025-01-16 23:30:42.141 INFO     The modified file has been saved as: D:\...\winget-pkgs\manifests\n\n0-computer\sendme\0.13.0\n0-computer.sendme.locale.en-US.yaml
2025-01-16 23:30:42.141 INFO   Processing of manifest: D:\...\winget-pkgs\manifests\n\n0-computer\sendme\0.13.0\n0-computer.sendme.yaml
2025-01-16 23:30:42.158 INFO     Replace ManifestVersion: 1.6.0 -> 1.9.0
2025-01-16 23:30:42.158 INFO     Replace schema references: 1.6.0.schema.json -> 1.9.0.schema.json
2025-01-16 23:30:42.160 INFO     The modified file has been saved as: D:\...\winget-pkgs\manifests\n\n0-computer\sendme\0.13.0\n0-computer.sendme.yaml
2025-01-16 23:30:42.162 INFO   Create a new locale manifest file: D:\...\winget-pkgs\manifests\n\n0-computer\sendme\0.13.0\n0-computer.sendme.locale.zh-CN.yaml
2025-01-16 23:30:42.164 INFO     New locale manifest file created: D:\...\winget-pkgs\manifests\n\n0-computer\sendme\0.13.0\n0-computer.sendme.locale.zh-CN.yaml
2025-01-16 23:30:42.164 INFO   Staging and Committing Changes to Git
2025-01-16 23:30:47.519 INFO     Commit message: Modify: Zype.Compass version 0.13.0 (Auto)
2025-01-16 23:30:47.519 INFO   Pushing changes to remote (origin) repository
2025-01-16 23:30:57.817 INFO     Successfully pushed to remote (origin): Modify-n0-computer.sendme-0.13.0
2025-01-16 23:31:00.106 INFO     Pull request created successfully: https://github.com/microsoft/winget-pkgs/pull/212801
2025-01-16 23:31:00.106 INFO Processing version folder: 0.14.0
2025-01-16 23:31:00.106 INFO   Create and checkout to a new branch: Modify-n0-computer.sendme-0.14.0
2025-01-16 23:31:05.606 INFO   Processing of manifest: D:\...\winget-pkgs\manifests\n\n0-computer\sendme\0.14.0\n0-computer.sendme.installer.yaml
2025-01-16 23:31:05.627 INFO     Replace ManifestVersion: 1.6.0 -> 1.9.0
2025-01-16 23:31:05.628 INFO     Replace schema references: 1.6.0.schema.json -> 1.9.0.schema.json
2025-01-16 23:31:05.630 INFO     The modified file has been saved as: D:\...\winget-pkgs\manifests\n\n0-computer\sendme\0.14.0\n0-computer.sendme.installer.yaml
2025-01-16 23:31:05.631 INFO   Processing of manifest: D:\...\winget-pkgs\manifests\n\n0-computer\sendme\0.14.0\n0-computer.sendme.locale.en-US.yaml
2025-01-16 23:31:05.631 INFO     Replace ManifestVersion: 1.6.0 -> 1.9.0
2025-01-16 23:31:05.631 INFO     Replace schema references: 1.6.0.schema.json -> 1.9.0.schema.json
2025-01-16 23:31:05.631 INFO     The modified file has been saved as: D:\...\winget-pkgs\manifests\n\n0-computer\sendme\0.14.0\n0-computer.sendme.locale.en-US.yaml
2025-01-16 23:31:05.631 INFO   Processing of manifest: D:\...\winget-pkgs\manifests\n\n0-computer\sendme\0.14.0\n0-computer.sendme.yaml
2025-01-16 23:31:05.654 INFO     Replace ManifestVersion: 1.6.0 -> 1.9.0
2025-01-16 23:31:05.655 INFO     Replace schema references: 1.6.0.schema.json -> 1.9.0.schema.json
2025-01-16 23:31:05.657 INFO     The modified file has been saved as: D:\...\winget-pkgs\manifests\n\n0-computer\sendme\0.14.0\n0-computer.sendme.yaml
2025-01-16 23:31:05.658 INFO   Create a new locale manifest file: D:\...\winget-pkgs\manifests\n\n0-computer\sendme\0.14.0\n0-computer.sendme.locale.zh-CN.yaml
2025-01-16 23:31:05.660 INFO     New locale manifest file created: D:\...\winget-pkgs\manifests\n\n0-computer\sendme\0.14.0\n0-computer.sendme.locale.zh-CN.yaml
2025-01-16 23:31:05.662 INFO   Staging and Committing Changes to Git
2025-01-16 23:31:11.306 INFO     Commit message: Modify: Zype.Compass version 0.14.0 (Auto)
2025-01-16 23:31:11.312 INFO   Pushing changes to remote (origin) repository
2025-01-16 23:31:22.727 INFO     Successfully pushed to remote (origin): Modify-n0-computer.sendme-0.14.0
2025-01-16 23:31:24.885 INFO     Pull request created successfully: https://github.com/microsoft/winget-pkgs/pull/212802
2025-01-16 23:31:24.887 INFO Processing version folder: 0.15.0
2025-01-16 23:31:24.887 INFO   Create and checkout to a new branch: Modify-n0-computer.sendme-0.15.0
2025-01-16 23:31:30.163 INFO   Processing of manifest: D:\...\winget-pkgs\manifests\n\n0-computer\sendme\0.15.0\n0-computer.sendme.installer.yaml
2025-01-16 23:31:30.237 INFO     Replace ManifestVersion: 1.6.0 -> 1.9.0
2025-01-16 23:31:30.237 INFO     Replace schema references: 1.6.0.schema.json -> 1.9.0.schema.json
2025-01-16 23:31:30.272 INFO     The modified file has been saved as: D:\...\winget-pkgs\manifests\n\n0-computer\sendme\0.15.0\n0-computer.sendme.installer.yaml
2025-01-16 23:31:30.272 INFO   Processing of manifest: D:\...\winget-pkgs\manifests\n\n0-computer\sendme\0.15.0\n0-computer.sendme.locale.en-US.yaml
2025-01-16 23:31:30.272 INFO     Replace ManifestVersion: 1.6.0 -> 1.9.0
2025-01-16 23:31:30.272 INFO     Replace schema references: 1.6.0.schema.json -> 1.9.0.schema.json
2025-01-16 23:31:30.272 INFO     The modified file has been saved as: D:\...\winget-pkgs\manifests\n\n0-computer\sendme\0.15.0\n0-computer.sendme.locale.en-US.yaml
2025-01-16 23:31:30.339 INFO   Processing of manifest: D:\...\winget-pkgs\manifests\n\n0-computer\sendme\0.15.0\n0-computer.sendme.yaml
2025-01-16 23:31:30.486 INFO     Replace ManifestVersion: 1.6.0 -> 1.9.0
2025-01-16 23:31:30.486 INFO     Replace schema references: 1.6.0.schema.json -> 1.9.0.schema.json
2025-01-16 23:31:30.486 INFO     The modified file has been saved as: D:\...\winget-pkgs\manifests\n\n0-computer\sendme\0.15.0\n0-computer.sendme.yaml
2025-01-16 23:31:30.543 INFO   Create a new locale manifest file: D:\...\winget-pkgs\manifests\n\n0-computer\sendme\0.15.0\n0-computer.sendme.locale.zh-CN.yaml
2025-01-16 23:31:30.543 INFO     New locale manifest file created: D:\...\winget-pkgs\manifests\n\n0-computer\sendme\0.15.0\n0-computer.sendme.locale.zh-CN.yaml
2025-01-16 23:31:30.543 INFO   Staging and Committing Changes to Git
2025-01-16 23:31:35.808 INFO     Commit message: Modify: Zype.Compass version 0.15.0 (Auto)
2025-01-16 23:31:35.808 INFO   Pushing changes to remote (origin) repository
2025-01-16 23:31:44.886 INFO     Successfully pushed to remote (origin): Modify-n0-computer.sendme-0.15.0
2025-01-16 23:31:47.740 INFO     Pull request created successfully: https://github.com/microsoft/winget-pkgs/pull/212803
2025-01-16 23:31:47.740 INFO Processing version folder: 0.16.0
2025-01-16 23:31:47.740 INFO   Create and checkout to a new branch: Modify-n0-computer.sendme-0.16.0
2025-01-16 23:31:51.628 INFO   Processing of manifest: D:\...\winget-pkgs\manifests\n\n0-computer\sendme\0.16.0\n0-computer.sendme.installer.yaml
2025-01-16 23:31:51.649 INFO     Replace ManifestVersion: 1.6.0 -> 1.9.0
2025-01-16 23:31:51.649 INFO     Replace schema references: 1.6.0.schema.json -> 1.9.0.schema.json
2025-01-16 23:31:51.649 INFO     The modified file has been saved as: D:\...\winget-pkgs\manifests\n\n0-computer\sendme\0.16.0\n0-computer.sendme.installer.yaml
2025-01-16 23:31:51.655 INFO   Processing of manifest: D:\...\winget-pkgs\manifests\n\n0-computer\sendme\0.16.0\n0-computer.sendme.locale.en-US.yaml
2025-01-16 23:31:51.670 INFO     Replace ManifestVersion: 1.6.0 -> 1.9.0
2025-01-16 23:31:51.670 INFO     Replace schema references: 1.6.0.schema.json -> 1.9.0.schema.json
2025-01-16 23:31:51.675 INFO     The modified file has been saved as: D:\...\winget-pkgs\manifests\n\n0-computer\sendme\0.16.0\n0-computer.sendme.locale.en-US.yaml
2025-01-16 23:31:51.675 INFO   Processing of manifest: D:\...\winget-pkgs\manifests\n\n0-computer\sendme\0.16.0\n0-computer.sendme.yaml
2025-01-16 23:31:51.696 INFO     Replace ManifestVersion: 1.6.0 -> 1.9.0
2025-01-16 23:31:51.696 INFO     Replace schema references: 1.6.0.schema.json -> 1.9.0.schema.json
2025-01-16 23:31:51.696 INFO     The modified file has been saved as: D:\...\winget-pkgs\manifests\n\n0-computer\sendme\0.16.0\n0-computer.sendme.yaml
2025-01-16 23:31:51.696 INFO   Create a new locale manifest file: D:\...\winget-pkgs\manifests\n\n0-computer\sendme\0.16.0\n0-computer.sendme.locale.zh-CN.yaml
2025-01-16 23:31:51.702 INFO     New locale manifest file created: D:\...\winget-pkgs\manifests\n\n0-computer\sendme\0.16.0\n0-computer.sendme.locale.zh-CN.yaml
2025-01-16 23:31:51.702 INFO   Staging and Committing Changes to Git
2025-01-16 23:31:57.249 INFO     Commit message: Modify: Zype.Compass version 0.16.0 (Auto)
2025-01-16 23:31:57.249 INFO   Pushing changes to remote (origin) repository
2025-01-16 23:32:10.252 INFO     Successfully pushed to remote (origin): Modify-n0-computer.sendme-0.16.0
2025-01-16 23:32:12.481 INFO     Pull request created successfully: https://github.com/microsoft/winget-pkgs/pull/212804
2025-01-16 23:32:12.481 INFO Processing version folder: 0.17.0
2025-01-16 23:32:12.481 INFO   Create and checkout to a new branch: Modify-n0-computer.sendme-0.17.0
2025-01-16 23:32:17.591 INFO   Processing of manifest: D:\...\winget-pkgs\manifests\n\n0-computer\sendme\0.17.0\n0-computer.sendme.installer.yaml
2025-01-16 23:32:17.615 INFO     Replace ManifestVersion: 1.6.0 -> 1.9.0
2025-01-16 23:32:17.615 INFO     Replace schema references: 1.6.0.schema.json -> 1.9.0.schema.json
2025-01-16 23:32:17.615 INFO     The modified file has been saved as: D:\...\winget-pkgs\manifests\n\n0-computer\sendme\0.17.0\n0-computer.sendme.installer.yaml
2025-01-16 23:32:17.623 INFO   Processing of manifest: D:\...\winget-pkgs\manifests\n\n0-computer\sendme\0.17.0\n0-computer.sendme.locale.en-US.yaml
2025-01-16 23:32:17.646 INFO     Replace ManifestVersion: 1.6.0 -> 1.9.0
2025-01-16 23:32:17.646 INFO     Replace schema references: 1.6.0.schema.json -> 1.9.0.schema.json
2025-01-16 23:32:17.646 INFO     The modified file has been saved as: D:\...\winget-pkgs\manifests\n\n0-computer\sendme\0.17.0\n0-computer.sendme.locale.en-US.yaml
2025-01-16 23:32:17.646 INFO   Processing of manifest: D:\...\winget-pkgs\manifests\n\n0-computer\sendme\0.17.0\n0-computer.sendme.yaml
2025-01-16 23:32:17.687 INFO     Replace ManifestVersion: 1.6.0 -> 1.9.0
2025-01-16 23:32:17.687 INFO     Replace schema references: 1.6.0.schema.json -> 1.9.0.schema.json
2025-01-16 23:32:17.687 INFO     The modified file has been saved as: D:\...\winget-pkgs\manifests\n\n0-computer\sendme\0.17.0\n0-computer.sendme.yaml
2025-01-16 23:32:17.687 INFO   Create a new locale manifest file: D:\...\winget-pkgs\manifests\n\n0-computer\sendme\0.17.0\n0-computer.sendme.locale.zh-CN.yaml
2025-01-16 23:32:17.687 INFO     New locale manifest file created: D:\...\winget-pkgs\manifests\n\n0-computer\sendme\0.17.0\n0-computer.sendme.locale.zh-CN.yaml
2025-01-16 23:32:17.694 INFO   Staging and Committing Changes to Git
2025-01-16 23:32:23.335 INFO     Commit message: Modify: Zype.Compass version 0.17.0 (Auto)
2025-01-16 23:32:23.351 INFO   Pushing changes to remote (origin) repository
2025-01-16 23:32:47.512 INFO     Successfully pushed to remote (origin): Modify-n0-computer.sendme-0.17.0
2025-01-16 23:32:49.827 INFO     Pull request created successfully: https://github.com/microsoft/winget-pkgs/pull/212805
2025-01-16 23:32:49.827 INFO Processing version folder: 0.18.0
2025-01-16 23:32:49.827 INFO   Create and checkout to a new branch: Modify-n0-computer.sendme-0.18.0
2025-01-16 23:32:54.737 INFO   Processing of manifest: D:\...\winget-pkgs\manifests\n\n0-computer\sendme\0.18.0\n0-computer.sendme.installer.yaml
2025-01-16 23:32:54.753 INFO     Replace ManifestVersion: 1.6.0 -> 1.9.0
2025-01-16 23:32:54.753 INFO     Replace schema references: 1.6.0.schema.json -> 1.9.0.schema.json
2025-01-16 23:32:54.753 INFO     The modified file has been saved as: D:\...\winget-pkgs\manifests\n\n0-computer\sendme\0.18.0\n0-computer.sendme.installer.yaml
2025-01-16 23:32:54.753 INFO   Processing of manifest: D:\...\winget-pkgs\manifests\n\n0-computer\sendme\0.18.0\n0-computer.sendme.locale.en-US.yaml
2025-01-16 23:32:54.768 INFO     Replace ManifestVersion: 1.6.0 -> 1.9.0
2025-01-16 23:32:54.768 INFO     Replace schema references: 1.6.0.schema.json -> 1.9.0.schema.json
2025-01-16 23:32:54.768 INFO     The modified file has been saved as: D:\...\winget-pkgs\manifests\n\n0-computer\sendme\0.18.0\n0-computer.sendme.locale.en-US.yaml
2025-01-16 23:32:54.768 INFO   Processing of manifest: D:\...\winget-pkgs\manifests\n\n0-computer\sendme\0.18.0\n0-computer.sendme.yaml
2025-01-16 23:32:54.784 INFO     Replace ManifestVersion: 1.6.0 -> 1.9.0
2025-01-16 23:32:54.800 INFO     Replace schema references: 1.6.0.schema.json -> 1.9.0.schema.json
2025-01-16 23:32:54.800 INFO     The modified file has been saved as: D:\...\winget-pkgs\manifests\n\n0-computer\sendme\0.18.0\n0-computer.sendme.yaml
2025-01-16 23:32:54.800 INFO   Create a new locale manifest file: D:\...\winget-pkgs\manifests\n\n0-computer\sendme\0.18.0\n0-computer.sendme.locale.zh-CN.yaml
2025-01-16 23:32:54.800 INFO     New locale manifest file created: D:\...\winget-pkgs\manifests\n\n0-computer\sendme\0.18.0\n0-computer.sendme.locale.zh-CN.yaml
2025-01-16 23:32:54.800 INFO   Staging and Committing Changes to Git
2025-01-16 23:32:59.413 INFO     Commit message: Modify: Zype.Compass version 0.18.0 (Auto)
2025-01-16 23:32:59.413 INFO   Pushing changes to remote (origin) repository
2025-01-16 23:33:11.198 INFO     Successfully pushed to remote (origin): Modify-n0-computer.sendme-0.18.0
2025-01-16 23:33:13.496 INFO     Pull request created successfully: https://github.com/microsoft/winget-pkgs/pull/212806
2025-01-16 23:33:13.496 INFO Processing version folder: 0.19.0
2025-01-16 23:33:13.511 INFO   Create and checkout to a new branch: Modify-n0-computer.sendme-0.19.0
2025-01-16 23:33:17.591 INFO   Processing of manifest: D:\...\winget-pkgs\manifests\n\n0-computer\sendme\0.19.0\n0-computer.sendme.installer.yaml
2025-01-16 23:33:17.606 INFO     Replace ManifestVersion: 1.6.0 -> 1.9.0
2025-01-16 23:33:17.606 INFO     Replace schema references: 1.6.0.schema.json -> 1.9.0.schema.json
2025-01-16 23:33:17.606 INFO     The modified file has been saved as: D:\...\winget-pkgs\manifests\n\n0-computer\sendme\0.19.0\n0-computer.sendme.installer.yaml
2025-01-16 23:33:17.606 INFO   Processing of manifest: D:\...\winget-pkgs\manifests\n\n0-computer\sendme\0.19.0\n0-computer.sendme.locale.en-US.yaml
2025-01-16 23:33:17.622 INFO     Replace ManifestVersion: 1.6.0 -> 1.9.0
2025-01-16 23:33:17.622 INFO     Replace schema references: 1.6.0.schema.json -> 1.9.0.schema.json
2025-01-16 23:33:17.638 INFO     The modified file has been saved as: D:\...\winget-pkgs\manifests\n\n0-computer\sendme\0.19.0\n0-computer.sendme.locale.en-US.yaml
2025-01-16 23:33:17.638 INFO   Processing of manifest: D:\...\winget-pkgs\manifests\n\n0-computer\sendme\0.19.0\n0-computer.sendme.yaml
2025-01-16 23:33:17.653 INFO     Replace ManifestVersion: 1.6.0 -> 1.9.0
2025-01-16 23:33:17.653 INFO     Replace schema references: 1.6.0.schema.json -> 1.9.0.schema.json
2025-01-16 23:33:17.653 INFO     The modified file has been saved as: D:\...\winget-pkgs\manifests\n\n0-computer\sendme\0.19.0\n0-computer.sendme.yaml
2025-01-16 23:33:17.653 INFO   Create a new locale manifest file: D:\...\winget-pkgs\manifests\n\n0-computer\sendme\0.19.0\n0-computer.sendme.locale.zh-CN.yaml
2025-01-16 23:33:17.653 INFO     New locale manifest file created: D:\...\winget-pkgs\manifests\n\n0-computer\sendme\0.19.0\n0-computer.sendme.locale.zh-CN.yaml
2025-01-16 23:33:17.653 INFO   Staging and Committing Changes to Git
2025-01-16 23:33:22.675 INFO     Commit message: Modify: Zype.Compass version 0.19.0 (Auto)
2025-01-16 23:33:22.675 INFO   Pushing changes to remote (origin) repository
2025-01-16 23:33:33.204 INFO     Successfully pushed to remote (origin): Modify-n0-computer.sendme-0.19.0
2025-01-16 23:33:35.612 INFO     Pull request created successfully: https://github.com/microsoft/winget-pkgs/pull/212807
2025-01-16 23:33:35.612 INFO Processing version folder: 0.20.0
2025-01-16 23:33:35.612 INFO   Create and checkout to a new branch: Modify-n0-computer.sendme-0.20.0
2025-01-16 23:33:40.424 INFO   Processing of manifest: D:\...\winget-pkgs\manifests\n\n0-computer\sendme\0.20.0\n0-computer.sendme.installer.yaml
2025-01-16 23:33:40.457 INFO     The modified file has been saved as: D:\...\winget-pkgs\manifests\n\n0-computer\sendme\0.20.0\n0-computer.sendme.installer.yaml
2025-01-16 23:33:40.457 INFO   Processing of manifest: D:\...\winget-pkgs\manifests\n\n0-computer\sendme\0.20.0\n0-computer.sendme.locale.en-US.yaml
2025-01-16 23:33:40.473 INFO     The modified file has been saved as: D:\...\winget-pkgs\manifests\n\n0-computer\sendme\0.20.0\n0-computer.sendme.locale.en-US.yaml
2025-01-16 23:33:40.473 INFO   Processing of manifest: D:\...\winget-pkgs\manifests\n\n0-computer\sendme\0.20.0\n0-computer.sendme.yaml
2025-01-16 23:33:40.504 INFO     The modified file has been saved as: D:\...\winget-pkgs\manifests\n\n0-computer\sendme\0.20.0\n0-computer.sendme.yaml
2025-01-16 23:33:40.504 INFO   Create a new locale manifest file: D:\...\winget-pkgs\manifests\n\n0-computer\sendme\0.20.0\n0-computer.sendme.locale.zh-CN.yaml
2025-01-16 23:33:40.504 INFO     New locale manifest file created: D:\...\winget-pkgs\manifests\n\n0-computer\sendme\0.20.0\n0-computer.sendme.locale.zh-CN.yaml
2025-01-16 23:33:40.504 INFO   Staging and Committing Changes to Git
2025-01-16 23:33:45.521 INFO     Commit message: Modify: Zype.Compass version 0.20.0 (Auto)
2025-01-16 23:33:45.522 INFO   Pushing changes to remote (origin) repository
2025-01-16 23:33:56.398 INFO     Successfully pushed to remote (origin): Modify-n0-computer.sendme-0.20.0
2025-01-16 23:33:58.760 INFO     Pull request created successfully: https://github.com/microsoft/winget-pkgs/pull/212808
2025-01-16 23:33:58.760 INFO Processing version folder: 0.21.0
2025-01-16 23:33:58.760 INFO   Create and checkout to a new branch: Modify-n0-computer.sendme-0.21.0
2025-01-16 23:34:03.752 INFO   Processing of manifest: D:\...\winget-pkgs\manifests\n\n0-computer\sendme\0.21.0\n0-computer.sendme.installer.yaml
2025-01-16 23:34:03.752 INFO     The modified file has been saved as: D:\...\winget-pkgs\manifests\n\n0-computer\sendme\0.21.0\n0-computer.sendme.installer.yaml
2025-01-16 23:34:03.909 INFO   Processing of manifest: D:\...\winget-pkgs\manifests\n\n0-computer\sendme\0.21.0\n0-computer.sendme.locale.en-US.yaml
2025-01-16 23:34:03.909 INFO     The modified file has been saved as: D:\...\winget-pkgs\manifests\n\n0-computer\sendme\0.21.0\n0-computer.sendme.locale.en-US.yaml
2025-01-16 23:34:03.909 INFO   Processing of manifest: D:\...\winget-pkgs\manifests\n\n0-computer\sendme\0.21.0\n0-computer.sendme.yaml
2025-01-16 23:34:03.106 INFO     The modified file has been saved as: D:\...\winget-pkgs\manifests\n\n0-computer\sendme\0.21.0\n0-computer.sendme.yaml
2025-01-16 23:34:03.106 INFO   Create a new locale manifest file: D:\...\winget-pkgs\manifests\n\n0-computer\sendme\0.21.0\n0-computer.sendme.locale.zh-CN.yaml
2025-01-16 23:34:03.106 INFO     New locale manifest file created: D:\...\winget-pkgs\manifests\n\n0-computer\sendme\0.21.0\n0-computer.sendme.locale.zh-CN.yaml
2025-01-16 23:34:03.106 INFO   Staging and Committing Changes to Git
2025-01-16 23:34:07.875 INFO     Commit message: Modify: Zype.Compass version 0.21.0 (Auto)
2025-01-16 23:34:07.875 INFO   Pushing changes to remote (origin) repository
2025-01-16 23:34:16.881 INFO     Successfully pushed to remote (origin): Modify-n0-computer.sendme-0.21.0
2025-01-16 23:34:19.163 INFO     Pull request created successfully: https://github.com/microsoft/winget-pkgs/pull/212809
2025-01-16 23:34:19.163 INFO Processing version folder: 0.22.0
2025-01-16 23:34:19.163 INFO   Create and checkout to a new branch: Modify-n0-computer.sendme-0.22.0
2025-01-16 23:34:23.275 INFO   Processing of manifest: D:\...\winget-pkgs\manifests\n\n0-computer\sendme\0.22.0\n0-computer.sendme.installer.yaml
2025-01-16 23:34:23.275 INFO     The modified file has been saved as: D:\...\winget-pkgs\manifests\n\n0-computer\sendme\0.22.0\n0-computer.sendme.installer.yaml
2025-01-16 23:34:23.275 INFO   Processing of manifest: D:\...\winget-pkgs\manifests\n\n0-computer\sendme\0.22.0\n0-computer.sendme.locale.en-US.yaml
2025-01-16 23:34:23.275 INFO     The modified file has been saved as: D:\...\winget-pkgs\manifests\n\n0-computer\sendme\0.22.0\n0-computer.sendme.locale.en-US.yaml
2025-01-16 23:34:23.275 INFO   Processing of manifest: D:\...\winget-pkgs\manifests\n\n0-computer\sendme\0.22.0\n0-computer.sendme.yaml
2025-01-16 23:34:23.290 INFO     The modified file has been saved as: D:\...\winget-pkgs\manifests\n\n0-computer\sendme\0.22.0\n0-computer.sendme.yaml
2025-01-16 23:34:23.290 INFO   Create a new locale manifest file: D:\...\winget-pkgs\manifests\n\n0-computer\sendme\0.22.0\n0-computer.sendme.locale.zh-CN.yaml
2025-01-16 23:34:23.290 INFO     New locale manifest file created: D:\...\winget-pkgs\manifests\n\n0-computer\sendme\0.22.0\n0-computer.sendme.locale.zh-CN.yaml
2025-01-16 23:34:23.306 INFO   Staging and Committing Changes to Git
2025-01-16 23:34:27.981 INFO     Commit message: Modify: Zype.Compass version 0.22.0 (Auto)
2025-01-16 23:34:27.981 INFO   Pushing changes to remote (origin) repository
2025-01-16 23:34:39.501 INFO     Successfully pushed to remote (origin): Modify-n0-computer.sendme-0.22.0
2025-01-16 23:34:42.506 INFO     Pull request created successfully: https://github.com/microsoft/winget-pkgs/pull/212810
2025-01-16 23:34:42.662 INFO Processing version folder: 0.3.0
2025-01-16 23:34:42.662 INFO   Create and checkout to a new branch: Modify-n0-computer.sendme-0.3.0
2025-01-16 23:34:46.130 INFO   Processing of manifest: D:\...\winget-pkgs\manifests\n\n0-computer\sendme\0.3.0\n0-computer.sendme.installer.yaml
2025-01-16 23:34:46.130 INFO     Replace ManifestVersion: 1.6.0 -> 1.9.0
2025-01-16 23:34:46.130 INFO     Replace schema references: 1.6.0.schema.json -> 1.9.0.schema.json
2025-01-16 23:34:46.145 INFO     The modified file has been saved as: D:\...\winget-pkgs\manifests\n\n0-computer\sendme\0.3.0\n0-computer.sendme.installer.yaml
2025-01-16 23:34:46.145 INFO   Processing of manifest: D:\...\winget-pkgs\manifests\n\n0-computer\sendme\0.3.0\n0-computer.sendme.locale.en-US.yaml
2025-01-16 23:34:46.145 INFO     Replace ManifestVersion: 1.6.0 -> 1.9.0
2025-01-16 23:34:46.145 INFO     Replace schema references: 1.6.0.schema.json -> 1.9.0.schema.json
2025-01-16 23:34:46.145 INFO     The modified file has been saved as: D:\...\winget-pkgs\manifests\n\n0-computer\sendme\0.3.0\n0-computer.sendme.locale.en-US.yaml
2025-01-16 23:34:46.145 INFO   Processing of manifest: D:\...\winget-pkgs\manifests\n\n0-computer\sendme\0.3.0\n0-computer.sendme.yaml
2025-01-16 23:34:46.161 INFO     Replace ManifestVersion: 1.6.0 -> 1.9.0
2025-01-16 23:34:46.161 INFO     Replace schema references: 1.6.0.schema.json -> 1.9.0.schema.json
2025-01-16 23:34:46.161 INFO     The modified file has been saved as: D:\...\winget-pkgs\manifests\n\n0-computer\sendme\0.3.0\n0-computer.sendme.yaml
2025-01-16 23:34:46.161 INFO   Create a new locale manifest file: D:\...\winget-pkgs\manifests\n\n0-computer\sendme\0.3.0\n0-computer.sendme.locale.zh-CN.yaml
2025-01-16 23:34:46.161 INFO     New locale manifest file created: D:\...\winget-pkgs\manifests\n\n0-computer\sendme\0.3.0\n0-computer.sendme.locale.zh-CN.yaml
2025-01-16 23:34:46.161 INFO   Staging and Committing Changes to Git
2025-01-16 23:34:50.787 INFO     Commit message: Modify: Zype.Compass version 0.3.0 (Auto)
2025-01-16 23:34:50.787 INFO   Pushing changes to remote (origin) repository
2025-01-16 23:35:03.791 INFO     Successfully pushed to remote (origin): Modify-n0-computer.sendme-0.3.0
2025-01-16 23:35:06.495 INFO     Pull request created successfully: https://github.com/microsoft/winget-pkgs/pull/212811
2025-01-16 23:35:06.495 INFO Processing version folder: 0.4.1
2025-01-16 23:35:06.510 INFO   Create and checkout to a new branch: Modify-n0-computer.sendme-0.4.1
2025-01-16 23:35:10.654 INFO   Processing of manifest: D:\...\winget-pkgs\manifests\n\n0-computer\sendme\0.4.1\n0-computer.sendme.installer.yaml
2025-01-16 23:35:10.701 INFO     Replace ManifestVersion: 1.6.0 -> 1.9.0
2025-01-16 23:35:10.701 INFO     Replace schema references: 1.6.0.schema.json -> 1.9.0.schema.json
2025-01-16 23:35:10.701 INFO     The modified file has been saved as: D:\...\winget-pkgs\manifests\n\n0-computer\sendme\0.4.1\n0-computer.sendme.installer.yaml
2025-01-16 23:35:10.701 INFO   Processing of manifest: D:\...\winget-pkgs\manifests\n\n0-computer\sendme\0.4.1\n0-computer.sendme.locale.en-US.yaml
2025-01-16 23:35:10.701 INFO     Replace ManifestVersion: 1.6.0 -> 1.9.0
2025-01-16 23:35:10.701 INFO     Replace schema references: 1.6.0.schema.json -> 1.9.0.schema.json
2025-01-16 23:35:10.701 INFO     The modified file has been saved as: D:\...\winget-pkgs\manifests\n\n0-computer\sendme\0.4.1\n0-computer.sendme.locale.en-US.yaml
2025-01-16 23:35:10.701 INFO   Processing of manifest: D:\...\winget-pkgs\manifests\n\n0-computer\sendme\0.4.1\n0-computer.sendme.yaml
2025-01-16 23:35:10.717 INFO     Replace ManifestVersion: 1.6.0 -> 1.9.0
2025-01-16 23:35:10.717 INFO     Replace schema references: 1.6.0.schema.json -> 1.9.0.schema.json
2025-01-16 23:35:10.732 INFO     The modified file has been saved as: D:\...\winget-pkgs\manifests\n\n0-computer\sendme\0.4.1\n0-computer.sendme.yaml
2025-01-16 23:35:10.732 INFO   Create a new locale manifest file: D:\...\winget-pkgs\manifests\n\n0-computer\sendme\0.4.1\n0-computer.sendme.locale.zh-CN.yaml
2025-01-16 23:35:10.732 INFO     New locale manifest file created: D:\...\winget-pkgs\manifests\n\n0-computer\sendme\0.4.1\n0-computer.sendme.locale.zh-CN.yaml
2025-01-16 23:35:10.732 INFO   Staging and Committing Changes to Git
2025-01-16 23:35:15.577 INFO     Commit message: Modify: Zype.Compass version 0.4.1 (Auto)
2025-01-16 23:35:15.577 INFO   Pushing changes to remote (origin) repository
2025-01-16 23:35:24.816 INFO     Successfully pushed to remote (origin): Modify-n0-computer.sendme-0.4.1
2025-01-16 23:35:26.879 INFO     Pull request created successfully: https://github.com/microsoft/winget-pkgs/pull/212812
2025-01-16 23:35:26.879 INFO Processing version folder: 0.5.0
2025-01-16 23:35:26.879 INFO   Create and checkout to a new branch: Modify-n0-computer.sendme-0.5.0
2025-01-16 23:35:30.897 INFO   Processing of manifest: D:\...\winget-pkgs\manifests\n\n0-computer\sendme\0.5.0\n0-computer.sendme.installer.yaml
2025-01-16 23:35:30.897 INFO     Replace ManifestVersion: 1.6.0 -> 1.9.0
2025-01-16 23:35:30.912 INFO     Replace schema references: 1.6.0.schema.json -> 1.9.0.schema.json
2025-01-16 23:35:30.912 INFO     The modified file has been saved as: D:\...\winget-pkgs\manifests\n\n0-computer\sendme\0.5.0\n0-computer.sendme.installer.yaml
2025-01-16 23:35:30.912 INFO   Processing of manifest: D:\...\winget-pkgs\manifests\n\n0-computer\sendme\0.5.0\n0-computer.sendme.locale.en-US.yaml
2025-01-16 23:35:30.912 INFO     Replace ManifestVersion: 1.6.0 -> 1.9.0
2025-01-16 23:35:30.912 INFO     Replace schema references: 1.6.0.schema.json -> 1.9.0.schema.json
2025-01-16 23:35:30.912 INFO     The modified file has been saved as: D:\...\winget-pkgs\manifests\n\n0-computer\sendme\0.5.0\n0-computer.sendme.locale.en-US.yaml
2025-01-16 23:35:30.912 INFO   Processing of manifest: D:\...\winget-pkgs\manifests\n\n0-computer\sendme\0.5.0\n0-computer.sendme.yaml
2025-01-16 23:35:30.928 INFO     Replace ManifestVersion: 1.6.0 -> 1.9.0
2025-01-16 23:35:30.928 INFO     Replace schema references: 1.6.0.schema.json -> 1.9.0.schema.json
2025-01-16 23:35:30.928 INFO     The modified file has been saved as: D:\...\winget-pkgs\manifests\n\n0-computer\sendme\0.5.0\n0-computer.sendme.yaml
2025-01-16 23:35:30.928 INFO   Create a new locale manifest file: D:\...\winget-pkgs\manifests\n\n0-computer\sendme\0.5.0\n0-computer.sendme.locale.zh-CN.yaml
2025-01-16 23:35:30.928 INFO     New locale manifest file created: D:\...\winget-pkgs\manifests\n\n0-computer\sendme\0.5.0\n0-computer.sendme.locale.zh-CN.yaml
2025-01-16 23:35:30.928 INFO   Staging and Committing Changes to Git
2025-01-16 23:35:35.649 INFO     Commit message: Modify: Zype.Compass version 0.5.0 (Auto)
2025-01-16 23:35:35.649 INFO   Pushing changes to remote (origin) repository
2025-01-16 23:35:44.805 INFO     Successfully pushed to remote (origin): Modify-n0-computer.sendme-0.5.0
2025-01-16 23:35:47.275 INFO     Pull request created successfully: https://github.com/microsoft/winget-pkgs/pull/212813
2025-01-16 23:35:47.275 INFO Processing version folder: 0.6.0
2025-01-16 23:35:47.275 INFO   Create and checkout to a new branch: Modify-n0-computer.sendme-0.6.0
2025-01-16 23:35:51.323 INFO   Processing of manifest: D:\...\winget-pkgs\manifests\n\n0-computer\sendme\0.6.0\n0-computer.sendme.installer.yaml
2025-01-16 23:35:51.338 INFO     Replace ManifestVersion: 1.6.0 -> 1.9.0
2025-01-16 23:35:51.338 INFO     Replace schema references: 1.6.0.schema.json -> 1.9.0.schema.json
2025-01-16 23:35:51.338 INFO     The modified file has been saved as: D:\...\winget-pkgs\manifests\n\n0-computer\sendme\0.6.0\n0-computer.sendme.installer.yaml
2025-01-16 23:35:51.354 INFO   Processing of manifest: D:\...\winget-pkgs\manifests\n\n0-computer\sendme\0.6.0\n0-computer.sendme.locale.en-US.yaml
2025-01-16 23:35:51.354 INFO     Replace ManifestVersion: 1.6.0 -> 1.9.0
2025-01-16 23:35:51.354 INFO     Replace schema references: 1.6.0.schema.json -> 1.9.0.schema.json
2025-01-16 23:35:51.354 INFO     The modified file has been saved as: D:\...\winget-pkgs\manifests\n\n0-computer\sendme\0.6.0\n0-computer.sendme.locale.en-US.yaml
2025-01-16 23:35:51.354 INFO   Processing of manifest: D:\...\winget-pkgs\manifests\n\n0-computer\sendme\0.6.0\n0-computer.sendme.yaml
2025-01-16 23:35:51.369 INFO     Replace ManifestVersion: 1.6.0 -> 1.9.0
2025-01-16 23:35:51.369 INFO     Replace schema references: 1.6.0.schema.json -> 1.9.0.schema.json
2025-01-16 23:35:51.369 INFO     The modified file has been saved as: D:\...\winget-pkgs\manifests\n\n0-computer\sendme\0.6.0\n0-computer.sendme.yaml
2025-01-16 23:35:51.369 INFO   Create a new locale manifest file: D:\...\winget-pkgs\manifests\n\n0-computer\sendme\0.6.0\n0-computer.sendme.locale.zh-CN.yaml
2025-01-16 23:35:51.369 INFO     New locale manifest file created: D:\...\winget-pkgs\manifests\n\n0-computer\sendme\0.6.0\n0-computer.sendme.locale.zh-CN.yaml
2025-01-16 23:35:51.369 INFO   Staging and Committing Changes to Git
2025-01-16 23:35:56.598 INFO     Commit message: Modify: Zype.Compass version 0.6.0 (Auto)
2025-01-16 23:35:56.598 INFO   Pushing changes to remote (origin) repository
2025-01-16 23:36:07.282 INFO     Successfully pushed to remote (origin): Modify-n0-computer.sendme-0.6.0
2025-01-16 23:36:09.721 INFO     Pull request created successfully: https://github.com/microsoft/winget-pkgs/pull/212814
2025-01-16 23:36:09.737 INFO Processing version folder: 0.7.0
2025-01-16 23:36:09.737 INFO   Create and checkout to a new branch: Modify-n0-computer.sendme-0.7.0
2025-01-16 23:36:13.818 INFO   Processing of manifest: D:\...\winget-pkgs\manifests\n\n0-computer\sendme\0.7.0\n0-computer.sendme.installer.yaml
2025-01-16 23:36:13.834 INFO     Replace ManifestVersion: 1.6.0 -> 1.9.0
2025-01-16 23:36:13.834 INFO     Replace schema references: 1.6.0.schema.json -> 1.9.0.schema.json
2025-01-16 23:36:13.834 INFO     The modified file has been saved as: D:\...\winget-pkgs\manifests\n\n0-computer\sendme\0.7.0\n0-computer.sendme.installer.yaml
2025-01-16 23:36:13.834 INFO   Processing of manifest: D:\...\winget-pkgs\manifests\n\n0-computer\sendme\0.7.0\n0-computer.sendme.locale.en-US.yaml
2025-01-16 23:36:13.834 INFO     Replace ManifestVersion: 1.6.0 -> 1.9.0
2025-01-16 23:36:13.834 INFO     Replace schema references: 1.6.0.schema.json -> 1.9.0.schema.json
2025-01-16 23:36:13.834 INFO     The modified file has been saved as: D:\...\winget-pkgs\manifests\n\n0-computer\sendme\0.7.0\n0-computer.sendme.locale.en-US.yaml
2025-01-16 23:36:13.834 INFO   Processing of manifest: D:\...\winget-pkgs\manifests\n\n0-computer\sendme\0.7.0\n0-computer.sendme.yaml
2025-01-16 23:36:13.850 INFO     Replace ManifestVersion: 1.6.0 -> 1.9.0
2025-01-16 23:36:13.850 INFO     Replace schema references: 1.6.0.schema.json -> 1.9.0.schema.json
2025-01-16 23:36:13.850 INFO     The modified file has been saved as: D:\...\winget-pkgs\manifests\n\n0-computer\sendme\0.7.0\n0-computer.sendme.yaml
2025-01-16 23:36:13.850 INFO   Create a new locale manifest file: D:\...\winget-pkgs\manifests\n\n0-computer\sendme\0.7.0\n0-computer.sendme.locale.zh-CN.yaml
2025-01-16 23:36:13.850 INFO     New locale manifest file created: D:\...\winget-pkgs\manifests\n\n0-computer\sendme\0.7.0\n0-computer.sendme.locale.zh-CN.yaml
2025-01-16 23:36:13.865 INFO   Staging and Committing Changes to Git
2025-01-16 23:36:18.508 INFO     Commit message: Modify: Zype.Compass version 0.7.0 (Auto)
2025-01-16 23:36:18.508 INFO   Pushing changes to remote (origin) repository
2025-01-16 23:36:27.842 INFO     Successfully pushed to remote (origin): Modify-n0-computer.sendme-0.7.0
2025-01-16 23:36:29.889 INFO     Pull request created successfully: https://github.com/microsoft/winget-pkgs/pull/212815
2025-01-16 23:36:29.889 INFO Processing version folder: 0.8.0
2025-01-16 23:36:29.889 INFO   Create and checkout to a new branch: Modify-n0-computer.sendme-0.8.0
2025-01-16 23:36:33.876 INFO   Processing of manifest: D:\...\winget-pkgs\manifests\n\n0-computer\sendme\0.8.0\n0-computer.sendme.installer.yaml
2025-01-16 23:36:33.891 INFO     Replace ManifestVersion: 1.6.0 -> 1.9.0
2025-01-16 23:36:33.891 INFO     Replace schema references: 1.6.0.schema.json -> 1.9.0.schema.json
2025-01-16 23:36:33.907 INFO     The modified file has been saved as: D:\...\winget-pkgs\manifests\n\n0-computer\sendme\0.8.0\n0-computer.sendme.installer.yaml
2025-01-16 23:36:33.907 INFO   Processing of manifest: D:\...\winget-pkgs\manifests\n\n0-computer\sendme\0.8.0\n0-computer.sendme.locale.en-US.yaml
2025-01-16 23:36:33.907 INFO     Replace ManifestVersion: 1.6.0 -> 1.9.0
2025-01-16 23:36:33.907 INFO     Replace schema references: 1.6.0.schema.json -> 1.9.0.schema.json
2025-01-16 23:36:33.907 INFO     The modified file has been saved as: D:\...\winget-pkgs\manifests\n\n0-computer\sendme\0.8.0\n0-computer.sendme.locale.en-US.yaml
2025-01-16 23:36:33.907 INFO   Processing of manifest: D:\...\winget-pkgs\manifests\n\n0-computer\sendme\0.8.0\n0-computer.sendme.yaml
2025-01-16 23:36:33.923 INFO     Replace ManifestVersion: 1.6.0 -> 1.9.0
2025-01-16 23:36:33.923 INFO     Replace schema references: 1.6.0.schema.json -> 1.9.0.schema.json
2025-01-16 23:36:33.923 INFO     The modified file has been saved as: D:\...\winget-pkgs\manifests\n\n0-computer\sendme\0.8.0\n0-computer.sendme.yaml
2025-01-16 23:36:33.923 INFO   Create a new locale manifest file: D:\...\winget-pkgs\manifests\n\n0-computer\sendme\0.8.0\n0-computer.sendme.locale.zh-CN.yaml
2025-01-16 23:36:33.923 INFO     New locale manifest file created: D:\...\winget-pkgs\manifests\n\n0-computer\sendme\0.8.0\n0-computer.sendme.locale.zh-CN.yaml
2025-01-16 23:36:33.923 INFO   Staging and Committing Changes to Git
2025-01-16 23:36:38.692 INFO     Commit message: Modify: Zype.Compass version 0.8.0 (Auto)
2025-01-16 23:36:38.692 INFO   Pushing changes to remote (origin) repository
2025-01-16 23:36:49.682 INFO     Successfully pushed to remote (origin): Modify-n0-computer.sendme-0.8.0
2025-01-16 23:36:51.916 INFO     Pull request created successfully: https://github.com/microsoft/winget-pkgs/pull/212816
2025-01-16 23:36:51.916 INFO Processing version folder: 0.9.0
2025-01-16 23:36:51.916 INFO   Create and checkout to a new branch: Modify-n0-computer.sendme-0.9.0
2025-01-16 23:36:55.856 INFO   Processing of manifest: D:\...\winget-pkgs\manifests\n\n0-computer\sendme\0.9.0\n0-computer.sendme.installer.yaml
2025-01-16 23:36:55.871 INFO     Replace ManifestVersion: 1.6.0 -> 1.9.0
2025-01-16 23:36:55.871 INFO     Replace schema references: 1.6.0.schema.json -> 1.9.0.schema.json
2025-01-16 23:36:55.871 INFO     The modified file has been saved as: D:\...\winget-pkgs\manifests\n\n0-computer\sendme\0.9.0\n0-computer.sendme.installer.yaml
2025-01-16 23:36:55.871 INFO   Processing of manifest: D:\...\winget-pkgs\manifests\n\n0-computer\sendme\0.9.0\n0-computer.sendme.locale.en-US.yaml
2025-01-16 23:36:55.871 INFO     Replace ManifestVersion: 1.6.0 -> 1.9.0
2025-01-16 23:36:55.871 INFO     Replace schema references: 1.6.0.schema.json -> 1.9.0.schema.json
2025-01-16 23:36:55.887 INFO     The modified file has been saved as: D:\...\winget-pkgs\manifests\n\n0-computer\sendme\0.9.0\n0-computer.sendme.locale.en-US.yaml
2025-01-16 23:36:55.887 INFO   Processing of manifest: D:\...\winget-pkgs\manifests\n\n0-computer\sendme\0.9.0\n0-computer.sendme.yaml
2025-01-16 23:36:55.902 INFO     Replace ManifestVersion: 1.6.0 -> 1.9.0
2025-01-16 23:36:55.902 INFO     Replace schema references: 1.6.0.schema.json -> 1.9.0.schema.json
2025-01-16 23:36:55.902 INFO     The modified file has been saved as: D:\...\winget-pkgs\manifests\n\n0-computer\sendme\0.9.0\n0-computer.sendme.yaml
2025-01-16 23:36:55.902 INFO   Create a new locale manifest file: D:\...\winget-pkgs\manifests\n\n0-computer\sendme\0.9.0\n0-computer.sendme.locale.zh-CN.yaml
2025-01-16 23:36:55.902 INFO     New locale manifest file created: D:\...\winget-pkgs\manifests\n\n0-computer\sendme\0.9.0\n0-computer.sendme.locale.zh-CN.yaml
2025-01-16 23:36:55.902 INFO   Staging and Committing Changes to Git
2025-01-16 23:37:00.639 INFO     Commit message: Modify: Zype.Compass version 0.9.0 (Auto)
2025-01-16 23:37:00.639 INFO   Pushing changes to remote (origin) repository
2025-01-16 23:37:09.564 INFO     Successfully pushed to remote (origin): Modify-n0-computer.sendme-0.9.0
2025-01-16 23:37:11.893 INFO     Pull request created successfully: https://github.com/microsoft/winget-pkgs/pull/212817
2025-01-16 23:37:11.893 INFO All manifests have been modified and pushed through.
2025-01-16 23:37:18.678 INFO Workspace clean-up completed.
~~ End of logging ~~
