~~ Start logging ~~
2025-06-22 23:11:31.843 FUN TEST
2025-06-22 23:11:31.864 INFO Found the following version folder: ['1.0.1', '1.0.10', '1.0.11', '1.0.2', '1.0.3', '1.0.4', '1.0.5', '1.0.6', '1.0.7', '1.0.8', '1.0.9', '1.1.0', '1.1.1', '1.1.10', '1.1.11', '1.1.12', '1.1.13', '1.1.14', '1.1.2', '1.1.3', '1.1.4', '1.1.6', '1.1.7', '1.1.8', '1.1.9', '1.2.0', '1.2.1', '1.2.2', '1.2.3', '1.2.6']
2025-06-22 23:11:31.865 INFO Skip version 1.0.1, because it's not in the list of versions to be modified.
2025-06-22 23:11:31.866 INFO Skip version 1.0.10, because it's not in the list of versions to be modified.
2025-06-22 23:11:31.867 INFO Skip version 1.0.11, because it's not in the list of versions to be modified.
2025-06-22 23:11:31.868 INFO Skip version 1.0.2, because it's not in the list of versions to be modified.
2025-06-22 23:11:31.869 INFO Skip version 1.0.3, because it's not in the list of versions to be modified.
2025-06-22 23:11:31.869 INFO Skip version 1.0.4, because it's not in the list of versions to be modified.
2025-06-22 23:11:31.870 INFO Skip version 1.0.5, because it's not in the list of versions to be modified.
2025-06-22 23:11:31.871 INFO Skip version 1.0.6, because it's not in the list of versions to be modified.
2025-06-22 23:11:31.871 INFO Skip version 1.0.7, because it's not in the list of versions to be modified.
2025-06-22 23:11:31.872 INFO Skip version 1.0.8, because it's not in the list of versions to be modified.
2025-06-22 23:11:31.872 INFO Skip version 1.0.9, because it's not in the list of versions to be modified.
2025-06-22 23:11:31.873 INFO Skip version 1.1.0, because it's not in the list of versions to be modified.
2025-06-22 23:11:31.873 INFO Skip version 1.1.1, because it's not in the list of versions to be modified.
2025-06-22 23:11:31.874 INFO Skip version 1.1.10, because it's not in the list of versions to be modified.
2025-06-22 23:11:31.874 INFO Skip version 1.1.11, because it's not in the list of versions to be modified.
2025-06-22 23:11:31.875 INFO Skip version 1.1.12, because it's not in the list of versions to be modified.
2025-06-22 23:11:31.875 INFO Skip version 1.1.13, because it's not in the list of versions to be modified.
2025-06-22 23:11:31.876 INFO Skip version 1.1.14, because it's not in the list of versions to be modified.
2025-06-22 23:11:31.876 INFO Skip version 1.1.2, because it's not in the list of versions to be modified.
2025-06-22 23:11:31.877 INFO Skip version 1.1.3, because it's not in the list of versions to be modified.
2025-06-22 23:11:31.877 INFO Skip version 1.1.4, because it's not in the list of versions to be modified.
2025-06-22 23:11:31.877 INFO Skip version 1.1.6, because it's not in the list of versions to be modified.
2025-06-22 23:11:31.878 INFO Skip version 1.1.7, because it's not in the list of versions to be modified.
2025-06-22 23:11:31.878 INFO Skip version 1.1.8, because it's not in the list of versions to be modified.
2025-06-22 23:11:31.879 INFO Skip version 1.1.9, because it's not in the list of versions to be modified.
2025-06-22 23:11:31.879 INFO Skip version 1.2.0, because it's not in the list of versions to be modified.
2025-06-22 23:11:31.880 INFO Skip version 1.2.1, because it's not in the list of versions to be modified.
2025-06-22 23:11:31.882 INFO Skip version 1.2.2, because it's not in the list of versions to be modified.
2025-06-22 23:11:31.883 INFO Skip version 1.2.3, because it's not in the list of versions to be modified.
2025-06-22 23:11:31.883 INFO Processing version folder: 1.2.6
2025-06-22 23:11:31.884 INFO   Create and checkout to a new branch: New-Version-DuckStudio.Sundry-1.2.6-1750605091
2025-06-22 23:11:40.391 INFO   Processing of manifest: D:\...\winget-pkgs\manifests\d\DuckStudio\Sundry\1.2.6\DuckStudio.Sundry.installer.yaml
2025-06-22 23:11:40.393 INFO     The manifest file has been saved as: D:\...\winget-pkgs\manifests\d\DuckStudio\Sundry\1.2.6\DuckStudio.Sundry.installer.yaml
2025-06-22 23:11:40.542 INFO   Processing of manifest: D:\...\winget-pkgs\manifests\d\DuckStudio\Sundry\1.2.6\DuckStudio.Sundry.locale.en-US.yaml
2025-06-22 23:11:40.544 INFO     The manifest file has been saved as: D:\...\winget-pkgs\manifests\d\DuckStudio\Sundry\1.2.6\DuckStudio.Sundry.locale.en-US.yaml
2025-06-22 23:11:40.647 INFO   Processing of manifest: D:\...\winget-pkgs\manifests\d\DuckStudio\Sundry\1.2.6\DuckStudio.Sundry.locale.zh-CN.yaml
2025-06-22 23:11:40.649 INFO     The manifest file has been saved as: D:\...\winget-pkgs\manifests\d\DuckStudio\Sundry\1.2.6\DuckStudio.Sundry.locale.zh-CN.yaml
2025-06-22 23:11:40.758 INFO   Processing of manifest: D:\...\winget-pkgs\manifests\d\DuckStudio\Sundry\1.2.6\DuckStudio.Sundry.yaml
2025-06-22 23:11:40.760 INFO     The manifest file has been saved as: D:\...\winget-pkgs\manifests\d\DuckStudio\Sundry\1.2.6\DuckStudio.Sundry.yaml
2025-06-22 23:11:40.879 INFO   New manifests in D:\...\winget-pkgs\manifests\d\DuckStudio\Sundry\1.2.6 for DuckStudio.Sundry (1.2.6)
2025-06-22 23:16:29.644 INFO     清单具有以下未验证的依赖项;确保它们有效：
2025-06-22 23:16:29.645 INFO       - 程序包
2025-06-22 23:16:29.646 INFO           DuckStudio.GitHubLabelsManager [>= 1.7]
2025-06-22 23:16:29.647 INFO           Git.Git
2025-06-22 23:16:29.648 INFO           GitHub.cli
2025-06-22 23:16:29.650 INFO     清单验证成功。
2025-06-22 23:16:29.656 INFO   Staging and Committing Changes to Git
2025-06-22 23:16:34.184 INFO     Commit message: New version: DuckStudio.Sundry version 1.2.6 (Auto)
2025-06-22 23:16:34.186 INFO   Pushing changes to remote (origin) repository
2025-06-22 23:16:37.873 INFO     Successfully pushed to remote (origin): New-Version-DuckStudio.Sundry-1.2.6-1750605091
2025-06-22 23:16:39.531 INFO     Pull request created successfully: https://github.com/microsoft/winget-pkgs/pull/267544
2025-06-22 23:16:39.532 INFO All manifests have been modified and pushed through.
2025-06-22 23:16:43.667 INFO Workspace clean-up completed.
~~ End of logging ~~
