~~ Start logging ~~
2025-07-17 15:24:15.596 FUN 你这清单是从多少个现有清单中拼凑出来的？
2025-07-17 15:24:15.620 INFO Found the following version folder: ['1.0.1', '1.0.10', '1.0.11', '1.0.2', '1.0.3', '1.0.4', '1.0.5', '1.0.6', '1.0.7', '1.0.8', '1.0.9', '1.1.0', '1.1.1', '1.1.10', '1.1.11', '1.1.12', '1.1.13', '1.1.14', '1.1.2', '1.1.3', '1.1.4', '1.1.6', '1.1.7', '1.1.8', '1.1.9', '1.2.0', '1.2.1', '1.2.2', '1.2.3', '1.2.4', '1.2.5', '1.2.6', '1.2.7', '1.2.8', '1.2.9', '1.3.0', '1.3.1', '1.3.2']
2025-07-17 15:24:15.621 INFO Skip version 1.0.1, because it's not in the list of versions to be modified.
2025-07-17 15:24:15.622 INFO Skip version 1.0.10, because it's not in the list of versions to be modified.
2025-07-17 15:24:15.623 INFO Skip version 1.0.11, because it's not in the list of versions to be modified.
2025-07-17 15:24:15.624 INFO Skip version 1.0.2, because it's not in the list of versions to be modified.
2025-07-17 15:24:15.624 INFO Skip version 1.0.3, because it's not in the list of versions to be modified.
2025-07-17 15:24:15.625 INFO Skip version 1.0.4, because it's not in the list of versions to be modified.
2025-07-17 15:24:15.625 INFO Skip version 1.0.5, because it's not in the list of versions to be modified.
2025-07-17 15:24:15.626 INFO Skip version 1.0.6, because it's not in the list of versions to be modified.
2025-07-17 15:24:15.626 INFO Skip version 1.0.7, because it's not in the list of versions to be modified.
2025-07-17 15:24:15.627 INFO Skip version 1.0.8, because it's not in the list of versions to be modified.
2025-07-17 15:24:15.627 INFO Skip version 1.0.9, because it's not in the list of versions to be modified.
2025-07-17 15:24:15.628 INFO Skip version 1.1.0, because it's not in the list of versions to be modified.
2025-07-17 15:24:15.628 INFO Skip version 1.1.1, because it's not in the list of versions to be modified.
2025-07-17 15:24:15.629 INFO Skip version 1.1.10, because it's not in the list of versions to be modified.
2025-07-17 15:24:15.629 INFO Skip version 1.1.11, because it's not in the list of versions to be modified.
2025-07-17 15:24:15.630 INFO Skip version 1.1.12, because it's not in the list of versions to be modified.
2025-07-17 15:24:15.630 INFO Skip version 1.1.13, because it's not in the list of versions to be modified.
2025-07-17 15:24:15.631 INFO Skip version 1.1.14, because it's not in the list of versions to be modified.
2025-07-17 15:24:15.631 INFO Skip version 1.1.2, because it's not in the list of versions to be modified.
2025-07-17 15:24:15.632 INFO Skip version 1.1.3, because it's not in the list of versions to be modified.
2025-07-17 15:24:15.633 INFO Skip version 1.1.4, because it's not in the list of versions to be modified.
2025-07-17 15:24:15.634 INFO Skip version 1.1.6, because it's not in the list of versions to be modified.
2025-07-17 15:24:15.635 INFO Skip version 1.1.7, because it's not in the list of versions to be modified.
2025-07-17 15:24:15.636 INFO Skip version 1.1.8, because it's not in the list of versions to be modified.
2025-07-17 15:24:15.637 INFO Skip version 1.1.9, because it's not in the list of versions to be modified.
2025-07-17 15:24:15.637 INFO Skip version 1.2.0, because it's not in the list of versions to be modified.
2025-07-17 15:24:15.638 INFO Skip version 1.2.1, because it's not in the list of versions to be modified.
2025-07-17 15:24:15.638 INFO Skip version 1.2.2, because it's not in the list of versions to be modified.
2025-07-17 15:24:15.639 INFO Skip version 1.2.3, because it's not in the list of versions to be modified.
2025-07-17 15:24:15.639 INFO Skip version 1.2.4, because it's not in the list of versions to be modified.
2025-07-17 15:24:15.640 INFO Skip version 1.2.5, because it's not in the list of versions to be modified.
2025-07-17 15:24:15.640 INFO Skip version 1.2.6, because it's not in the list of versions to be modified.
2025-07-17 15:24:15.641 INFO Skip version 1.2.7, because it's not in the list of versions to be modified.
2025-07-17 15:24:15.642 INFO Skip version 1.2.8, because it's not in the list of versions to be modified.
2025-07-17 15:24:15.642 INFO Skip version 1.2.9, because it's not in the list of versions to be modified.
2025-07-17 15:24:15.643 INFO Skip version 1.3.0, because it's not in the list of versions to be modified.
2025-07-17 15:24:15.643 INFO Skip version 1.3.1, because it's not in the list of versions to be modified.
2025-07-17 15:24:15.644 INFO Processing version folder: 1.3.2
2025-07-17 15:24:15.644 INFO   Create and checkout to a new branch: New-Version-DuckStudio.Sundry-1.3.2-1752737055
2025-07-17 15:24:32.122 INFO   Processing of manifest: D:\...\winget-pkgs\manifests\d\DuckStudio\Sundry\1.3.2\DuckStudio.Sundry.installer.yaml
2025-07-17 15:24:32.124 INFO     The manifest file has been saved as: D:\...\winget-pkgs\manifests\d\DuckStudio\Sundry\1.3.2\DuckStudio.Sundry.installer.yaml
2025-07-17 15:24:32.282 INFO   Processing of manifest: D:\...\winget-pkgs\manifests\d\DuckStudio\Sundry\1.3.2\DuckStudio.Sundry.locale.en-US.yaml
2025-07-17 15:24:32.284 INFO     The manifest file has been saved as: D:\...\winget-pkgs\manifests\d\DuckStudio\Sundry\1.3.2\DuckStudio.Sundry.locale.en-US.yaml
2025-07-17 15:24:32.392 INFO   Processing of manifest: D:\...\winget-pkgs\manifests\d\DuckStudio\Sundry\1.3.2\DuckStudio.Sundry.locale.zh-CN.yaml
2025-07-17 15:24:32.394 INFO     The manifest file has been saved as: D:\...\winget-pkgs\manifests\d\DuckStudio\Sundry\1.3.2\DuckStudio.Sundry.locale.zh-CN.yaml
2025-07-17 15:24:32.515 INFO   Processing of manifest: D:\...\winget-pkgs\manifests\d\DuckStudio\Sundry\1.3.2\DuckStudio.Sundry.yaml
2025-07-17 15:24:32.517 INFO     The manifest file has been saved as: D:\...\winget-pkgs\manifests\d\DuckStudio\Sundry\1.3.2\DuckStudio.Sundry.yaml
2025-07-17 15:24:32.650 INFO   New manifests in D:\...\winget-pkgs\manifests\d\DuckStudio\Sundry\1.3.2 for DuckStudio.Sundry (1.3.2)
2025-07-17 15:28:33.382 INFO     清单具有以下未验证的依赖项;确保它们有效：
2025-07-17 15:28:33.384 INFO       - 程序包
2025-07-17 15:28:33.385 INFO           DuckStudio.GitHubLabelsManager [>= 1.7]
2025-07-17 15:28:33.386 INFO           Git.Git
2025-07-17 15:28:33.386 INFO           GitHub.cli
2025-07-17 15:28:33.387 INFO     清单验证成功。
2025-07-17 15:28:33.393 INFO   Staging and Committing Changes to Git
2025-07-17 15:31:42.663 INFO     Commit message: New version: DuckStudio.Sundry version 1.3.2 (Auto)
2025-07-17 15:31:42.664 INFO   Pushing changes to remote (origin) repository
2025-07-17 15:31:46.916 INFO     Successfully pushed to remote (origin): New-Version-DuckStudio.Sundry-1.3.2-1752737055
2025-07-17 15:31:48.700 INFO     Pull request created successfully: https://github.com/microsoft/winget-pkgs/pull/275063
2025-07-17 15:31:48.702 INFO All manifests have been modified and pushed through.
2025-07-17 15:31:53.264 INFO Workspace clean-up completed.
~~ End of logging ~~
