~~ Start logging ~~
2025-07-17 13:55:50.595 FUN (๑• . •๑)
2025-07-17 13:55:50.603 INFO Found the following version folder: ['2024.12.25.12494060383', '2025.01.14.12764289055', '2025.01.15.12782147412', '2025.01.19.12849721517', '2025.01.22.12907017964', '2025.01.22.12911106870', '2025.03.07.13718228324', '2025.03.10.13761118669', '2025.04.10.14373190636', '2025.07.16.16318740224', '2025.07.17.16336851664']
2025-07-17 13:55:50.605 INFO Skip version 2024.12.25.12494060383, because it's not in the list of versions to be modified.
2025-07-17 13:55:50.606 INFO Skip version 2025.01.14.12764289055, because it's not in the list of versions to be modified.
2025-07-17 13:55:50.606 INFO Skip version 2025.01.15.12782147412, because it's not in the list of versions to be modified.
2025-07-17 13:55:50.607 INFO Skip version 2025.01.19.12849721517, because it's not in the list of versions to be modified.
2025-07-17 13:55:50.608 INFO Skip version 2025.01.22.12907017964, because it's not in the list of versions to be modified.
2025-07-17 13:55:50.608 INFO Skip version 2025.01.22.12911106870, because it's not in the list of versions to be modified.
2025-07-17 13:55:50.609 INFO Skip version 2025.03.07.13718228324, because it's not in the list of versions to be modified.
2025-07-17 13:55:50.609 INFO Skip version 2025.03.10.13761118669, because it's not in the list of versions to be modified.
2025-07-17 13:55:50.610 INFO Skip version 2025.04.10.14373190636, because it's not in the list of versions to be modified.
2025-07-17 13:55:50.611 INFO Skip version 2025.07.16.16318740224, because it's not in the list of versions to be modified.
2025-07-17 13:55:50.611 INFO Processing version folder: 2025.07.17.16336851664
2025-07-17 13:55:50.612 INFO   Create and checkout to a new branch: New-Version-DuckStudio.GitHubView.Nightly-2025.07.17.16336851664-1752731750
2025-07-17 13:56:07.984 INFO   Processing of manifest: D:\...\winget-pkgs\manifests\d\DuckStudio\GitHubView\Nightly\2025.07.17.16336851664\DuckStudio.GitHubView.Nightly.installer.yaml
2025-07-17 13:56:07.100 INFO     The manifest file has been saved as: D:\...\winget-pkgs\manifests\d\DuckStudio\GitHubView\Nightly\2025.07.17.16336851664\DuckStudio.GitHubView.Nightly.installer.yaml
2025-07-17 13:56:07.276 INFO   Processing of manifest: D:\...\winget-pkgs\manifests\d\DuckStudio\GitHubView\Nightly\2025.07.17.16336851664\DuckStudio.GitHubView.Nightly.locale.en-US.yaml
2025-07-17 13:56:07.279 INFO     The manifest file has been saved as: D:\...\winget-pkgs\manifests\d\DuckStudio\GitHubView\Nightly\2025.07.17.16336851664\DuckStudio.GitHubView.Nightly.locale.en-US.yaml
2025-07-17 13:56:07.382 INFO   Processing of manifest: D:\...\winget-pkgs\manifests\d\DuckStudio\GitHubView\Nightly\2025.07.17.16336851664\DuckStudio.GitHubView.Nightly.locale.zh-CN.yaml
2025-07-17 13:56:07.385 INFO     The manifest file has been saved as: D:\...\winget-pkgs\manifests\d\DuckStudio\GitHubView\Nightly\2025.07.17.16336851664\DuckStudio.GitHubView.Nightly.locale.zh-CN.yaml
2025-07-17 13:56:07.503 INFO   Processing of manifest: D:\...\winget-pkgs\manifests\d\DuckStudio\GitHubView\Nightly\2025.07.17.16336851664\DuckStudio.GitHubView.Nightly.yaml
2025-07-17 13:56:07.505 INFO     The manifest file has been saved as: D:\...\winget-pkgs\manifests\d\DuckStudio\GitHubView\Nightly\2025.07.17.16336851664\DuckStudio.GitHubView.Nightly.yaml
2025-07-17 13:56:07.626 INFO   New manifests in D:\...\winget-pkgs\manifests\d\DuckStudio\GitHubView\Nightly\2025.07.17.16336851664 for DuckStudio.GitHubView.Nightly (2025.07.17.16336851664)
2025-07-17 13:56:25.789 INFO     清单具有以下未验证的依赖项;确保它们有效：
2025-07-17 13:56:25.800 INFO       - 程序包
2025-07-17 13:56:25.811 INFO           Microsoft.DotNet.Runtime.9
2025-07-17 13:56:25.824 INFO     清单验证成功。
2025-07-17 13:56:25.916 INFO   Staging and Committing Changes to Git
2025-07-17 13:56:33.802 INFO     Commit message: New version: DuckStudio.GitHubView.Nightly version 2025.07.17.16336851664 (Auto)
2025-07-17 13:56:33.803 INFO   Pushing changes to remote (origin) repository
2025-07-17 13:56:38.173 INFO     Successfully pushed to remote (origin): New-Version-DuckStudio.GitHubView.Nightly-2025.07.17.16336851664-1752731750
2025-07-17 13:56:39.633 INFO     Pull request created successfully: https://github.com/microsoft/winget-pkgs/pull/275043
2025-07-17 13:56:39.634 INFO All manifests have been modified and pushed through.
2025-07-17 13:56:44.456 INFO Workspace clean-up completed.
~~ End of logging ~~
