~~ Start logging ~~
2025-03-11 15:25:46.282 FUN 进不去！怎么想都进不去吧！
2025-03-11 15:25:46.282 INFO Found the following version folder: ['2024.1009.1', '2024.1115.1', '2024.1115.2', '2024.1115.3', '2024.1208.0', '2024.1219.2', '2024.1224.1', '2024.412.1', '2024.521.2', '2024.625.0', '2024.625.2', '2024.906.2', '2025.101.0', '2025.118.2', '2025.118.3', '2025.220.0', '2025.221.0', '2025.225.0', '2025.306.0', '2025.310.0', 'stable']
2025-03-11 15:25:46.391 INFO Processing version folder: 2025.310.0
2025-03-11 15:25:46.391 INFO   Create and checkout to a new branch: Modify-ppy.osu-2025.310.0
2025-03-11 15:25:53.799 INFO   Processing of manifest: D:\...\winget-pkgs\manifests\p\ppy\osu\2025.310.0\ppy.osu.installer.yaml
2025-03-11 15:25:53.956 INFO     The modified file has been saved as: D:\...\winget-pkgs\manifests\p\ppy\osu\2025.310.0\ppy.osu.installer.yaml
2025-03-11 15:25:53.956 INFO   Processing of manifest: D:\...\winget-pkgs\manifests\p\ppy\osu\2025.310.0\ppy.osu.locale.en-US.yaml
2025-03-11 15:25:53.111 INFO     The modified file has been saved as: D:\...\winget-pkgs\manifests\p\ppy\osu\2025.310.0\ppy.osu.locale.en-US.yaml
2025-03-11 15:25:53.126 INFO   Processing of manifest: D:\...\winget-pkgs\manifests\p\ppy\osu\2025.310.0\ppy.osu.locale.ja-JP.yaml
2025-03-11 15:25:53.142 INFO     Added ReleaseNotes to D:\...\winget-pkgs\manifests\p\ppy\osu\2025.310.0\ppy.osu.locale.ja-JP.yaml
2025-03-11 15:25:53.142 INFO     The modified file has been saved as: D:\...\winget-pkgs\manifests\p\ppy\osu\2025.310.0\ppy.osu.locale.ja-JP.yaml
2025-03-11 15:25:53.142 INFO   Processing of manifest: D:\...\winget-pkgs\manifests\p\ppy\osu\2025.310.0\ppy.osu.locale.zh-CN.yaml
2025-03-11 15:25:53.158 INFO     Added ReleaseNotes to D:\...\winget-pkgs\manifests\p\ppy\osu\2025.310.0\ppy.osu.locale.zh-CN.yaml
2025-03-11 15:25:53.158 INFO     The modified file has been saved as: D:\...\winget-pkgs\manifests\p\ppy\osu\2025.310.0\ppy.osu.locale.zh-CN.yaml
2025-03-11 15:25:53.158 INFO   Processing of manifest: D:\...\winget-pkgs\manifests\p\ppy\osu\2025.310.0\ppy.osu.yaml
2025-03-11 15:25:53.173 INFO     The modified file has been saved as: D:\...\winget-pkgs\manifests\p\ppy\osu\2025.310.0\ppy.osu.yaml
2025-03-11 15:25:53.454 INFO     清单验证成功，但出现警告。
2025-03-11 15:25:53.454 INFO     Manifest Warning: Silent and SilentWithProgress switches are not specified for InstallerType exe. Please make sure the installer can run unattended.
2025-03-11 15:25:53.454 INFO     
2025-03-11 15:27:55.708 INFO   Staging and Committing Changes to Git
2025-03-11 15:27:59.287 INFO     Commit message: Modify: ppy.osu version 2025.310.0 (Auto)
2025-03-11 15:27:59.287 INFO   Pushing changes to remote (origin) repository
2025-03-11 15:28:03.947 INFO     Successfully pushed to remote (origin): Modify-ppy.osu-2025.310.0
2025-03-11 15:28:06.432 INFO     Pull request created successfully: https://github.com/microsoft/winget-pkgs/pull/236570
2025-03-11 15:28:06.432 INFO All manifests have been modified and pushed through.
2025-03-11 15:28:09.692 INFO Workspace clean-up completed.
~~ End of logging ~~
