~~ Start logging ~~
2025-09-23 01:21:59.291 FUN qaq
2025-09-23 01:21:59.310 INFO Found the following version folder: ['2023.9.2', '2024.3.1', '2024.4.0', '2024.4.1', '2024.5.0', '2024.5.1', '2025.1.0', '2025.10.0', '2025.10.1', '2025.11.0', '2025.12.0', '2025.12.1', '2025.13.0', '2025.14.0', '2025.15.0', '2025.15.1', '2025.16.0', '2025.2.0', '2025.3.0', '2025.4.0', '2025.5.0', '2025.5.1', '2025.6.0', '2025.7.0', '2025.8.0', '2025.9.0']
2025-09-23 01:21:59.311 INFO Processing version folder: 2023.9.2
2025-09-23 01:21:59.313 INFO   Create and checkout to a new branch: Modify-S-3TSoftwareLabs.Studio3T-2023.9.2-1758561719
2025-09-23 01:22:32.634 INFO   Processing of manifest: D:\...\winget-pkgs\manifests\3\3TSoftwareLabs\Studio3T\2023.9.2\3TSoftwareLabs.Studio3T.installer.yaml
2025-09-23 01:22:32.647 INFO     Replace ManifestVersion: 1.5.0 -> 1.10.0
2025-09-23 01:22:32.648 INFO     Replace schema references: 1.5.0.schema.json -> 1.10.0.schema.json
2025-09-23 01:22:32.650 INFO     The manifest file has been saved as: D:\...\winget-pkgs\manifests\3\3TSoftwareLabs\Studio3T\2023.9.2\3TSoftwareLabs.Studio3T.installer.yaml
2025-09-23 01:22:32.837 INFO   Processing of manifest: D:\...\winget-pkgs\manifests\3\3TSoftwareLabs\Studio3T\2023.9.2\3TSoftwareLabs.Studio3T.locale.en-US.yaml
2025-09-23 01:22:32.844 INFO     Replace ManifestVersion: 1.5.0 -> 1.10.0
2025-09-23 01:22:32.846 INFO     Replace schema references: 1.5.0.schema.json -> 1.10.0.schema.json
2025-09-23 01:22:32.848 INFO     The manifest file has been saved as: D:\...\winget-pkgs\manifests\3\3TSoftwareLabs\Studio3T\2023.9.2\3TSoftwareLabs.Studio3T.locale.en-US.yaml
2025-09-23 01:22:32.970 INFO   Processing of manifest: D:\...\winget-pkgs\manifests\3\3TSoftwareLabs\Studio3T\2023.9.2\3TSoftwareLabs.Studio3T.yaml
2025-09-23 01:22:32.972 INFO     Replace ManifestVersion: 1.5.0 -> 1.10.0
2025-09-23 01:22:32.975 INFO     Replace schema references: 1.5.0.schema.json -> 1.10.0.schema.json
2025-09-23 01:22:32.978 INFO     The manifest file has been saved as: D:\...\winget-pkgs\manifests\3\3TSoftwareLabs\Studio3T\2023.9.2\3TSoftwareLabs.Studio3T.yaml
2025-09-23 01:26:41.425 INFO     清单验证成功。
2025-09-23 01:26:41.435 INFO   Staging and Committing Changes to Git
2025-09-23 01:27:00.765 INFO     Commit message: Modify: 3TSoftwareLabs.Studio3T version 2023.9.2 (Auto)
2025-09-23 01:27:00.768 INFO   Pushing changes to remote (origin) repository
2025-09-23 01:27:06.580 INFO     Successfully pushed to remote (origin): Modify-S-3TSoftwareLabs.Studio3T-2023.9.2-1758561719
2025-09-23 01:27:09.166 INFO     Pull request created successfully: https://github.com/microsoft/winget-pkgs/pull/296048
2025-09-23 01:27:09.168 INFO Skip version 2024.3.1, because it's not in the list of versions to be modified.
2025-09-23 01:27:09.170 INFO Skip version 2024.4.0, because it's not in the list of versions to be modified.
2025-09-23 01:27:09.172 INFO Skip version 2024.4.1, because it's not in the list of versions to be modified.
2025-09-23 01:27:09.174 INFO Skip version 2024.5.0, because it's not in the list of versions to be modified.
2025-09-23 01:27:09.176 INFO Skip version 2024.5.1, because it's not in the list of versions to be modified.
2025-09-23 01:27:09.178 INFO Skip version 2025.1.0, because it's not in the list of versions to be modified.
2025-09-23 01:27:09.179 INFO Skip version 2025.10.0, because it's not in the list of versions to be modified.
2025-09-23 01:27:09.181 INFO Skip version 2025.10.1, because it's not in the list of versions to be modified.
2025-09-23 01:27:09.182 INFO Skip version 2025.11.0, because it's not in the list of versions to be modified.
2025-09-23 01:27:09.183 INFO Skip version 2025.12.0, because it's not in the list of versions to be modified.
2025-09-23 01:27:09.185 INFO Skip version 2025.12.1, because it's not in the list of versions to be modified.
2025-09-23 01:27:09.186 INFO Skip version 2025.13.0, because it's not in the list of versions to be modified.
2025-09-23 01:27:09.188 INFO Skip version 2025.14.0, because it's not in the list of versions to be modified.
2025-09-23 01:27:09.189 INFO Skip version 2025.15.0, because it's not in the list of versions to be modified.
2025-09-23 01:27:09.191 INFO Skip version 2025.15.1, because it's not in the list of versions to be modified.
2025-09-23 01:27:09.192 INFO Skip version 2025.16.0, because it's not in the list of versions to be modified.
2025-09-23 01:27:09.194 INFO Skip version 2025.2.0, because it's not in the list of versions to be modified.
2025-09-23 01:27:09.195 INFO Skip version 2025.3.0, because it's not in the list of versions to be modified.
2025-09-23 01:27:09.197 INFO Skip version 2025.4.0, because it's not in the list of versions to be modified.
2025-09-23 01:27:09.198 INFO Skip version 2025.5.0, because it's not in the list of versions to be modified.
2025-09-23 01:27:09.199 INFO Skip version 2025.5.1, because it's not in the list of versions to be modified.
2025-09-23 01:27:09.200 INFO Skip version 2025.6.0, because it's not in the list of versions to be modified.
2025-09-23 01:27:09.202 INFO Skip version 2025.7.0, because it's not in the list of versions to be modified.
2025-09-23 01:27:09.202 INFO Skip version 2025.8.0, because it's not in the list of versions to be modified.
2025-09-23 01:27:09.203 INFO Skip version 2025.9.0, because it's not in the list of versions to be modified.
2025-09-23 01:27:09.204 INFO All manifests have been modified and pushed through.
2025-09-23 01:27:16.215 INFO Workspace clean-up completed.
~~ End of logging ~~
