~~ Start logging ~~
2026-07-07 09:08:33.428 FUN 那我问你，你头顶怎么尖尖的！
2026-07-07 09:08:33.432 INFO Found the following version folder: ['1.0.0', '1.0.1', '1.1.0', '1.1.1']
2026-07-07 09:08:33.435 VERBOSE Skip version 1.0.0, because it's not in the list of versions to be modified.
2026-07-07 09:08:33.437 VERBOSE Skip version 1.0.1, because it's not in the list of versions to be modified.
2026-07-07 09:08:33.440 VERBOSE Skip version 1.1.0, because it's not in the list of versions to be modified.
2026-07-07 09:08:33.441 INFO Processing version folder: 1.1.1
2026-07-07 09:08:33.443 INFO   Create and checkout to a new branch: New-Version-DuckStudio.PinAction-1.1.1-1783386513
2026-07-07 09:08:46.421 INFO   Processing of manifest: D:\...\winget-pkgs\manifests\d\DuckStudio\PinAction\1.1.1\DuckStudio.PinAction.installer.yaml
2026-07-07 09:08:46.426 INFO     The manifest file has been saved as: D:\...\winget-pkgs\manifests\d\DuckStudio\PinAction\1.1.1\DuckStudio.PinAction.installer.yaml
2026-07-07 09:08:46.664 INFO   Processing of manifest: D:\...\winget-pkgs\manifests\d\DuckStudio\PinAction\1.1.1\DuckStudio.PinAction.locale.en-US.yaml
2026-07-07 09:08:46.672 INFO     The manifest file has been saved as: D:\...\winget-pkgs\manifests\d\DuckStudio\PinAction\1.1.1\DuckStudio.PinAction.locale.en-US.yaml
2026-07-07 09:08:46.812 INFO   Processing of manifest: D:\...\winget-pkgs\manifests\d\DuckStudio\PinAction\1.1.1\DuckStudio.PinAction.locale.zh-CN.yaml
2026-07-07 09:08:46.816 INFO     The manifest file has been saved as: D:\...\winget-pkgs\manifests\d\DuckStudio\PinAction\1.1.1\DuckStudio.PinAction.locale.zh-CN.yaml
2026-07-07 09:08:46.956 INFO   Processing of manifest: D:\...\winget-pkgs\manifests\d\DuckStudio\PinAction\1.1.1\DuckStudio.PinAction.yaml
2026-07-07 09:08:46.960 INFO     The manifest file has been saved as: D:\...\winget-pkgs\manifests\d\DuckStudio\PinAction\1.1.1\DuckStudio.PinAction.yaml
2026-07-07 09:08:47.112 INFO   New manifests in D:\...\winget-pkgs\manifests\d\DuckStudio\PinAction\1.1.1 for DuckStudio.PinAction (1.1.1)
2026-07-07 09:18:28.730 INFO Manifest validation succeeded with "sundry validate".
2026-07-07 09:18:28.731 INFO   Staging and Committing Changes to Git
2026-07-07 09:18:53.974 INFO     Commit message: New version: DuckStudio.PinAction version 1.1.1 (Auto)
2026-07-07 09:19:07.357 INFO   Pushing changes to remote (origin) repository
2026-07-07 09:19:15.541 INFO     Successfully pushed to remote (origin): New-Version-DuckStudio.PinAction-1.1.1-1783386513
2026-07-07 09:19:22.768 INFO All manifests have been modified and pushed through.
2026-07-07 09:19:37.933 INFO Workspace clean-up completed.
~~ End of logging ~~
