~~ Start logging ~~
2025-04-03 16:45:12.896 FUN :)
2025-04-03 16:45:12.896 INFO Found the following version folder: ['1.0.1', '1.0.10', '1.0.11', '1.0.2', '1.0.3', '1.0.4', '1.0.5', '1.0.6', '1.0.7', '1.0.8', '1.0.9', '1.1.0', '1.1.1', '1.1.10', '1.1.11', '1.1.2', '1.1.3', '1.1.4', '1.1.6', '1.1.7', '1.1.8', '1.1.9']
2025-04-03 16:45:13.553 INFO Skip version 1.0.1, because it's not in the list of versions to be modified.
2025-04-03 16:45:13.553 INFO Skip version 1.0.10, because it's not in the list of versions to be modified.
2025-04-03 16:45:13.553 INFO Skip version 1.0.11, because it's not in the list of versions to be modified.
2025-04-03 16:45:13.553 INFO Skip version 1.0.2, because it's not in the list of versions to be modified.
2025-04-03 16:45:13.553 INFO Skip version 1.0.3, because it's not in the list of versions to be modified.
2025-04-03 16:45:13.553 INFO Skip version 1.0.4, because it's not in the list of versions to be modified.
2025-04-03 16:45:13.553 INFO Skip version 1.0.5, because it's not in the list of versions to be modified.
2025-04-03 16:45:13.553 INFO Skip version 1.0.6, because it's not in the list of versions to be modified.
2025-04-03 16:45:13.553 INFO Skip version 1.0.7, because it's not in the list of versions to be modified.
2025-04-03 16:45:13.553 INFO Skip version 1.0.8, because it's not in the list of versions to be modified.
2025-04-03 16:45:13.211 INFO Skip version 1.0.9, because it's not in the list of versions to be modified.
2025-04-03 16:45:13.211 INFO Skip version 1.1.0, because it's not in the list of versions to be modified.
2025-04-03 16:45:13.211 INFO Skip version 1.1.1, because it's not in the list of versions to be modified.
2025-04-03 16:45:13.211 INFO Skip version 1.1.10, because it's not in the list of versions to be modified.
2025-04-03 16:45:13.211 INFO Processing version folder: 1.1.11
2025-04-03 16:45:13.211 INFO   Create and checkout to a new branch: NewVersion-DuckStudio.Sundry-1.1.11
2025-04-03 16:45:18.702 INFO   Processing of manifest: D:\...\winget-pkgs\manifests\d\DuckStudio\Sundry\1.1.11\DuckStudio.Sundry.installer.yaml
2025-04-03 16:45:18.702 INFO     Replace ManifestVersion: 1.9.0 -> 1.10.0
2025-04-03 16:45:18.702 INFO     Replace schema references: 1.9.0.schema.json -> 1.10.0.schema.json
2025-04-03 16:45:18.702 INFO     Cleaned up DuckStudio.Sundry.installer.yaml
2025-04-03 16:45:18.702 INFO     The manifest file has been saved as: D:\...\winget-pkgs\manifests\d\DuckStudio\Sundry\1.1.11\DuckStudio.Sundry.installer.yaml
2025-04-03 16:45:18.273 INFO   Processing of manifest: D:\...\winget-pkgs\manifests\d\DuckStudio\Sundry\1.1.11\DuckStudio.Sundry.locale.en-US.yaml
2025-04-03 16:45:18.273 INFO     Replace ManifestVersion: 1.9.0 -> 1.10.0
2025-04-03 16:45:18.273 INFO     Replace schema references: 1.9.0.schema.json -> 1.10.0.schema.json
2025-04-03 16:45:18.273 INFO     Cleaned up DuckStudio.Sundry.locale.en-US.yaml
2025-04-03 16:45:18.273 INFO     The manifest file has been saved as: D:\...\winget-pkgs\manifests\d\DuckStudio\Sundry\1.1.11\DuckStudio.Sundry.locale.en-US.yaml
2025-04-03 16:45:18.398 INFO   Processing of manifest: D:\...\winget-pkgs\manifests\d\DuckStudio\Sundry\1.1.11\DuckStudio.Sundry.locale.zh-CN.yaml
2025-04-03 16:45:18.398 INFO     Replace ManifestVersion: 1.9.0 -> 1.10.0
2025-04-03 16:45:18.398 INFO     Replace schema references: 1.9.0.schema.json -> 1.10.0.schema.json
2025-04-03 16:45:18.398 INFO     Cleaned up DuckStudio.Sundry.locale.zh-CN.yaml
2025-04-03 16:45:18.398 INFO     The manifest file has been saved as: D:\...\winget-pkgs\manifests\d\DuckStudio\Sundry\1.1.11\DuckStudio.Sundry.locale.zh-CN.yaml
2025-04-03 16:45:18.539 INFO   Processing of manifest: D:\...\winget-pkgs\manifests\d\DuckStudio\Sundry\1.1.11\DuckStudio.Sundry.yaml
2025-04-03 16:45:18.554 INFO     Replace ManifestVersion: 1.9.0 -> 1.10.0
2025-04-03 16:45:18.554 INFO     Replace schema references: 1.9.0.schema.json -> 1.10.0.schema.json
2025-04-03 16:45:18.554 INFO     Cleaned up DuckStudio.Sundry.yaml
2025-04-03 16:45:18.554 INFO     The manifest file has been saved as: D:\...\winget-pkgs\manifests\d\DuckStudio\Sundry\1.1.11\DuckStudio.Sundry.yaml
2025-04-03 16:45:18.679 INFO   New manifests in D:\...\winget-pkgs\manifests\d\DuckStudio\Sundry\1.1.11 for DuckStudio.Sundry (1.10.0)
2025-04-03 16:47:57.509 INFO     清单具有以下未验证的依赖项;确保它们有效：
2025-04-03 16:47:57.509 INFO       - 程序包
2025-04-03 16:47:57.509 INFO           DuckStudio.GitHubLabelsManager
2025-04-03 16:47:57.509 INFO           Git.Git
2025-04-03 16:47:57.509 INFO           GitHub.cli
2025-04-03 16:47:57.509 INFO     清单验证成功。
2025-04-03 16:47:57.509 INFO   Staging and Committing Changes to Git
2025-04-03 16:48:05.677 INFO     Commit message: New version: DuckStudio.Sundry version 1.1.11 (Auto)
2025-04-03 16:48:05.677 INFO   Pushing changes to remote (origin) repository
2025-04-03 16:48:10.946 INFO     Successfully pushed to remote (origin): NewVersion-DuckStudio.Sundry-1.1.11
2025-04-03 16:48:13.533 INFO     Pull request created successfully: https://github.com/microsoft/winget-pkgs/pull/244770
2025-04-03 16:48:13.553 INFO Skip version 1.1.2, because it's not in the list of versions to be modified.
2025-04-03 16:48:13.571 INFO Skip version 1.1.3, because it's not in the list of versions to be modified.
2025-04-03 16:48:13.581 INFO Skip version 1.1.4, because it's not in the list of versions to be modified.
2025-04-03 16:48:13.591 INFO Skip version 1.1.6, because it's not in the list of versions to be modified.
2025-04-03 16:48:13.601 INFO Skip version 1.1.7, because it's not in the list of versions to be modified.
2025-04-03 16:48:13.611 INFO Skip version 1.1.8, because it's not in the list of versions to be modified.
2025-04-03 16:48:13.611 INFO Skip version 1.1.9, because it's not in the list of versions to be modified.
2025-04-03 16:48:13.621 INFO All manifests have been modified and pushed through.
2025-04-03 16:48:17.932 INFO Workspace clean-up completed.
~~ End of logging ~~
