~~ Start logging ~~
2025-11-27 13:16:51.777 FUN 【乌蒙山连着山外山，月光洒下了响水滩。有没有人能告诉我，可是苍天对你在呼唤】https://www.bilibili.com/video/BV196kmYuE1K/?t=300
2025-11-27 13:16:51.811 INFO Found the following version folder: ['1.0.1', '1.0.10', '1.0.11', '1.0.2', '1.0.3', '1.0.4', '1.0.5', '1.0.6', '1.0.7', '1.0.8', '1.0.9', '1.1.0', '1.1.1', '1.1.10', '1.1.11', '1.1.12', '1.1.13', '1.1.14', '1.1.2', '1.1.3', '1.1.4', '1.1.6', '1.1.7', '1.1.8', '1.1.9', '1.2.0', '1.2.1', '1.2.2', '1.2.3', '1.2.4', '1.2.5', '1.2.6', '1.2.7', '1.2.8', '1.2.9', '1.3.0', '1.3.1', '1.3.2', '1.3.3', '1.3.4', '1.3.5', '1.3.6', '1.3.7', '1.3.8', '1.3.9', '1.4.0', '1.4.1', '1.4.2', '1.4.3', '1.5.0', '1.5.1']
2025-11-27 13:16:51.813 INFO Skip version 1.0.1, because it's not in the list of versions to be modified.
2025-11-27 13:16:51.814 INFO Skip version 1.0.10, because it's not in the list of versions to be modified.
2025-11-27 13:16:51.816 INFO Skip version 1.0.11, because it's not in the list of versions to be modified.
2025-11-27 13:16:51.817 INFO Skip version 1.0.2, because it's not in the list of versions to be modified.
2025-11-27 13:16:51.818 INFO Skip version 1.0.3, because it's not in the list of versions to be modified.
2025-11-27 13:16:51.820 INFO Skip version 1.0.4, because it's not in the list of versions to be modified.
2025-11-27 13:16:51.822 INFO Skip version 1.0.5, because it's not in the list of versions to be modified.
2025-11-27 13:16:51.824 INFO Skip version 1.0.6, because it's not in the list of versions to be modified.
2025-11-27 13:16:51.825 INFO Skip version 1.0.7, because it's not in the list of versions to be modified.
2025-11-27 13:16:51.827 INFO Skip version 1.0.8, because it's not in the list of versions to be modified.
2025-11-27 13:16:51.829 INFO Skip version 1.0.9, because it's not in the list of versions to be modified.
2025-11-27 13:16:51.830 INFO Skip version 1.1.0, because it's not in the list of versions to be modified.
2025-11-27 13:16:51.832 INFO Skip version 1.1.1, because it's not in the list of versions to be modified.
2025-11-27 13:16:51.833 INFO Skip version 1.1.10, because it's not in the list of versions to be modified.
2025-11-27 13:16:51.834 INFO Skip version 1.1.11, because it's not in the list of versions to be modified.
2025-11-27 13:16:51.836 INFO Skip version 1.1.12, because it's not in the list of versions to be modified.
2025-11-27 13:16:51.838 INFO Skip version 1.1.13, because it's not in the list of versions to be modified.
2025-11-27 13:16:51.840 INFO Skip version 1.1.14, because it's not in the list of versions to be modified.
2025-11-27 13:16:51.843 INFO Skip version 1.1.2, because it's not in the list of versions to be modified.
2025-11-27 13:16:51.844 INFO Skip version 1.1.3, because it's not in the list of versions to be modified.
2025-11-27 13:16:51.846 INFO Skip version 1.1.4, because it's not in the list of versions to be modified.
2025-11-27 13:16:51.848 INFO Skip version 1.1.6, because it's not in the list of versions to be modified.
2025-11-27 13:16:51.850 INFO Skip version 1.1.7, because it's not in the list of versions to be modified.
2025-11-27 13:16:51.851 INFO Skip version 1.1.8, because it's not in the list of versions to be modified.
2025-11-27 13:16:51.852 INFO Skip version 1.1.9, because it's not in the list of versions to be modified.
2025-11-27 13:16:51.854 INFO Skip version 1.2.0, because it's not in the list of versions to be modified.
2025-11-27 13:16:51.855 INFO Skip version 1.2.1, because it's not in the list of versions to be modified.
2025-11-27 13:16:51.856 INFO Skip version 1.2.2, because it's not in the list of versions to be modified.
2025-11-27 13:16:51.858 INFO Skip version 1.2.3, because it's not in the list of versions to be modified.
2025-11-27 13:16:51.859 INFO Skip version 1.2.4, because it's not in the list of versions to be modified.
2025-11-27 13:16:51.860 INFO Skip version 1.2.5, because it's not in the list of versions to be modified.
2025-11-27 13:16:51.861 INFO Skip version 1.2.6, because it's not in the list of versions to be modified.
2025-11-27 13:16:51.862 INFO Skip version 1.2.7, because it's not in the list of versions to be modified.
2025-11-27 13:16:51.863 INFO Skip version 1.2.8, because it's not in the list of versions to be modified.
2025-11-27 13:16:51.864 INFO Skip version 1.2.9, because it's not in the list of versions to be modified.
2025-11-27 13:16:51.865 INFO Skip version 1.3.0, because it's not in the list of versions to be modified.
2025-11-27 13:16:51.866 INFO Skip version 1.3.1, because it's not in the list of versions to be modified.
2025-11-27 13:16:51.867 INFO Skip version 1.3.2, because it's not in the list of versions to be modified.
2025-11-27 13:16:51.869 INFO Skip version 1.3.3, because it's not in the list of versions to be modified.
2025-11-27 13:16:51.870 INFO Skip version 1.3.4, because it's not in the list of versions to be modified.
2025-11-27 13:16:51.871 INFO Skip version 1.3.5, because it's not in the list of versions to be modified.
2025-11-27 13:16:51.872 INFO Skip version 1.3.6, because it's not in the list of versions to be modified.
2025-11-27 13:16:51.874 INFO Skip version 1.3.7, because it's not in the list of versions to be modified.
2025-11-27 13:16:51.875 INFO Skip version 1.3.8, because it's not in the list of versions to be modified.
2025-11-27 13:16:51.876 INFO Skip version 1.3.9, because it's not in the list of versions to be modified.
2025-11-27 13:16:51.878 INFO Skip version 1.4.0, because it's not in the list of versions to be modified.
2025-11-27 13:16:51.879 INFO Skip version 1.4.1, because it's not in the list of versions to be modified.
2025-11-27 13:16:51.880 INFO Skip version 1.4.2, because it's not in the list of versions to be modified.
2025-11-27 13:16:51.881 INFO Skip version 1.4.3, because it's not in the list of versions to be modified.
2025-11-27 13:16:51.882 INFO Skip version 1.5.0, because it's not in the list of versions to be modified.
2025-11-27 13:16:51.884 INFO Processing version folder: 1.5.1
2025-11-27 13:16:51.885 INFO   Create and checkout to a new branch: New-Version-DuckStudio.Sundry-1.5.1-1764220611
2025-11-27 13:16:58.511 INFO   Processing of manifest: D:\...\winget-pkgs\manifests\d\DuckStudio\Sundry\1.5.1\DuckStudio.Sundry.installer.yaml
2025-11-27 13:16:58.514 INFO     The manifest file has been saved as: D:\...\winget-pkgs\manifests\d\DuckStudio\Sundry\1.5.1\DuckStudio.Sundry.installer.yaml
2025-11-27 13:16:58.682 INFO   Processing of manifest: D:\...\winget-pkgs\manifests\d\DuckStudio\Sundry\1.5.1\DuckStudio.Sundry.locale.en-US.yaml
2025-11-27 13:16:58.686 INFO     The manifest file has been saved as: D:\...\winget-pkgs\manifests\d\DuckStudio\Sundry\1.5.1\DuckStudio.Sundry.locale.en-US.yaml
2025-11-27 13:16:58.774 INFO   Processing of manifest: D:\...\winget-pkgs\manifests\d\DuckStudio\Sundry\1.5.1\DuckStudio.Sundry.locale.zh-CN.yaml
2025-11-27 13:16:58.778 INFO     The manifest file has been saved as: D:\...\winget-pkgs\manifests\d\DuckStudio\Sundry\1.5.1\DuckStudio.Sundry.locale.zh-CN.yaml
2025-11-27 13:16:58.874 INFO   Processing of manifest: D:\...\winget-pkgs\manifests\d\DuckStudio\Sundry\1.5.1\DuckStudio.Sundry.yaml
2025-11-27 13:16:58.878 INFO     The manifest file has been saved as: D:\...\winget-pkgs\manifests\d\DuckStudio\Sundry\1.5.1\DuckStudio.Sundry.yaml
2025-11-27 13:16:58.991 INFO   New manifests in D:\...\winget-pkgs\manifests\d\DuckStudio\Sundry\1.5.1 for DuckStudio.Sundry (1.5.1)
2025-11-27 13:17:09.585 INFO Manifest validation succeeded with "sundry validate".
2025-11-27 13:17:09.586 INFO   Staging and Committing Changes to Git
2025-11-27 13:17:27.784 INFO     Commit message: New version: DuckStudio.Sundry version 1.5.1 (Auto)
2025-11-27 13:17:46.582 INFO   Pushing changes to remote (origin) repository
2025-11-27 13:17:52.424 INFO     Successfully pushed to remote (origin): New-Version-DuckStudio.Sundry-1.5.1-1764220611
2025-11-27 13:17:56.631 INFO     Pull request created successfully: https://github.com/microsoft/winget-pkgs/pull/317518
2025-11-27 13:17:56.635 INFO All manifests have been modified and pushed through.
2025-11-27 13:18:03.408 INFO Workspace clean-up completed.
~~ End of logging ~~
