~~ Start logging ~~
2025-07-10 22:25:03.763 FUN 梭哈是一种智慧
2025-07-10 22:25:03.996 INFO Found the following version folder: ['1.0.1', '1.0.10', '1.0.11', '1.0.2', '1.0.3', '1.0.4', '1.0.5', '1.0.6', '1.0.7', '1.0.8', '1.0.9', '1.1.0', '1.1.1', '1.1.10', '1.1.11', '1.1.12', '1.1.13', '1.1.14', '1.1.2', '1.1.3', '1.1.4', '1.1.6', '1.1.7', '1.1.8', '1.1.9', '1.2.0', '1.2.1', '1.2.2', '1.2.3', '1.2.4', '1.2.5', '1.2.6', '1.2.7', '1.2.8', '1.2.9', '1.3.0']
2025-07-10 22:25:03.100 INFO Skip version 1.0.1, because it's not in the list of versions to be modified.
2025-07-10 22:25:03.101 INFO Skip version 1.0.10, because it's not in the list of versions to be modified.
2025-07-10 22:25:03.101 INFO Skip version 1.0.11, because it's not in the list of versions to be modified.
2025-07-10 22:25:03.102 INFO Skip version 1.0.2, because it's not in the list of versions to be modified.
2025-07-10 22:25:03.102 INFO Skip version 1.0.3, because it's not in the list of versions to be modified.
2025-07-10 22:25:03.103 INFO Skip version 1.0.4, because it's not in the list of versions to be modified.
2025-07-10 22:25:03.103 INFO Skip version 1.0.5, because it's not in the list of versions to be modified.
2025-07-10 22:25:03.104 INFO Skip version 1.0.6, because it's not in the list of versions to be modified.
2025-07-10 22:25:03.104 INFO Skip version 1.0.7, because it's not in the list of versions to be modified.
2025-07-10 22:25:03.105 INFO Skip version 1.0.8, because it's not in the list of versions to be modified.
2025-07-10 22:25:03.105 INFO Skip version 1.0.9, because it's not in the list of versions to be modified.
2025-07-10 22:25:03.106 INFO Skip version 1.1.0, because it's not in the list of versions to be modified.
2025-07-10 22:25:03.107 INFO Skip version 1.1.1, because it's not in the list of versions to be modified.
2025-07-10 22:25:03.108 INFO Skip version 1.1.10, because it's not in the list of versions to be modified.
2025-07-10 22:25:03.109 INFO Skip version 1.1.11, because it's not in the list of versions to be modified.
2025-07-10 22:25:03.109 INFO Skip version 1.1.12, because it's not in the list of versions to be modified.
2025-07-10 22:25:03.110 INFO Skip version 1.1.13, because it's not in the list of versions to be modified.
2025-07-10 22:25:03.111 INFO Skip version 1.1.14, because it's not in the list of versions to be modified.
2025-07-10 22:25:03.112 INFO Skip version 1.1.2, because it's not in the list of versions to be modified.
2025-07-10 22:25:03.112 INFO Skip version 1.1.3, because it's not in the list of versions to be modified.
2025-07-10 22:25:03.113 INFO Skip version 1.1.4, because it's not in the list of versions to be modified.
2025-07-10 22:25:03.113 INFO Skip version 1.1.6, because it's not in the list of versions to be modified.
2025-07-10 22:25:03.114 INFO Skip version 1.1.7, because it's not in the list of versions to be modified.
2025-07-10 22:25:03.114 INFO Skip version 1.1.8, because it's not in the list of versions to be modified.
2025-07-10 22:25:03.115 INFO Skip version 1.1.9, because it's not in the list of versions to be modified.
2025-07-10 22:25:03.115 INFO Skip version 1.2.0, because it's not in the list of versions to be modified.
2025-07-10 22:25:03.116 INFO Skip version 1.2.1, because it's not in the list of versions to be modified.
2025-07-10 22:25:03.116 INFO Skip version 1.2.2, because it's not in the list of versions to be modified.
2025-07-10 22:25:03.117 INFO Skip version 1.2.3, because it's not in the list of versions to be modified.
2025-07-10 22:25:03.117 INFO Skip version 1.2.4, because it's not in the list of versions to be modified.
2025-07-10 22:25:03.118 INFO Skip version 1.2.5, because it's not in the list of versions to be modified.
2025-07-10 22:25:03.118 INFO Skip version 1.2.6, because it's not in the list of versions to be modified.
2025-07-10 22:25:03.119 INFO Skip version 1.2.7, because it's not in the list of versions to be modified.
2025-07-10 22:25:03.119 INFO Skip version 1.2.8, because it's not in the list of versions to be modified.
2025-07-10 22:25:03.120 INFO Skip version 1.2.9, because it's not in the list of versions to be modified.
2025-07-10 22:25:03.120 INFO Processing version folder: 1.3.0
2025-07-10 22:25:03.121 INFO   Create and checkout to a new branch: New-Version-DuckStudio.Sundry-1.3.0-1752157503
2025-07-10 22:25:18.669 INFO   Processing of manifest: D:\...\winget-pkgs\manifests\d\DuckStudio\Sundry\1.3.0\DuckStudio.Sundry.installer.yaml
2025-07-10 22:25:18.670 INFO     The manifest file has been saved as: D:\...\winget-pkgs\manifests\d\DuckStudio\Sundry\1.3.0\DuckStudio.Sundry.installer.yaml
2025-07-10 22:25:18.825 INFO   Processing of manifest: D:\...\winget-pkgs\manifests\d\DuckStudio\Sundry\1.3.0\DuckStudio.Sundry.locale.en-US.yaml
2025-07-10 22:25:18.828 INFO     The manifest file has been saved as: D:\...\winget-pkgs\manifests\d\DuckStudio\Sundry\1.3.0\DuckStudio.Sundry.locale.en-US.yaml
2025-07-10 22:25:18.930 INFO   Processing of manifest: D:\...\winget-pkgs\manifests\d\DuckStudio\Sundry\1.3.0\DuckStudio.Sundry.locale.zh-CN.yaml
2025-07-10 22:25:18.933 INFO     The manifest file has been saved as: D:\...\winget-pkgs\manifests\d\DuckStudio\Sundry\1.3.0\DuckStudio.Sundry.locale.zh-CN.yaml
2025-07-10 22:25:19.512 INFO   Processing of manifest: D:\...\winget-pkgs\manifests\d\DuckStudio\Sundry\1.3.0\DuckStudio.Sundry.yaml
2025-07-10 22:25:19.533 INFO     The manifest file has been saved as: D:\...\winget-pkgs\manifests\d\DuckStudio\Sundry\1.3.0\DuckStudio.Sundry.yaml
2025-07-10 22:25:19.174 INFO   New manifests in D:\...\winget-pkgs\manifests\d\DuckStudio\Sundry\1.3.0 for DuckStudio.Sundry (1.3.0)
2025-07-10 22:28:32.111 INFO     清单具有以下未验证的依赖项;确保它们有效：
2025-07-10 22:28:32.112 INFO       - 程序包
2025-07-10 22:28:32.113 INFO           DuckStudio.GitHubLabelsManager [>= 1.7]
2025-07-10 22:28:32.115 INFO           Git.Git
2025-07-10 22:28:32.116 INFO           GitHub.cli
2025-07-10 22:28:32.117 INFO     清单验证成功。
2025-07-10 22:28:32.122 INFO   Staging and Committing Changes to Git
2025-07-10 22:29:04.607 INFO     Commit message: New version: DuckStudio.Sundry version 1.3.0 (Auto)
2025-07-10 22:29:04.608 INFO   Pushing changes to remote (origin) repository
2025-07-10 22:29:08.694 INFO     Successfully pushed to remote (origin): New-Version-DuckStudio.Sundry-1.3.0-1752157503
2025-07-10 22:29:11.566 INFO     Pull request created successfully: https://github.com/microsoft/winget-pkgs/pull/273239
2025-07-10 22:29:11.685 INFO All manifests have been modified and pushed through.
2025-07-10 22:29:15.355 INFO Workspace clean-up completed.
~~ End of logging ~~
