~~ Start logging ~~
2025-07-10 22:30:23.235 FUN (*T▽T*)／
2025-07-10 22:30:23.259 INFO Found the following version folder: ['1.0.1', '1.0.10', '1.0.11', '1.0.2', '1.0.3', '1.0.4', '1.0.5', '1.0.6', '1.0.7', '1.0.8', '1.0.9', '1.1.0', '1.1.1', '1.1.10', '1.1.11', '1.1.12', '1.1.13', '1.1.14', '1.1.2', '1.1.3', '1.1.4', '1.1.6', '1.1.7', '1.1.8', '1.1.9', '1.2.0', '1.2.1', '1.2.2', '1.2.3', '1.2.4', '1.2.5', '1.2.6', '1.2.7', '1.2.8', '1.2.9', '1.3.1']
2025-07-10 22:30:23.260 INFO Skip version 1.0.1, because it's not in the list of versions to be modified.
2025-07-10 22:30:23.261 INFO Skip version 1.0.10, because it's not in the list of versions to be modified.
2025-07-10 22:30:23.261 INFO Skip version 1.0.11, because it's not in the list of versions to be modified.
2025-07-10 22:30:23.262 INFO Skip version 1.0.2, because it's not in the list of versions to be modified.
2025-07-10 22:30:23.263 INFO Skip version 1.0.3, because it's not in the list of versions to be modified.
2025-07-10 22:30:23.263 INFO Skip version 1.0.4, because it's not in the list of versions to be modified.
2025-07-10 22:30:23.264 INFO Skip version 1.0.5, because it's not in the list of versions to be modified.
2025-07-10 22:30:23.264 INFO Skip version 1.0.6, because it's not in the list of versions to be modified.
2025-07-10 22:30:23.265 INFO Skip version 1.0.7, because it's not in the list of versions to be modified.
2025-07-10 22:30:23.265 INFO Skip version 1.0.8, because it's not in the list of versions to be modified.
2025-07-10 22:30:23.266 INFO Skip version 1.0.9, because it's not in the list of versions to be modified.
2025-07-10 22:30:23.266 INFO Skip version 1.1.0, because it's not in the list of versions to be modified.
2025-07-10 22:30:23.267 INFO Skip version 1.1.1, because it's not in the list of versions to be modified.
2025-07-10 22:30:23.267 INFO Skip version 1.1.10, because it's not in the list of versions to be modified.
2025-07-10 22:30:23.268 INFO Skip version 1.1.11, because it's not in the list of versions to be modified.
2025-07-10 22:30:23.268 INFO Skip version 1.1.12, because it's not in the list of versions to be modified.
2025-07-10 22:30:23.269 INFO Skip version 1.1.13, because it's not in the list of versions to be modified.
2025-07-10 22:30:23.270 INFO Skip version 1.1.14, because it's not in the list of versions to be modified.
2025-07-10 22:30:23.271 INFO Skip version 1.1.2, because it's not in the list of versions to be modified.
2025-07-10 22:30:23.272 INFO Skip version 1.1.3, because it's not in the list of versions to be modified.
2025-07-10 22:30:23.273 INFO Skip version 1.1.4, because it's not in the list of versions to be modified.
2025-07-10 22:30:23.273 INFO Skip version 1.1.6, because it's not in the list of versions to be modified.
2025-07-10 22:30:23.274 INFO Skip version 1.1.7, because it's not in the list of versions to be modified.
2025-07-10 22:30:23.274 INFO Skip version 1.1.8, because it's not in the list of versions to be modified.
2025-07-10 22:30:23.275 INFO Skip version 1.1.9, because it's not in the list of versions to be modified.
2025-07-10 22:30:23.275 INFO Skip version 1.2.0, because it's not in the list of versions to be modified.
2025-07-10 22:30:23.276 INFO Skip version 1.2.1, because it's not in the list of versions to be modified.
2025-07-10 22:30:23.276 INFO Skip version 1.2.2, because it's not in the list of versions to be modified.
2025-07-10 22:30:23.277 INFO Skip version 1.2.3, because it's not in the list of versions to be modified.
2025-07-10 22:30:23.277 INFO Skip version 1.2.4, because it's not in the list of versions to be modified.
2025-07-10 22:30:23.278 INFO Skip version 1.2.5, because it's not in the list of versions to be modified.
2025-07-10 22:30:23.278 INFO Skip version 1.2.6, because it's not in the list of versions to be modified.
2025-07-10 22:30:23.279 INFO Skip version 1.2.7, because it's not in the list of versions to be modified.
2025-07-10 22:30:23.279 INFO Skip version 1.2.8, because it's not in the list of versions to be modified.
2025-07-10 22:30:23.280 INFO Skip version 1.2.9, because it's not in the list of versions to be modified.
2025-07-10 22:30:23.280 INFO Processing version folder: 1.3.1
2025-07-10 22:30:23.281 INFO   Create and checkout to a new branch: New-Version-DuckStudio.Sundry-1.3.1-1752157823
2025-07-10 22:30:32.371 INFO   Processing of manifest: D:\...\winget-pkgs\manifests\d\DuckStudio\Sundry\1.3.1\DuckStudio.Sundry.installer.yaml
2025-07-10 22:30:32.373 INFO     The manifest file has been saved as: D:\...\winget-pkgs\manifests\d\DuckStudio\Sundry\1.3.1\DuckStudio.Sundry.installer.yaml
2025-07-10 22:30:32.542 INFO   Processing of manifest: D:\...\winget-pkgs\manifests\d\DuckStudio\Sundry\1.3.1\DuckStudio.Sundry.locale.en-US.yaml
2025-07-10 22:30:32.545 INFO     The manifest file has been saved as: D:\...\winget-pkgs\manifests\d\DuckStudio\Sundry\1.3.1\DuckStudio.Sundry.locale.en-US.yaml
2025-07-10 22:30:32.656 INFO   Processing of manifest: D:\...\winget-pkgs\manifests\d\DuckStudio\Sundry\1.3.1\DuckStudio.Sundry.locale.zh-CN.yaml
2025-07-10 22:30:32.658 INFO     The manifest file has been saved as: D:\...\winget-pkgs\manifests\d\DuckStudio\Sundry\1.3.1\DuckStudio.Sundry.locale.zh-CN.yaml
2025-07-10 22:30:32.763 INFO   Processing of manifest: D:\...\winget-pkgs\manifests\d\DuckStudio\Sundry\1.3.1\DuckStudio.Sundry.yaml
2025-07-10 22:30:32.765 INFO     The manifest file has been saved as: D:\...\winget-pkgs\manifests\d\DuckStudio\Sundry\1.3.1\DuckStudio.Sundry.yaml
2025-07-10 22:30:32.876 INFO   New manifests in D:\...\winget-pkgs\manifests\d\DuckStudio\Sundry\1.3.1 for DuckStudio.Sundry (1.3.1)
2025-07-10 22:34:23.429 INFO     清单具有以下未验证的依赖项;确保它们有效：
2025-07-10 22:34:23.431 INFO       - 程序包
2025-07-10 22:34:23.432 INFO           DuckStudio.GitHubLabelsManager [>= 1.7]
2025-07-10 22:34:23.433 INFO           Git.Git
2025-07-10 22:34:23.435 INFO           GitHub.cli
2025-07-10 22:34:23.436 INFO     清单验证成功。
2025-07-10 22:34:23.439 INFO   Staging and Committing Changes to Git
2025-07-10 22:34:28.433 INFO     Commit message: New version: DuckStudio.Sundry version 1.3.1 (Auto)
2025-07-10 22:34:28.434 INFO   Pushing changes to remote (origin) repository
2025-07-10 22:34:34.275 INFO     Successfully pushed to remote (origin): New-Version-DuckStudio.Sundry-1.3.1-1752157823
2025-07-10 22:34:36.423 INFO     Pull request created successfully: https://github.com/microsoft/winget-pkgs/pull/273241
2025-07-10 22:34:36.425 INFO All manifests have been modified and pushed through.
2025-07-10 22:34:42.692 INFO Workspace clean-up completed.
~~ End of logging ~~
