~~ Start logging ~~
2025-08-23 02:23:01.964 FUN (·v·)
2025-08-23 02:23:02.567 INFO Found the following version folder: ['1.0.1', '1.0.10', '1.0.11', '1.0.2', '1.0.3', '1.0.4', '1.0.5', '1.0.6', '1.0.7', '1.0.8', '1.0.9', '1.1.0', '1.1.1', '1.1.10', '1.1.11', '1.1.12', '1.1.13', '1.1.14', '1.1.2', '1.1.3', '1.1.4', '1.1.6', '1.1.7', '1.1.8', '1.1.9', '1.2.0', '1.2.1', '1.2.2', '1.2.3', '1.2.4', '1.2.5', '1.2.6', '1.2.7', '1.2.8', '1.2.9', '1.3.0', '1.3.1', '1.3.2', '1.3.3', '1.3.4', '1.3.5', '1.3.6', '1.3.8']
2025-08-23 02:23:02.711 INFO Skip version 1.0.1, because it's not in the list of versions to be modified.
2025-08-23 02:23:02.911 INFO Skip version 1.0.10, because it's not in the list of versions to be modified.
2025-08-23 02:23:02.102 INFO Skip version 1.0.11, because it's not in the list of versions to be modified.
2025-08-23 02:23:02.117 INFO Skip version 1.0.2, because it's not in the list of versions to be modified.
2025-08-23 02:23:02.127 INFO Skip version 1.0.3, because it's not in the list of versions to be modified.
2025-08-23 02:23:02.137 INFO Skip version 1.0.4, because it's not in the list of versions to be modified.
2025-08-23 02:23:02.147 INFO Skip version 1.0.5, because it's not in the list of versions to be modified.
2025-08-23 02:23:02.157 INFO Skip version 1.0.6, because it's not in the list of versions to be modified.
2025-08-23 02:23:02.170 INFO Skip version 1.0.7, because it's not in the list of versions to be modified.
2025-08-23 02:23:02.178 INFO Skip version 1.0.8, because it's not in the list of versions to be modified.
2025-08-23 02:23:02.185 INFO Skip version 1.0.9, because it's not in the list of versions to be modified.
2025-08-23 02:23:02.192 INFO Skip version 1.1.0, because it's not in the list of versions to be modified.
2025-08-23 02:23:02.199 INFO Skip version 1.1.1, because it's not in the list of versions to be modified.
2025-08-23 02:23:02.205 INFO Skip version 1.1.10, because it's not in the list of versions to be modified.
2025-08-23 02:23:02.211 INFO Skip version 1.1.11, because it's not in the list of versions to be modified.
2025-08-23 02:23:02.217 INFO Skip version 1.1.12, because it's not in the list of versions to be modified.
2025-08-23 02:23:02.222 INFO Skip version 1.1.13, because it's not in the list of versions to be modified.
2025-08-23 02:23:02.229 INFO Skip version 1.1.14, because it's not in the list of versions to be modified.
2025-08-23 02:23:02.248 INFO Skip version 1.1.2, because it's not in the list of versions to be modified.
2025-08-23 02:23:02.262 INFO Skip version 1.1.3, because it's not in the list of versions to be modified.
2025-08-23 02:23:02.275 INFO Skip version 1.1.4, because it's not in the list of versions to be modified.
2025-08-23 02:23:02.287 INFO Skip version 1.1.6, because it's not in the list of versions to be modified.
2025-08-23 02:23:02.301 INFO Skip version 1.1.7, because it's not in the list of versions to be modified.
2025-08-23 02:23:02.310 INFO Skip version 1.1.8, because it's not in the list of versions to be modified.
2025-08-23 02:23:02.320 INFO Skip version 1.1.9, because it's not in the list of versions to be modified.
2025-08-23 02:23:02.329 INFO Skip version 1.2.0, because it's not in the list of versions to be modified.
2025-08-23 02:23:02.339 INFO Skip version 1.2.1, because it's not in the list of versions to be modified.
2025-08-23 02:23:02.347 INFO Skip version 1.2.2, because it's not in the list of versions to be modified.
2025-08-23 02:23:02.354 INFO Skip version 1.2.3, because it's not in the list of versions to be modified.
2025-08-23 02:23:02.361 INFO Skip version 1.2.4, because it's not in the list of versions to be modified.
2025-08-23 02:23:02.367 INFO Skip version 1.2.5, because it's not in the list of versions to be modified.
2025-08-23 02:23:02.373 INFO Skip version 1.2.6, because it's not in the list of versions to be modified.
2025-08-23 02:23:02.380 INFO Skip version 1.2.7, because it's not in the list of versions to be modified.
2025-08-23 02:23:02.386 INFO Skip version 1.2.8, because it's not in the list of versions to be modified.
2025-08-23 02:23:02.392 INFO Skip version 1.2.9, because it's not in the list of versions to be modified.
2025-08-23 02:23:02.401 INFO Skip version 1.3.0, because it's not in the list of versions to be modified.
2025-08-23 02:23:02.414 INFO Skip version 1.3.1, because it's not in the list of versions to be modified.
2025-08-23 02:23:02.428 INFO Skip version 1.3.2, because it's not in the list of versions to be modified.
2025-08-23 02:23:02.439 INFO Skip version 1.3.3, because it's not in the list of versions to be modified.
2025-08-23 02:23:02.449 INFO Skip version 1.3.4, because it's not in the list of versions to be modified.
2025-08-23 02:23:02.460 INFO Skip version 1.3.5, because it's not in the list of versions to be modified.
2025-08-23 02:23:02.471 INFO Skip version 1.3.6, because it's not in the list of versions to be modified.
2025-08-23 02:23:02.480 INFO Processing version folder: 1.3.8
2025-08-23 02:23:02.487 INFO   Create and checkout to a new branch: New-Version-DuckStudio.Sundry-1.3.8-1755886982
2025-08-23 02:23:14.379 INFO   Processing of manifest: D:\...\winget-pkgs\manifests\d\DuckStudio\Sundry\1.3.8\DuckStudio.Sundry.installer.yaml
2025-08-23 02:23:14.382 INFO     The manifest file has been saved as: D:\...\winget-pkgs\manifests\d\DuckStudio\Sundry\1.3.8\DuckStudio.Sundry.installer.yaml
2025-08-23 02:23:14.581 INFO   Processing of manifest: D:\...\winget-pkgs\manifests\d\DuckStudio\Sundry\1.3.8\DuckStudio.Sundry.locale.en-US.yaml
2025-08-23 02:23:14.584 INFO     The manifest file has been saved as: D:\...\winget-pkgs\manifests\d\DuckStudio\Sundry\1.3.8\DuckStudio.Sundry.locale.en-US.yaml
2025-08-23 02:23:14.699 INFO   Processing of manifest: D:\...\winget-pkgs\manifests\d\DuckStudio\Sundry\1.3.8\DuckStudio.Sundry.locale.zh-CN.yaml
2025-08-23 02:23:14.702 INFO     The manifest file has been saved as: D:\...\winget-pkgs\manifests\d\DuckStudio\Sundry\1.3.8\DuckStudio.Sundry.locale.zh-CN.yaml
2025-08-23 02:23:14.860 INFO   Processing of manifest: D:\...\winget-pkgs\manifests\d\DuckStudio\Sundry\1.3.8\DuckStudio.Sundry.yaml
2025-08-23 02:23:14.863 INFO     The manifest file has been saved as: D:\...\winget-pkgs\manifests\d\DuckStudio\Sundry\1.3.8\DuckStudio.Sundry.yaml
2025-08-23 02:23:15.217 INFO   New manifests in D:\...\winget-pkgs\manifests\d\DuckStudio\Sundry\1.3.8 for DuckStudio.Sundry (1.3.8)
2025-08-23 02:27:32.187 INFO     清单具有以下未验证的依赖项;确保它们有效：
2025-08-23 02:27:32.188 INFO       - 程序包
2025-08-23 02:27:32.189 INFO           DuckStudio.GitHubLabelsManager [>= 1.7]
2025-08-23 02:27:32.190 INFO           Git.Git
2025-08-23 02:27:32.191 INFO           GitHub.cli
2025-08-23 02:27:32.192 INFO     清单验证成功。
2025-08-23 02:27:32.200 INFO   Staging and Committing Changes to Git
2025-08-23 02:27:41.439 INFO     Commit message: New version: DuckStudio.Sundry version 1.3.8 (Auto)
2025-08-23 02:27:41.440 INFO   Pushing changes to remote (origin) repository
2025-08-23 02:27:46.148 INFO     Successfully pushed to remote (origin): New-Version-DuckStudio.Sundry-1.3.8-1755886982
2025-08-23 02:27:48.619 INFO     Pull request created successfully: https://github.com/microsoft/winget-pkgs/pull/286390
2025-08-23 02:27:48.623 INFO All manifests have been modified and pushed through.
2025-08-23 02:27:54.551 INFO Workspace clean-up completed.
~~ End of logging ~~
