~~ Start logging ~~
2025-05-15 17:21:13.659 FUN 梭哈是一种智慧
2025-05-15 17:21:13.661 INFO Found the following version folder: ['2.44']
2025-05-15 17:21:13.879 INFO Processing version folder: 2.44
2025-05-15 17:21:13.880 INFO   Create and checkout to a new branch: NewVersion-Denemo.Denemo-2.44-1747300873
2025-05-15 17:21:22.893 INFO   Processing of manifest: D:\...\winget-pkgs\manifests\d\Denemo\Denemo\2.44\Denemo.Denemo.installer.yaml
2025-05-15 17:21:22.930 INFO     Replace ManifestVersion: 1.4.0 -> 1.10.0
2025-05-15 17:21:22.931 INFO     Replace schema references: 1.4.0.schema.json -> 1.10.0.schema.json
2025-05-15 17:21:22.933 INFO     Cleaned up Denemo.Denemo.installer.yaml
2025-05-15 17:21:22.936 INFO     The manifest file has been saved as: D:\...\winget-pkgs\manifests\d\Denemo\Denemo\2.44\Denemo.Denemo.installer.yaml
2025-05-15 17:21:23.177 INFO   Processing of manifest: D:\...\winget-pkgs\manifests\d\Denemo\Denemo\2.44\Denemo.Denemo.locale.en-US.yaml
2025-05-15 17:21:23.179 INFO     Replace ManifestVersion: 1.4.0 -> 1.10.0
2025-05-15 17:21:23.181 INFO     Replace schema references: 1.4.0.schema.json -> 1.10.0.schema.json
2025-05-15 17:21:23.182 INFO     Cleaned up Denemo.Denemo.locale.en-US.yaml
2025-05-15 17:21:23.188 INFO     The manifest file has been saved as: D:\...\winget-pkgs\manifests\d\Denemo\Denemo\2.44\Denemo.Denemo.locale.en-US.yaml
2025-05-15 17:21:23.341 INFO   Processing of manifest: D:\...\winget-pkgs\manifests\d\Denemo\Denemo\2.44\Denemo.Denemo.yaml
2025-05-15 17:21:23.343 INFO     Replace ManifestVersion: 1.4.0 -> 1.10.0
2025-05-15 17:21:23.344 INFO     Replace schema references: 1.4.0.schema.json -> 1.10.0.schema.json
2025-05-15 17:21:23.345 INFO     Cleaned up Denemo.Denemo.yaml
2025-05-15 17:21:23.348 INFO     The manifest file has been saved as: D:\...\winget-pkgs\manifests\d\Denemo\Denemo\2.44\Denemo.Denemo.yaml
2025-05-15 17:21:23.545 INFO   New manifests in D:\...\winget-pkgs\manifests\d\Denemo\Denemo\2.44 for Denemo.Denemo (2.44)
2025-05-15 17:39:47.547 INFO     清单验证成功。
2025-05-15 17:39:47.560 INFO   Staging and Committing Changes to Git
2025-05-15 17:39:59.672 INFO     Commit message: New version: Denemo.Denemo version 2.44 (Auto)
2025-05-15 17:39:59.673 INFO   Pushing changes to remote (origin) repository
2025-05-15 17:40:05.816 INFO     Successfully pushed to remote (origin): NewVersion-Denemo.Denemo-2.44-1747300873
2025-05-15 17:40:07.619 INFO     Pull request created successfully: https://github.com/microsoft/winget-pkgs/pull/256823
2025-05-15 17:40:07.657 INFO All manifests have been modified and pushed through.
2025-05-15 17:40:14.208 INFO Workspace clean-up completed.
~~ End of logging ~~
