~~ Start logging ~~
2025-03-25 23:56:49.603 FUN 这回应该肯定一定能修好
2025-03-25 23:56:49.603 INFO Found the following version folder: ['1.0.1', '1.0.10', '1.0.11', '1.0.2', '1.0.3', '1.0.4', '1.0.5', '1.0.6', '1.0.7', '1.0.8', '1.0.9', '1.1.0', '1.1.1', '1.1.10', '1.1.2', '1.1.3', '1.1.4', '1.1.6', '1.1.7', '1.1.8']
2025-03-25 23:56:49.726 INFO Skip version 1.0.1, because it's not in the list of versions to be modified.
2025-03-25 23:56:49.726 INFO Skip version 1.0.10, because it's not in the list of versions to be modified.
2025-03-25 23:56:49.726 INFO Skip version 1.0.11, because it's not in the list of versions to be modified.
2025-03-25 23:56:49.726 INFO Skip version 1.0.2, because it's not in the list of versions to be modified.
2025-03-25 23:56:49.726 INFO Skip version 1.0.3, because it's not in the list of versions to be modified.
2025-03-25 23:56:49.726 INFO Skip version 1.0.4, because it's not in the list of versions to be modified.
2025-03-25 23:56:49.726 INFO Skip version 1.0.5, because it's not in the list of versions to be modified.
2025-03-25 23:56:49.742 INFO Skip version 1.0.6, because it's not in the list of versions to be modified.
2025-03-25 23:56:49.742 INFO Skip version 1.0.7, because it's not in the list of versions to be modified.
2025-03-25 23:56:49.742 INFO Skip version 1.0.8, because it's not in the list of versions to be modified.
2025-03-25 23:56:49.742 INFO Skip version 1.0.9, because it's not in the list of versions to be modified.
2025-03-25 23:56:49.742 INFO Skip version 1.1.0, because it's not in the list of versions to be modified.
2025-03-25 23:56:49.742 INFO Skip version 1.1.1, because it's not in the list of versions to be modified.
2025-03-25 23:56:49.742 INFO Processing version folder: 1.1.10
2025-03-25 23:56:49.742 INFO   Create and checkout to a new branch: NewVersion-DuckStudio.Sundry-1.1.10
2025-03-25 23:57:03.787 INFO   Processing of manifest: D:\...\winget-pkgs\manifests\d\DuckStudio\Sundry\1.1.10\DuckStudio.Sundry.installer.yaml
2025-03-25 23:57:03.943 INFO     Replace ManifestVersion: 1.9.0 -> 1.10.0
2025-03-25 23:57:03.943 INFO     Replace schema references: 1.9.0.schema.json -> 1.10.0.schema.json
2025-03-25 23:57:03.943 INFO     Cleaned up DuckStudio.Sundry.installer.yaml
2025-03-25 23:57:03.943 INFO     The manifest file has been saved as: D:\...\winget-pkgs\manifests\d\DuckStudio\Sundry\1.1.10\DuckStudio.Sundry.installer.yaml
2025-03-25 23:57:03.266 INFO   Processing of manifest: D:\...\winget-pkgs\manifests\d\DuckStudio\Sundry\1.1.10\DuckStudio.Sundry.locale.en-US.yaml
2025-03-25 23:57:03.281 INFO     Replace ManifestVersion: 1.9.0 -> 1.10.0
2025-03-25 23:57:03.281 INFO     Replace schema references: 1.9.0.schema.json -> 1.10.0.schema.json
2025-03-25 23:57:03.281 INFO     Cleaned up DuckStudio.Sundry.locale.en-US.yaml
2025-03-25 23:57:03.281 INFO     The manifest file has been saved as: D:\...\winget-pkgs\manifests\d\DuckStudio\Sundry\1.1.10\DuckStudio.Sundry.locale.en-US.yaml
2025-03-25 23:57:03.422 INFO   Processing of manifest: D:\...\winget-pkgs\manifests\d\DuckStudio\Sundry\1.1.10\DuckStudio.Sundry.locale.zh-CN.yaml
2025-03-25 23:57:03.422 INFO     Replace ManifestVersion: 1.9.0 -> 1.10.0
2025-03-25 23:57:03.422 INFO     Replace schema references: 1.9.0.schema.json -> 1.10.0.schema.json
2025-03-25 23:57:03.422 INFO     Cleaned up DuckStudio.Sundry.locale.zh-CN.yaml
2025-03-25 23:57:03.422 INFO     The manifest file has been saved as: D:\...\winget-pkgs\manifests\d\DuckStudio\Sundry\1.1.10\DuckStudio.Sundry.locale.zh-CN.yaml
2025-03-25 23:57:03.563 INFO   Processing of manifest: D:\...\winget-pkgs\manifests\d\DuckStudio\Sundry\1.1.10\DuckStudio.Sundry.yaml
2025-03-25 23:57:03.563 INFO     Replace ManifestVersion: 1.9.0 -> 1.10.0
2025-03-25 23:57:03.563 INFO     Replace schema references: 1.9.0.schema.json -> 1.10.0.schema.json
2025-03-25 23:57:03.563 INFO     Cleaned up DuckStudio.Sundry.yaml
2025-03-25 23:57:03.579 INFO     The manifest file has been saved as: D:\...\winget-pkgs\manifests\d\DuckStudio\Sundry\1.1.10\DuckStudio.Sundry.yaml
2025-03-25 23:57:03.735 INFO   New manifests in D:\...\winget-pkgs\manifests\d\DuckStudio\Sundry\1.1.10 for DuckStudio.Sundry (1.10.0)
2025-03-26 00:01:15.149 INFO     清单具有以下未验证的依赖项;确保它们有效：
2025-03-26 00:01:15.149 INFO       - 程序包
2025-03-26 00:01:15.149 INFO           DuckStudio.GitHubLabelsManager
2025-03-26 00:01:15.165 INFO           Git.Git
2025-03-26 00:01:15.165 INFO           GitHub.cli
2025-03-26 00:01:15.165 INFO     清单验证成功。
2025-03-26 00:01:15.181 INFO   Staging and Committing Changes to Git
2025-03-26 00:01:23.865 INFO     Commit message: New version: DuckStudio.Sundry version 1.1.10 (Auto)
2025-03-26 00:01:23.865 INFO   Pushing changes to remote (origin) repository
2025-03-26 00:01:30.614 INFO     Successfully pushed to remote (origin): NewVersion-DuckStudio.Sundry-1.1.10
2025-03-26 00:01:34.699 INFO     Pull request created successfully: https://github.com/microsoft/winget-pkgs/pull/242467
2025-03-26 00:01:34.699 INFO Skip version 1.1.2, because it's not in the list of versions to be modified.
2025-03-26 00:01:34.699 INFO Skip version 1.1.3, because it's not in the list of versions to be modified.
2025-03-26 00:01:34.699 INFO Skip version 1.1.4, because it's not in the list of versions to be modified.
2025-03-26 00:01:34.699 INFO Skip version 1.1.6, because it's not in the list of versions to be modified.
2025-03-26 00:01:34.699 INFO Skip version 1.1.7, because it's not in the list of versions to be modified.
2025-03-26 00:01:34.699 INFO Skip version 1.1.8, because it's not in the list of versions to be modified.
2025-03-26 00:01:34.699 INFO All manifests have been modified and pushed through.
2025-03-26 00:01:39.544 INFO Workspace clean-up completed.
~~ End of logging ~~
