~~ Start logging ~~
2026-03-23 17:44:01.844 FUN ( ´_ゝ｀)
2026-03-23 17:44:01.846 INFO Found the following version folder: ['1.0.0']
2026-03-23 17:44:01.848 INFO Processing version folder: 1.0.0
2026-03-23 17:44:01.850 INFO   Create and checkout to a new branch: New-Version-DuckStudio.PinAction-1.0.0-1774259041
2026-03-23 17:44:12.191 INFO   Processing of manifest: D:\...\winget-pkgs\manifests\d\DuckStudio\PinAction\1.0.0\DuckStudio.PinAction.installer.yaml
2026-03-23 17:44:12.195 INFO     The manifest file has been saved as: D:\...\winget-pkgs\manifests\d\DuckStudio\PinAction\1.0.0\DuckStudio.PinAction.installer.yaml
2026-03-23 17:44:12.415 INFO   Processing of manifest: D:\...\winget-pkgs\manifests\d\DuckStudio\PinAction\1.0.0\DuckStudio.PinAction.locale.en-US.yaml
2026-03-23 17:44:12.420 INFO     The manifest file has been saved as: D:\...\winget-pkgs\manifests\d\DuckStudio\PinAction\1.0.0\DuckStudio.PinAction.locale.en-US.yaml
2026-03-23 17:44:12.539 INFO   Processing of manifest: D:\...\winget-pkgs\manifests\d\DuckStudio\PinAction\1.0.0\DuckStudio.PinAction.locale.zh-CN.yaml
2026-03-23 17:44:12.543 INFO     The manifest file has been saved as: D:\...\winget-pkgs\manifests\d\DuckStudio\PinAction\1.0.0\DuckStudio.PinAction.locale.zh-CN.yaml
2026-03-23 17:44:12.671 INFO   Processing of manifest: D:\...\winget-pkgs\manifests\d\DuckStudio\PinAction\1.0.0\DuckStudio.PinAction.yaml
2026-03-23 17:44:12.675 INFO     The manifest file has been saved as: D:\...\winget-pkgs\manifests\d\DuckStudio\PinAction\1.0.0\DuckStudio.PinAction.yaml
2026-03-23 17:44:12.823 INFO   New manifests in D:\...\winget-pkgs\manifests\d\DuckStudio\PinAction\1.0.0 for DuckStudio.PinAction (1.0.0)
2026-03-23 17:44:24.561 INFO Manifest validation succeeded with "sundry validate".
2026-03-23 17:44:24.562 INFO   Staging and Committing Changes to Git
2026-03-23 17:44:34.108 INFO     Commit message: New version: DuckStudio.PinAction version 1.0.0 (Auto)
2026-03-23 17:44:46.296 INFO   Pushing changes to remote (origin) repository
2026-03-23 17:44:50.628 INFO     Successfully pushed to remote (origin): New-Version-DuckStudio.PinAction-1.0.0-1774259041
2026-03-23 17:44:55.524 INFO All manifests have been modified and pushed through.
2026-03-23 17:45:06.873 INFO Workspace clean-up completed.
~~ End of logging ~~
