~~ Start logging ~~
2026-03-23 00:30:40.571 FUN 凡是宣称“无抵押、无资质要求、低利率、放款快”的网贷广告，要求提供验证码或先交会员费、保证金、解冻费或者转账刷流水的，都是诈骗！
2026-03-23 00:30:40.577 INFO Found the following version folder: ['0.6.3', '0.8.6']
2026-03-23 00:30:40.580 VERBOSE Skip version 0.6.3, because it's not in the list of versions to be modified.
2026-03-23 00:30:40.582 INFO Processing version folder: 0.8.6
2026-03-23 00:30:40.583 INFO   Create and checkout to a new branch: New-Version-xiaobai.MyuneMusic-0.8.6-1774197040
2026-03-23 00:30:56.314 INFO   Processing of manifest: D:\...\winget-pkgs\manifests\x\xiaobai\MyuneMusic\0.8.6\xiaobai.MyuneMusic.installer.yaml
2026-03-23 00:30:56.318 INFO     The manifest file has been saved as: D:\...\winget-pkgs\manifests\x\xiaobai\MyuneMusic\0.8.6\xiaobai.MyuneMusic.installer.yaml
2026-03-23 00:30:56.599 INFO   Processing of manifest: D:\...\winget-pkgs\manifests\x\xiaobai\MyuneMusic\0.8.6\xiaobai.MyuneMusic.locale.zh-CN.yaml
2026-03-23 00:30:56.603 INFO     The manifest file has been saved as: D:\...\winget-pkgs\manifests\x\xiaobai\MyuneMusic\0.8.6\xiaobai.MyuneMusic.locale.zh-CN.yaml
2026-03-23 00:30:56.750 INFO   Processing of manifest: D:\...\winget-pkgs\manifests\x\xiaobai\MyuneMusic\0.8.6\xiaobai.MyuneMusic.yaml
2026-03-23 00:30:56.753 INFO     The manifest file has been saved as: D:\...\winget-pkgs\manifests\x\xiaobai\MyuneMusic\0.8.6\xiaobai.MyuneMusic.yaml
2026-03-23 00:30:56.938 INFO   New manifests in D:\...\winget-pkgs\manifests\x\xiaobai\MyuneMusic\0.8.6 for xiaobai.MyuneMusic (0.8.6)
2026-03-23 00:44:29.758 INFO Manifest validation succeeded with "sundry validate".
2026-03-23 00:44:29.760 INFO   Staging and Committing Changes to Git
2026-03-23 00:44:41.392 INFO     Commit message: New version: xiaobai.MyuneMusic version 0.8.6 (Auto)
2026-03-23 00:44:54.977 INFO   Pushing changes to remote (origin) repository
2026-03-23 00:45:00.120 INFO     Successfully pushed to remote (origin): New-Version-xiaobai.MyuneMusic-0.8.6-1774197040
2026-03-23 00:45:12.402 INFO All manifests have been modified and pushed through.
2026-03-23 00:45:24.445 INFO Workspace clean-up completed.
~~ End of logging ~~
