~~ Start logging ~~
2025-03-02 16:31:22.890 FUN 进不去！怎么想都进不去吧！
2025-03-02 16:31:22.890 INFO Found the following version folder: ['1.0.1', '1.0.2', '1.0.3', '1.0.5']
2025-03-02 16:31:22.984 INFO Skip version 1.0.1, because it's not in the list of versions to be modified.
2025-03-02 16:31:22.984 INFO Skip version 1.0.2, because it's not in the list of versions to be modified.
2025-03-02 16:31:22.984 INFO Skip version 1.0.3, because it's not in the list of versions to be modified.
2025-03-02 16:31:23.298 INFO Processing version folder: 1.0.5
2025-03-02 16:31:23.298 INFO   Create and checkout to a new branch: NewVersion-DuckStudio.Sundry-1.0.5
2025-03-02 16:31:27.173 INFO   Processing of manifest: D:\...\winget-pkgs\manifests\d\DuckStudio\Sundry\1.0.5\DuckStudio.Sundry.installer.yaml
2025-03-02 16:31:27.173 INFO     Cleaned up DuckStudio.Sundry.installer.yaml
2025-03-02 16:31:27.173 INFO     The modified file has been saved as: D:\...\winget-pkgs\manifests\d\DuckStudio\Sundry\1.0.5\DuckStudio.Sundry.installer.yaml
2025-03-02 16:32:55.146 INFO   Processing of manifest: D:\...\winget-pkgs\manifests\d\DuckStudio\Sundry\1.0.5\DuckStudio.Sundry.locale.en-US.yaml
2025-03-02 16:32:55.146 INFO     Cleaned up DuckStudio.Sundry.locale.en-US.yaml
2025-03-02 16:32:55.146 INFO     The modified file has been saved as: D:\...\winget-pkgs\manifests\d\DuckStudio\Sundry\1.0.5\DuckStudio.Sundry.locale.en-US.yaml
2025-03-02 16:33:06.342 INFO   Processing of manifest: D:\...\winget-pkgs\manifests\d\DuckStudio\Sundry\1.0.5\DuckStudio.Sundry.locale.zh-CN.yaml
2025-03-02 16:33:06.342 INFO     Cleaned up DuckStudio.Sundry.locale.zh-CN.yaml
2025-03-02 16:33:06.342 INFO     The modified file has been saved as: D:\...\winget-pkgs\manifests\d\DuckStudio\Sundry\1.0.5\DuckStudio.Sundry.locale.zh-CN.yaml
2025-03-02 16:34:18.269 INFO   Processing of manifest: D:\...\winget-pkgs\manifests\d\DuckStudio\Sundry\1.0.5\DuckStudio.Sundry.yaml
2025-03-02 16:34:18.285 INFO     Cleaned up DuckStudio.Sundry.yaml
2025-03-02 16:34:18.285 INFO     The modified file has been saved as: D:\...\winget-pkgs\manifests\d\DuckStudio\Sundry\1.0.5\DuckStudio.Sundry.yaml
2025-03-02 16:34:23.371 INFO   New manifests in D:\...\winget-pkgs\manifests\d\DuckStudio\Sundry\1.0.5 for DuckStudio.Sundry (1.9.0)
2025-03-02 16:34:23.590 INFO     清单具有以下未验证的依赖项;确保它们有效：
2025-03-02 16:34:23.590 INFO       - 程序包
2025-03-02 16:34:23.590 INFO           DuckStudio.GitHubLabelsManager
2025-03-02 16:34:23.590 INFO           Git.Git
2025-03-02 16:34:23.590 INFO           GitHub.cli
2025-03-02 16:34:23.590 INFO     清单验证成功。
2025-03-02 16:34:23.606 INFO   Staging and Committing Changes to Git
2025-03-02 16:34:26.952 INFO     Commit message: New version: DuckStudio.Sundry version 1.0.5 (Auto)
2025-03-02 16:34:26.952 INFO   Pushing changes to remote (origin) repository
2025-03-02 16:34:30.767 INFO     Successfully pushed to remote (origin): NewVersion-DuckStudio.Sundry-1.0.5
2025-03-02 16:34:32.786 INFO     Pull request created successfully: https://github.com/microsoft/winget-pkgs/pull/233956
2025-03-02 16:34:32.786 INFO All manifests have been modified and pushed through.
2025-03-02 16:34:35.636 INFO Workspace clean-up completed.
~~ End of logging ~~
