~~ Start logging ~~
2025-11-30 05:30:13.558 FUN 龙卷风摧毁停车场！
2025-11-30 05:30:13.571 INFO Found the following version folder: ['8.11.0', '8.12.0', '8.13.0', '8.14.0', '8.15.0', '8.17.1', '8.18.0', '8.18.1', '8.19.0', '8.21.0', '8.22.0', '8.22.1', '8.23.0', '8.23.1', '8.23.2', '8.24.0', '8.24.1', '8.25.0', '8.26.0', '8.27.0', '8.28.0', '8.29.0', '8.7.0', '8.8.1', '9.18.0', '9.19.0', '9.20.0', '9.21.0', '9.21.1', '9.22.0', '9.23.0', '9.24.0', '9.25.1', '9.26.0']
2025-11-30 05:30:13.572 INFO Skip version 8.11.0, because it's not in the list of versions to be modified.
2025-11-30 05:30:13.574 INFO Skip version 8.12.0, because it's not in the list of versions to be modified.
2025-11-30 05:30:13.575 INFO Skip version 8.13.0, because it's not in the list of versions to be modified.
2025-11-30 05:30:13.576 INFO Skip version 8.14.0, because it's not in the list of versions to be modified.
2025-11-30 05:30:13.578 INFO Skip version 8.15.0, because it's not in the list of versions to be modified.
2025-11-30 05:30:13.579 INFO Skip version 8.17.1, because it's not in the list of versions to be modified.
2025-11-30 05:30:13.580 INFO Skip version 8.18.0, because it's not in the list of versions to be modified.
2025-11-30 05:30:13.581 INFO Skip version 8.18.1, because it's not in the list of versions to be modified.
2025-11-30 05:30:13.582 INFO Skip version 8.19.0, because it's not in the list of versions to be modified.
2025-11-30 05:30:13.584 INFO Skip version 8.21.0, because it's not in the list of versions to be modified.
2025-11-30 05:30:13.585 INFO Skip version 8.22.0, because it's not in the list of versions to be modified.
2025-11-30 05:30:13.587 INFO Skip version 8.22.1, because it's not in the list of versions to be modified.
2025-11-30 05:30:13.588 INFO Skip version 8.23.0, because it's not in the list of versions to be modified.
2025-11-30 05:30:13.589 INFO Skip version 8.23.1, because it's not in the list of versions to be modified.
2025-11-30 05:30:13.590 INFO Skip version 8.23.2, because it's not in the list of versions to be modified.
2025-11-30 05:30:13.591 INFO Skip version 8.24.0, because it's not in the list of versions to be modified.
2025-11-30 05:30:13.592 INFO Skip version 8.24.1, because it's not in the list of versions to be modified.
2025-11-30 05:30:13.593 INFO Skip version 8.25.0, because it's not in the list of versions to be modified.
2025-11-30 05:30:13.595 INFO Skip version 8.26.0, because it's not in the list of versions to be modified.
2025-11-30 05:30:13.596 INFO Skip version 8.27.0, because it's not in the list of versions to be modified.
2025-11-30 05:30:13.597 INFO Skip version 8.28.0, because it's not in the list of versions to be modified.
2025-11-30 05:30:13.598 INFO Skip version 8.29.0, because it's not in the list of versions to be modified.
2025-11-30 05:30:13.600 INFO Skip version 8.7.0, because it's not in the list of versions to be modified.
2025-11-30 05:30:13.601 INFO Skip version 8.8.1, because it's not in the list of versions to be modified.
2025-11-30 05:30:13.602 INFO Skip version 9.18.0, because it's not in the list of versions to be modified.
2025-11-30 05:30:13.604 INFO Skip version 9.19.0, because it's not in the list of versions to be modified.
2025-11-30 05:30:13.605 INFO Skip version 9.20.0, because it's not in the list of versions to be modified.
2025-11-30 05:30:13.607 INFO Skip version 9.21.0, because it's not in the list of versions to be modified.
2025-11-30 05:30:13.608 INFO Processing version folder: 9.21.1
2025-11-30 05:30:13.609 INFO   Create and checkout to a new branch: Modify-S-OliverSchwendener.ueli-9.21.1-1764451813
2025-11-30 05:30:29.406 INFO   Processing of manifest: D:\...\winget-pkgs\manifests\o\OliverSchwendener\ueli\9.21.1\OliverSchwendener.ueli.installer.yaml
2025-11-30 05:30:29.409 INFO     Replace ManifestVersion: 1.9.0 -> 1.10.0
2025-11-30 05:30:29.411 INFO     Replace schema references: 1.9.0.schema.json -> 1.10.0.schema.json
2025-11-30 05:30:29.412 INFO     The manifest file has been saved as: D:\...\winget-pkgs\manifests\o\OliverSchwendener\ueli\9.21.1\OliverSchwendener.ueli.installer.yaml
2025-11-30 05:30:29.584 INFO   Processing of manifest: D:\...\winget-pkgs\manifests\o\OliverSchwendener\ueli\9.21.1\OliverSchwendener.ueli.locale.en-US.yaml
2025-11-30 05:30:29.589 INFO     Replace ManifestVersion: 1.9.0 -> 1.10.0
2025-11-30 05:30:29.590 INFO     Replace schema references: 1.9.0.schema.json -> 1.10.0.schema.json
2025-11-30 05:30:29.592 INFO     The manifest file has been saved as: D:\...\winget-pkgs\manifests\o\OliverSchwendener\ueli\9.21.1\OliverSchwendener.ueli.locale.en-US.yaml
2025-11-30 05:30:29.683 INFO   Processing of manifest: D:\...\winget-pkgs\manifests\o\OliverSchwendener\ueli\9.21.1\OliverSchwendener.ueli.yaml
2025-11-30 05:30:29.686 INFO     Replace ManifestVersion: 1.9.0 -> 1.10.0
2025-11-30 05:30:29.687 INFO     Replace schema references: 1.9.0.schema.json -> 1.10.0.schema.json
2025-11-30 05:30:29.690 INFO     The manifest file has been saved as: D:\...\winget-pkgs\manifests\o\OliverSchwendener\ueli\9.21.1\OliverSchwendener.ueli.yaml
2025-11-30 05:31:23.407 INFO Manifest validation succeeded with "sundry validate".
2025-11-30 05:31:23.408 INFO   Staging and Committing Changes to Git
2025-11-30 05:31:36.361 INFO     Commit message: Modify: OliverSchwendener.ueli version 9.21.1 (Auto)
2025-11-30 05:31:36.362 INFO   Pushing changes to remote (origin) repository
2025-11-30 05:31:42.662 INFO     Successfully pushed to remote (origin): Modify-S-OliverSchwendener.ueli-9.21.1-1764451813
2025-11-30 05:31:47.380 INFO     Pull request created successfully: https://github.com/microsoft/winget-pkgs/pull/318335
2025-11-30 05:31:47.382 INFO Skip version 9.22.0, because it's not in the list of versions to be modified.
2025-11-30 05:31:47.383 INFO Skip version 9.23.0, because it's not in the list of versions to be modified.
2025-11-30 05:31:47.385 INFO Skip version 9.24.0, because it's not in the list of versions to be modified.
2025-11-30 05:31:47.386 INFO Skip version 9.25.1, because it's not in the list of versions to be modified.
2025-11-30 05:31:47.388 INFO Skip version 9.26.0, because it's not in the list of versions to be modified.
2025-11-30 05:31:47.389 INFO All manifests have been modified and pushed through.
2025-11-30 05:31:54.619 INFO Workspace clean-up completed.
~~ End of logging ~~
