~~ Start logging ~~
2025-06-23 22:20:41.984 FUN Oi！
2025-06-23 22:20:42.796 INFO Found the following version folder: ['1.0.1', '1.0.10', '1.0.11', '1.0.2', '1.0.3', '1.0.4', '1.0.5', '1.0.6', '1.0.7', '1.0.8', '1.0.9', '1.1.0', '1.1.1', '1.1.10', '1.1.11', '1.1.12', '1.1.13', '1.1.14', '1.1.2', '1.1.3', '1.1.4', '1.1.6', '1.1.7', '1.1.8', '1.1.9', '1.2.0', '1.2.1', '1.2.2', '1.2.3', '1.2.5']
2025-06-23 22:20:42.884 INFO Skip version 1.0.1, because it's not in the list of versions to be modified.
2025-06-23 22:20:42.100 INFO Skip version 1.0.10, because it's not in the list of versions to be modified.
2025-06-23 22:20:42.110 INFO Skip version 1.0.11, because it's not in the list of versions to be modified.
2025-06-23 22:20:42.122 INFO Skip version 1.0.2, because it's not in the list of versions to be modified.
2025-06-23 22:20:42.129 INFO Skip version 1.0.3, because it's not in the list of versions to be modified.
2025-06-23 22:20:42.136 INFO Skip version 1.0.4, because it's not in the list of versions to be modified.
2025-06-23 22:20:42.144 INFO Skip version 1.0.5, because it's not in the list of versions to be modified.
2025-06-23 22:20:42.150 INFO Skip version 1.0.6, because it's not in the list of versions to be modified.
2025-06-23 22:20:42.157 INFO Skip version 1.0.7, because it's not in the list of versions to be modified.
2025-06-23 22:20:42.167 INFO Skip version 1.0.8, because it's not in the list of versions to be modified.
2025-06-23 22:20:42.178 INFO Skip version 1.0.9, because it's not in the list of versions to be modified.
2025-06-23 22:20:42.187 INFO Skip version 1.1.0, because it's not in the list of versions to be modified.
2025-06-23 22:20:42.194 INFO Skip version 1.1.1, because it's not in the list of versions to be modified.
2025-06-23 22:20:42.201 INFO Skip version 1.1.10, because it's not in the list of versions to be modified.
2025-06-23 22:20:42.209 INFO Skip version 1.1.11, because it's not in the list of versions to be modified.
2025-06-23 22:20:42.217 INFO Skip version 1.1.12, because it's not in the list of versions to be modified.
2025-06-23 22:20:42.224 INFO Skip version 1.1.13, because it's not in the list of versions to be modified.
2025-06-23 22:20:42.233 INFO Skip version 1.1.14, because it's not in the list of versions to be modified.
2025-06-23 22:20:42.240 INFO Skip version 1.1.2, because it's not in the list of versions to be modified.
2025-06-23 22:20:42.248 INFO Skip version 1.1.3, because it's not in the list of versions to be modified.
2025-06-23 22:20:42.257 INFO Skip version 1.1.4, because it's not in the list of versions to be modified.
2025-06-23 22:20:42.266 INFO Skip version 1.1.6, because it's not in the list of versions to be modified.
2025-06-23 22:20:42.273 INFO Skip version 1.1.7, because it's not in the list of versions to be modified.
2025-06-23 22:20:42.281 INFO Skip version 1.1.8, because it's not in the list of versions to be modified.
2025-06-23 22:20:42.288 INFO Skip version 1.1.9, because it's not in the list of versions to be modified.
2025-06-23 22:20:42.294 INFO Skip version 1.2.0, because it's not in the list of versions to be modified.
2025-06-23 22:20:42.301 INFO Skip version 1.2.1, because it's not in the list of versions to be modified.
2025-06-23 22:20:42.306 INFO Skip version 1.2.2, because it's not in the list of versions to be modified.
2025-06-23 22:20:42.312 INFO Skip version 1.2.3, because it's not in the list of versions to be modified.
2025-06-23 22:20:42.320 INFO Processing version folder: 1.2.5
2025-06-23 22:20:42.328 INFO   Create and checkout to a new branch: New-Version-DuckStudio.Sundry-1.2.5-1750688442
2025-06-23 22:20:50.558 INFO   Processing of manifest: D:\...\winget-pkgs\manifests\d\DuckStudio\Sundry\1.2.5\DuckStudio.Sundry.installer.yaml
2025-06-23 22:20:50.559 INFO     The manifest file has been saved as: D:\...\winget-pkgs\manifests\d\DuckStudio\Sundry\1.2.5\DuckStudio.Sundry.installer.yaml
2025-06-23 22:20:50.722 INFO   Processing of manifest: D:\...\winget-pkgs\manifests\d\DuckStudio\Sundry\1.2.5\DuckStudio.Sundry.locale.en-US.yaml
2025-06-23 22:20:50.724 INFO     The manifest file has been saved as: D:\...\winget-pkgs\manifests\d\DuckStudio\Sundry\1.2.5\DuckStudio.Sundry.locale.en-US.yaml
2025-06-23 22:20:50.832 INFO   Processing of manifest: D:\...\winget-pkgs\manifests\d\DuckStudio\Sundry\1.2.5\DuckStudio.Sundry.locale.zh-CN.yaml
2025-06-23 22:20:50.834 INFO     The manifest file has been saved as: D:\...\winget-pkgs\manifests\d\DuckStudio\Sundry\1.2.5\DuckStudio.Sundry.locale.zh-CN.yaml
2025-06-23 22:20:50.964 INFO   Processing of manifest: D:\...\winget-pkgs\manifests\d\DuckStudio\Sundry\1.2.5\DuckStudio.Sundry.yaml
2025-06-23 22:20:50.967 INFO     The manifest file has been saved as: D:\...\winget-pkgs\manifests\d\DuckStudio\Sundry\1.2.5\DuckStudio.Sundry.yaml
2025-06-23 22:20:51.955 INFO   New manifests in D:\...\winget-pkgs\manifests\d\DuckStudio\Sundry\1.2.5 for DuckStudio.Sundry (1.2.5)
2025-06-23 22:23:29.885 INFO     清单具有以下未验证的依赖项;确保它们有效：
2025-06-23 22:23:29.886 INFO       - 程序包
2025-06-23 22:23:29.887 INFO           DuckStudio.GitHubLabelsManager [>= 1.7]
2025-06-23 22:23:29.888 INFO           Git.Git
2025-06-23 22:23:29.889 INFO           GitHub.cli
2025-06-23 22:23:29.890 INFO     清单验证成功。
2025-06-23 22:23:29.893 INFO   Staging and Committing Changes to Git
2025-06-23 22:23:34.307 INFO     Commit message: New version: DuckStudio.Sundry version 1.2.5 (Auto)
2025-06-23 22:23:34.308 INFO   Pushing changes to remote (origin) repository
2025-06-23 22:23:38.827 INFO     Successfully pushed to remote (origin): New-Version-DuckStudio.Sundry-1.2.5-1750688442
2025-06-23 22:23:40.809 INFO     Pull request created successfully: https://github.com/microsoft/winget-pkgs/pull/267672
2025-06-23 22:23:40.811 INFO All manifests have been modified and pushed through.
2025-06-23 22:23:45.347 INFO Workspace clean-up completed.
~~ End of logging ~~
