~~ Start logging ~~
2025-06-23 22:13:23.150 FUN Oi！
2025-06-23 22:13:23.169 INFO Found the following version folder: ['1.0.1', '1.0.10', '1.0.11', '1.0.2', '1.0.3', '1.0.4', '1.0.5', '1.0.6', '1.0.7', '1.0.8', '1.0.9', '1.1.0', '1.1.1', '1.1.10', '1.1.11', '1.1.12', '1.1.13', '1.1.14', '1.1.2', '1.1.3', '1.1.4', '1.1.6', '1.1.7', '1.1.8', '1.1.9', '1.2.0', '1.2.1', '1.2.2', '1.2.3', '1.2.7']
2025-06-23 22:13:23.169 INFO Skip version 1.0.1, because it's not in the list of versions to be modified.
2025-06-23 22:13:23.170 INFO Skip version 1.0.10, because it's not in the list of versions to be modified.
2025-06-23 22:13:23.171 INFO Skip version 1.0.11, because it's not in the list of versions to be modified.
2025-06-23 22:13:23.172 INFO Skip version 1.0.2, because it's not in the list of versions to be modified.
2025-06-23 22:13:23.172 INFO Skip version 1.0.3, because it's not in the list of versions to be modified.
2025-06-23 22:13:23.173 INFO Skip version 1.0.4, because it's not in the list of versions to be modified.
2025-06-23 22:13:23.173 INFO Skip version 1.0.5, because it's not in the list of versions to be modified.
2025-06-23 22:13:23.174 INFO Skip version 1.0.6, because it's not in the list of versions to be modified.
2025-06-23 22:13:23.174 INFO Skip version 1.0.7, because it's not in the list of versions to be modified.
2025-06-23 22:13:23.175 INFO Skip version 1.0.8, because it's not in the list of versions to be modified.
2025-06-23 22:13:23.175 INFO Skip version 1.0.9, because it's not in the list of versions to be modified.
2025-06-23 22:13:23.176 INFO Skip version 1.1.0, because it's not in the list of versions to be modified.
2025-06-23 22:13:23.176 INFO Skip version 1.1.1, because it's not in the list of versions to be modified.
2025-06-23 22:13:23.177 INFO Skip version 1.1.10, because it's not in the list of versions to be modified.
2025-06-23 22:13:23.177 INFO Skip version 1.1.11, because it's not in the list of versions to be modified.
2025-06-23 22:13:23.178 INFO Skip version 1.1.12, because it's not in the list of versions to be modified.
2025-06-23 22:13:23.178 INFO Skip version 1.1.13, because it's not in the list of versions to be modified.
2025-06-23 22:13:23.179 INFO Skip version 1.1.14, because it's not in the list of versions to be modified.
2025-06-23 22:13:23.179 INFO Skip version 1.1.2, because it's not in the list of versions to be modified.
2025-06-23 22:13:23.179 INFO Skip version 1.1.3, because it's not in the list of versions to be modified.
2025-06-23 22:13:23.180 INFO Skip version 1.1.4, because it's not in the list of versions to be modified.
2025-06-23 22:13:23.180 INFO Skip version 1.1.6, because it's not in the list of versions to be modified.
2025-06-23 22:13:23.181 INFO Skip version 1.1.7, because it's not in the list of versions to be modified.
2025-06-23 22:13:23.182 INFO Skip version 1.1.8, because it's not in the list of versions to be modified.
2025-06-23 22:13:23.182 INFO Skip version 1.1.9, because it's not in the list of versions to be modified.
2025-06-23 22:13:23.183 INFO Skip version 1.2.0, because it's not in the list of versions to be modified.
2025-06-23 22:13:23.184 INFO Skip version 1.2.1, because it's not in the list of versions to be modified.
2025-06-23 22:13:23.185 INFO Skip version 1.2.2, because it's not in the list of versions to be modified.
2025-06-23 22:13:23.185 INFO Skip version 1.2.3, because it's not in the list of versions to be modified.
2025-06-23 22:13:23.186 INFO Processing version folder: 1.2.7
2025-06-23 22:13:23.186 INFO   Create and checkout to a new branch: New-Version-DuckStudio.Sundry-1.2.7-1750688003
2025-06-23 22:13:32.654 INFO   Processing of manifest: D:\...\winget-pkgs\manifests\d\DuckStudio\Sundry\1.2.7\DuckStudio.Sundry.installer.yaml
2025-06-23 22:13:32.670 INFO     The manifest file has been saved as: D:\...\winget-pkgs\manifests\d\DuckStudio\Sundry\1.2.7\DuckStudio.Sundry.installer.yaml
2025-06-23 22:13:32.216 INFO   Processing of manifest: D:\...\winget-pkgs\manifests\d\DuckStudio\Sundry\1.2.7\DuckStudio.Sundry.locale.en-US.yaml
2025-06-23 22:13:32.218 INFO     The manifest file has been saved as: D:\...\winget-pkgs\manifests\d\DuckStudio\Sundry\1.2.7\DuckStudio.Sundry.locale.en-US.yaml
2025-06-23 22:13:32.321 INFO   Processing of manifest: D:\...\winget-pkgs\manifests\d\DuckStudio\Sundry\1.2.7\DuckStudio.Sundry.locale.zh-CN.yaml
2025-06-23 22:13:32.323 INFO     The manifest file has been saved as: D:\...\winget-pkgs\manifests\d\DuckStudio\Sundry\1.2.7\DuckStudio.Sundry.locale.zh-CN.yaml
2025-06-23 22:13:32.443 INFO   Processing of manifest: D:\...\winget-pkgs\manifests\d\DuckStudio\Sundry\1.2.7\DuckStudio.Sundry.yaml
2025-06-23 22:13:32.445 INFO     The manifest file has been saved as: D:\...\winget-pkgs\manifests\d\DuckStudio\Sundry\1.2.7\DuckStudio.Sundry.yaml
2025-06-23 22:13:32.589 INFO   New manifests in D:\...\winget-pkgs\manifests\d\DuckStudio\Sundry\1.2.7 for DuckStudio.Sundry (1.2.7)
2025-06-23 22:15:46.444 INFO     清单具有以下未验证的依赖项;确保它们有效：
2025-06-23 22:15:46.445 INFO       - 程序包
2025-06-23 22:15:46.448 INFO           DuckStudio.GitHubLabelsManager [>= 1.7]
2025-06-23 22:15:46.450 INFO           Git.Git
2025-06-23 22:15:46.452 INFO           GitHub.cli
2025-06-23 22:15:46.453 INFO     清单验证成功。
2025-06-23 22:15:46.460 INFO   Staging and Committing Changes to Git
2025-06-23 22:15:55.466 INFO     Commit message: New version: DuckStudio.Sundry version 1.2.7 (Auto)
2025-06-23 22:15:55.467 INFO   Pushing changes to remote (origin) repository
2025-06-23 22:15:59.828 INFO     Successfully pushed to remote (origin): New-Version-DuckStudio.Sundry-1.2.7-1750688003
2025-06-23 22:16:02.819 INFO     Pull request created successfully: https://github.com/microsoft/winget-pkgs/pull/267670
2025-06-23 22:16:02.836 INFO All manifests have been modified and pushed through.
2025-06-23 22:16:07.203 INFO Workspace clean-up completed.
~~ End of logging ~~
