~~ Start logging ~~
2026-01-08 22:27:16.280 FUN 啊？
2026-01-08 22:27:16.283 INFO Found the following version folder: ['1.0.1']
2026-01-08 22:27:16.284 INFO Processing version folder: 1.0.1
2026-01-08 22:27:16.286 INFO   Create and checkout to a new branch: Modify-S-REVENGE.StremioEnhanced-1.0.1-1767882436
2026-01-08 22:27:42.671 INFO   Processing of manifest: D:\...\winget-pkgs\manifests\r\REVENGE\StremioEnhanced\1.0.1\REVENGE.StremioEnhanced.installer.yaml
2026-01-08 22:27:42.675 INFO     The manifest file has been saved as: D:\...\winget-pkgs\manifests\r\REVENGE\StremioEnhanced\1.0.1\REVENGE.StremioEnhanced.installer.yaml
2026-01-08 22:27:43.282 INFO   Processing of manifest: D:\...\winget-pkgs\manifests\r\REVENGE\StremioEnhanced\1.0.1\REVENGE.StremioEnhanced.locale.en-US.yaml
2026-01-08 22:27:43.344 INFO     The manifest file has been saved as: D:\...\winget-pkgs\manifests\r\REVENGE\StremioEnhanced\1.0.1\REVENGE.StremioEnhanced.locale.en-US.yaml
2026-01-08 22:27:43.212 INFO   Processing of manifest: D:\...\winget-pkgs\manifests\r\REVENGE\StremioEnhanced\1.0.1\REVENGE.StremioEnhanced.yaml
2026-01-08 22:27:43.221 INFO     The manifest file has been saved as: D:\...\winget-pkgs\manifests\r\REVENGE\StremioEnhanced\1.0.1\REVENGE.StremioEnhanced.yaml
2026-01-08 22:33:01.770 INFO Manifest validation succeeded with "sundry validate".
2026-01-08 22:33:01.772 INFO   Staging and Committing Changes to Git
2026-01-08 22:33:48.476 INFO     Commit message: Modify: REVENGE.StremioEnhanced version 1.0.1 (Auto)
2026-01-08 22:33:48.479 INFO   Pushing changes to remote (origin) repository
2026-01-08 22:37:26.374 INFO     Successfully pushed to remote (origin): Modify-S-REVENGE.StremioEnhanced-1.0.1-1767882436
2026-01-08 22:37:30.588 INFO     Pull request created successfully: https://github.com/microsoft/winget-pkgs/pull/328811
2026-01-08 22:37:30.591 INFO All manifests have been modified and pushed through.
2026-01-08 22:37:41.539 INFO Workspace clean-up completed.
~~ End of logging ~~
