~~ Start logging ~~
2025-04-20 09:43:11.611 FUN qaq
2025-04-20 09:43:11.629 INFO Found the following version folder: ['2024.1009.1', '2024.1115.1', '2024.1115.2', '2024.1115.3', '2024.1208.0', '2024.1219.2', '2024.1224.1', '2024.412.1', '2024.521.2', '2024.625.0', '2024.625.2', '2024.906.2', '2025.101.0', '2025.118.2', '2025.118.3', '2025.220.0', '2025.221.0', '2025.225.0', '2025.306.0', '2025.310.0', '2025.321.0', '2025.418.0', 'stable']
2025-04-20 09:43:11.789 INFO Skip version 2024.1009.1, because it's not in the list of versions to be modified.
2025-04-20 09:43:11.791 INFO Skip version 2024.1115.1, because it's not in the list of versions to be modified.
2025-04-20 09:43:11.792 INFO Skip version 2024.1115.2, because it's not in the list of versions to be modified.
2025-04-20 09:43:11.793 INFO Skip version 2024.1115.3, because it's not in the list of versions to be modified.
2025-04-20 09:43:11.795 INFO Skip version 2024.1208.0, because it's not in the list of versions to be modified.
2025-04-20 09:43:11.796 INFO Skip version 2024.1219.2, because it's not in the list of versions to be modified.
2025-04-20 09:43:11.797 INFO Skip version 2024.1224.1, because it's not in the list of versions to be modified.
2025-04-20 09:43:11.798 INFO Skip version 2024.412.1, because it's not in the list of versions to be modified.
2025-04-20 09:43:11.798 INFO Skip version 2024.521.2, because it's not in the list of versions to be modified.
2025-04-20 09:43:11.799 INFO Skip version 2024.625.0, because it's not in the list of versions to be modified.
2025-04-20 09:43:11.800 INFO Skip version 2024.625.2, because it's not in the list of versions to be modified.
2025-04-20 09:43:11.801 INFO Skip version 2024.906.2, because it's not in the list of versions to be modified.
2025-04-20 09:43:11.801 INFO Skip version 2025.101.0, because it's not in the list of versions to be modified.
2025-04-20 09:43:11.802 INFO Skip version 2025.118.2, because it's not in the list of versions to be modified.
2025-04-20 09:43:11.804 INFO Skip version 2025.118.3, because it's not in the list of versions to be modified.
2025-04-20 09:43:11.805 INFO Skip version 2025.220.0, because it's not in the list of versions to be modified.
2025-04-20 09:43:11.807 INFO Skip version 2025.221.0, because it's not in the list of versions to be modified.
2025-04-20 09:43:11.808 INFO Skip version 2025.225.0, because it's not in the list of versions to be modified.
2025-04-20 09:43:11.809 INFO Skip version 2025.306.0, because it's not in the list of versions to be modified.
2025-04-20 09:43:11.810 INFO Skip version 2025.310.0, because it's not in the list of versions to be modified.
2025-04-20 09:43:11.811 INFO Skip version 2025.321.0, because it's not in the list of versions to be modified.
2025-04-20 09:43:11.813 INFO Processing version folder: 2025.418.0
2025-04-20 09:43:11.814 INFO   Create and checkout to a new branch: NewVersion-ppy.osu-2025.418.0-1745113391
2025-04-20 09:43:22.411 INFO   Processing of manifest: D:\...\winget-pkgs\manifests\p\ppy\osu\2025.418.0\ppy.osu.installer.yaml
2025-04-20 09:43:22.413 INFO     Replace ManifestVersion: 1.9.0 -> 1.10.0
2025-04-20 09:43:22.414 INFO     Replace schema references: 1.9.0.schema.json -> 1.10.0.schema.json
2025-04-20 09:43:22.415 INFO     Cleaned up ppy.osu.installer.yaml
2025-04-20 09:43:22.418 INFO     The manifest file has been saved as: D:\...\winget-pkgs\manifests\p\ppy\osu\2025.418.0\ppy.osu.installer.yaml
2025-04-20 09:43:22.737 INFO   Processing of manifest: D:\...\winget-pkgs\manifests\p\ppy\osu\2025.418.0\ppy.osu.locale.en-US.yaml
2025-04-20 09:43:22.741 INFO     Replace ManifestVersion: 1.9.0 -> 1.10.0
2025-04-20 09:43:22.742 INFO     Replace schema references: 1.9.0.schema.json -> 1.10.0.schema.json
2025-04-20 09:43:22.743 INFO     Cleaned up ppy.osu.locale.en-US.yaml
2025-04-20 09:43:22.746 INFO     The manifest file has been saved as: D:\...\winget-pkgs\manifests\p\ppy\osu\2025.418.0\ppy.osu.locale.en-US.yaml
2025-04-20 09:43:23.294 INFO   Processing of manifest: D:\...\winget-pkgs\manifests\p\ppy\osu\2025.418.0\ppy.osu.locale.ja-JP.yaml
2025-04-20 09:43:23.318 INFO     Replace ManifestVersion: 1.9.0 -> 1.10.0
2025-04-20 09:43:23.454 INFO     Replace schema references: 1.9.0.schema.json -> 1.10.0.schema.json
2025-04-20 09:43:23.466 INFO     Cleaned up ppy.osu.locale.ja-JP.yaml
2025-04-20 09:43:23.502 INFO     The manifest file has been saved as: D:\...\winget-pkgs\manifests\p\ppy\osu\2025.418.0\ppy.osu.locale.ja-JP.yaml
2025-04-20 09:43:23.332 INFO   Processing of manifest: D:\...\winget-pkgs\manifests\p\ppy\osu\2025.418.0\ppy.osu.locale.zh-CN.yaml
2025-04-20 09:43:23.347 INFO     Replace ManifestVersion: 1.9.0 -> 1.10.0
2025-04-20 09:43:23.350 INFO     Replace schema references: 1.9.0.schema.json -> 1.10.0.schema.json
2025-04-20 09:43:23.352 INFO     Cleaned up ppy.osu.locale.zh-CN.yaml
2025-04-20 09:43:23.357 INFO     The manifest file has been saved as: D:\...\winget-pkgs\manifests\p\ppy\osu\2025.418.0\ppy.osu.locale.zh-CN.yaml
2025-04-20 09:43:23.657 INFO   Processing of manifest: D:\...\winget-pkgs\manifests\p\ppy\osu\2025.418.0\ppy.osu.yaml
2025-04-20 09:43:23.659 INFO     Replace ManifestVersion: 1.9.0 -> 1.10.0
2025-04-20 09:43:23.662 INFO     Replace schema references: 1.9.0.schema.json -> 1.10.0.schema.json
2025-04-20 09:43:23.663 INFO     Cleaned up ppy.osu.yaml
2025-04-20 09:43:23.666 INFO     The manifest file has been saved as: D:\...\winget-pkgs\manifests\p\ppy\osu\2025.418.0\ppy.osu.yaml
2025-04-20 09:43:24.132 INFO   New manifests in D:\...\winget-pkgs\manifests\p\ppy\osu\2025.418.0 for ppy.osu (2025.418.0)
2025-04-20 09:48:30.172 INFO     清单验证成功，但出现警告。
2025-04-20 09:48:30.173 INFO     Manifest Warning: Silent and SilentWithProgress switches are not specified for InstallerType exe. Please make sure the installer can run unattended.
2025-04-20 09:48:30.174 INFO     
2025-04-20 09:48:49.702 INFO Manifest Error Fixed.
2025-04-20 09:48:49.704 INFO   Staging and Committing Changes to Git
2025-04-20 09:49:08.752 INFO     Commit message: New version: ppy.osu version 2025.418.0 (Auto)
2025-04-20 09:49:08.756 INFO   Pushing changes to remote (origin) repository
2025-04-20 09:49:15.897 INFO     Successfully pushed to remote (origin): NewVersion-ppy.osu-2025.418.0-1745113391
2025-04-20 09:49:17.390 INFO     Pull request created successfully: https://github.com/microsoft/winget-pkgs/pull/249747
2025-04-20 09:49:17.393 INFO Skip version stable, because it's not in the list of versions to be modified.
2025-04-20 09:49:17.394 INFO All manifests have been modified and pushed through.
2025-04-20 09:49:23.401 INFO Workspace clean-up completed.
~~ End of logging ~~
