~~ Start logging ~~
2025-06-10 20:17:58.735 FUN 算了懒得写了
2025-06-10 20:17:58.741 INFO Found the following version folder: ['1.0.1', '1.0.10', '1.0.11', '1.0.2', '1.0.3', '1.0.4', '1.0.5', '1.0.6', '1.0.7', '1.0.8', '1.0.9', '1.1.0', '1.1.1', '1.1.10', '1.1.11', '1.1.12', '1.1.13', '1.1.14', '1.1.2', '1.1.3', '1.1.4', '1.1.6', '1.1.7', '1.1.8', '1.1.9', '1.2.0', '1.2.1', '1.2.2', '1.2.3']
2025-06-10 20:17:58.742 INFO Skip version 1.0.1, because it's not in the list of versions to be modified.
2025-06-10 20:17:58.743 INFO Skip version 1.0.10, because it's not in the list of versions to be modified.
2025-06-10 20:17:58.744 INFO Skip version 1.0.11, because it's not in the list of versions to be modified.
2025-06-10 20:17:58.745 INFO Skip version 1.0.2, because it's not in the list of versions to be modified.
2025-06-10 20:17:58.747 INFO Skip version 1.0.3, because it's not in the list of versions to be modified.
2025-06-10 20:17:58.748 INFO Skip version 1.0.4, because it's not in the list of versions to be modified.
2025-06-10 20:17:58.749 INFO Skip version 1.0.5, because it's not in the list of versions to be modified.
2025-06-10 20:17:58.750 INFO Skip version 1.0.6, because it's not in the list of versions to be modified.
2025-06-10 20:17:58.751 INFO Skip version 1.0.7, because it's not in the list of versions to be modified.
2025-06-10 20:17:58.752 INFO Skip version 1.0.8, because it's not in the list of versions to be modified.
2025-06-10 20:17:58.753 INFO Skip version 1.0.9, because it's not in the list of versions to be modified.
2025-06-10 20:17:58.754 INFO Skip version 1.1.0, because it's not in the list of versions to be modified.
2025-06-10 20:17:58.755 INFO Skip version 1.1.1, because it's not in the list of versions to be modified.
2025-06-10 20:17:58.756 INFO Skip version 1.1.10, because it's not in the list of versions to be modified.
2025-06-10 20:17:58.758 INFO Skip version 1.1.11, because it's not in the list of versions to be modified.
2025-06-10 20:17:58.759 INFO Skip version 1.1.12, because it's not in the list of versions to be modified.
2025-06-10 20:17:58.760 INFO Skip version 1.1.13, because it's not in the list of versions to be modified.
2025-06-10 20:17:58.761 INFO Skip version 1.1.14, because it's not in the list of versions to be modified.
2025-06-10 20:17:58.761 INFO Skip version 1.1.2, because it's not in the list of versions to be modified.
2025-06-10 20:17:58.762 INFO Skip version 1.1.3, because it's not in the list of versions to be modified.
2025-06-10 20:17:58.763 INFO Skip version 1.1.4, because it's not in the list of versions to be modified.
2025-06-10 20:17:58.764 INFO Skip version 1.1.6, because it's not in the list of versions to be modified.
2025-06-10 20:17:58.765 INFO Skip version 1.1.7, because it's not in the list of versions to be modified.
2025-06-10 20:17:58.766 INFO Skip version 1.1.8, because it's not in the list of versions to be modified.
2025-06-10 20:17:58.768 INFO Skip version 1.1.9, because it's not in the list of versions to be modified.
2025-06-10 20:17:58.769 INFO Skip version 1.2.0, because it's not in the list of versions to be modified.
2025-06-10 20:17:58.770 INFO Skip version 1.2.1, because it's not in the list of versions to be modified.
2025-06-10 20:17:58.771 INFO Skip version 1.2.2, because it's not in the list of versions to be modified.
2025-06-10 20:17:58.773 INFO Processing version folder: 1.2.3
2025-06-10 20:17:58.774 INFO   Create and checkout to a new branch: New-Version-DuckStudio.Sundry-1.2.3-1749557878
2025-06-10 20:18:10.477 INFO   Processing of manifest: D:\...\winget-pkgs\manifests\d\DuckStudio\Sundry\1.2.3\DuckStudio.Sundry.installer.yaml
2025-06-10 20:18:10.479 INFO     The manifest file has been saved as: D:\...\winget-pkgs\manifests\d\DuckStudio\Sundry\1.2.3\DuckStudio.Sundry.installer.yaml
2025-06-10 20:18:10.748 INFO   Processing of manifest: D:\...\winget-pkgs\manifests\d\DuckStudio\Sundry\1.2.3\DuckStudio.Sundry.locale.en-US.yaml
2025-06-10 20:18:10.750 INFO     The manifest file has been saved as: D:\...\winget-pkgs\manifests\d\DuckStudio\Sundry\1.2.3\DuckStudio.Sundry.locale.en-US.yaml
2025-06-10 20:18:10.865 INFO   Processing of manifest: D:\...\winget-pkgs\manifests\d\DuckStudio\Sundry\1.2.3\DuckStudio.Sundry.locale.zh-CN.yaml
2025-06-10 20:18:10.868 INFO     The manifest file has been saved as: D:\...\winget-pkgs\manifests\d\DuckStudio\Sundry\1.2.3\DuckStudio.Sundry.locale.zh-CN.yaml
2025-06-10 20:18:10.985 INFO   Processing of manifest: D:\...\winget-pkgs\manifests\d\DuckStudio\Sundry\1.2.3\DuckStudio.Sundry.yaml
2025-06-10 20:18:10.988 INFO     The manifest file has been saved as: D:\...\winget-pkgs\manifests\d\DuckStudio\Sundry\1.2.3\DuckStudio.Sundry.yaml
2025-06-10 20:18:11.120 INFO   New manifests in D:\...\winget-pkgs\manifests\d\DuckStudio\Sundry\1.2.3 for DuckStudio.Sundry (1.2.3)
2025-06-10 20:18:11.614 INFO     清单具有以下未验证的依赖项;确保它们有效：
2025-06-10 20:18:11.616 INFO       - 程序包
2025-06-10 20:18:11.620 INFO           DuckStudio.GitHubLabelsManager [>= 1.7]
2025-06-10 20:18:11.622 INFO           Git.Git
2025-06-10 20:18:11.623 INFO           GitHub.cli
2025-06-10 20:18:11.625 INFO     清单验证成功。
2025-06-10 20:18:11.681 INFO   Staging and Committing Changes to Git
2025-06-10 20:18:27.536 INFO     Commit message: New version: DuckStudio.Sundry version 1.2.3 (Auto)
2025-06-10 20:18:27.537 INFO   Pushing changes to remote (origin) repository
2025-06-10 20:18:32.365 INFO     Successfully pushed to remote (origin): New-Version-DuckStudio.Sundry-1.2.3-1749557878
2025-06-10 20:18:34.169 INFO     Pull request created successfully: https://github.com/microsoft/winget-pkgs/pull/264623
2025-06-10 20:18:34.172 INFO All manifests have been modified and pushed through.
2025-06-10 20:18:40.105 INFO Workspace clean-up completed.
~~ End of logging ~~
