~~ Start logging ~~
2025-06-10 21:31:01.217 FUN 学新闻学学的。
2025-06-10 21:31:01.220 INFO Found the following version folder: ['1.3.10', '1.3.2', '1.3.3', '1.3.4', '1.3.5', '1.3.6', '1.3.7', '1.3.7.1', '1.3.8']
2025-06-10 21:31:01.221 INFO Processing version folder: 1.3.10
2025-06-10 21:31:01.222 INFO   Create and checkout to a new branch: New-Version-DuckStudio.FufuTools-1.3.10-1749562261
2025-06-10 21:31:13.359 INFO   Processing of manifest: D:\...\winget-pkgs\manifests\d\DuckStudio\FufuTools\1.3.10\DuckStudio.FufuTools.installer.yaml
2025-06-10 21:31:13.380 INFO     The manifest file has been saved as: D:\...\winget-pkgs\manifests\d\DuckStudio\FufuTools\1.3.10\DuckStudio.FufuTools.installer.yaml
2025-06-10 21:31:13.320 INFO   Processing of manifest: D:\...\winget-pkgs\manifests\d\DuckStudio\FufuTools\1.3.10\DuckStudio.FufuTools.locale.en-US.yaml
2025-06-10 21:31:13.326 INFO     The manifest file has been saved as: D:\...\winget-pkgs\manifests\d\DuckStudio\FufuTools\1.3.10\DuckStudio.FufuTools.locale.en-US.yaml
2025-06-10 21:31:13.463 INFO   Processing of manifest: D:\...\winget-pkgs\manifests\d\DuckStudio\FufuTools\1.3.10\DuckStudio.FufuTools.locale.zh-CN.yaml
2025-06-10 21:31:13.466 INFO     The manifest file has been saved as: D:\...\winget-pkgs\manifests\d\DuckStudio\FufuTools\1.3.10\DuckStudio.FufuTools.locale.zh-CN.yaml
2025-06-10 21:31:13.597 INFO   Processing of manifest: D:\...\winget-pkgs\manifests\d\DuckStudio\FufuTools\1.3.10\DuckStudio.FufuTools.yaml
2025-06-10 21:31:13.600 INFO     The manifest file has been saved as: D:\...\winget-pkgs\manifests\d\DuckStudio\FufuTools\1.3.10\DuckStudio.FufuTools.yaml
2025-06-10 21:31:13.737 INFO   New manifests in D:\...\winget-pkgs\manifests\d\DuckStudio\FufuTools\1.3.10 for DuckStudio.FufuTools (1.3.10)
2025-06-10 21:31:31.949 INFO     清单验证成功。
2025-06-10 21:31:31.961 INFO   Staging and Committing Changes to Git
2025-06-10 21:31:41.582 INFO     Commit message: New version: DuckStudio.FufuTools version 1.3.10 (Auto)
2025-06-10 21:31:41.583 INFO   Pushing changes to remote (origin) repository
2025-06-10 21:31:45.872 INFO     Successfully pushed to remote (origin): New-Version-DuckStudio.FufuTools-1.3.10-1749562261
2025-06-10 21:31:47.729 INFO     Pull request created successfully: https://github.com/microsoft/winget-pkgs/pull/264657
2025-06-10 21:31:47.731 INFO Skip version 1.3.2, because it's not in the list of versions to be modified.
2025-06-10 21:31:47.732 INFO Skip version 1.3.3, because it's not in the list of versions to be modified.
2025-06-10 21:31:47.734 INFO Skip version 1.3.4, because it's not in the list of versions to be modified.
2025-06-10 21:31:47.735 INFO Skip version 1.3.5, because it's not in the list of versions to be modified.
2025-06-10 21:31:47.737 INFO Skip version 1.3.6, because it's not in the list of versions to be modified.
2025-06-10 21:31:47.738 INFO Skip version 1.3.7, because it's not in the list of versions to be modified.
2025-06-10 21:31:47.740 INFO Skip version 1.3.7.1, because it's not in the list of versions to be modified.
2025-06-10 21:31:47.741 INFO Skip version 1.3.8, because it's not in the list of versions to be modified.
2025-06-10 21:31:47.743 INFO All manifests have been modified and pushed through.
2025-06-10 21:31:55.123 INFO Workspace clean-up completed.
~~ End of logging ~~
