~~ Start logging ~~
2026-02-25 14:53:02.280 FUN 优势在我！
2026-02-25 14:53:02.301 INFO Found the following version folder: ['1.0.1', '1.0.10', '1.0.11', '1.0.2', '1.0.3', '1.0.4', '1.0.5', '1.0.6', '1.0.7', '1.0.8', '1.0.9', '1.1.0', '1.1.1', '1.1.10', '1.1.11', '1.1.12', '1.1.13', '1.1.14', '1.1.2', '1.1.3', '1.1.4', '1.1.6', '1.1.7', '1.1.8', '1.1.9', '1.2.0', '1.2.1', '1.2.2', '1.2.3', '1.2.4', '1.2.5', '1.2.6', '1.2.7', '1.2.8', '1.2.9', '1.3.0', '1.3.1', '1.3.2', '1.3.3', '1.3.4', '1.3.5', '1.3.6', '1.3.7', '1.3.8', '1.3.9', '1.4.0', '1.4.1', '1.4.2', '1.4.3', '1.5.0', '1.5.1', '1.5.2', '1.6.0', '1.6.1', '1.6.2', '1.6.3', '1.6.4', '1.6.5', '1.6.6', '1.6.7']
2026-02-25 14:53:02.339 VERBOSE Skip version 1.0.1, because it's not in the list of versions to be modified.
2026-02-25 14:53:02.346 VERBOSE Skip version 1.0.10, because it's not in the list of versions to be modified.
2026-02-25 14:53:02.349 VERBOSE Skip version 1.0.11, because it's not in the list of versions to be modified.
2026-02-25 14:53:02.351 VERBOSE Skip version 1.0.2, because it's not in the list of versions to be modified.
2026-02-25 14:53:02.354 VERBOSE Skip version 1.0.3, because it's not in the list of versions to be modified.
2026-02-25 14:53:02.357 VERBOSE Skip version 1.0.4, because it's not in the list of versions to be modified.
2026-02-25 14:53:02.361 VERBOSE Skip version 1.0.5, because it's not in the list of versions to be modified.
2026-02-25 14:53:02.363 VERBOSE Skip version 1.0.6, because it's not in the list of versions to be modified.
2026-02-25 14:53:02.366 VERBOSE Skip version 1.0.7, because it's not in the list of versions to be modified.
2026-02-25 14:53:02.368 VERBOSE Skip version 1.0.8, because it's not in the list of versions to be modified.
2026-02-25 14:53:02.371 VERBOSE Skip version 1.0.9, because it's not in the list of versions to be modified.
2026-02-25 14:53:02.374 VERBOSE Skip version 1.1.0, because it's not in the list of versions to be modified.
2026-02-25 14:53:02.378 VERBOSE Skip version 1.1.1, because it's not in the list of versions to be modified.
2026-02-25 14:53:02.381 VERBOSE Skip version 1.1.10, because it's not in the list of versions to be modified.
2026-02-25 14:53:02.384 VERBOSE Skip version 1.1.11, because it's not in the list of versions to be modified.
2026-02-25 14:53:02.388 VERBOSE Skip version 1.1.12, because it's not in the list of versions to be modified.
2026-02-25 14:53:02.391 VERBOSE Skip version 1.1.13, because it's not in the list of versions to be modified.
2026-02-25 14:53:02.394 VERBOSE Skip version 1.1.14, because it's not in the list of versions to be modified.
2026-02-25 14:53:02.398 VERBOSE Skip version 1.1.2, because it's not in the list of versions to be modified.
2026-02-25 14:53:02.401 VERBOSE Skip version 1.1.3, because it's not in the list of versions to be modified.
2026-02-25 14:53:02.404 VERBOSE Skip version 1.1.4, because it's not in the list of versions to be modified.
2026-02-25 14:53:02.407 VERBOSE Skip version 1.1.6, because it's not in the list of versions to be modified.
2026-02-25 14:53:02.410 VERBOSE Skip version 1.1.7, because it's not in the list of versions to be modified.
2026-02-25 14:53:02.413 VERBOSE Skip version 1.1.8, because it's not in the list of versions to be modified.
2026-02-25 14:53:02.416 VERBOSE Skip version 1.1.9, because it's not in the list of versions to be modified.
2026-02-25 14:53:02.418 VERBOSE Skip version 1.2.0, because it's not in the list of versions to be modified.
2026-02-25 14:53:02.421 VERBOSE Skip version 1.2.1, because it's not in the list of versions to be modified.
2026-02-25 14:53:02.424 VERBOSE Skip version 1.2.2, because it's not in the list of versions to be modified.
2026-02-25 14:53:02.426 VERBOSE Skip version 1.2.3, because it's not in the list of versions to be modified.
2026-02-25 14:53:02.429 VERBOSE Skip version 1.2.4, because it's not in the list of versions to be modified.
2026-02-25 14:53:02.431 VERBOSE Skip version 1.2.5, because it's not in the list of versions to be modified.
2026-02-25 14:53:02.433 VERBOSE Skip version 1.2.6, because it's not in the list of versions to be modified.
2026-02-25 14:53:02.436 VERBOSE Skip version 1.2.7, because it's not in the list of versions to be modified.
2026-02-25 14:53:02.439 VERBOSE Skip version 1.2.8, because it's not in the list of versions to be modified.
2026-02-25 14:53:02.441 VERBOSE Skip version 1.2.9, because it's not in the list of versions to be modified.
2026-02-25 14:53:02.443 VERBOSE Skip version 1.3.0, because it's not in the list of versions to be modified.
2026-02-25 14:53:02.445 VERBOSE Skip version 1.3.1, because it's not in the list of versions to be modified.
2026-02-25 14:53:02.447 VERBOSE Skip version 1.3.2, because it's not in the list of versions to be modified.
2026-02-25 14:53:02.449 VERBOSE Skip version 1.3.3, because it's not in the list of versions to be modified.
2026-02-25 14:53:02.451 VERBOSE Skip version 1.3.4, because it's not in the list of versions to be modified.
2026-02-25 14:53:02.454 VERBOSE Skip version 1.3.5, because it's not in the list of versions to be modified.
2026-02-25 14:53:02.456 VERBOSE Skip version 1.3.6, because it's not in the list of versions to be modified.
2026-02-25 14:53:02.458 VERBOSE Skip version 1.3.7, because it's not in the list of versions to be modified.
2026-02-25 14:53:02.460 VERBOSE Skip version 1.3.8, because it's not in the list of versions to be modified.
2026-02-25 14:53:02.462 VERBOSE Skip version 1.3.9, because it's not in the list of versions to be modified.
2026-02-25 14:53:02.464 VERBOSE Skip version 1.4.0, because it's not in the list of versions to be modified.
2026-02-25 14:53:02.466 VERBOSE Skip version 1.4.1, because it's not in the list of versions to be modified.
2026-02-25 14:53:02.467 VERBOSE Skip version 1.4.2, because it's not in the list of versions to be modified.
2026-02-25 14:53:02.469 VERBOSE Skip version 1.4.3, because it's not in the list of versions to be modified.
2026-02-25 14:53:02.473 VERBOSE Skip version 1.5.0, because it's not in the list of versions to be modified.
2026-02-25 14:53:02.474 VERBOSE Skip version 1.5.1, because it's not in the list of versions to be modified.
2026-02-25 14:53:02.476 VERBOSE Skip version 1.5.2, because it's not in the list of versions to be modified.
2026-02-25 14:53:02.478 VERBOSE Skip version 1.6.0, because it's not in the list of versions to be modified.
2026-02-25 14:53:02.480 VERBOSE Skip version 1.6.1, because it's not in the list of versions to be modified.
2026-02-25 14:53:02.481 VERBOSE Skip version 1.6.2, because it's not in the list of versions to be modified.
2026-02-25 14:53:02.483 VERBOSE Skip version 1.6.3, because it's not in the list of versions to be modified.
2026-02-25 14:53:02.485 VERBOSE Skip version 1.6.4, because it's not in the list of versions to be modified.
2026-02-25 14:53:02.487 VERBOSE Skip version 1.6.5, because it's not in the list of versions to be modified.
2026-02-25 14:53:02.488 VERBOSE Skip version 1.6.6, because it's not in the list of versions to be modified.
2026-02-25 14:53:02.490 INFO Processing version folder: 1.6.7
2026-02-25 14:53:02.491 INFO   Create and checkout to a new branch: New-Version-DuckStudio.Sundry-1.6.7-1772002382
2026-02-25 14:53:11.207 INFO   Processing of manifest: D:\...\winget-pkgs\manifests\d\DuckStudio\Sundry\1.6.7\DuckStudio.Sundry.installer.yaml
2026-02-25 14:53:11.209 INFO     The manifest file has been saved as: D:\...\winget-pkgs\manifests\d\DuckStudio\Sundry\1.6.7\DuckStudio.Sundry.installer.yaml
2026-02-25 14:53:11.398 INFO   Processing of manifest: D:\...\winget-pkgs\manifests\d\DuckStudio\Sundry\1.6.7\DuckStudio.Sundry.locale.en-US.yaml
2026-02-25 14:53:11.409 INFO     The manifest file has been saved as: D:\...\winget-pkgs\manifests\d\DuckStudio\Sundry\1.6.7\DuckStudio.Sundry.locale.en-US.yaml
2026-02-25 14:53:11.550 INFO   Processing of manifest: D:\...\winget-pkgs\manifests\d\DuckStudio\Sundry\1.6.7\DuckStudio.Sundry.locale.zh-CN.yaml
2026-02-25 14:53:11.555 INFO     The manifest file has been saved as: D:\...\winget-pkgs\manifests\d\DuckStudio\Sundry\1.6.7\DuckStudio.Sundry.locale.zh-CN.yaml
2026-02-25 14:53:11.709 INFO   Processing of manifest: D:\...\winget-pkgs\manifests\d\DuckStudio\Sundry\1.6.7\DuckStudio.Sundry.yaml
2026-02-25 14:53:11.713 INFO     The manifest file has been saved as: D:\...\winget-pkgs\manifests\d\DuckStudio\Sundry\1.6.7\DuckStudio.Sundry.yaml
2026-02-25 14:53:11.868 INFO   New manifests in D:\...\winget-pkgs\manifests\d\DuckStudio\Sundry\1.6.7 for DuckStudio.Sundry (1.6.7)
2026-02-25 14:54:41.317 INFO Manifest validation succeeded with "sundry validate".
2026-02-25 14:54:41.319 INFO   Staging and Committing Changes to Git
2026-02-25 14:54:59.368 INFO     Commit message: New version: DuckStudio.Sundry version 1.6.7 (Auto)
2026-02-25 14:55:25.353 INFO   Pushing changes to remote (origin) repository
2026-02-25 14:55:29.910 INFO     Successfully pushed to remote (origin): New-Version-DuckStudio.Sundry-1.6.7-1772002382
2026-02-25 14:55:34.227 INFO All manifests have been modified and pushed through.
2026-02-25 14:55:45.772 INFO Workspace clean-up completed.
~~ End of logging ~~
