~~ Start logging ~~
2025-05-07 18:42:44.906 FUN 老叽米专门为大家争取到了2000个优先抢购名额，进入星际和平商城输入「狐人总冠军」，即刻领取专属优惠券！ 数量有限，先到先得！快快抢购吧！
2025-05-07 18:42:44.908 INFO Found the following version folder: ['1.3.0']
2025-05-07 18:42:45.874 INFO Processing version folder: 1.3.0
2025-05-07 18:42:45.179 INFO   Create and checkout to a new branch: Modify-DaMtech.PasswordGenerator-1.3.0-1746614565
2025-05-07 18:42:51.363 INFO   Processing of manifest: D:\...\winget-pkgs\manifests\d\DaMtech\PasswordGenerator\1.3.0\DaMtech.PasswordGenerator.installer.yaml
2025-05-07 18:42:51.401 INFO     Replace ManifestVersion: 1.9.0 -> 1.10.0
2025-05-07 18:42:51.404 INFO     Replace schema references: 1.9.0.schema.json -> 1.10.0.schema.json
2025-05-07 18:42:51.406 INFO     Cleaned up DaMtech.PasswordGenerator.installer.yaml
2025-05-07 18:42:51.409 INFO     The manifest file has been saved as: D:\...\winget-pkgs\manifests\d\DaMtech\PasswordGenerator\1.3.0\DaMtech.PasswordGenerator.installer.yaml
2025-05-07 18:42:51.632 INFO   Processing of manifest: D:\...\winget-pkgs\manifests\d\DaMtech\PasswordGenerator\1.3.0\DaMtech.PasswordGenerator.locale.en-US.yaml
2025-05-07 18:42:51.669 INFO     Replace ManifestVersion: 1.9.0 -> 1.10.0
2025-05-07 18:42:51.670 INFO     Replace schema references: 1.9.0.schema.json -> 1.10.0.schema.json
2025-05-07 18:42:51.672 INFO     Cleaned up DaMtech.PasswordGenerator.locale.en-US.yaml
2025-05-07 18:42:51.674 INFO     The manifest file has been saved as: D:\...\winget-pkgs\manifests\d\DaMtech\PasswordGenerator\1.3.0\DaMtech.PasswordGenerator.locale.en-US.yaml
2025-05-07 18:42:51.800 INFO   Processing of manifest: D:\...\winget-pkgs\manifests\d\DaMtech\PasswordGenerator\1.3.0\DaMtech.PasswordGenerator.yaml
2025-05-07 18:42:51.801 INFO     Replace ManifestVersion: 1.9.0 -> 1.10.0
2025-05-07 18:42:51.802 INFO     Replace schema references: 1.9.0.schema.json -> 1.10.0.schema.json
2025-05-07 18:42:51.803 INFO     Cleaned up DaMtech.PasswordGenerator.yaml
2025-05-07 18:42:51.807 INFO     The manifest file has been saved as: D:\...\winget-pkgs\manifests\d\DaMtech\PasswordGenerator\1.3.0\DaMtech.PasswordGenerator.yaml
2025-05-07 18:42:51.960 INFO   Modified manifests in D:\...\winget-pkgs\manifests\d\DaMtech\PasswordGenerator\1.3.0 for DaMtech.PasswordGenerator (1.3.0)
2025-05-07 18:43:51.539 INFO     清单验证成功。
2025-05-07 18:43:51.559 INFO   Staging and Committing Changes to Git
2025-05-07 18:43:57.231 INFO     Commit message: Modify: DaMtech.PasswordGenerator version 1.3.0 (Auto)
2025-05-07 18:43:57.232 INFO   Pushing changes to remote (origin) repository
2025-05-07 18:44:11.930 INFO     Successfully pushed to remote (origin): Modify-DaMtech.PasswordGenerator-1.3.0-1746614565
2025-05-07 18:44:26.548 INFO     Pull request created successfully: https://github.com/microsoft/winget-pkgs/pull/254657
2025-05-07 18:44:26.589 INFO All manifests have been modified and pushed through.
2025-05-07 18:44:31.788 INFO Workspace clean-up completed.
~~ End of logging ~~
