~~ Start logging ~~
2025-04-10 08:03:45.519 FUN :)
2025-04-10 08:03:45.523 INFO Found the following version folder: ['2024.1009.1', '2024.1115.1', '2024.1115.2', '2024.1115.3', '2024.1208.0', '2024.1219.2', '2024.1224.1', '2024.412.1', '2024.521.2', '2024.625.0', '2024.625.2', '2024.906.2', '2025.101.0', '2025.118.2', '2025.118.3', '2025.220.0', '2025.221.0', '2025.225.0', '2025.306.0', '2025.310.0', '2025.321.0', 'stable']
2025-04-10 08:03:45.628 INFO Skip version 2024.1009.1, because it's not in the list of versions to be modified.
2025-04-10 08:03:45.629 INFO Skip version 2024.1115.1, because it's not in the list of versions to be modified.
2025-04-10 08:03:45.630 INFO Skip version 2024.1115.2, because it's not in the list of versions to be modified.
2025-04-10 08:03:45.630 INFO Skip version 2024.1115.3, because it's not in the list of versions to be modified.
2025-04-10 08:03:45.631 INFO Skip version 2024.1208.0, because it's not in the list of versions to be modified.
2025-04-10 08:03:45.632 INFO Skip version 2024.1219.2, because it's not in the list of versions to be modified.
2025-04-10 08:03:45.632 INFO Skip version 2024.1224.1, because it's not in the list of versions to be modified.
2025-04-10 08:03:45.633 INFO Skip version 2024.412.1, because it's not in the list of versions to be modified.
2025-04-10 08:03:45.633 INFO Skip version 2024.521.2, because it's not in the list of versions to be modified.
2025-04-10 08:03:45.634 INFO Skip version 2024.625.0, because it's not in the list of versions to be modified.
2025-04-10 08:03:45.634 INFO Skip version 2024.625.2, because it's not in the list of versions to be modified.
2025-04-10 08:03:45.635 INFO Skip version 2024.906.2, because it's not in the list of versions to be modified.
2025-04-10 08:03:45.635 INFO Skip version 2025.101.0, because it's not in the list of versions to be modified.
2025-04-10 08:03:45.636 INFO Skip version 2025.118.2, because it's not in the list of versions to be modified.
2025-04-10 08:03:45.637 INFO Skip version 2025.118.3, because it's not in the list of versions to be modified.
2025-04-10 08:03:45.638 INFO Skip version 2025.220.0, because it's not in the list of versions to be modified.
2025-04-10 08:03:45.639 INFO Skip version 2025.221.0, because it's not in the list of versions to be modified.
2025-04-10 08:03:45.640 INFO Skip version 2025.225.0, because it's not in the list of versions to be modified.
2025-04-10 08:03:45.640 INFO Skip version 2025.306.0, because it's not in the list of versions to be modified.
2025-04-10 08:03:45.641 INFO Skip version 2025.310.0, because it's not in the list of versions to be modified.
2025-04-10 08:03:45.642 INFO Processing version folder: 2025.321.0
2025-04-10 08:03:45.643 INFO   Create and checkout to a new branch: NewVersion-ppy.osu-2025.321.0
2025-04-10 08:03:51.356 INFO   Processing of manifest: D:\...\winget-pkgs\manifests\p\ppy\osu\2025.321.0\ppy.osu.installer.yaml
2025-04-10 08:03:51.358 INFO     Cleaned up ppy.osu.installer.yaml
2025-04-10 08:03:51.361 INFO     The manifest file has been saved as: D:\...\winget-pkgs\manifests\p\ppy\osu\2025.321.0\ppy.osu.installer.yaml
2025-04-10 08:03:51.632 INFO   Processing of manifest: D:\...\winget-pkgs\manifests\p\ppy\osu\2025.321.0\ppy.osu.locale.en-US.yaml
2025-04-10 08:03:51.636 INFO     Cleaned up ppy.osu.locale.en-US.yaml
2025-04-10 08:03:51.638 INFO     The manifest file has been saved as: D:\...\winget-pkgs\manifests\p\ppy\osu\2025.321.0\ppy.osu.locale.en-US.yaml
2025-04-10 08:03:51.810 INFO   Processing of manifest: D:\...\winget-pkgs\manifests\p\ppy\osu\2025.321.0\ppy.osu.locale.ja-JP.yaml
2025-04-10 08:03:51.813 INFO     Cleaned up ppy.osu.locale.ja-JP.yaml
2025-04-10 08:03:51.815 INFO     The manifest file has been saved as: D:\...\winget-pkgs\manifests\p\ppy\osu\2025.321.0\ppy.osu.locale.ja-JP.yaml
2025-04-10 08:03:51.992 INFO   Processing of manifest: D:\...\winget-pkgs\manifests\p\ppy\osu\2025.321.0\ppy.osu.locale.zh-CN.yaml
2025-04-10 08:03:51.995 INFO     Cleaned up ppy.osu.locale.zh-CN.yaml
2025-04-10 08:03:52.446 INFO     The manifest file has been saved as: D:\...\winget-pkgs\manifests\p\ppy\osu\2025.321.0\ppy.osu.locale.zh-CN.yaml
2025-04-10 08:03:52.202 INFO   Processing of manifest: D:\...\winget-pkgs\manifests\p\ppy\osu\2025.321.0\ppy.osu.yaml
2025-04-10 08:03:52.207 INFO     Cleaned up ppy.osu.yaml
2025-04-10 08:03:52.211 INFO     The manifest file has been saved as: D:\...\winget-pkgs\manifests\p\ppy\osu\2025.321.0\ppy.osu.yaml
2025-04-10 08:03:52.397 INFO   New manifests in D:\...\winget-pkgs\manifests\p\ppy\osu\2025.321.0 for ppy.osu (1.10.0)
2025-04-10 08:09:31.985 INFO     清单验证成功，但出现警告。
2025-04-10 08:09:31.986 INFO     Manifest Warning: Silent and SilentWithProgress switches are not specified for InstallerType exe. Please make sure the installer can run unattended.
2025-04-10 08:09:31.987 INFO     
2025-04-10 08:09:49.371 INFO Manifest Error Fixed.
2025-04-10 08:09:49.372 INFO   Staging and Committing Changes to Git
2025-04-10 08:09:57.248 INFO     Commit message: New version: ppy.osu version 2025.321.0 (Auto)
2025-04-10 08:09:57.249 INFO   Pushing changes to remote (origin) repository
2025-04-10 08:10:01.296 INFO     Successfully pushed to remote (origin): NewVersion-ppy.osu-2025.321.0
2025-04-10 08:10:02.951 INFO     Pull request created successfully: https://github.com/microsoft/winget-pkgs/pull/246997
2025-04-10 08:10:02.954 INFO Skip version stable, because it's not in the list of versions to be modified.
2025-04-10 08:10:02.956 INFO All manifests have been modified and pushed through.
2025-04-10 08:10:12.678 INFO Workspace clean-up completed.
~~ End of logging ~~
