~~ Start logging ~~
2025-06-07 23:47:21.532 FUN 学新闻学学的。
2025-06-07 23:47:21.534 INFO Found the following version folder: ['1.0.0', '2.4.2261']
2025-06-07 23:47:21.536 INFO Skip version 1.0.0, because it's not in the list of versions to be modified.
2025-06-07 23:47:21.537 INFO Processing version folder: 2.4.2261
2025-06-07 23:47:21.537 INFO   Create and checkout to a new branch: Modify-S-CapricornConsultingGmbH.Vigoon-2.4.2261-1749311241
2025-06-07 23:47:31.791 INFO   Processing of manifest: D:\...\winget-pkgs\manifests\c\CapricornConsultingGmbH\Vigoon\2.4.2261\CapricornConsultingGmbH.Vigoon.installer.yaml
2025-06-07 23:47:31.793 INFO     检测到 D:\...\winget-pkgs\manifests\c\CapricornConsultingGmbH\Vigoon\2.4.2261\CapricornConsultingGmbH.Vigoon.installer.yaml 中含有不安全的 URL (HTTP)，自动替换为安全的 URL (HTTPS)
2025-06-07 23:47:31.794 INFO     Replace ManifestVersion: 1.9.0 -> 1.10.0
2025-06-07 23:47:31.795 INFO     Replace schema references: 1.9.0.schema.json -> 1.10.0.schema.json
2025-06-07 23:47:31.796 INFO     The manifest file has been saved as: D:\...\winget-pkgs\manifests\c\CapricornConsultingGmbH\Vigoon\2.4.2261\CapricornConsultingGmbH.Vigoon.installer.yaml
2025-06-07 23:47:31.951 INFO   Processing of manifest: D:\...\winget-pkgs\manifests\c\CapricornConsultingGmbH\Vigoon\2.4.2261\CapricornConsultingGmbH.Vigoon.locale.en-US.yaml
2025-06-07 23:47:31.954 INFO     Replace ManifestVersion: 1.9.0 -> 1.10.0
2025-06-07 23:47:31.957 INFO     Replace schema references: 1.9.0.schema.json -> 1.10.0.schema.json
2025-06-07 23:47:31.959 INFO     The manifest file has been saved as: D:\...\winget-pkgs\manifests\c\CapricornConsultingGmbH\Vigoon\2.4.2261\CapricornConsultingGmbH.Vigoon.locale.en-US.yaml
2025-06-07 23:47:32.937 INFO   Processing of manifest: D:\...\winget-pkgs\manifests\c\CapricornConsultingGmbH\Vigoon\2.4.2261\CapricornConsultingGmbH.Vigoon.yaml
2025-06-07 23:47:32.954 INFO     Replace ManifestVersion: 1.9.0 -> 1.10.0
2025-06-07 23:47:32.964 INFO     Replace schema references: 1.9.0.schema.json -> 1.10.0.schema.json
2025-06-07 23:47:32.983 INFO     The manifest file has been saved as: D:\...\winget-pkgs\manifests\c\CapricornConsultingGmbH\Vigoon\2.4.2261\CapricornConsultingGmbH.Vigoon.yaml
2025-06-07 23:48:04.151 INFO     清单验证成功。
2025-06-07 23:48:04.163 INFO   Staging and Committing Changes to Git
2025-06-07 23:48:09.410 INFO     Commit message: Modify: CapricornConsultingGmbH.Vigoon version 2.4.2261 (Auto)
2025-06-07 23:48:09.411 INFO   Pushing changes to remote (origin) repository
2025-06-07 23:48:13.908 INFO     Successfully pushed to remote (origin): Modify-S-CapricornConsultingGmbH.Vigoon-2.4.2261-1749311241
2025-06-07 23:48:15.932 INFO     Pull request created successfully: https://github.com/microsoft/winget-pkgs/pull/263815
2025-06-07 23:48:15.936 INFO All manifests have been modified and pushed through.
2025-06-07 23:48:20.335 INFO Workspace clean-up completed.
~~ End of logging ~~
