~~ Start logging ~~
2025-06-07 23:10:29.577 FUN 那又 怎样！！！
2025-06-07 23:10:29.579 INFO Found the following version folder: ['5.7.0.5500', '6.2.0.5557', '6.5.0.5577', '6.5.1.5593', '7.1.0.5770']
2025-06-07 23:10:29.580 INFO Skip version 5.7.0.5500, because it's not in the list of versions to be modified.
2025-06-07 23:10:29.580 INFO Skip version 6.2.0.5557, because it's not in the list of versions to be modified.
2025-06-07 23:10:29.581 INFO Skip version 6.5.0.5577, because it's not in the list of versions to be modified.
2025-06-07 23:10:29.581 INFO Processing version folder: 6.5.1.5593
2025-06-07 23:10:29.582 INFO   Create and checkout to a new branch: Modify-S-iQIYI.GeePlayer-6.5.1.5593-1749309029
2025-06-07 23:10:39.592 INFO   Processing of manifest: D:\...\winget-pkgs\manifests\i\iQIYI\GeePlayer\6.5.1.5593\iQIYI.GeePlayer.installer.yaml
2025-06-07 23:10:39.594 INFO     Replace ManifestVersion: 1.6.0 -> 1.10.0
2025-06-07 23:10:39.594 INFO     Replace schema references: 1.6.0.schema.json -> 1.10.0.schema.json
2025-06-07 23:10:39.595 INFO     The manifest file has been saved as: D:\...\winget-pkgs\manifests\i\iQIYI\GeePlayer\6.5.1.5593\iQIYI.GeePlayer.installer.yaml
2025-06-07 23:10:39.760 INFO   Processing of manifest: D:\...\winget-pkgs\manifests\i\iQIYI\GeePlayer\6.5.1.5593\iQIYI.GeePlayer.locale.en-US.yaml
2025-06-07 23:10:39.763 INFO     Replace ManifestVersion: 1.6.0 -> 1.10.0
2025-06-07 23:10:39.764 INFO     Replace schema references: 1.6.0.schema.json -> 1.10.0.schema.json
2025-06-07 23:10:39.766 INFO     The manifest file has been saved as: D:\...\winget-pkgs\manifests\i\iQIYI\GeePlayer\6.5.1.5593\iQIYI.GeePlayer.locale.en-US.yaml
2025-06-07 23:10:39.878 INFO   Processing of manifest: D:\...\winget-pkgs\manifests\i\iQIYI\GeePlayer\6.5.1.5593\iQIYI.GeePlayer.locale.zh-CN.yaml
2025-06-07 23:10:39.880 INFO     Replace ManifestVersion: 1.6.0 -> 1.10.0
2025-06-07 23:10:39.882 INFO     Replace schema references: 1.6.0.schema.json -> 1.10.0.schema.json
2025-06-07 23:10:39.883 INFO     The manifest file has been saved as: D:\...\winget-pkgs\manifests\i\iQIYI\GeePlayer\6.5.1.5593\iQIYI.GeePlayer.locale.zh-CN.yaml
2025-06-07 23:10:40.127 INFO   Processing of manifest: D:\...\winget-pkgs\manifests\i\iQIYI\GeePlayer\6.5.1.5593\iQIYI.GeePlayer.yaml
2025-06-07 23:10:40.145 INFO     Replace ManifestVersion: 1.6.0 -> 1.10.0
2025-06-07 23:10:40.158 INFO     Replace schema references: 1.6.0.schema.json -> 1.10.0.schema.json
2025-06-07 23:10:40.178 INFO     The manifest file has been saved as: D:\...\winget-pkgs\manifests\i\iQIYI\GeePlayer\6.5.1.5593\iQIYI.GeePlayer.yaml
2025-06-07 23:11:46.675 INFO     清单验证成功。
2025-06-07 23:11:46.688 INFO   Staging and Committing Changes to Git
2025-06-07 23:11:52.818 INFO     Commit message: Modify: iQIYI.GeePlayer version 6.5.1.5593 (Auto)
2025-06-07 23:11:52.819 INFO   Pushing changes to remote (origin) repository
2025-06-07 23:11:56.778 INFO     Successfully pushed to remote (origin): Modify-S-iQIYI.GeePlayer-6.5.1.5593-1749309029
2025-06-07 23:11:58.733 INFO     Pull request created successfully: https://github.com/microsoft/winget-pkgs/pull/263811
2025-06-07 23:11:58.736 INFO Skip version 7.1.0.5770, because it's not in the list of versions to be modified.
2025-06-07 23:11:58.737 INFO All manifests have been modified and pushed through.
2025-06-07 23:12:03.758 INFO Workspace clean-up completed.
~~ End of logging ~~
