~~ Start logging ~~
2025-06-08 11:53:51.168 FUN 凡是以各种名义发送不明链接，让你输入银行卡号、手机验证码和各种密码的，都是诈骗！
2025-06-08 11:53:51.174 INFO Found the following version folder: ['1.2.3', '1.2.4', '1.2.5', '1.2.6', '1.3.0', '1.3.1', '1.3.2', '1.3.3', '1.3.4', '1.3.5', '1.3.6', '1.3.7', '1.4.0', '1.4.1', '1.4.2', '1.4.3', '1.4.4', '1.4.5', '1.4.6', '1.5.0', '1.5.1', '1.5.2', '1.5.3', '1.5.4', '1.6.0', '1.6.1', '1.6.2', '1.6.3', '1.6.4', '1.6.5', '2.0.0', '2.0.1', '2.0.3', '2.0.4', '2.1.0', '2.1.1', '2.1.2', '2.1.3', '2.1.4', '2.1.5', '2.1.6', '2.1.7', '2.2.2', '2.2.5']
2025-06-08 11:53:51.184 INFO Skip version 1.2.3, because it's not in the list of versions to be modified.
2025-06-08 11:53:51.185 INFO Skip version 1.2.4, because it's not in the list of versions to be modified.
2025-06-08 11:53:51.186 INFO Skip version 1.2.5, because it's not in the list of versions to be modified.
2025-06-08 11:53:51.186 INFO Skip version 1.2.6, because it's not in the list of versions to be modified.
2025-06-08 11:53:51.187 INFO Skip version 1.3.0, because it's not in the list of versions to be modified.
2025-06-08 11:53:51.188 INFO Skip version 1.3.1, because it's not in the list of versions to be modified.
2025-06-08 11:53:51.188 INFO Skip version 1.3.2, because it's not in the list of versions to be modified.
2025-06-08 11:53:51.189 INFO Skip version 1.3.3, because it's not in the list of versions to be modified.
2025-06-08 11:53:51.190 INFO Skip version 1.3.4, because it's not in the list of versions to be modified.
2025-06-08 11:53:51.190 INFO Skip version 1.3.5, because it's not in the list of versions to be modified.
2025-06-08 11:53:51.191 INFO Skip version 1.3.6, because it's not in the list of versions to be modified.
2025-06-08 11:53:51.192 INFO Skip version 1.3.7, because it's not in the list of versions to be modified.
2025-06-08 11:53:51.192 INFO Skip version 1.4.0, because it's not in the list of versions to be modified.
2025-06-08 11:53:51.193 INFO Skip version 1.4.1, because it's not in the list of versions to be modified.
2025-06-08 11:53:51.193 INFO Skip version 1.4.2, because it's not in the list of versions to be modified.
2025-06-08 11:53:51.194 INFO Skip version 1.4.3, because it's not in the list of versions to be modified.
2025-06-08 11:53:51.195 INFO Skip version 1.4.4, because it's not in the list of versions to be modified.
2025-06-08 11:53:51.196 INFO Skip version 1.4.5, because it's not in the list of versions to be modified.
2025-06-08 11:53:51.197 INFO Skip version 1.4.6, because it's not in the list of versions to be modified.
2025-06-08 11:53:51.197 INFO Skip version 1.5.0, because it's not in the list of versions to be modified.
2025-06-08 11:53:51.198 INFO Skip version 1.5.1, because it's not in the list of versions to be modified.
2025-06-08 11:53:51.199 INFO Skip version 1.5.2, because it's not in the list of versions to be modified.
2025-06-08 11:53:51.199 INFO Skip version 1.5.3, because it's not in the list of versions to be modified.
2025-06-08 11:53:51.200 INFO Skip version 1.5.4, because it's not in the list of versions to be modified.
2025-06-08 11:53:51.201 INFO Processing version folder: 1.6.0
2025-06-08 11:53:51.202 INFO   Create and checkout to a new branch: Modify-S-QmmpDevelopmentTeam.qmmp-1.6.0-1749354831
2025-06-08 11:54:01.237 INFO   Processing of manifest: D:\...\winget-pkgs\manifests\q\QmmpDevelopmentTeam\qmmp\1.6.0\QmmpDevelopmentTeam.qmmp.installer.yaml
2025-06-08 11:54:01.240 INFO     检测到 D:\...\winget-pkgs\manifests\q\QmmpDevelopmentTeam\qmmp\1.6.0\QmmpDevelopmentTeam.qmmp.installer.yaml 中含有不安全的 URL (HTTP)，自动替换为安全的 URL (HTTPS)
2025-06-08 11:54:01.240 INFO     Replace ManifestVersion: 1.9.0 -> 1.10.0
2025-06-08 11:54:01.241 INFO     Replace schema references: 1.9.0.schema.json -> 1.10.0.schema.json
2025-06-08 11:54:01.242 INFO     The manifest file has been saved as: D:\...\winget-pkgs\manifests\q\QmmpDevelopmentTeam\qmmp\1.6.0\QmmpDevelopmentTeam.qmmp.installer.yaml
2025-06-08 11:54:01.416 INFO   Processing of manifest: D:\...\winget-pkgs\manifests\q\QmmpDevelopmentTeam\qmmp\1.6.0\QmmpDevelopmentTeam.qmmp.locale.en-US.yaml
2025-06-08 11:54:01.419 INFO     Replace ManifestVersion: 1.9.0 -> 1.10.0
2025-06-08 11:54:01.420 INFO     Replace schema references: 1.9.0.schema.json -> 1.10.0.schema.json
2025-06-08 11:54:01.422 INFO     The manifest file has been saved as: D:\...\winget-pkgs\manifests\q\QmmpDevelopmentTeam\qmmp\1.6.0\QmmpDevelopmentTeam.qmmp.locale.en-US.yaml
2025-06-08 11:54:01.538 INFO   Processing of manifest: D:\...\winget-pkgs\manifests\q\QmmpDevelopmentTeam\qmmp\1.6.0\QmmpDevelopmentTeam.qmmp.yaml
2025-06-08 11:54:01.540 INFO     Replace ManifestVersion: 1.9.0 -> 1.10.0
2025-06-08 11:54:01.541 INFO     Replace schema references: 1.9.0.schema.json -> 1.10.0.schema.json
2025-06-08 11:54:01.543 INFO     The manifest file has been saved as: D:\...\winget-pkgs\manifests\q\QmmpDevelopmentTeam\qmmp\1.6.0\QmmpDevelopmentTeam.qmmp.yaml
2025-06-08 11:54:21.314 INFO     清单验证成功。
2025-06-08 11:54:21.371 INFO   Staging and Committing Changes to Git
2025-06-08 11:54:28.812 INFO     Commit message: Modify: QmmpDevelopmentTeam.qmmp version 1.6.0 (Auto)
2025-06-08 11:54:28.813 INFO   Pushing changes to remote (origin) repository
2025-06-08 11:54:33.291 INFO     Successfully pushed to remote (origin): Modify-S-QmmpDevelopmentTeam.qmmp-1.6.0-1749354831
2025-06-08 11:54:34.871 INFO     Pull request created successfully: https://github.com/microsoft/winget-pkgs/pull/263872
2025-06-08 11:54:34.872 INFO Skip version 1.6.1, because it's not in the list of versions to be modified.
2025-06-08 11:54:34.873 INFO Skip version 1.6.2, because it's not in the list of versions to be modified.
2025-06-08 11:54:34.874 INFO Skip version 1.6.3, because it's not in the list of versions to be modified.
2025-06-08 11:54:34.874 INFO Skip version 1.6.4, because it's not in the list of versions to be modified.
2025-06-08 11:54:34.875 INFO Skip version 1.6.5, because it's not in the list of versions to be modified.
2025-06-08 11:54:34.876 INFO Skip version 2.0.0, because it's not in the list of versions to be modified.
2025-06-08 11:54:34.876 INFO Skip version 2.0.1, because it's not in the list of versions to be modified.
2025-06-08 11:54:34.877 INFO Skip version 2.0.3, because it's not in the list of versions to be modified.
2025-06-08 11:54:34.878 INFO Skip version 2.0.4, because it's not in the list of versions to be modified.
2025-06-08 11:54:34.879 INFO Skip version 2.1.0, because it's not in the list of versions to be modified.
2025-06-08 11:54:34.880 INFO Skip version 2.1.1, because it's not in the list of versions to be modified.
2025-06-08 11:54:34.881 INFO Skip version 2.1.2, because it's not in the list of versions to be modified.
2025-06-08 11:54:34.882 INFO Skip version 2.1.3, because it's not in the list of versions to be modified.
2025-06-08 11:54:34.882 INFO Skip version 2.1.4, because it's not in the list of versions to be modified.
2025-06-08 11:54:34.883 INFO Skip version 2.1.5, because it's not in the list of versions to be modified.
2025-06-08 11:54:34.884 INFO Skip version 2.1.6, because it's not in the list of versions to be modified.
2025-06-08 11:54:34.884 INFO Skip version 2.1.7, because it's not in the list of versions to be modified.
2025-06-08 11:54:34.885 INFO Skip version 2.2.2, because it's not in the list of versions to be modified.
2025-06-08 11:54:34.886 INFO Skip version 2.2.5, because it's not in the list of versions to be modified.
2025-06-08 11:54:34.886 INFO All manifests have been modified and pushed through.
2025-06-08 11:54:40.399 INFO Workspace clean-up completed.
~~ End of logging ~~
