~~ Start logging ~~
2025-06-08 11:52:04.902 FUN 凡是自称电商、物流平台客服，主动以退款、理赔、退换为由，要求你提供银行卡和手机验证码的，都是诈骗！
2025-06-08 11:52:04.909 INFO Found the following version folder: ['1.2.3', '1.2.4', '1.2.5', '1.2.6', '1.3.0', '1.3.1', '1.3.2', '1.3.3', '1.3.4', '1.3.5', '1.3.6', '1.3.7', '1.4.0', '1.4.1', '1.4.2', '1.4.3', '1.4.4', '1.4.5', '1.4.6', '1.5.0', '1.5.1', '1.5.2', '1.5.3', '1.5.4', '1.6.0', '1.6.1', '1.6.2', '1.6.3', '1.6.4', '1.6.5', '2.0.0', '2.0.1', '2.0.3', '2.0.4', '2.1.0', '2.1.1', '2.1.2', '2.1.3', '2.1.4', '2.1.5', '2.1.6', '2.1.7', '2.2.2', '2.2.5']
2025-06-08 11:52:04.919 INFO Skip version 1.2.3, because it's not in the list of versions to be modified.
2025-06-08 11:52:04.920 INFO Skip version 1.2.4, because it's not in the list of versions to be modified.
2025-06-08 11:52:04.921 INFO Skip version 1.2.5, because it's not in the list of versions to be modified.
2025-06-08 11:52:04.922 INFO Skip version 1.2.6, because it's not in the list of versions to be modified.
2025-06-08 11:52:04.923 INFO Skip version 1.3.0, because it's not in the list of versions to be modified.
2025-06-08 11:52:04.923 INFO Skip version 1.3.1, because it's not in the list of versions to be modified.
2025-06-08 11:52:04.924 INFO Skip version 1.3.2, because it's not in the list of versions to be modified.
2025-06-08 11:52:04.925 INFO Skip version 1.3.3, because it's not in the list of versions to be modified.
2025-06-08 11:52:04.926 INFO Skip version 1.3.4, because it's not in the list of versions to be modified.
2025-06-08 11:52:04.926 INFO Skip version 1.3.5, because it's not in the list of versions to be modified.
2025-06-08 11:52:04.927 INFO Skip version 1.3.6, because it's not in the list of versions to be modified.
2025-06-08 11:52:04.927 INFO Skip version 1.3.7, because it's not in the list of versions to be modified.
2025-06-08 11:52:04.928 INFO Skip version 1.4.0, because it's not in the list of versions to be modified.
2025-06-08 11:52:04.929 INFO Skip version 1.4.1, because it's not in the list of versions to be modified.
2025-06-08 11:52:04.930 INFO Skip version 1.4.2, because it's not in the list of versions to be modified.
2025-06-08 11:52:04.931 INFO Skip version 1.4.3, because it's not in the list of versions to be modified.
2025-06-08 11:52:04.932 INFO Skip version 1.4.4, because it's not in the list of versions to be modified.
2025-06-08 11:52:04.933 INFO Skip version 1.4.5, because it's not in the list of versions to be modified.
2025-06-08 11:52:04.934 INFO Skip version 1.4.6, because it's not in the list of versions to be modified.
2025-06-08 11:52:04.934 INFO Skip version 1.5.0, because it's not in the list of versions to be modified.
2025-06-08 11:52:04.935 INFO Skip version 1.5.1, because it's not in the list of versions to be modified.
2025-06-08 11:52:04.936 INFO Skip version 1.5.2, because it's not in the list of versions to be modified.
2025-06-08 11:52:04.937 INFO Skip version 1.5.3, because it's not in the list of versions to be modified.
2025-06-08 11:52:04.938 INFO Skip version 1.5.4, because it's not in the list of versions to be modified.
2025-06-08 11:52:04.938 INFO Skip version 1.6.0, because it's not in the list of versions to be modified.
2025-06-08 11:52:04.939 INFO Skip version 1.6.1, because it's not in the list of versions to be modified.
2025-06-08 11:52:04.940 INFO Skip version 1.6.2, because it's not in the list of versions to be modified.
2025-06-08 11:52:04.941 INFO Skip version 1.6.3, because it's not in the list of versions to be modified.
2025-06-08 11:52:04.941 INFO Skip version 1.6.4, because it's not in the list of versions to be modified.
2025-06-08 11:52:04.942 INFO Skip version 1.6.5, because it's not in the list of versions to be modified.
2025-06-08 11:52:04.943 INFO Skip version 2.0.0, because it's not in the list of versions to be modified.
2025-06-08 11:52:04.944 INFO Skip version 2.0.1, because it's not in the list of versions to be modified.
2025-06-08 11:52:04.945 INFO Skip version 2.0.3, because it's not in the list of versions to be modified.
2025-06-08 11:52:04.946 INFO Skip version 2.0.4, because it's not in the list of versions to be modified.
2025-06-08 11:52:04.947 INFO Skip version 2.1.0, because it's not in the list of versions to be modified.
2025-06-08 11:52:04.948 INFO Skip version 2.1.1, because it's not in the list of versions to be modified.
2025-06-08 11:52:04.949 INFO Skip version 2.1.2, because it's not in the list of versions to be modified.
2025-06-08 11:52:04.950 INFO Skip version 2.1.3, because it's not in the list of versions to be modified.
2025-06-08 11:52:04.950 INFO Skip version 2.1.4, because it's not in the list of versions to be modified.
2025-06-08 11:52:04.951 INFO Processing version folder: 2.1.5
2025-06-08 11:52:04.952 INFO   Create and checkout to a new branch: Modify-S-QmmpDevelopmentTeam.qmmp-2.1.5-1749354724
2025-06-08 11:52:16.138 INFO   Processing of manifest: D:\...\winget-pkgs\manifests\q\QmmpDevelopmentTeam\qmmp\2.1.5\QmmpDevelopmentTeam.qmmp.installer.yaml
2025-06-08 11:52:16.139 INFO     检测到 D:\...\winget-pkgs\manifests\q\QmmpDevelopmentTeam\qmmp\2.1.5\QmmpDevelopmentTeam.qmmp.installer.yaml 中含有不安全的 URL (HTTP)，自动替换为安全的 URL (HTTPS)
2025-06-08 11:52:16.140 INFO     Replace ManifestVersion: 1.9.0 -> 1.10.0
2025-06-08 11:52:16.140 INFO     Replace schema references: 1.9.0.schema.json -> 1.10.0.schema.json
2025-06-08 11:52:16.141 INFO     The manifest file has been saved as: D:\...\winget-pkgs\manifests\q\QmmpDevelopmentTeam\qmmp\2.1.5\QmmpDevelopmentTeam.qmmp.installer.yaml
2025-06-08 11:52:16.333 INFO   Processing of manifest: D:\...\winget-pkgs\manifests\q\QmmpDevelopmentTeam\qmmp\2.1.5\QmmpDevelopmentTeam.qmmp.locale.en-US.yaml
2025-06-08 11:52:16.348 INFO     Replace ManifestVersion: 1.9.0 -> 1.10.0
2025-06-08 11:52:16.349 INFO     Replace schema references: 1.9.0.schema.json -> 1.10.0.schema.json
2025-06-08 11:52:16.351 INFO     The manifest file has been saved as: D:\...\winget-pkgs\manifests\q\QmmpDevelopmentTeam\qmmp\2.1.5\QmmpDevelopmentTeam.qmmp.locale.en-US.yaml
2025-06-08 11:52:16.488 INFO   Processing of manifest: D:\...\winget-pkgs\manifests\q\QmmpDevelopmentTeam\qmmp\2.1.5\QmmpDevelopmentTeam.qmmp.yaml
2025-06-08 11:52:16.490 INFO     Replace ManifestVersion: 1.9.0 -> 1.10.0
2025-06-08 11:52:16.491 INFO     Replace schema references: 1.9.0.schema.json -> 1.10.0.schema.json
2025-06-08 11:52:16.493 INFO     The manifest file has been saved as: D:\...\winget-pkgs\manifests\q\QmmpDevelopmentTeam\qmmp\2.1.5\QmmpDevelopmentTeam.qmmp.yaml
2025-06-08 11:53:02.383 INFO     清单验证成功。
2025-06-08 11:53:02.392 INFO   Staging and Committing Changes to Git
2025-06-08 11:53:10.567 INFO     Commit message: Modify: QmmpDevelopmentTeam.qmmp version 2.1.5 (Auto)
2025-06-08 11:53:10.568 INFO   Pushing changes to remote (origin) repository
2025-06-08 11:53:14.613 INFO     Successfully pushed to remote (origin): Modify-S-QmmpDevelopmentTeam.qmmp-2.1.5-1749354724
2025-06-08 11:53:15.598 INFO     Pull request created successfully: https://github.com/microsoft/winget-pkgs/pull/263871
2025-06-08 11:53:15.599 INFO Skip version 2.1.6, because it's not in the list of versions to be modified.
2025-06-08 11:53:15.600 INFO Skip version 2.1.7, because it's not in the list of versions to be modified.
2025-06-08 11:53:15.600 INFO Skip version 2.2.2, because it's not in the list of versions to be modified.
2025-06-08 11:53:15.601 INFO Skip version 2.2.5, because it's not in the list of versions to be modified.
2025-06-08 11:53:15.602 INFO All manifests have been modified and pushed through.
2025-06-08 11:53:20.629 INFO Workspace clean-up completed.
~~ End of logging ~~
