~~ Start logging ~~
2025-05-21 12:44:09.915 FUN 这...这不对吧？
2025-05-21 12:44:09.918 INFO Found the following version folder: ['11.00', '11.30']
2025-05-21 12:44:10.658 INFO Skip version 11.00, because it's not in the list of versions to be modified.
2025-05-21 12:44:10.681 INFO Processing version folder: 11.30
2025-05-21 12:44:10.730 INFO   Create and checkout to a new branch: NewVersion-Enigma.VirtualBox-11.30-1747802650
2025-05-21 12:44:16.726 INFO   Processing of manifest: D:\...\winget-pkgs\manifests\e\Enigma\VirtualBox\11.30\Enigma.VirtualBox.installer.yaml
2025-05-21 12:44:16.737 INFO     Replace ManifestVersion: 1.9.0 -> 1.10.0
2025-05-21 12:44:16.738 INFO     Replace schema references: 1.9.0.schema.json -> 1.10.0.schema.json
2025-05-21 12:44:16.740 INFO     Cleaned up Enigma.VirtualBox.installer.yaml
2025-05-21 12:44:16.743 INFO     The manifest file has been saved as: D:\...\winget-pkgs\manifests\e\Enigma\VirtualBox\11.30\Enigma.VirtualBox.installer.yaml
2025-05-21 12:44:16.952 INFO   Processing of manifest: D:\...\winget-pkgs\manifests\e\Enigma\VirtualBox\11.30\Enigma.VirtualBox.locale.en-US.yaml
2025-05-21 12:44:16.957 INFO     Replace ManifestVersion: 1.9.0 -> 1.10.0
2025-05-21 12:44:16.958 INFO     Replace schema references: 1.9.0.schema.json -> 1.10.0.schema.json
2025-05-21 12:44:16.959 INFO     Cleaned up Enigma.VirtualBox.locale.en-US.yaml
2025-05-21 12:44:16.962 INFO     The manifest file has been saved as: D:\...\winget-pkgs\manifests\e\Enigma\VirtualBox\11.30\Enigma.VirtualBox.locale.en-US.yaml
2025-05-21 12:44:17.779 INFO   Processing of manifest: D:\...\winget-pkgs\manifests\e\Enigma\VirtualBox\11.30\Enigma.VirtualBox.yaml
2025-05-21 12:44:17.797 INFO     Replace ManifestVersion: 1.9.0 -> 1.10.0
2025-05-21 12:44:17.808 INFO     Replace schema references: 1.9.0.schema.json -> 1.10.0.schema.json
2025-05-21 12:44:17.816 INFO     Cleaned up Enigma.VirtualBox.yaml
2025-05-21 12:44:17.840 INFO     The manifest file has been saved as: D:\...\winget-pkgs\manifests\e\Enigma\VirtualBox\11.30\Enigma.VirtualBox.yaml
2025-05-21 12:44:17.216 INFO   New manifests in D:\...\winget-pkgs\manifests\e\Enigma\VirtualBox\11.30 for Enigma.VirtualBox (11.30)
2025-05-21 12:46:00.703 INFO     清单验证成功。
2025-05-21 12:46:00.718 INFO   Staging and Committing Changes to Git
2025-05-21 12:46:06.180 INFO     Commit message: New version: Enigma.VirtualBox version 11.30 (Auto)
2025-05-21 12:46:06.182 INFO   Pushing changes to remote (origin) repository
2025-05-21 12:46:10.672 INFO     Successfully pushed to remote (origin): NewVersion-Enigma.VirtualBox-11.30-1747802650
2025-05-21 12:46:12.165 INFO     Pull request created successfully: https://github.com/microsoft/winget-pkgs/pull/258766
2025-05-21 12:46:12.173 INFO All manifests have been modified and pushed through.
2025-05-21 12:46:17.192 INFO Workspace clean-up completed.
~~ End of logging ~~
