~~ Start logging ~~
2025-04-30 18:14:15.958 FUN 人性是什么？能量产吗？效率多少？
2025-04-30 18:14:15.960 INFO Found the following version folder: ['6.4']
2025-04-30 18:14:16.471 INFO Processing version folder: 6.4
2025-04-30 18:14:16.483 INFO   Create and checkout to a new branch: NewVersion-Z-DBackup.Z-Cron-6.4-1746008056
2025-04-30 18:14:27.301 INFO   Processing of manifest: D:\...\winget-pkgs\manifests\z\Z-DBackup\Z-Cron\6.4\Z-DBackup.Z-Cron.installer.yaml
2025-04-30 18:14:27.302 INFO     Replace ManifestVersion: 1.6.0 -> 1.10.0
2025-04-30 18:14:27.303 INFO     Replace schema references: 1.6.0.schema.json -> 1.10.0.schema.json
2025-04-30 18:14:27.303 INFO     Cleaned up Z-DBackup.Z-Cron.installer.yaml
2025-04-30 18:14:27.304 INFO     The manifest file has been saved as: D:\...\winget-pkgs\manifests\z\Z-DBackup\Z-Cron\6.4\Z-DBackup.Z-Cron.installer.yaml
2025-04-30 18:14:27.455 INFO   Processing of manifest: D:\...\winget-pkgs\manifests\z\Z-DBackup\Z-Cron\6.4\Z-DBackup.Z-Cron.locale.en-US.yaml
2025-04-30 18:14:27.458 INFO     Replace ManifestVersion: 1.6.0 -> 1.10.0
2025-04-30 18:14:27.459 INFO     Replace schema references: 1.6.0.schema.json -> 1.10.0.schema.json
2025-04-30 18:14:27.460 INFO     Cleaned up Z-DBackup.Z-Cron.locale.en-US.yaml
2025-04-30 18:14:27.462 INFO     The manifest file has been saved as: D:\...\winget-pkgs\manifests\z\Z-DBackup\Z-Cron\6.4\Z-DBackup.Z-Cron.locale.en-US.yaml
2025-04-30 18:14:27.559 INFO   Processing of manifest: D:\...\winget-pkgs\manifests\z\Z-DBackup\Z-Cron\6.4\Z-DBackup.Z-Cron.yaml
2025-04-30 18:14:27.561 INFO     Replace ManifestVersion: 1.6.0 -> 1.10.0
2025-04-30 18:14:27.562 INFO     Replace schema references: 1.6.0.schema.json -> 1.10.0.schema.json
2025-04-30 18:14:27.563 INFO     Cleaned up Z-DBackup.Z-Cron.yaml
2025-04-30 18:14:27.565 INFO     The manifest file has been saved as: D:\...\winget-pkgs\manifests\z\Z-DBackup\Z-Cron\6.4\Z-DBackup.Z-Cron.yaml
2025-04-30 18:14:27.665 INFO   New manifests in D:\...\winget-pkgs\manifests\z\Z-DBackup\Z-Cron\6.4 for Z-DBackup.Z-Cron (6.4)
2025-04-30 18:19:47.471 INFO     清单验证成功，但出现警告。
2025-04-30 18:19:47.472 INFO     Manifest Warning: Silent and SilentWithProgress switches are not specified for InstallerType exe. Please make sure the installer can run unattended.
2025-04-30 18:19:47.473 INFO     
2025-04-30 18:20:44.239 INFO Manifest Error Fixed.
2025-04-30 18:20:44.240 INFO   Staging and Committing Changes to Git
2025-04-30 18:20:58.553 INFO     Commit message: New version: Z-DBackup.Z-Cron version 6.4 (Auto)
2025-04-30 18:20:58.555 INFO   Pushing changes to remote (origin) repository
2025-04-30 18:21:03.864 INFO     Successfully pushed to remote (origin): NewVersion-Z-DBackup.Z-Cron-6.4-1746008056
2025-04-30 18:21:05.631 INFO     Pull request created successfully: https://github.com/microsoft/winget-pkgs/pull/252610
2025-04-30 18:21:05.642 INFO All manifests have been modified and pushed through.
2025-04-30 18:21:09.599 INFO Workspace clean-up completed.
~~ End of logging ~~
