~~ Start logging ~~
2025-07-06 16:09:35.615 FUN 杂鱼杂鱼~❤️
2025-07-06 16:09:35.626 INFO Found the following version folder: ['20230331', '20230425', '20231031', '20231231', '20240131', '20240321', '20240430', '20240520', '20240618', '20240730', '20241128', '20250318']
2025-07-06 16:09:35.627 INFO Skip version 20230331, because it's not in the list of versions to be modified.
2025-07-06 16:09:35.628 INFO Skip version 20230425, because it's not in the list of versions to be modified.
2025-07-06 16:09:35.628 INFO Skip version 20231031, because it's not in the list of versions to be modified.
2025-07-06 16:09:35.630 INFO Skip version 20231231, because it's not in the list of versions to be modified.
2025-07-06 16:09:35.630 INFO Processing version folder: 20240131
2025-07-06 16:09:35.631 INFO   Create and checkout to a new branch: Modify-S-Dio.PureCodec-20240131-1751789375
2025-07-06 16:09:44.525 INFO   Processing of manifest: D:\...\winget-pkgs\manifests\d\Dio\PureCodec\20240131\Dio.PureCodec.installer.yaml
2025-07-06 16:09:44.527 INFO     检测到 D:\...\winget-pkgs\manifests\d\Dio\PureCodec\20240131\Dio.PureCodec.installer.yaml 中含有不安全的 URL (HTTP)，自动替换为安全的 URL (HTTPS)
2025-07-06 16:09:44.528 INFO     Replace ManifestVersion: 1.5.0 -> 1.10.0
2025-07-06 16:09:44.529 INFO     Replace schema references: 1.5.0.schema.json -> 1.10.0.schema.json
2025-07-06 16:09:44.530 INFO     The manifest file has been saved as: D:\...\winget-pkgs\manifests\d\Dio\PureCodec\20240131\Dio.PureCodec.installer.yaml
2025-07-06 16:09:44.683 INFO   Processing of manifest: D:\...\winget-pkgs\manifests\d\Dio\PureCodec\20240131\Dio.PureCodec.locale.en-US.yaml
2025-07-06 16:09:44.686 INFO     检测到 D:\...\winget-pkgs\manifests\d\Dio\PureCodec\20240131\Dio.PureCodec.locale.en-US.yaml 中含有不安全的 URL (HTTP)，自动替换为安全的 URL (HTTPS)
2025-07-06 16:09:44.687 INFO     Replace ManifestVersion: 1.5.0 -> 1.10.0
2025-07-06 16:09:44.688 INFO     Replace schema references: 1.5.0.schema.json -> 1.10.0.schema.json
2025-07-06 16:09:44.690 INFO     The manifest file has been saved as: D:\...\winget-pkgs\manifests\d\Dio\PureCodec\20240131\Dio.PureCodec.locale.en-US.yaml
2025-07-06 16:09:44.796 INFO   Processing of manifest: D:\...\winget-pkgs\manifests\d\Dio\PureCodec\20240131\Dio.PureCodec.locale.zh-CN.yaml
2025-07-06 16:09:44.798 INFO     检测到 D:\...\winget-pkgs\manifests\d\Dio\PureCodec\20240131\Dio.PureCodec.locale.zh-CN.yaml 中含有不安全的 URL (HTTP)，自动替换为安全的 URL (HTTPS)
2025-07-06 16:09:44.799 INFO     Replace ManifestVersion: 1.5.0 -> 1.10.0
2025-07-06 16:09:44.800 INFO     Replace schema references: 1.5.0.schema.json -> 1.10.0.schema.json
2025-07-06 16:09:44.802 INFO     The manifest file has been saved as: D:\...\winget-pkgs\manifests\d\Dio\PureCodec\20240131\Dio.PureCodec.locale.zh-CN.yaml
2025-07-06 16:09:44.911 INFO   Processing of manifest: D:\...\winget-pkgs\manifests\d\Dio\PureCodec\20240131\Dio.PureCodec.yaml
2025-07-06 16:09:44.912 INFO     Replace ManifestVersion: 1.5.0 -> 1.10.0
2025-07-06 16:09:44.914 INFO     Replace schema references: 1.5.0.schema.json -> 1.10.0.schema.json
2025-07-06 16:09:44.915 INFO     The manifest file has been saved as: D:\...\winget-pkgs\manifests\d\Dio\PureCodec\20240131\Dio.PureCodec.yaml
2025-07-06 16:09:57.200 INFO     清单验证成功。
2025-07-06 16:09:57.208 INFO   Staging and Committing Changes to Git
2025-07-06 16:10:01.913 INFO     Commit message: Modify: Dio.PureCodec version 20240131 (Auto)
2025-07-06 16:10:01.915 INFO   Pushing changes to remote (origin) repository
2025-07-06 16:10:05.174 INFO     Successfully pushed to remote (origin): Modify-S-Dio.PureCodec-20240131-1751789375
2025-07-06 16:10:06.731 INFO     Pull request created successfully: https://github.com/microsoft/winget-pkgs/pull/271580
2025-07-06 16:10:06.733 INFO Skip version 20240321, because it's not in the list of versions to be modified.
2025-07-06 16:10:06.734 INFO Skip version 20240430, because it's not in the list of versions to be modified.
2025-07-06 16:10:06.735 INFO Skip version 20240520, because it's not in the list of versions to be modified.
2025-07-06 16:10:06.736 INFO Skip version 20240618, because it's not in the list of versions to be modified.
2025-07-06 16:10:06.737 INFO Skip version 20240730, because it's not in the list of versions to be modified.
2025-07-06 16:10:06.738 INFO Skip version 20241128, because it's not in the list of versions to be modified.
2025-07-06 16:10:06.739 INFO Skip version 20250318, because it's not in the list of versions to be modified.
2025-07-06 16:10:06.740 INFO All manifests have been modified and pushed through.
2025-07-06 16:10:10.943 INFO Workspace clean-up completed.
~~ End of logging ~~
