~~ Start logging ~~
2025-10-08 09:05:04.884 FUN 梭哈是一种智慧
2025-10-08 09:05:04.906 INFO Trying to generate new manifests for josephburnett.jd 2.2.5 with urls ['https://github.com/josephburnett/jd/releases/download/v2.2.5/jd-amd64-windows.exe', 'https://github.com/josephburnett/jd/releases/download/v2.2.5/jd-arm64-windows.exe']...
2025-10-08 09:05:13.238 INFO The manifest was successfully generated.
2025-10-08 09:05:13.243 INFO Found the following version folder: ['2.2.2', '2.2.3', '2.2.5']
2025-10-08 09:05:13.245 INFO Skip version 2.2.2, because it's not in the list of versions to be modified.
2025-10-08 09:05:13.248 INFO Skip version 2.2.3, because it's not in the list of versions to be modified.
2025-10-08 09:05:13.249 INFO Processing version folder: 2.2.5
2025-10-08 09:05:13.251 INFO   Create and checkout to a new branch: New-Version-josephburnett.jd-2.2.5-1759885513
2025-10-08 09:05:24.349 INFO   Processing of manifest: D:\...\winget-pkgs\manifests\j\josephburnett\jd\2.2.5\josephburnett.jd.installer.yaml
2025-10-08 09:05:24.353 INFO     The manifest file has been saved as: D:\...\winget-pkgs\manifests\j\josephburnett\jd\2.2.5\josephburnett.jd.installer.yaml
2025-10-08 09:05:24.675 INFO   Processing of manifest: D:\...\winget-pkgs\manifests\j\josephburnett\jd\2.2.5\josephburnett.jd.locale.en-US.yaml
2025-10-08 09:05:24.681 INFO     The manifest file has been saved as: D:\...\winget-pkgs\manifests\j\josephburnett\jd\2.2.5\josephburnett.jd.locale.en-US.yaml
2025-10-08 09:05:24.916 INFO   Processing of manifest: D:\...\winget-pkgs\manifests\j\josephburnett\jd\2.2.5\josephburnett.jd.locale.zh-CN.yaml
2025-10-08 09:05:24.921 INFO     The manifest file has been saved as: D:\...\winget-pkgs\manifests\j\josephburnett\jd\2.2.5\josephburnett.jd.locale.zh-CN.yaml
2025-10-08 09:05:25.222 INFO   Processing of manifest: D:\...\winget-pkgs\manifests\j\josephburnett\jd\2.2.5\josephburnett.jd.yaml
2025-10-08 09:05:25.229 INFO     The manifest file has been saved as: D:\...\winget-pkgs\manifests\j\josephburnett\jd\2.2.5\josephburnett.jd.yaml
2025-10-08 09:05:25.570 INFO   New manifests in D:\...\winget-pkgs\manifests\j\josephburnett\jd\2.2.5 for josephburnett.jd (2.2.5)
2025-10-08 09:07:44.851 INFO     清单验证成功。
2025-10-08 09:07:44.867 INFO   Staging and Committing Changes to Git
2025-10-08 09:08:01.189 INFO     Commit message: New version: josephburnett.jd version 2.2.5 (Auto)
2025-10-08 09:08:35.288 INFO   Pushing changes to remote (origin) repository
2025-10-08 09:08:42.933 INFO     Successfully pushed to remote (origin): New-Version-josephburnett.jd-2.2.5-1759885513
2025-10-08 09:08:47.278 INFO     Pull request created successfully: https://github.com/microsoft/winget-pkgs/pull/301843
2025-10-08 09:08:47.300 INFO All manifests have been modified and pushed through.
2025-10-08 09:09:00.575 INFO Workspace clean-up completed.
~~ End of logging ~~
