~~ Start logging ~~
2025-11-11 10:04:22.985 FUN Q：你家这个 Sundry，我儿子说不好用
2025-11-11 10:04:22.985 FUN A：换个儿子再试一下，亲
2025-11-11 10:04:23.510 INFO Found the following version folder: ['1.0.1', '1.0.10', '1.0.11', '1.0.2', '1.0.3', '1.0.4', '1.0.5', '1.0.6', '1.0.7', '1.0.8', '1.0.9', '1.1.0', '1.1.1', '1.1.10', '1.1.11', '1.1.12', '1.1.13', '1.1.14', '1.1.2', '1.1.3', '1.1.4', '1.1.6', '1.1.7', '1.1.8', '1.1.9', '1.2.0', '1.2.1', '1.2.2', '1.2.3', '1.2.4', '1.2.5', '1.2.6', '1.2.7', '1.2.8', '1.2.9', '1.3.0', '1.3.1', '1.3.2', '1.3.3', '1.3.4', '1.3.5', '1.3.6', '1.3.7', '1.3.8', '1.3.9', '1.4.0', '1.4.1', '1.4.2', '1.4.3', '1.5.0']
2025-11-11 10:04:23.714 INFO Skip version 1.0.1, because it's not in the list of versions to be modified.
2025-11-11 10:04:23.934 INFO Skip version 1.0.10, because it's not in the list of versions to be modified.
2025-11-11 10:04:23.108 INFO Skip version 1.0.11, because it's not in the list of versions to be modified.
2025-11-11 10:04:23.122 INFO Skip version 1.0.2, because it's not in the list of versions to be modified.
2025-11-11 10:04:23.137 INFO Skip version 1.0.3, because it's not in the list of versions to be modified.
2025-11-11 10:04:23.150 INFO Skip version 1.0.4, because it's not in the list of versions to be modified.
2025-11-11 10:04:23.165 INFO Skip version 1.0.5, because it's not in the list of versions to be modified.
2025-11-11 10:04:23.179 INFO Skip version 1.0.6, because it's not in the list of versions to be modified.
2025-11-11 10:04:23.193 INFO Skip version 1.0.7, because it's not in the list of versions to be modified.
2025-11-11 10:04:23.207 INFO Skip version 1.0.8, because it's not in the list of versions to be modified.
2025-11-11 10:04:23.221 INFO Skip version 1.0.9, because it's not in the list of versions to be modified.
2025-11-11 10:04:23.235 INFO Skip version 1.1.0, because it's not in the list of versions to be modified.
2025-11-11 10:04:23.263 INFO Skip version 1.1.1, because it's not in the list of versions to be modified.
2025-11-11 10:04:23.278 INFO Skip version 1.1.10, because it's not in the list of versions to be modified.
2025-11-11 10:04:23.294 INFO Skip version 1.1.11, because it's not in the list of versions to be modified.
2025-11-11 10:04:23.308 INFO Skip version 1.1.12, because it's not in the list of versions to be modified.
2025-11-11 10:04:23.321 INFO Skip version 1.1.13, because it's not in the list of versions to be modified.
2025-11-11 10:04:23.333 INFO Skip version 1.1.14, because it's not in the list of versions to be modified.
2025-11-11 10:04:23.348 INFO Skip version 1.1.2, because it's not in the list of versions to be modified.
2025-11-11 10:04:23.363 INFO Skip version 1.1.3, because it's not in the list of versions to be modified.
2025-11-11 10:04:23.379 INFO Skip version 1.1.4, because it's not in the list of versions to be modified.
2025-11-11 10:04:23.395 INFO Skip version 1.1.6, because it's not in the list of versions to be modified.
2025-11-11 10:04:23.417 INFO Skip version 1.1.7, because it's not in the list of versions to be modified.
2025-11-11 10:04:23.432 INFO Skip version 1.1.8, because it's not in the list of versions to be modified.
2025-11-11 10:04:23.447 INFO Skip version 1.1.9, because it's not in the list of versions to be modified.
2025-11-11 10:04:23.462 INFO Skip version 1.2.0, because it's not in the list of versions to be modified.
2025-11-11 10:04:23.476 INFO Skip version 1.2.1, because it's not in the list of versions to be modified.
2025-11-11 10:04:23.489 INFO Skip version 1.2.2, because it's not in the list of versions to be modified.
2025-11-11 10:04:23.503 INFO Skip version 1.2.3, because it's not in the list of versions to be modified.
2025-11-11 10:04:23.516 INFO Skip version 1.2.4, because it's not in the list of versions to be modified.
2025-11-11 10:04:23.532 INFO Skip version 1.2.5, because it's not in the list of versions to be modified.
2025-11-11 10:04:23.549 INFO Skip version 1.2.6, because it's not in the list of versions to be modified.
2025-11-11 10:04:23.567 INFO Skip version 1.2.7, because it's not in the list of versions to be modified.
2025-11-11 10:04:23.583 INFO Skip version 1.2.8, because it's not in the list of versions to be modified.
2025-11-11 10:04:23.598 INFO Skip version 1.2.9, because it's not in the list of versions to be modified.
2025-11-11 10:04:23.613 INFO Skip version 1.3.0, because it's not in the list of versions to be modified.
2025-11-11 10:04:23.628 INFO Skip version 1.3.1, because it's not in the list of versions to be modified.
2025-11-11 10:04:23.642 INFO Skip version 1.3.2, because it's not in the list of versions to be modified.
2025-11-11 10:04:23.655 INFO Skip version 1.3.3, because it's not in the list of versions to be modified.
2025-11-11 10:04:23.669 INFO Skip version 1.3.4, because it's not in the list of versions to be modified.
2025-11-11 10:04:23.684 INFO Skip version 1.3.5, because it's not in the list of versions to be modified.
2025-11-11 10:04:23.699 INFO Skip version 1.3.6, because it's not in the list of versions to be modified.
2025-11-11 10:04:23.729 INFO Skip version 1.3.7, because it's not in the list of versions to be modified.
2025-11-11 10:04:23.749 INFO Skip version 1.3.8, because it's not in the list of versions to be modified.
2025-11-11 10:04:23.767 INFO Skip version 1.3.9, because it's not in the list of versions to be modified.
2025-11-11 10:04:23.783 INFO Skip version 1.4.0, because it's not in the list of versions to be modified.
2025-11-11 10:04:23.799 INFO Skip version 1.4.1, because it's not in the list of versions to be modified.
2025-11-11 10:04:23.813 INFO Skip version 1.4.2, because it's not in the list of versions to be modified.
2025-11-11 10:04:23.829 INFO Skip version 1.4.3, because it's not in the list of versions to be modified.
2025-11-11 10:04:23.844 INFO Processing version folder: 1.5.0
2025-11-11 10:04:23.859 INFO   Create and checkout to a new branch: New-Version-DuckStudio.Sundry-1.5.0-1762826663
2025-11-11 10:04:29.925 INFO   Processing of manifest: D:\...\winget-pkgs\manifests\d\DuckStudio\Sundry\1.5.0\DuckStudio.Sundry.installer.yaml
2025-11-11 10:04:29.927 INFO     The manifest file has been saved as: D:\...\winget-pkgs\manifests\d\DuckStudio\Sundry\1.5.0\DuckStudio.Sundry.installer.yaml
2025-11-11 10:04:30.837 INFO   Processing of manifest: D:\...\winget-pkgs\manifests\d\DuckStudio\Sundry\1.5.0\DuckStudio.Sundry.locale.en-US.yaml
2025-11-11 10:04:30.863 INFO     The manifest file has been saved as: D:\...\winget-pkgs\manifests\d\DuckStudio\Sundry\1.5.0\DuckStudio.Sundry.locale.en-US.yaml
2025-11-11 10:04:30.207 INFO   Processing of manifest: D:\...\winget-pkgs\manifests\d\DuckStudio\Sundry\1.5.0\DuckStudio.Sundry.locale.zh-CN.yaml
2025-11-11 10:04:30.210 INFO     The manifest file has been saved as: D:\...\winget-pkgs\manifests\d\DuckStudio\Sundry\1.5.0\DuckStudio.Sundry.locale.zh-CN.yaml
2025-11-11 10:04:30.337 INFO   Processing of manifest: D:\...\winget-pkgs\manifests\d\DuckStudio\Sundry\1.5.0\DuckStudio.Sundry.yaml
2025-11-11 10:04:30.340 INFO     The manifest file has been saved as: D:\...\winget-pkgs\manifests\d\DuckStudio\Sundry\1.5.0\DuckStudio.Sundry.yaml
2025-11-11 10:04:30.492 INFO   New manifests in D:\...\winget-pkgs\manifests\d\DuckStudio\Sundry\1.5.0 for DuckStudio.Sundry (1.5.0)
2025-11-11 10:05:45.123 INFO Manifest validation succeeded with "sundry validate".
2025-11-11 10:05:45.125 INFO   Staging and Committing Changes to Git
2025-11-11 10:05:57.763 INFO     Commit message: New version: DuckStudio.Sundry version 1.5.0 (Auto)
2025-11-11 10:06:04.535 INFO   Pushing changes to remote (origin) repository
2025-11-11 10:06:08.341 INFO     Successfully pushed to remote (origin): New-Version-DuckStudio.Sundry-1.5.0-1762826663
2025-11-11 10:06:11.322 INFO     Pull request created successfully: https://github.com/microsoft/winget-pkgs/pull/311547
2025-11-11 10:06:11.325 INFO All manifests have been modified and pushed through.
2025-11-11 10:06:17.293 INFO Workspace clean-up completed.
~~ End of logging ~~
