~~ Start logging ~~
2025-11-21 09:00:48.543 FUN (·v·)
2025-11-21 09:00:48.608 INFO Found the following version folder: ['0.11.1251.0', '0.11.1333.0', '1.0.1401.0', '1.0.1811.0', '1.1.2021.0', '1.1.2233.0', '1.10.2383.0', '1.10.2714.0', '1.11.2921.0', '1.11.3471.0', '1.12.10334.0', '1.12.10393.0', '1.12.10732.0', '1.12.10733.0', '1.12.10982.0', '1.12.10983.0', '1.13.11431.0', '1.14.2281.0', '1.15.2524.0', '1.15.2874.0', '1.15.3465.0', '1.16.10231.0', '1.16.10261.0', '1.18.10291.0', '1.18.10301.0', '1.18.2681.0', '1.18.2822.0', '1.18.3181.0', '1.19.10292.0', '1.19.10302.0', '1.19.10573.0', '1.19.10821.0', '1.19.11213.0', '1.2.2381.0', '1.20.11271.0', '1.20.11381.0', '1.20.11781.0', '1.21.10351.0', '1.21.2361.0', '1.21.2701.0', '1.21.2911.0', '1.21.3231.0', '1.22.10352.0', '1.22.10731.0', '1.22.11141.0', '1.22.11751.0', '1.22.12111.0', '1.23.12371.0', '1.23.12681.0', '1.23.12811.0', '1.3.2651.0', '1.4.3141.0', '1.4.3243.0', '1.5.10271.0', '1.5.10411.0', '1.6.10571.0', '1.7.1033.0', '1.8.1444.0', '1.9.1942.0', 'Preview']
2025-11-21 09:00:48.610 INFO Skip version 0.11.1251.0, because it's not in the list of versions to be modified.
2025-11-21 09:00:48.611 INFO Skip version 0.11.1333.0, because it's not in the list of versions to be modified.
2025-11-21 09:00:48.613 INFO Skip version 1.0.1401.0, because it's not in the list of versions to be modified.
2025-11-21 09:00:48.614 INFO Skip version 1.0.1811.0, because it's not in the list of versions to be modified.
2025-11-21 09:00:48.616 INFO Skip version 1.1.2021.0, because it's not in the list of versions to be modified.
2025-11-21 09:00:48.617 INFO Skip version 1.1.2233.0, because it's not in the list of versions to be modified.
2025-11-21 09:00:48.619 INFO Skip version 1.10.2383.0, because it's not in the list of versions to be modified.
2025-11-21 09:00:48.621 INFO Skip version 1.10.2714.0, because it's not in the list of versions to be modified.
2025-11-21 09:00:48.622 INFO Skip version 1.11.2921.0, because it's not in the list of versions to be modified.
2025-11-21 09:00:48.624 INFO Skip version 1.11.3471.0, because it's not in the list of versions to be modified.
2025-11-21 09:00:48.625 INFO Skip version 1.12.10334.0, because it's not in the list of versions to be modified.
2025-11-21 09:00:48.626 INFO Skip version 1.12.10393.0, because it's not in the list of versions to be modified.
2025-11-21 09:00:48.628 INFO Skip version 1.12.10732.0, because it's not in the list of versions to be modified.
2025-11-21 09:00:48.630 INFO Skip version 1.12.10733.0, because it's not in the list of versions to be modified.
2025-11-21 09:00:48.631 INFO Skip version 1.12.10982.0, because it's not in the list of versions to be modified.
2025-11-21 09:00:48.633 INFO Skip version 1.12.10983.0, because it's not in the list of versions to be modified.
2025-11-21 09:00:48.634 INFO Skip version 1.13.11431.0, because it's not in the list of versions to be modified.
2025-11-21 09:00:48.636 INFO Skip version 1.14.2281.0, because it's not in the list of versions to be modified.
2025-11-21 09:00:48.638 INFO Skip version 1.15.2524.0, because it's not in the list of versions to be modified.
2025-11-21 09:00:48.639 INFO Skip version 1.15.2874.0, because it's not in the list of versions to be modified.
2025-11-21 09:00:48.641 INFO Skip version 1.15.3465.0, because it's not in the list of versions to be modified.
2025-11-21 09:00:48.642 INFO Skip version 1.16.10231.0, because it's not in the list of versions to be modified.
2025-11-21 09:00:48.643 INFO Skip version 1.16.10261.0, because it's not in the list of versions to be modified.
2025-11-21 09:00:48.645 INFO Skip version 1.18.10291.0, because it's not in the list of versions to be modified.
2025-11-21 09:00:48.647 INFO Skip version 1.18.10301.0, because it's not in the list of versions to be modified.
2025-11-21 09:00:48.649 INFO Skip version 1.18.2681.0, because it's not in the list of versions to be modified.
2025-11-21 09:00:48.650 INFO Skip version 1.18.2822.0, because it's not in the list of versions to be modified.
2025-11-21 09:00:48.652 INFO Skip version 1.18.3181.0, because it's not in the list of versions to be modified.
2025-11-21 09:00:48.653 INFO Skip version 1.19.10292.0, because it's not in the list of versions to be modified.
2025-11-21 09:00:48.655 INFO Skip version 1.19.10302.0, because it's not in the list of versions to be modified.
2025-11-21 09:00:48.656 INFO Skip version 1.19.10573.0, because it's not in the list of versions to be modified.
2025-11-21 09:00:48.658 INFO Skip version 1.19.10821.0, because it's not in the list of versions to be modified.
2025-11-21 09:00:48.659 INFO Skip version 1.19.11213.0, because it's not in the list of versions to be modified.
2025-11-21 09:00:48.661 INFO Skip version 1.2.2381.0, because it's not in the list of versions to be modified.
2025-11-21 09:00:48.663 INFO Skip version 1.20.11271.0, because it's not in the list of versions to be modified.
2025-11-21 09:00:48.665 INFO Skip version 1.20.11381.0, because it's not in the list of versions to be modified.
2025-11-21 09:00:48.666 INFO Skip version 1.20.11781.0, because it's not in the list of versions to be modified.
2025-11-21 09:00:48.668 INFO Skip version 1.21.10351.0, because it's not in the list of versions to be modified.
2025-11-21 09:00:48.669 INFO Skip version 1.21.2361.0, because it's not in the list of versions to be modified.
2025-11-21 09:00:48.671 INFO Skip version 1.21.2701.0, because it's not in the list of versions to be modified.
2025-11-21 09:00:48.672 INFO Skip version 1.21.2911.0, because it's not in the list of versions to be modified.
2025-11-21 09:00:48.674 INFO Skip version 1.21.3231.0, because it's not in the list of versions to be modified.
2025-11-21 09:00:48.675 INFO Skip version 1.22.10352.0, because it's not in the list of versions to be modified.
2025-11-21 09:00:48.677 INFO Skip version 1.22.10731.0, because it's not in the list of versions to be modified.
2025-11-21 09:00:48.678 INFO Skip version 1.22.11141.0, because it's not in the list of versions to be modified.
2025-11-21 09:00:48.679 INFO Skip version 1.22.11751.0, because it's not in the list of versions to be modified.
2025-11-21 09:00:48.680 INFO Skip version 1.22.12111.0, because it's not in the list of versions to be modified.
2025-11-21 09:00:48.682 INFO Skip version 1.23.12371.0, because it's not in the list of versions to be modified.
2025-11-21 09:00:48.683 INFO Skip version 1.23.12681.0, because it's not in the list of versions to be modified.
2025-11-21 09:00:48.685 INFO Processing version folder: 1.23.12811.0
2025-11-21 09:00:48.686 INFO   Create and checkout to a new branch: Modify-S-Microsoft.WindowsTerminal-1.23.12811.0-1763686848
2025-11-21 09:01:22.789 INFO   Processing of manifest: D:\...\winget-pkgs\manifests\m\Microsoft\WindowsTerminal\1.23.12811.0\Microsoft.WindowsTerminal.installer.yaml
2025-11-21 09:01:22.802 INFO     The manifest file has been saved as: D:\...\winget-pkgs\manifests\m\Microsoft\WindowsTerminal\1.23.12811.0\Microsoft.WindowsTerminal.installer.yaml
2025-11-21 09:01:22.978 INFO   Processing of manifest: D:\...\winget-pkgs\manifests\m\Microsoft\WindowsTerminal\1.23.12811.0\Microsoft.WindowsTerminal.locale.en-US.yaml
2025-11-21 09:01:22.981 INFO     The manifest file has been saved as: D:\...\winget-pkgs\manifests\m\Microsoft\WindowsTerminal\1.23.12811.0\Microsoft.WindowsTerminal.locale.en-US.yaml
2025-11-21 09:01:23.763 INFO   Processing of manifest: D:\...\winget-pkgs\manifests\m\Microsoft\WindowsTerminal\1.23.12811.0\Microsoft.WindowsTerminal.locale.fr-FR.yaml
2025-11-21 09:01:23.799 INFO     The manifest file has been saved as: D:\...\winget-pkgs\manifests\m\Microsoft\WindowsTerminal\1.23.12811.0\Microsoft.WindowsTerminal.locale.fr-FR.yaml
2025-11-21 09:01:23.187 INFO   Processing of manifest: D:\...\winget-pkgs\manifests\m\Microsoft\WindowsTerminal\1.23.12811.0\Microsoft.WindowsTerminal.locale.it-IT.yaml
2025-11-21 09:01:23.191 INFO     The manifest file has been saved as: D:\...\winget-pkgs\manifests\m\Microsoft\WindowsTerminal\1.23.12811.0\Microsoft.WindowsTerminal.locale.it-IT.yaml
2025-11-21 09:01:23.302 INFO   Processing of manifest: D:\...\winget-pkgs\manifests\m\Microsoft\WindowsTerminal\1.23.12811.0\Microsoft.WindowsTerminal.locale.ja-JP.yaml
2025-11-21 09:01:23.307 INFO     The manifest file has been saved as: D:\...\winget-pkgs\manifests\m\Microsoft\WindowsTerminal\1.23.12811.0\Microsoft.WindowsTerminal.locale.ja-JP.yaml
2025-11-21 09:01:23.434 INFO   Processing of manifest: D:\...\winget-pkgs\manifests\m\Microsoft\WindowsTerminal\1.23.12811.0\Microsoft.WindowsTerminal.locale.ko-KR.yaml
2025-11-21 09:01:23.439 INFO     The manifest file has been saved as: D:\...\winget-pkgs\manifests\m\Microsoft\WindowsTerminal\1.23.12811.0\Microsoft.WindowsTerminal.locale.ko-KR.yaml
2025-11-21 09:01:23.602 INFO   Processing of manifest: D:\...\winget-pkgs\manifests\m\Microsoft\WindowsTerminal\1.23.12811.0\Microsoft.WindowsTerminal.locale.pt-BR.yaml
2025-11-21 09:01:23.611 INFO     The manifest file has been saved as: D:\...\winget-pkgs\manifests\m\Microsoft\WindowsTerminal\1.23.12811.0\Microsoft.WindowsTerminal.locale.pt-BR.yaml
2025-11-21 09:01:23.838 INFO   Processing of manifest: D:\...\winget-pkgs\manifests\m\Microsoft\WindowsTerminal\1.23.12811.0\Microsoft.WindowsTerminal.locale.ru-RU.yaml
2025-11-21 09:01:23.856 INFO     The manifest file has been saved as: D:\...\winget-pkgs\manifests\m\Microsoft\WindowsTerminal\1.23.12811.0\Microsoft.WindowsTerminal.locale.ru-RU.yaml
2025-11-21 09:01:24.311 INFO   Processing of manifest: D:\...\winget-pkgs\manifests\m\Microsoft\WindowsTerminal\1.23.12811.0\Microsoft.WindowsTerminal.locale.zh-CN.yaml
2025-11-21 09:01:24.670 INFO     The manifest file has been saved as: D:\...\winget-pkgs\manifests\m\Microsoft\WindowsTerminal\1.23.12811.0\Microsoft.WindowsTerminal.locale.zh-CN.yaml
2025-11-21 09:01:25.622 INFO   Processing of manifest: D:\...\winget-pkgs\manifests\m\Microsoft\WindowsTerminal\1.23.12811.0\Microsoft.WindowsTerminal.locale.zh-TW.yaml
2025-11-21 09:01:25.981 INFO     The manifest file has been saved as: D:\...\winget-pkgs\manifests\m\Microsoft\WindowsTerminal\1.23.12811.0\Microsoft.WindowsTerminal.locale.zh-TW.yaml
2025-11-21 09:01:26.548 INFO   Processing of manifest: D:\...\winget-pkgs\manifests\m\Microsoft\WindowsTerminal\1.23.12811.0\Microsoft.WindowsTerminal.yaml
2025-11-21 09:01:26.872 INFO     The manifest file has been saved as: D:\...\winget-pkgs\manifests\m\Microsoft\WindowsTerminal\1.23.12811.0\Microsoft.WindowsTerminal.yaml
2025-11-21 09:16:18.580 INFO Manifest validation succeeded with "sundry validate".
2025-11-21 09:16:18.582 INFO   Staging and Committing Changes to Git
2025-11-21 09:16:50.326 INFO     Commit message: Modify: Microsoft.WindowsTerminal version 1.23.12811.0 (Auto)
2025-11-21 09:16:50.329 INFO   Pushing changes to remote (origin) repository
2025-11-21 09:16:58.566 INFO     Successfully pushed to remote (origin): Modify-S-Microsoft.WindowsTerminal-1.23.12811.0-1763686848
2025-11-21 09:17:01.613 INFO     Pull request created successfully: https://github.com/microsoft/winget-pkgs/pull/315576
2025-11-21 09:17:01.618 INFO Skip version 1.3.2651.0, because it's not in the list of versions to be modified.
2025-11-21 09:17:01.621 INFO Skip version 1.4.3141.0, because it's not in the list of versions to be modified.
2025-11-21 09:17:01.623 INFO Skip version 1.4.3243.0, because it's not in the list of versions to be modified.
2025-11-21 09:17:01.624 INFO Skip version 1.5.10271.0, because it's not in the list of versions to be modified.
2025-11-21 09:17:01.626 INFO Skip version 1.5.10411.0, because it's not in the list of versions to be modified.
2025-11-21 09:17:01.627 INFO Skip version 1.6.10571.0, because it's not in the list of versions to be modified.
2025-11-21 09:17:01.629 INFO Skip version 1.7.1033.0, because it's not in the list of versions to be modified.
2025-11-21 09:17:01.630 INFO Skip version 1.8.1444.0, because it's not in the list of versions to be modified.
2025-11-21 09:17:01.632 INFO Skip version 1.9.1942.0, because it's not in the list of versions to be modified.
2025-11-21 09:17:01.633 INFO Skip version Preview, because it's not in the list of versions to be modified.
2025-11-21 09:17:01.634 INFO All manifests have been modified and pushed through.
2025-11-21 09:17:13.373 INFO Workspace clean-up completed.
~~ End of logging ~~
