~~ Start logging ~~
2025-04-16 21:15:08.883 FUN 老叽米专门为大家争取到了2000个优先抢购名额，进入星际和平商城输入「狐人总冠军」，即刻领取专属优惠券！ 数量有限，先到先得！快快抢购吧！
2025-04-16 21:15:08.885 INFO Found the following version folder: ['1.3.5', '1.3.6', '1.3.8']
2025-04-16 21:15:08.980 INFO Skip version 1.3.5, because it's not in the list of versions to be modified.
2025-04-16 21:15:08.981 INFO Skip version 1.3.6, because it's not in the list of versions to be modified.
2025-04-16 21:15:08.991 INFO Processing version folder: 1.3.8
2025-04-16 21:15:08.992 INFO   Create and checkout to a new branch: NewVersion-MinistryOfEducationOfThePRC.SmartSchools-1.3.8
2025-04-16 21:15:16.801 INFO   Processing of manifest: D:\...\winget-pkgs\manifests\m\MinistryOfEducationOfThePRC\SmartSchools\1.3.8\MinistryOfEducationOfThePRC.SmartSchools.installer.yaml
2025-04-16 21:15:16.818 INFO     Replace ManifestVersion: 1.9.0 -> 1.10.0
2025-04-16 21:15:16.827 INFO     Replace schema references: 1.9.0.schema.json -> 1.10.0.schema.json
2025-04-16 21:15:16.834 INFO     Cleaned up MinistryOfEducationOfThePRC.SmartSchools.installer.yaml
2025-04-16 21:15:16.855 INFO     The manifest file has been saved as: D:\...\winget-pkgs\manifests\m\MinistryOfEducationOfThePRC\SmartSchools\1.3.8\MinistryOfEducationOfThePRC.SmartSchools.installer.yaml
2025-04-16 21:15:16.260 INFO   Processing of manifest: D:\...\winget-pkgs\manifests\m\MinistryOfEducationOfThePRC\SmartSchools\1.3.8\MinistryOfEducationOfThePRC.SmartSchools.locale.en-US.yaml
2025-04-16 21:15:16.263 INFO     Replace ManifestVersion: 1.9.0 -> 1.10.0
2025-04-16 21:15:16.265 INFO     Replace schema references: 1.9.0.schema.json -> 1.10.0.schema.json
2025-04-16 21:15:16.265 INFO     Cleaned up MinistryOfEducationOfThePRC.SmartSchools.locale.en-US.yaml
2025-04-16 21:15:16.267 INFO     The manifest file has been saved as: D:\...\winget-pkgs\manifests\m\MinistryOfEducationOfThePRC\SmartSchools\1.3.8\MinistryOfEducationOfThePRC.SmartSchools.locale.en-US.yaml
2025-04-16 21:15:16.381 INFO   Processing of manifest: D:\...\winget-pkgs\manifests\m\MinistryOfEducationOfThePRC\SmartSchools\1.3.8\MinistryOfEducationOfThePRC.SmartSchools.locale.zh-CN.yaml
2025-04-16 21:15:16.383 INFO     Replace ManifestVersion: 1.9.0 -> 1.10.0
2025-04-16 21:15:16.384 INFO     Replace schema references: 1.9.0.schema.json -> 1.10.0.schema.json
2025-04-16 21:15:16.385 INFO     Cleaned up MinistryOfEducationOfThePRC.SmartSchools.locale.zh-CN.yaml
2025-04-16 21:15:16.387 INFO     The manifest file has been saved as: D:\...\winget-pkgs\manifests\m\MinistryOfEducationOfThePRC\SmartSchools\1.3.8\MinistryOfEducationOfThePRC.SmartSchools.locale.zh-CN.yaml
2025-04-16 21:15:16.521 INFO   Processing of manifest: D:\...\winget-pkgs\manifests\m\MinistryOfEducationOfThePRC\SmartSchools\1.3.8\MinistryOfEducationOfThePRC.SmartSchools.yaml
2025-04-16 21:15:16.523 INFO     Replace ManifestVersion: 1.9.0 -> 1.10.0
2025-04-16 21:15:16.524 INFO     Replace schema references: 1.9.0.schema.json -> 1.10.0.schema.json
2025-04-16 21:15:16.525 INFO     Cleaned up MinistryOfEducationOfThePRC.SmartSchools.yaml
2025-04-16 21:15:16.527 INFO     The manifest file has been saved as: D:\...\winget-pkgs\manifests\m\MinistryOfEducationOfThePRC\SmartSchools\1.3.8\MinistryOfEducationOfThePRC.SmartSchools.yaml
2025-04-16 21:15:16.666 INFO   New manifests in D:\...\winget-pkgs\manifests\m\MinistryOfEducationOfThePRC\SmartSchools\1.3.8 for MinistryOfEducationOfThePRC.SmartSchools (1.3.8)
2025-04-16 21:18:33.786 INFO     清单验证成功。
2025-04-16 21:18:33.796 INFO   Staging and Committing Changes to Git
2025-04-16 21:18:45.972 INFO     Commit message: New version: MinistryOfEducationOfThePRC.SmartSchools version 1.3.8 (Auto)
2025-04-16 21:18:45.973 INFO   Pushing changes to remote (origin) repository
2025-04-16 21:18:51.336 INFO     Successfully pushed to remote (origin): NewVersion-MinistryOfEducationOfThePRC.SmartSchools-1.3.8
2025-04-16 21:18:53.758 INFO     Pull request created successfully: https://github.com/microsoft/winget-pkgs/pull/248782
2025-04-16 21:18:53.780 INFO All manifests have been modified and pushed through.
2025-04-16 21:18:57.735 INFO Workspace clean-up completed.
~~ End of logging ~~
