~~ Start logging ~~
2025-01-17 18:24:57.277 INFO Found the following version folder: ['3.12.19', '3.12.20', '4.0.3', '4.0.5', '4.1.2', '4.2.0', '4.2.12', '4.2.3', '4.2.4', '4.2.6', '4.2.8', '4.8.3', '4.8.6', '5.0.4', '5.2.6', '5.9.6', '5.9.7', '6.0.0', '6.1.0', '6.1.1', '6.1.2', '6.1.3', '6.1.4', '6.2.0', '6.2.1', '6.2.2']
2025-01-17 18:24:57.490 INFO Processing version folder: 3.12.19
2025-01-17 18:24:57.490 INFO   Create and checkout to a new branch: Modify-TablePlus.TablePlus-3.12.19
2025-01-17 18:25:01.489 INFO   Processing of manifest: D:\...\winget-pkgs\manifests\t\TablePlus\TablePlus\3.12.19\TablePlus.TablePlus.installer.yaml
2025-01-17 18:25:01.509 INFO     Replace ManifestVersion: 1.1.0 -> 1.9.0
2025-01-17 18:25:01.519 INFO     Replace schema references: 1.1.0.schema.json -> 1.9.0.schema.json
2025-01-17 18:25:01.539 INFO     The modified file has been saved as: D:\...\winget-pkgs\manifests\t\TablePlus\TablePlus\3.12.19\TablePlus.TablePlus.installer.yaml
2025-01-17 18:25:01.549 INFO   Processing of manifest: D:\...\winget-pkgs\manifests\t\TablePlus\TablePlus\3.12.19\TablePlus.TablePlus.locale.en-US.yaml
2025-01-17 18:25:01.549 INFO     Replace ManifestVersion: 1.1.0 -> 1.9.0
2025-01-17 18:25:01.549 INFO     Replace schema references: 1.1.0.schema.json -> 1.9.0.schema.json
2025-01-17 18:25:01.549 INFO   Fill in the missing Author entry: # Author: -> Author: TablePlus Inc.
2025-01-17 18:25:01.588 INFO   Fill in the missing PrivacyUrl entry: # PrivacyUrl: -> PrivacyUrl: https://tableplus.com/privacy
2025-01-17 18:25:01.588 INFO   Fill in the missing PublisherSupportUrl entry: # PublisherSupportUrl: -> PublisherSupportUrl: https://tableplus.com/contact
2025-01-17 18:25:01.598 INFO   Fill in the missing PublisherUrl entry: # PublisherUrl: -> PublisherUrl: https://tableplus.com/
2025-01-17 18:25:01.598 INFO   Correction to Licence entry: License: Copyright... -> License: Proprietary
2025-01-17 18:25:01.608 INFO   Fill in the missing Copyright entry: # Copyright: -> Copyright: Copyright (c) 2025 TablePlus Inc. All rights reserved.
2025-01-17 18:25:01.608 INFO   Correction to ShortDescription and Description entry: TOO LONG TO LOAD
2025-01-17 18:25:01.618 INFO   Cleaning up redundant comments on Moniker entry: # Moniker: "" -> # Moniker: tableplus
2025-01-17 18:25:01.628 INFO     The modified file has been saved as: D:\...\winget-pkgs\manifests\t\TablePlus\TablePlus\3.12.19\TablePlus.TablePlus.locale.en-US.yaml
2025-01-17 18:25:01.648 INFO   Processing of manifest: D:\...\winget-pkgs\manifests\t\TablePlus\TablePlus\3.12.19\TablePlus.TablePlus.yaml
2025-01-17 18:25:01.658 INFO     Replace ManifestVersion: 1.1.0 -> 1.9.0
2025-01-17 18:25:01.678 INFO     Replace schema references: 1.1.0.schema.json -> 1.9.0.schema.json
2025-01-17 18:25:01.698 INFO     The modified file has been saved as: D:\...\winget-pkgs\manifests\t\TablePlus\TablePlus\3.12.19\TablePlus.TablePlus.yaml
2025-01-17 18:25:01.718 INFO   Create a new locale manifest file: D:\...\winget-pkgs\manifests\t\TablePlus\TablePlus\3.12.19\TablePlus.TablePlus.locale.zh-CN.yaml
2025-01-17 18:25:01.738 INFO     New locale manifest file created: D:\...\winget-pkgs\manifests\t\TablePlus\TablePlus\3.12.19\TablePlus.TablePlus.locale.zh-CN.yaml
2025-01-17 18:25:01.748 INFO   Staging and Committing Changes to Git
2025-01-17 18:25:04.853 INFO     Commit message: Modify: TablePlus.TablePlus version 3.12.19 (Auto)
2025-01-17 18:25:04.853 INFO   Pushing changes to remote (origin) repository
2025-01-17 18:25:14.405 INFO     Successfully pushed to remote (origin): Modify-TablePlus.TablePlus-3.12.19
2025-01-17 18:25:14.418 INFO Processing version folder: 3.12.20
2025-01-17 18:25:14.419 INFO   Create and checkout to a new branch: Modify-TablePlus.TablePlus-3.12.20
2025-01-17 18:25:18.161 INFO   Processing of manifest: D:\...\winget-pkgs\manifests\t\TablePlus\TablePlus\3.12.20\TablePlus.TablePlus.installer.yaml
2025-01-17 18:25:18.179 INFO     Replace ManifestVersion: 1.1.0 -> 1.9.0
2025-01-17 18:25:18.180 INFO     Replace schema references: 1.1.0.schema.json -> 1.9.0.schema.json
2025-01-17 18:25:18.182 INFO     The modified file has been saved as: D:\...\winget-pkgs\manifests\t\TablePlus\TablePlus\3.12.20\TablePlus.TablePlus.installer.yaml
2025-01-17 18:25:18.182 INFO   Processing of manifest: D:\...\winget-pkgs\manifests\t\TablePlus\TablePlus\3.12.20\TablePlus.TablePlus.locale.en-US.yaml
2025-01-17 18:25:18.201 INFO     Replace ManifestVersion: 1.1.0 -> 1.9.0
2025-01-17 18:25:18.201 INFO     Replace schema references: 1.1.0.schema.json -> 1.9.0.schema.json
2025-01-17 18:25:18.204 INFO   Fill in the missing Author entry: # Author: -> Author: TablePlus Inc.
2025-01-17 18:25:18.204 INFO   Fill in the missing PrivacyUrl entry: # PrivacyUrl: -> PrivacyUrl: https://tableplus.com/privacy
2025-01-17 18:25:18.205 INFO   Fill in the missing PublisherSupportUrl entry: # PublisherSupportUrl: -> PublisherSupportUrl: https://tableplus.com/contact
2025-01-17 18:25:18.205 INFO   Fill in the missing PublisherUrl entry: # PublisherUrl: -> PublisherUrl: https://tableplus.com/
2025-01-17 18:25:18.206 INFO   Correction to Licence entry: License: Copyright... -> License: Proprietary
2025-01-17 18:25:18.206 INFO   Fill in the missing Copyright entry: # Copyright: -> Copyright: Copyright (c) 2025 TablePlus Inc. All rights reserved.
2025-01-17 18:25:18.207 INFO   Correction to ShortDescription and Description entry: TOO LONG TO LOAD
2025-01-17 18:25:18.207 INFO   Cleaning up redundant comments on Moniker entry: # Moniker: "" -> # Moniker: tableplus
2025-01-17 18:25:18.208 INFO     The modified file has been saved as: D:\...\winget-pkgs\manifests\t\TablePlus\TablePlus\3.12.20\TablePlus.TablePlus.locale.en-US.yaml
2025-01-17 18:25:18.210 INFO   Processing of manifest: D:\...\winget-pkgs\manifests\t\TablePlus\TablePlus\3.12.20\TablePlus.TablePlus.yaml
2025-01-17 18:25:18.223 INFO     Replace ManifestVersion: 1.1.0 -> 1.9.0
2025-01-17 18:25:18.226 INFO     Replace schema references: 1.1.0.schema.json -> 1.9.0.schema.json
2025-01-17 18:25:18.228 INFO     The modified file has been saved as: D:\...\winget-pkgs\manifests\t\TablePlus\TablePlus\3.12.20\TablePlus.TablePlus.yaml
2025-01-17 18:25:18.230 INFO   Create a new locale manifest file: D:\...\winget-pkgs\manifests\t\TablePlus\TablePlus\3.12.20\TablePlus.TablePlus.locale.zh-CN.yaml
2025-01-17 18:25:18.232 INFO     New locale manifest file created: D:\...\winget-pkgs\manifests\t\TablePlus\TablePlus\3.12.20\TablePlus.TablePlus.locale.zh-CN.yaml
2025-01-17 18:25:18.233 INFO   Staging and Committing Changes to Git
2025-01-17 18:25:22.189 INFO     Commit message: Modify: TablePlus.TablePlus version 3.12.20 (Auto)
2025-01-17 18:25:22.189 INFO   Pushing changes to remote (origin) repository
2025-01-17 18:25:31.758 INFO     Successfully pushed to remote (origin): Modify-TablePlus.TablePlus-3.12.20
2025-01-17 18:25:31.794 INFO Processing version folder: 4.0.3
2025-01-17 18:25:31.804 INFO   Create and checkout to a new branch: Modify-TablePlus.TablePlus-4.0.3
2025-01-17 18:25:34.858 INFO   Processing of manifest: D:\...\winget-pkgs\manifests\t\TablePlus\TablePlus\4.0.3\TablePlus.TablePlus.installer.yaml
2025-01-17 18:25:34.874 INFO     Replace ManifestVersion: 1.1.0 -> 1.9.0
2025-01-17 18:25:34.876 INFO     Replace schema references: 1.1.0.schema.json -> 1.9.0.schema.json
2025-01-17 18:25:34.878 INFO     The modified file has been saved as: D:\...\winget-pkgs\manifests\t\TablePlus\TablePlus\4.0.3\TablePlus.TablePlus.installer.yaml
2025-01-17 18:25:34.880 INFO   Processing of manifest: D:\...\winget-pkgs\manifests\t\TablePlus\TablePlus\4.0.3\TablePlus.TablePlus.locale.en-US.yaml
2025-01-17 18:25:34.898 INFO     Replace ManifestVersion: 1.1.0 -> 1.9.0
2025-01-17 18:25:34.899 INFO     Replace schema references: 1.1.0.schema.json -> 1.9.0.schema.json
2025-01-17 18:25:34.900 INFO   Fill in the missing Author entry: # Author: -> Author: TablePlus Inc.
2025-01-17 18:25:34.900 INFO   Fill in the missing PrivacyUrl entry: # PrivacyUrl: -> PrivacyUrl: https://tableplus.com/privacy
2025-01-17 18:25:34.900 INFO   Fill in the missing PublisherSupportUrl entry: # PublisherSupportUrl: -> PublisherSupportUrl: https://tableplus.com/contact
2025-01-17 18:25:34.900 INFO   Fill in the missing PublisherUrl entry: # PublisherUrl: -> PublisherUrl: https://tableplus.com/
2025-01-17 18:25:34.900 INFO   Correction to Licence entry: License: Copyright... -> License: Proprietary
2025-01-17 18:25:34.900 INFO   Fill in the missing Copyright entry: # Copyright: -> Copyright: Copyright (c) 2025 TablePlus Inc. All rights reserved.
2025-01-17 18:25:34.900 INFO   Correction to ShortDescription and Description entry: TOO LONG TO LOAD
2025-01-17 18:25:34.900 INFO     The modified file has been saved as: D:\...\winget-pkgs\manifests\t\TablePlus\TablePlus\4.0.3\TablePlus.TablePlus.locale.en-US.yaml
2025-01-17 18:25:34.900 INFO   Processing of manifest: D:\...\winget-pkgs\manifests\t\TablePlus\TablePlus\4.0.3\TablePlus.TablePlus.yaml
2025-01-17 18:25:34.922 INFO     Replace ManifestVersion: 1.1.0 -> 1.9.0
2025-01-17 18:25:34.923 INFO     Replace schema references: 1.1.0.schema.json -> 1.9.0.schema.json
2025-01-17 18:25:34.924 INFO     The modified file has been saved as: D:\...\winget-pkgs\manifests\t\TablePlus\TablePlus\4.0.3\TablePlus.TablePlus.yaml
2025-01-17 18:25:34.926 INFO   Create a new locale manifest file: D:\...\winget-pkgs\manifests\t\TablePlus\TablePlus\4.0.3\TablePlus.TablePlus.locale.zh-CN.yaml
2025-01-17 18:25:34.928 INFO     New locale manifest file created: D:\...\winget-pkgs\manifests\t\TablePlus\TablePlus\4.0.3\TablePlus.TablePlus.locale.zh-CN.yaml
2025-01-17 18:25:34.930 INFO   Staging and Committing Changes to Git
2025-01-17 18:25:38.871 INFO     Commit message: Modify: TablePlus.TablePlus version 4.0.3 (Auto)
2025-01-17 18:25:38.871 INFO   Pushing changes to remote (origin) repository
2025-01-17 18:25:48.623 INFO     Successfully pushed to remote (origin): Modify-TablePlus.TablePlus-4.0.3
2025-01-17 18:25:48.623 INFO Processing version folder: 4.0.5
2025-01-17 18:25:48.635 INFO   Create and checkout to a new branch: Modify-TablePlus.TablePlus-4.0.5
2025-01-17 18:25:52.363 INFO   Processing of manifest: D:\...\winget-pkgs\manifests\t\TablePlus\TablePlus\4.0.5\TablePlus.TablePlus.installer.yaml
2025-01-17 18:25:52.378 INFO     Replace ManifestVersion: 1.1.0 -> 1.9.0
2025-01-17 18:25:52.378 INFO     Replace schema references: 1.1.0.schema.json -> 1.9.0.schema.json
2025-01-17 18:25:52.388 INFO     The modified file has been saved as: D:\...\winget-pkgs\manifests\t\TablePlus\TablePlus\4.0.5\TablePlus.TablePlus.installer.yaml
2025-01-17 18:25:52.389 INFO   Processing of manifest: D:\...\winget-pkgs\manifests\t\TablePlus\TablePlus\4.0.5\TablePlus.TablePlus.locale.en-US.yaml
2025-01-17 18:25:52.408 INFO     Replace ManifestVersion: 1.1.0 -> 1.9.0
2025-01-17 18:25:52.410 INFO     Replace schema references: 1.1.0.schema.json -> 1.9.0.schema.json
2025-01-17 18:25:52.411 INFO   Fill in the missing Author entry: # Author: -> Author: TablePlus Inc.
2025-01-17 18:25:52.411 INFO   Fill in the missing PrivacyUrl entry: # PrivacyUrl: -> PrivacyUrl: https://tableplus.com/privacy
2025-01-17 18:25:52.412 INFO   Fill in the missing PublisherSupportUrl entry: # PublisherSupportUrl: -> PublisherSupportUrl: https://tableplus.com/contact
2025-01-17 18:25:52.412 INFO   Fill in the missing PublisherUrl entry: # PublisherUrl: -> PublisherUrl: https://tableplus.com/
2025-01-17 18:25:52.412 INFO   Correction to Licence entry: License: Copyright... -> License: Proprietary
2025-01-17 18:25:52.413 INFO   Fill in the missing Copyright entry: # Copyright: -> Copyright: Copyright (c) 2025 TablePlus Inc. All rights reserved.
2025-01-17 18:25:52.413 INFO   Correction to ShortDescription and Description entry: TOO LONG TO LOAD
2025-01-17 18:25:52.415 INFO     The modified file has been saved as: D:\...\winget-pkgs\manifests\t\TablePlus\TablePlus\4.0.5\TablePlus.TablePlus.locale.en-US.yaml
2025-01-17 18:25:52.416 INFO   Processing of manifest: D:\...\winget-pkgs\manifests\t\TablePlus\TablePlus\4.0.5\TablePlus.TablePlus.yaml
2025-01-17 18:25:52.430 INFO     Replace ManifestVersion: 1.1.0 -> 1.9.0
2025-01-17 18:25:52.433 INFO     Replace schema references: 1.1.0.schema.json -> 1.9.0.schema.json
2025-01-17 18:25:52.434 INFO     The modified file has been saved as: D:\...\winget-pkgs\manifests\t\TablePlus\TablePlus\4.0.5\TablePlus.TablePlus.yaml
2025-01-17 18:25:52.436 INFO   Create a new locale manifest file: D:\...\winget-pkgs\manifests\t\TablePlus\TablePlus\4.0.5\TablePlus.TablePlus.locale.zh-CN.yaml
2025-01-17 18:25:52.436 INFO     New locale manifest file created: D:\...\winget-pkgs\manifests\t\TablePlus\TablePlus\4.0.5\TablePlus.TablePlus.locale.zh-CN.yaml
2025-01-17 18:25:52.439 INFO   Staging and Committing Changes to Git
2025-01-17 18:25:56.289 INFO     Commit message: Modify: TablePlus.TablePlus version 4.0.5 (Auto)
2025-01-17 18:25:56.289 INFO   Pushing changes to remote (origin) repository
2025-01-17 18:26:04.266 INFO     Successfully pushed to remote (origin): Modify-TablePlus.TablePlus-4.0.5
2025-01-17 18:26:04.268 INFO Processing version folder: 4.1.2
2025-01-17 18:26:04.269 INFO   Create and checkout to a new branch: Modify-TablePlus.TablePlus-4.1.2
2025-01-17 18:26:08.324 INFO   Processing of manifest: D:\...\winget-pkgs\manifests\t\TablePlus\TablePlus\4.1.2\TablePlus.TablePlus.installer.yaml
2025-01-17 18:26:08.342 INFO     Replace ManifestVersion: 1.0.0 -> 1.9.0
2025-01-17 18:26:08.343 INFO     Replace schema references: 1.0.0.schema.json -> 1.9.0.schema.json
2025-01-17 18:26:08.343 INFO     The modified file has been saved as: D:\...\winget-pkgs\manifests\t\TablePlus\TablePlus\4.1.2\TablePlus.TablePlus.installer.yaml
2025-01-17 18:26:08.343 INFO   Processing of manifest: D:\...\winget-pkgs\manifests\t\TablePlus\TablePlus\4.1.2\TablePlus.TablePlus.locale.en-US.yaml
2025-01-17 18:26:08.364 INFO     Replace ManifestVersion: 1.0.0 -> 1.9.0
2025-01-17 18:26:08.364 INFO     Replace schema references: 1.0.0.schema.json -> 1.9.0.schema.json
2025-01-17 18:26:08.366 INFO   Fill in the missing Author entry: NULL -> Author: TablePlus Inc.
2025-01-17 18:26:08.366 INFO   Fill in the missing PrivacyUrl entry: NULL -> PrivacyUrl: https://tableplus.com/privacy
2025-01-17 18:26:08.367 INFO   Fill in the missing PublisherSupportUrl entry: NULL -> PublisherSupportUrl: https://tableplus.com/contact
2025-01-17 18:26:08.367 INFO   Fill in the missing PublisherUrl entry: NULL -> PublisherUrl: https://tableplus.com/
2025-01-17 18:26:08.368 INFO   Correction to Licence entry: License: Copyright... -> License: Proprietary
2025-01-17 18:26:08.368 INFO   Fill in the missing Copyright entry: NULL -> Copyright: Copyright (c) 2025 TablePlus Inc. All rights reserved.
2025-01-17 18:26:08.368 INFO   Correction to ShortDescription and Description entry: TOO LONG TO LOAD - NULL
2025-01-17 18:26:08.369 INFO     The modified file has been saved as: D:\...\winget-pkgs\manifests\t\TablePlus\TablePlus\4.1.2\TablePlus.TablePlus.locale.en-US.yaml
2025-01-17 18:26:08.371 INFO   Processing of manifest: D:\...\winget-pkgs\manifests\t\TablePlus\TablePlus\4.1.2\TablePlus.TablePlus.yaml
2025-01-17 18:26:08.387 INFO     Replace ManifestVersion: 1.0.0 -> 1.9.0
2025-01-17 18:26:08.388 INFO     Replace schema references: 1.0.0.schema.json -> 1.9.0.schema.json
2025-01-17 18:26:08.390 INFO     The modified file has been saved as: D:\...\winget-pkgs\manifests\t\TablePlus\TablePlus\4.1.2\TablePlus.TablePlus.yaml
2025-01-17 18:26:08.393 INFO   Create a new locale manifest file: D:\...\winget-pkgs\manifests\t\TablePlus\TablePlus\4.1.2\TablePlus.TablePlus.locale.zh-CN.yaml
2025-01-17 18:26:08.395 INFO     New locale manifest file created: D:\...\winget-pkgs\manifests\t\TablePlus\TablePlus\4.1.2\TablePlus.TablePlus.locale.zh-CN.yaml
2025-01-17 18:26:08.396 INFO   Staging and Committing Changes to Git
2025-01-17 18:26:12.366 INFO     Commit message: Modify: TablePlus.TablePlus version 4.1.2 (Auto)
2025-01-17 18:26:12.375 INFO   Pushing changes to remote (origin) repository
2025-01-17 18:26:19.853 INFO     Successfully pushed to remote (origin): Modify-TablePlus.TablePlus-4.1.2
2025-01-17 18:26:19.864 INFO Processing version folder: 4.2.0
2025-01-17 18:26:19.866 INFO   Create and checkout to a new branch: Modify-TablePlus.TablePlus-4.2.0
2025-01-17 18:26:23.833 INFO   Processing of manifest: D:\...\winget-pkgs\manifests\t\TablePlus\TablePlus\4.2.0\TablePlus.TablePlus.installer.yaml
2025-01-17 18:26:23.854 INFO     Replace ManifestVersion: 1.0.0 -> 1.9.0
2025-01-17 18:26:23.854 INFO     Replace schema references: 1.0.0.schema.json -> 1.9.0.schema.json
2025-01-17 18:26:23.854 INFO     The modified file has been saved as: D:\...\winget-pkgs\manifests\t\TablePlus\TablePlus\4.2.0\TablePlus.TablePlus.installer.yaml
2025-01-17 18:26:23.854 INFO   Processing of manifest: D:\...\winget-pkgs\manifests\t\TablePlus\TablePlus\4.2.0\TablePlus.TablePlus.locale.en-US.yaml
2025-01-17 18:26:23.870 INFO     Replace ManifestVersion: 1.0.0 -> 1.9.0
2025-01-17 18:26:23.870 INFO     Replace schema references: 1.0.0.schema.json -> 1.9.0.schema.json
2025-01-17 18:26:23.879 INFO   Fill in the missing Author entry: NULL -> Author: TablePlus Inc.
2025-01-17 18:26:23.880 INFO   Fill in the missing PrivacyUrl entry: NULL -> PrivacyUrl: https://tableplus.com/privacy
2025-01-17 18:26:23.880 INFO   Fill in the missing PublisherSupportUrl entry: NULL -> PublisherSupportUrl: https://tableplus.com/contact
2025-01-17 18:26:23.881 INFO   Fill in the missing PublisherUrl entry: NULL -> PublisherUrl: https://tableplus.com/
2025-01-17 18:26:23.881 INFO   Correction to Licence entry: License: Copyright... -> License: Proprietary
2025-01-17 18:26:23.882 INFO   Fill in the missing Copyright entry: NULL -> Copyright: Copyright (c) 2025 TablePlus Inc. All rights reserved.
2025-01-17 18:26:23.882 INFO   Correction to ShortDescription and Description entry: TOO LONG TO LOAD - NULL
2025-01-17 18:26:23.883 INFO     The modified file has been saved as: D:\...\winget-pkgs\manifests\t\TablePlus\TablePlus\4.2.0\TablePlus.TablePlus.locale.en-US.yaml
2025-01-17 18:26:23.884 INFO   Processing of manifest: D:\...\winget-pkgs\manifests\t\TablePlus\TablePlus\4.2.0\TablePlus.TablePlus.yaml
2025-01-17 18:26:23.902 INFO     Replace ManifestVersion: 1.0.0 -> 1.9.0
2025-01-17 18:26:23.904 INFO     Replace schema references: 1.0.0.schema.json -> 1.9.0.schema.json
2025-01-17 18:26:23.906 INFO     The modified file has been saved as: D:\...\winget-pkgs\manifests\t\TablePlus\TablePlus\4.2.0\TablePlus.TablePlus.yaml
2025-01-17 18:26:23.908 INFO   Create a new locale manifest file: D:\...\winget-pkgs\manifests\t\TablePlus\TablePlus\4.2.0\TablePlus.TablePlus.locale.zh-CN.yaml
2025-01-17 18:26:23.909 INFO     New locale manifest file created: D:\...\winget-pkgs\manifests\t\TablePlus\TablePlus\4.2.0\TablePlus.TablePlus.locale.zh-CN.yaml
2025-01-17 18:26:23.909 INFO   Staging and Committing Changes to Git
2025-01-17 18:26:27.885 INFO     Commit message: Modify: TablePlus.TablePlus version 4.2.0 (Auto)
2025-01-17 18:26:27.885 INFO   Pushing changes to remote (origin) repository
2025-01-17 18:26:35.895 INFO     Successfully pushed to remote (origin): Modify-TablePlus.TablePlus-4.2.0
2025-01-17 18:26:35.909 INFO Processing version folder: 4.2.12
2025-01-17 18:26:35.911 INFO   Create and checkout to a new branch: Modify-TablePlus.TablePlus-4.2.12
2025-01-17 18:26:39.655 INFO   Processing of manifest: D:\...\winget-pkgs\manifests\t\TablePlus\TablePlus\4.2.12\TablePlus.TablePlus.installer.yaml
2025-01-17 18:26:39.674 INFO     Replace ManifestVersion: 1.0.0 -> 1.9.0
2025-01-17 18:26:39.675 INFO     Replace schema references: 1.0.0.schema.json -> 1.9.0.schema.json
2025-01-17 18:26:39.677 INFO     The modified file has been saved as: D:\...\winget-pkgs\manifests\t\TablePlus\TablePlus\4.2.12\TablePlus.TablePlus.installer.yaml
2025-01-17 18:26:39.678 INFO   Processing of manifest: D:\...\winget-pkgs\manifests\t\TablePlus\TablePlus\4.2.12\TablePlus.TablePlus.locale.en-US.yaml
2025-01-17 18:26:39.696 INFO     Replace ManifestVersion: 1.0.0 -> 1.9.0
2025-01-17 18:26:39.697 INFO     Replace schema references: 1.0.0.schema.json -> 1.9.0.schema.json
2025-01-17 18:26:39.697 INFO   Fill in the missing Author entry: NULL -> Author: TablePlus Inc.
2025-01-17 18:26:39.698 INFO   Fill in the missing PublisherUrl entry: NULL -> PublisherUrl: https://tableplus.com/
2025-01-17 18:26:39.698 INFO   Correction to ShortDescription and Description entry: TOO LONG TO LOAD - NULL
2025-01-17 18:26:39.699 INFO   Comment out Moniker entry: Moniker: tableplus -> # Moniker: tableplus
2025-01-17 18:26:39.699 WHY     When the PackageName (TablePlus) and the Moniker (tableplus) are the same, the Moniker should not be added.
2025-01-17 18:26:39.702 INFO     The modified file has been saved as: D:\...\winget-pkgs\manifests\t\TablePlus\TablePlus\4.2.12\TablePlus.TablePlus.locale.en-US.yaml
2025-01-17 18:26:39.704 INFO   Processing of manifest: D:\...\winget-pkgs\manifests\t\TablePlus\TablePlus\4.2.12\TablePlus.TablePlus.yaml
2025-01-17 18:26:39.717 INFO     Replace ManifestVersion: 1.0.0 -> 1.9.0
2025-01-17 18:26:39.719 INFO     Replace schema references: 1.0.0.schema.json -> 1.9.0.schema.json
2025-01-17 18:26:39.722 INFO     The modified file has been saved as: D:\...\winget-pkgs\manifests\t\TablePlus\TablePlus\4.2.12\TablePlus.TablePlus.yaml
2025-01-17 18:26:39.724 INFO   Create a new locale manifest file: D:\...\winget-pkgs\manifests\t\TablePlus\TablePlus\4.2.12\TablePlus.TablePlus.locale.zh-CN.yaml
2025-01-17 18:26:39.727 INFO     New locale manifest file created: D:\...\winget-pkgs\manifests\t\TablePlus\TablePlus\4.2.12\TablePlus.TablePlus.locale.zh-CN.yaml
2025-01-17 18:26:39.728 INFO   Staging and Committing Changes to Git
2025-01-17 18:26:43.617 INFO     Commit message: Modify: TablePlus.TablePlus version 4.2.12 (Auto)
2025-01-17 18:26:43.617 INFO   Pushing changes to remote (origin) repository
2025-01-17 18:26:52.406 INFO     Successfully pushed to remote (origin): Modify-TablePlus.TablePlus-4.2.12
2025-01-17 18:26:52.406 INFO Processing version folder: 4.2.3
2025-01-17 18:26:52.422 INFO   Create and checkout to a new branch: Modify-TablePlus.TablePlus-4.2.3
2025-01-17 18:26:56.762 INFO   Processing of manifest: D:\...\winget-pkgs\manifests\t\TablePlus\TablePlus\4.2.3\TablePlus.TablePlus.installer.yaml
2025-01-17 18:26:56.785 INFO     Replace ManifestVersion: 1.0.0 -> 1.9.0
2025-01-17 18:26:56.786 INFO     Replace schema references: 1.0.0.schema.json -> 1.9.0.schema.json
2025-01-17 18:26:56.788 INFO     The modified file has been saved as: D:\...\winget-pkgs\manifests\t\TablePlus\TablePlus\4.2.3\TablePlus.TablePlus.installer.yaml
2025-01-17 18:26:56.790 INFO   Processing of manifest: D:\...\winget-pkgs\manifests\t\TablePlus\TablePlus\4.2.3\TablePlus.TablePlus.locale.en-US.yaml
2025-01-17 18:26:56.808 INFO     Replace ManifestVersion: 1.0.0 -> 1.9.0
2025-01-17 18:26:56.811 INFO     Replace schema references: 1.0.0.schema.json -> 1.9.0.schema.json
2025-01-17 18:26:56.812 INFO   Fill in the missing Author entry: NULL -> Author: TablePlus Inc.
2025-01-17 18:26:56.813 INFO   Fill in the missing PrivacyUrl entry: NULL -> PrivacyUrl: https://tableplus.com/privacy
2025-01-17 18:26:56.813 INFO   Fill in the missing PublisherSupportUrl entry: NULL -> PublisherSupportUrl: https://tableplus.com/contact
2025-01-17 18:26:56.814 INFO   Fill in the missing PublisherUrl entry: NULL -> PublisherUrl: https://tableplus.com/
2025-01-17 18:26:56.814 INFO   Correction to Licence entry: License: Copyright... -> License: Proprietary
2025-01-17 18:26:56.814 INFO   Fill in the missing Copyright entry: NULL -> Copyright: Copyright (c) 2025 TablePlus Inc. All rights reserved.
2025-01-17 18:26:56.816 INFO   Correction to ShortDescription and Description entry: TOO LONG TO LOAD - NULL
2025-01-17 18:26:56.817 INFO     The modified file has been saved as: D:\...\winget-pkgs\manifests\t\TablePlus\TablePlus\4.2.3\TablePlus.TablePlus.locale.en-US.yaml
2025-01-17 18:26:56.820 INFO   Processing of manifest: D:\...\winget-pkgs\manifests\t\TablePlus\TablePlus\4.2.3\TablePlus.TablePlus.yaml
2025-01-17 18:26:56.836 INFO     Replace ManifestVersion: 1.0.0 -> 1.9.0
2025-01-17 18:26:56.838 INFO     Replace schema references: 1.0.0.schema.json -> 1.9.0.schema.json
2025-01-17 18:26:56.840 INFO     The modified file has been saved as: D:\...\winget-pkgs\manifests\t\TablePlus\TablePlus\4.2.3\TablePlus.TablePlus.yaml
2025-01-17 18:26:56.841 INFO   Create a new locale manifest file: D:\...\winget-pkgs\manifests\t\TablePlus\TablePlus\4.2.3\TablePlus.TablePlus.locale.zh-CN.yaml
2025-01-17 18:26:56.843 INFO     New locale manifest file created: D:\...\winget-pkgs\manifests\t\TablePlus\TablePlus\4.2.3\TablePlus.TablePlus.locale.zh-CN.yaml
2025-01-17 18:26:56.845 INFO   Staging and Committing Changes to Git
2025-01-17 18:27:01.930 INFO     Commit message: Modify: TablePlus.TablePlus version 4.2.3 (Auto)
2025-01-17 18:27:01.946 INFO   Pushing changes to remote (origin) repository
2025-01-17 18:27:10.479 INFO     Successfully pushed to remote (origin): Modify-TablePlus.TablePlus-4.2.3
2025-01-17 18:27:10.479 INFO Processing version folder: 4.2.4
2025-01-17 18:27:10.479 INFO   Create and checkout to a new branch: Modify-TablePlus.TablePlus-4.2.4
2025-01-17 18:27:14.249 INFO   Processing of manifest: D:\...\winget-pkgs\manifests\t\TablePlus\TablePlus\4.2.4\TablePlus.TablePlus.installer.yaml
2025-01-17 18:27:14.267 INFO     Replace ManifestVersion: 1.0.0 -> 1.9.0
2025-01-17 18:27:14.268 INFO     Replace schema references: 1.0.0.schema.json -> 1.9.0.schema.json
2025-01-17 18:27:14.270 INFO     The modified file has been saved as: D:\...\winget-pkgs\manifests\t\TablePlus\TablePlus\4.2.4\TablePlus.TablePlus.installer.yaml
2025-01-17 18:27:14.271 INFO   Processing of manifest: D:\...\winget-pkgs\manifests\t\TablePlus\TablePlus\4.2.4\TablePlus.TablePlus.locale.en-US.yaml
2025-01-17 18:27:14.280 INFO     Replace ManifestVersion: 1.0.0 -> 1.9.0
2025-01-17 18:27:14.280 INFO     Replace schema references: 1.0.0.schema.json -> 1.9.0.schema.json
2025-01-17 18:27:14.280 INFO   Fill in the missing Author entry: NULL -> Author: TablePlus Inc.
2025-01-17 18:27:14.280 INFO   Fill in the missing PublisherUrl entry: NULL -> PublisherUrl: https://tableplus.com/
2025-01-17 18:27:14.280 INFO   Correction to ShortDescription and Description entry: TOO LONG TO LOAD - NULL
2025-01-17 18:27:14.280 INFO   Comment out Moniker entry: Moniker: tableplus -> # Moniker: tableplus
2025-01-17 18:27:14.280 WHY     When the PackageName (TablePlus) and the Moniker (tableplus) are the same, the Moniker should not be added.
2025-01-17 18:27:14.296 INFO     The modified file has been saved as: D:\...\winget-pkgs\manifests\t\TablePlus\TablePlus\4.2.4\TablePlus.TablePlus.locale.en-US.yaml
2025-01-17 18:27:14.296 INFO   Processing of manifest: D:\...\winget-pkgs\manifests\t\TablePlus\TablePlus\4.2.4\TablePlus.TablePlus.yaml
2025-01-17 18:27:14.311 INFO     Replace ManifestVersion: 1.0.0 -> 1.9.0
2025-01-17 18:27:14.311 INFO     Replace schema references: 1.0.0.schema.json -> 1.9.0.schema.json
2025-01-17 18:27:14.311 INFO     The modified file has been saved as: D:\...\winget-pkgs\manifests\t\TablePlus\TablePlus\4.2.4\TablePlus.TablePlus.yaml
2025-01-17 18:27:14.311 INFO   Create a new locale manifest file: D:\...\winget-pkgs\manifests\t\TablePlus\TablePlus\4.2.4\TablePlus.TablePlus.locale.zh-CN.yaml
2025-01-17 18:27:14.311 INFO     New locale manifest file created: D:\...\winget-pkgs\manifests\t\TablePlus\TablePlus\4.2.4\TablePlus.TablePlus.locale.zh-CN.yaml
2025-01-17 18:27:14.311 INFO   Staging and Committing Changes to Git
2025-01-17 18:27:18.325 INFO     Commit message: Modify: TablePlus.TablePlus version 4.2.4 (Auto)
2025-01-17 18:27:18.325 INFO   Pushing changes to remote (origin) repository
2025-01-17 18:27:26.492 INFO     Successfully pushed to remote (origin): Modify-TablePlus.TablePlus-4.2.4
2025-01-17 18:27:26.494 INFO Processing version folder: 4.2.6
2025-01-17 18:27:26.496 INFO   Create and checkout to a new branch: Modify-TablePlus.TablePlus-4.2.6
2025-01-17 18:27:30.393 INFO   Processing of manifest: D:\...\winget-pkgs\manifests\t\TablePlus\TablePlus\4.2.6\TablePlus.TablePlus.installer.yaml
2025-01-17 18:27:30.409 INFO     Replace ManifestVersion: 1.0.0 -> 1.9.0
2025-01-17 18:27:30.409 INFO     Replace schema references: 1.0.0.schema.json -> 1.9.0.schema.json
2025-01-17 18:27:30.409 INFO     The modified file has been saved as: D:\...\winget-pkgs\manifests\t\TablePlus\TablePlus\4.2.6\TablePlus.TablePlus.installer.yaml
2025-01-17 18:27:30.409 INFO   Processing of manifest: D:\...\winget-pkgs\manifests\t\TablePlus\TablePlus\4.2.6\TablePlus.TablePlus.locale.en-US.yaml
2025-01-17 18:27:30.440 INFO     Replace ManifestVersion: 1.0.0 -> 1.9.0
2025-01-17 18:27:30.440 INFO     Replace schema references: 1.0.0.schema.json -> 1.9.0.schema.json
2025-01-17 18:27:30.440 INFO   Fill in the missing Author entry: NULL -> Author: TablePlus Inc.
2025-01-17 18:27:30.440 INFO   Fill in the missing PublisherUrl entry: NULL -> PublisherUrl: https://tableplus.com/
2025-01-17 18:27:30.440 INFO   Correction to ShortDescription and Description entry: TOO LONG TO LOAD - NULL
2025-01-17 18:27:30.440 INFO   Comment out Moniker entry: Moniker: tableplus -> # Moniker: tableplus
2025-01-17 18:27:30.440 WHY     When the PackageName (TablePlus) and the Moniker (tableplus) are the same, the Moniker should not be added.
2025-01-17 18:27:30.440 INFO     The modified file has been saved as: D:\...\winget-pkgs\manifests\t\TablePlus\TablePlus\4.2.6\TablePlus.TablePlus.locale.en-US.yaml
2025-01-17 18:27:30.440 INFO   Processing of manifest: D:\...\winget-pkgs\manifests\t\TablePlus\TablePlus\4.2.6\TablePlus.TablePlus.yaml
2025-01-17 18:27:30.455 INFO     Replace ManifestVersion: 1.0.0 -> 1.9.0
2025-01-17 18:27:30.455 INFO     Replace schema references: 1.0.0.schema.json -> 1.9.0.schema.json
2025-01-17 18:27:30.455 INFO     The modified file has been saved as: D:\...\winget-pkgs\manifests\t\TablePlus\TablePlus\4.2.6\TablePlus.TablePlus.yaml
2025-01-17 18:27:30.471 INFO   Create a new locale manifest file: D:\...\winget-pkgs\manifests\t\TablePlus\TablePlus\4.2.6\TablePlus.TablePlus.locale.zh-CN.yaml
2025-01-17 18:27:30.471 INFO     New locale manifest file created: D:\...\winget-pkgs\manifests\t\TablePlus\TablePlus\4.2.6\TablePlus.TablePlus.locale.zh-CN.yaml
2025-01-17 18:27:30.471 INFO   Staging and Committing Changes to Git
2025-01-17 18:27:35.879 INFO     Commit message: Modify: TablePlus.TablePlus version 4.2.6 (Auto)
2025-01-17 18:27:35.879 INFO   Pushing changes to remote (origin) repository
2025-01-17 18:27:44.187 INFO     Successfully pushed to remote (origin): Modify-TablePlus.TablePlus-4.2.6
2025-01-17 18:27:44.187 INFO Processing version folder: 4.2.8
2025-01-17 18:27:44.187 INFO   Create and checkout to a new branch: Modify-TablePlus.TablePlus-4.2.8
2025-01-17 18:27:47.944 INFO   Processing of manifest: D:\...\winget-pkgs\manifests\t\TablePlus\TablePlus\4.2.8\TablePlus.TablePlus.installer.yaml
2025-01-17 18:27:47.959 INFO     Replace ManifestVersion: 1.0.0 -> 1.9.0
2025-01-17 18:27:47.959 INFO     Replace schema references: 1.0.0.schema.json -> 1.9.0.schema.json
2025-01-17 18:27:47.959 INFO     The modified file has been saved as: D:\...\winget-pkgs\manifests\t\TablePlus\TablePlus\4.2.8\TablePlus.TablePlus.installer.yaml
2025-01-17 18:27:47.959 INFO   Processing of manifest: D:\...\winget-pkgs\manifests\t\TablePlus\TablePlus\4.2.8\TablePlus.TablePlus.locale.en-US.yaml
2025-01-17 18:27:47.990 INFO     Replace ManifestVersion: 1.0.0 -> 1.9.0
2025-01-17 18:27:47.990 INFO     Replace schema references: 1.0.0.schema.json -> 1.9.0.schema.json
2025-01-17 18:27:47.990 INFO   Fill in the missing Author entry: NULL -> Author: TablePlus Inc.
2025-01-17 18:27:47.990 INFO   Fill in the missing PublisherUrl entry: NULL -> PublisherUrl: https://tableplus.com/
2025-01-17 18:27:47.990 INFO   Correction to ShortDescription and Description entry: TOO LONG TO LOAD - NULL
2025-01-17 18:27:48.599 INFO   Comment out Moniker entry: Moniker: tableplus -> # Moniker: tableplus
2025-01-17 18:27:48.599 WHY     When the PackageName (TablePlus) and the Moniker (tableplus) are the same, the Moniker should not be added.
2025-01-17 18:27:48.599 INFO     The modified file has been saved as: D:\...\winget-pkgs\manifests\t\TablePlus\TablePlus\4.2.8\TablePlus.TablePlus.locale.en-US.yaml
2025-01-17 18:27:48.599 INFO   Processing of manifest: D:\...\winget-pkgs\manifests\t\TablePlus\TablePlus\4.2.8\TablePlus.TablePlus.yaml
2025-01-17 18:27:48.372 INFO     Replace ManifestVersion: 1.0.0 -> 1.9.0
2025-01-17 18:27:48.372 INFO     Replace schema references: 1.0.0.schema.json -> 1.9.0.schema.json
2025-01-17 18:27:48.372 INFO     The modified file has been saved as: D:\...\winget-pkgs\manifests\t\TablePlus\TablePlus\4.2.8\TablePlus.TablePlus.yaml
2025-01-17 18:27:48.372 INFO   Create a new locale manifest file: D:\...\winget-pkgs\manifests\t\TablePlus\TablePlus\4.2.8\TablePlus.TablePlus.locale.zh-CN.yaml
2025-01-17 18:27:48.372 INFO     New locale manifest file created: D:\...\winget-pkgs\manifests\t\TablePlus\TablePlus\4.2.8\TablePlus.TablePlus.locale.zh-CN.yaml
2025-01-17 18:27:48.372 INFO   Staging and Committing Changes to Git
2025-01-17 18:27:52.163 INFO     Commit message: Modify: TablePlus.TablePlus version 4.2.8 (Auto)
2025-01-17 18:27:52.163 INFO   Pushing changes to remote (origin) repository
2025-01-17 18:28:00.659 INFO     Successfully pushed to remote (origin): Modify-TablePlus.TablePlus-4.2.8
2025-01-17 18:28:00.659 INFO Processing version folder: 4.8.3
2025-01-17 18:28:00.659 INFO   Create and checkout to a new branch: Modify-TablePlus.TablePlus-4.8.3
2025-01-17 18:28:05.565 INFO   Processing of manifest: D:\...\winget-pkgs\manifests\t\TablePlus\TablePlus\4.8.3\TablePlus.TablePlus.installer.yaml
2025-01-17 18:28:05.595 INFO     Replace ManifestVersion: 1.1.0 -> 1.9.0
2025-01-17 18:28:05.596 INFO     Replace schema references: 1.1.0.schema.json -> 1.9.0.schema.json
2025-01-17 18:28:05.598 INFO     The modified file has been saved as: D:\...\winget-pkgs\manifests\t\TablePlus\TablePlus\4.8.3\TablePlus.TablePlus.installer.yaml
2025-01-17 18:28:05.602 INFO   Processing of manifest: D:\...\winget-pkgs\manifests\t\TablePlus\TablePlus\4.8.3\TablePlus.TablePlus.locale.en-US.yaml
2025-01-17 18:28:05.626 INFO     Replace ManifestVersion: 1.1.0 -> 1.9.0
2025-01-17 18:28:05.629 INFO     Replace schema references: 1.1.0.schema.json -> 1.9.0.schema.json
2025-01-17 18:28:05.631 INFO   Fill in the missing Author entry: # Author: -> Author: TablePlus Inc.
2025-01-17 18:28:05.632 INFO   Fill in the missing PublisherUrl entry: # PublisherUrl: -> PublisherUrl: https://tableplus.com/
2025-01-17 18:28:05.633 INFO   Correction to ShortDescription and Description entry: TOO LONG TO LOAD
2025-01-17 18:28:05.633 INFO   Comment out Moniker entry: Moniker: tableplus -> # Moniker: tableplus
2025-01-17 18:28:05.634 WHY     When the PackageName (TablePlus) and the Moniker (tableplus) are the same, the Moniker should not be added.
2025-01-17 18:28:05.639 INFO     The modified file has been saved as: D:\...\winget-pkgs\manifests\t\TablePlus\TablePlus\4.8.3\TablePlus.TablePlus.locale.en-US.yaml
2025-01-17 18:28:05.643 INFO   Processing of manifest: D:\...\winget-pkgs\manifests\t\TablePlus\TablePlus\4.8.3\TablePlus.TablePlus.yaml
2025-01-17 18:28:05.666 INFO     Replace ManifestVersion: 1.1.0 -> 1.9.0
2025-01-17 18:28:05.667 INFO     Replace schema references: 1.1.0.schema.json -> 1.9.0.schema.json
2025-01-17 18:28:05.670 INFO     The modified file has been saved as: D:\...\winget-pkgs\manifests\t\TablePlus\TablePlus\4.8.3\TablePlus.TablePlus.yaml
2025-01-17 18:28:05.671 INFO   Create a new locale manifest file: D:\...\winget-pkgs\manifests\t\TablePlus\TablePlus\4.8.3\TablePlus.TablePlus.locale.zh-CN.yaml
2025-01-17 18:28:05.674 INFO     New locale manifest file created: D:\...\winget-pkgs\manifests\t\TablePlus\TablePlus\4.8.3\TablePlus.TablePlus.locale.zh-CN.yaml
2025-01-17 18:28:05.676 INFO   Staging and Committing Changes to Git
2025-01-17 18:28:10.592 INFO     Commit message: Modify: TablePlus.TablePlus version 4.8.3 (Auto)
2025-01-17 18:28:10.592 INFO   Pushing changes to remote (origin) repository
2025-01-17 18:28:18.956 INFO     Successfully pushed to remote (origin): Modify-TablePlus.TablePlus-4.8.3
2025-01-17 18:28:18.956 INFO Processing version folder: 4.8.6
2025-01-17 18:28:18.956 INFO   Create and checkout to a new branch: Modify-TablePlus.TablePlus-4.8.6
2025-01-17 18:28:23.245 INFO   Processing of manifest: D:\...\winget-pkgs\manifests\t\TablePlus\TablePlus\4.8.6\TablePlus.TablePlus.installer.yaml
2025-01-17 18:28:23.401 INFO     Replace ManifestVersion: 1.1.0 -> 1.9.0
2025-01-17 18:28:23.557 INFO     Replace schema references: 1.1.0.schema.json -> 1.9.0.schema.json
2025-01-17 18:28:23.557 INFO     The modified file has been saved as: D:\...\winget-pkgs\manifests\t\TablePlus\TablePlus\4.8.6\TablePlus.TablePlus.installer.yaml
2025-01-17 18:28:23.557 INFO   Processing of manifest: D:\...\winget-pkgs\manifests\t\TablePlus\TablePlus\4.8.6\TablePlus.TablePlus.locale.en-US.yaml
2025-01-17 18:28:23.713 INFO     Replace ManifestVersion: 1.1.0 -> 1.9.0
2025-01-17 18:28:23.713 INFO     Replace schema references: 1.1.0.schema.json -> 1.9.0.schema.json
2025-01-17 18:28:23.713 INFO   Fill in the missing Author entry: # Author: -> Author: TablePlus Inc.
2025-01-17 18:28:23.713 INFO   Fill in the missing PublisherUrl entry: # PublisherUrl: -> PublisherUrl: https://tableplus.com/
2025-01-17 18:28:23.713 INFO   Correction to ShortDescription and Description entry: TOO LONG TO LOAD
2025-01-17 18:28:23.713 INFO   Comment out Moniker entry: Moniker: tableplus -> # Moniker: tableplus
2025-01-17 18:28:23.713 WHY     When the PackageName (TablePlus) and the Moniker (tableplus) are the same, the Moniker should not be added.
2025-01-17 18:28:23.870 INFO     The modified file has been saved as: D:\...\winget-pkgs\manifests\t\TablePlus\TablePlus\4.8.6\TablePlus.TablePlus.locale.en-US.yaml
2025-01-17 18:28:23.870 INFO   Processing of manifest: D:\...\winget-pkgs\manifests\t\TablePlus\TablePlus\4.8.6\TablePlus.TablePlus.yaml
2025-01-17 18:28:23.106 INFO     Replace ManifestVersion: 1.1.0 -> 1.9.0
2025-01-17 18:28:23.106 INFO     Replace schema references: 1.1.0.schema.json -> 1.9.0.schema.json
2025-01-17 18:28:23.118 INFO     The modified file has been saved as: D:\...\winget-pkgs\manifests\t\TablePlus\TablePlus\4.8.6\TablePlus.TablePlus.yaml
2025-01-17 18:28:23.118 INFO   Create a new locale manifest file: D:\...\winget-pkgs\manifests\t\TablePlus\TablePlus\4.8.6\TablePlus.TablePlus.locale.zh-CN.yaml
2025-01-17 18:28:23.118 INFO     New locale manifest file created: D:\...\winget-pkgs\manifests\t\TablePlus\TablePlus\4.8.6\TablePlus.TablePlus.locale.zh-CN.yaml
2025-01-17 18:28:23.118 INFO   Staging and Committing Changes to Git
2025-01-17 18:28:27.245 INFO     Commit message: Modify: TablePlus.TablePlus version 4.8.6 (Auto)
2025-01-17 18:28:27.245 INFO   Pushing changes to remote (origin) repository
2025-01-17 18:28:41.667 INFO     Successfully pushed to remote (origin): Modify-TablePlus.TablePlus-4.8.6
2025-01-17 18:28:41.667 INFO Processing version folder: 5.0.4
2025-01-17 18:28:41.667 INFO   Create and checkout to a new branch: Modify-TablePlus.TablePlus-5.0.4
2025-01-17 18:28:45.242 INFO   Processing of manifest: D:\...\winget-pkgs\manifests\t\TablePlus\TablePlus\5.0.4\TablePlus.TablePlus.installer.yaml
2025-01-17 18:28:45.257 INFO     Replace ManifestVersion: 1.2.0 -> 1.9.0
2025-01-17 18:28:45.257 INFO     Replace schema references: 1.2.0.schema.json -> 1.9.0.schema.json
2025-01-17 18:28:45.257 INFO     The modified file has been saved as: D:\...\winget-pkgs\manifests\t\TablePlus\TablePlus\5.0.4\TablePlus.TablePlus.installer.yaml
2025-01-17 18:28:45.257 INFO   Processing of manifest: D:\...\winget-pkgs\manifests\t\TablePlus\TablePlus\5.0.4\TablePlus.TablePlus.locale.en-US.yaml
2025-01-17 18:28:45.278 INFO     Replace ManifestVersion: 1.2.0 -> 1.9.0
2025-01-17 18:28:45.279 INFO     Replace schema references: 1.2.0.schema.json -> 1.9.0.schema.json
2025-01-17 18:28:45.279 INFO   Fill in the missing Author entry: NULL -> Author: TablePlus Inc.
2025-01-17 18:28:45.279 INFO   Correction to ShortDescription and Description entry: TOO LONG TO LOAD - NULL
2025-01-17 18:28:45.279 INFO   Comment out Moniker entry: Moniker: tableplus -> # Moniker: tableplus
2025-01-17 18:28:45.279 WHY     When the PackageName (TablePlus) and the Moniker (tableplus) are the same, the Moniker should not be added.
2025-01-17 18:28:45.279 INFO     The modified file has been saved as: D:\...\winget-pkgs\manifests\t\TablePlus\TablePlus\5.0.4\TablePlus.TablePlus.locale.en-US.yaml
2025-01-17 18:28:45.279 INFO   Processing of manifest: D:\...\winget-pkgs\manifests\t\TablePlus\TablePlus\5.0.4\TablePlus.TablePlus.yaml
2025-01-17 18:28:45.293 INFO     Replace ManifestVersion: 1.2.0 -> 1.9.0
2025-01-17 18:28:45.293 INFO     Replace schema references: 1.2.0.schema.json -> 1.9.0.schema.json
2025-01-17 18:28:45.293 INFO     The modified file has been saved as: D:\...\winget-pkgs\manifests\t\TablePlus\TablePlus\5.0.4\TablePlus.TablePlus.yaml
2025-01-17 18:28:45.293 INFO   Create a new locale manifest file: D:\...\winget-pkgs\manifests\t\TablePlus\TablePlus\5.0.4\TablePlus.TablePlus.locale.zh-CN.yaml
2025-01-17 18:28:45.293 INFO     New locale manifest file created: D:\...\winget-pkgs\manifests\t\TablePlus\TablePlus\5.0.4\TablePlus.TablePlus.locale.zh-CN.yaml
2025-01-17 18:28:45.293 INFO   Staging and Committing Changes to Git
2025-01-17 18:28:49.214 INFO     Commit message: Modify: TablePlus.TablePlus version 5.0.4 (Auto)
2025-01-17 18:28:49.214 INFO   Pushing changes to remote (origin) repository
2025-01-17 18:28:59.226 INFO     Successfully pushed to remote (origin): Modify-TablePlus.TablePlus-5.0.4
2025-01-17 18:28:59.226 INFO Processing version folder: 5.2.6
2025-01-17 18:28:59.226 INFO   Create and checkout to a new branch: Modify-TablePlus.TablePlus-5.2.6
2025-01-17 18:29:02.946 INFO   Processing of manifest: D:\...\winget-pkgs\manifests\t\TablePlus\TablePlus\5.2.6\TablePlus.TablePlus.installer.yaml
2025-01-17 18:29:02.955 INFO     Replace ManifestVersion: 1.4.0 -> 1.9.0
2025-01-17 18:29:02.968 INFO     Replace schema references: 1.4.0.schema.json -> 1.9.0.schema.json
2025-01-17 18:29:02.970 INFO     The modified file has been saved as: D:\...\winget-pkgs\manifests\t\TablePlus\TablePlus\5.2.6\TablePlus.TablePlus.installer.yaml
2025-01-17 18:29:02.971 INFO   Processing of manifest: D:\...\winget-pkgs\manifests\t\TablePlus\TablePlus\5.2.6\TablePlus.TablePlus.locale.en-US.yaml
2025-01-17 18:29:02.992 INFO     Replace ManifestVersion: 1.4.0 -> 1.9.0
2025-01-17 18:29:02.992 INFO     Replace schema references: 1.4.0.schema.json -> 1.9.0.schema.json
2025-01-17 18:29:02.992 INFO   Fill in the missing Author entry: NULL -> Author: TablePlus Inc.
2025-01-17 18:29:03.576 INFO   Correction to ShortDescription and Description entry: TOO LONG TO LOAD - NULL
2025-01-17 18:29:03.576 INFO   Comment out Moniker entry: Moniker: tableplus -> # Moniker: tableplus
2025-01-17 18:29:03.159 WHY     When the PackageName (TablePlus) and the Moniker (tableplus) are the same, the Moniker should not be added.
2025-01-17 18:29:03.259 INFO     The modified file has been saved as: D:\...\winget-pkgs\manifests\t\TablePlus\TablePlus\5.2.6\TablePlus.TablePlus.locale.en-US.yaml
2025-01-17 18:29:03.459 INFO   Processing of manifest: D:\...\winget-pkgs\manifests\t\TablePlus\TablePlus\5.2.6\TablePlus.TablePlus.yaml
2025-01-17 18:29:03.217 INFO     Replace ManifestVersion: 1.4.0 -> 1.9.0
2025-01-17 18:29:03.237 INFO     Replace schema references: 1.4.0.schema.json -> 1.9.0.schema.json
2025-01-17 18:29:03.248 INFO     The modified file has been saved as: D:\...\winget-pkgs\manifests\t\TablePlus\TablePlus\5.2.6\TablePlus.TablePlus.yaml
2025-01-17 18:29:03.277 INFO   Create a new locale manifest file: D:\...\winget-pkgs\manifests\t\TablePlus\TablePlus\5.2.6\TablePlus.TablePlus.locale.zh-CN.yaml
2025-01-17 18:29:03.284 INFO     New locale manifest file created: D:\...\winget-pkgs\manifests\t\TablePlus\TablePlus\5.2.6\TablePlus.TablePlus.locale.zh-CN.yaml
2025-01-17 18:29:03.315 INFO   Staging and Committing Changes to Git
2025-01-17 18:29:06.959 INFO     Commit message: Modify: TablePlus.TablePlus version 5.2.6 (Auto)
2025-01-17 18:29:06.959 INFO   Pushing changes to remote (origin) repository
2025-01-17 18:29:14.973 INFO     Successfully pushed to remote (origin): Modify-TablePlus.TablePlus-5.2.6
2025-01-17 18:29:14.973 INFO Processing version folder: 5.9.6
2025-01-17 18:29:14.981 INFO   Create and checkout to a new branch: Modify-TablePlus.TablePlus-5.9.6
2025-01-17 18:29:18.534 INFO   Processing of manifest: D:\...\winget-pkgs\manifests\t\TablePlus\TablePlus\5.9.6\TablePlus.TablePlus.installer.yaml
2025-01-17 18:29:18.552 INFO     Replace ManifestVersion: 1.6.0 -> 1.9.0
2025-01-17 18:29:18.553 INFO     Replace schema references: 1.6.0.schema.json -> 1.9.0.schema.json
2025-01-17 18:29:18.556 INFO     The modified file has been saved as: D:\...\winget-pkgs\manifests\t\TablePlus\TablePlus\5.9.6\TablePlus.TablePlus.installer.yaml
2025-01-17 18:29:18.557 INFO   Processing of manifest: D:\...\winget-pkgs\manifests\t\TablePlus\TablePlus\5.9.6\TablePlus.TablePlus.locale.en-US.yaml
2025-01-17 18:29:18.575 INFO     Replace ManifestVersion: 1.6.0 -> 1.9.0
2025-01-17 18:29:18.576 INFO     Replace schema references: 1.6.0.schema.json -> 1.9.0.schema.json
2025-01-17 18:29:18.577 INFO   Correction to Copyright entry: Copyright: ©2024 TablePlus, Inc -> Copyright: Copyright (c) 2025 TablePlus Inc. All rights reserved.
2025-01-17 18:29:18.577 INFO   Comment out Moniker entry: Moniker: tableplus -> # Moniker: tableplus
2025-01-17 18:29:18.578 WHY     When the PackageName (TablePlus) and the Moniker (tableplus) are the same, the Moniker should not be added.
2025-01-17 18:29:18.579 INFO     The modified file has been saved as: D:\...\winget-pkgs\manifests\t\TablePlus\TablePlus\5.9.6\TablePlus.TablePlus.locale.en-US.yaml
2025-01-17 18:29:18.580 INFO   Processing of manifest: D:\...\winget-pkgs\manifests\t\TablePlus\TablePlus\5.9.6\TablePlus.TablePlus.locale.zh-CN.yaml
2025-01-17 18:29:18.600 INFO     Replace ManifestVersion: 1.6.0 -> 1.9.0
2025-01-17 18:29:18.602 INFO     Replace schema references: 1.6.0.schema.json -> 1.9.0.schema.json
2025-01-17 18:29:18.603 INFO   Correction to Copyright entry: Copyright: ©2024 TablePlus, Inc -> Copyright: Copyright (c) 2025 TablePlus Inc. 保留所有权利. (zh-CN Locale Manifest)
2025-01-17 18:29:18.604 INFO     The modified file has been saved as: D:\...\winget-pkgs\manifests\t\TablePlus\TablePlus\5.9.6\TablePlus.TablePlus.locale.zh-CN.yaml
2025-01-17 18:29:18.605 INFO   Processing of manifest: D:\...\winget-pkgs\manifests\t\TablePlus\TablePlus\5.9.6\TablePlus.TablePlus.yaml
2025-01-17 18:29:18.621 INFO     Replace ManifestVersion: 1.6.0 -> 1.9.0
2025-01-17 18:29:18.622 INFO     Replace schema references: 1.6.0.schema.json -> 1.9.0.schema.json
2025-01-17 18:29:18.623 INFO     The modified file has been saved as: D:\...\winget-pkgs\manifests\t\TablePlus\TablePlus\5.9.6\TablePlus.TablePlus.yaml
2025-01-17 18:29:18.625 WARNING   zh-CN locale manifest file already exists, skip creating it: D:\...\winget-pkgs\manifests\t\TablePlus\TablePlus\5.9.6\TablePlus.TablePlus.locale.zh-CN.yaml
2025-01-17 18:29:18.625 INFO   Staging and Committing Changes to Git
2025-01-17 18:29:22.563 INFO     Commit message: Modify: TablePlus.TablePlus version 5.9.6 (Auto)
2025-01-17 18:29:22.565 INFO   Pushing changes to remote (origin) repository
2025-01-17 18:29:31.183 INFO     Successfully pushed to remote (origin): Modify-TablePlus.TablePlus-5.9.6
2025-01-17 18:29:31.195 INFO Processing version folder: 5.9.7
2025-01-17 18:29:31.196 INFO   Create and checkout to a new branch: Modify-TablePlus.TablePlus-5.9.7
2025-01-17 18:29:34.752 INFO   Processing of manifest: D:\...\winget-pkgs\manifests\t\TablePlus\TablePlus\5.9.7\TablePlus.TablePlus.installer.yaml
2025-01-17 18:29:34.770 INFO     Replace ManifestVersion: 1.6.0 -> 1.9.0
2025-01-17 18:29:34.770 INFO     Replace schema references: 1.6.0.schema.json -> 1.9.0.schema.json
2025-01-17 18:29:34.770 INFO     The modified file has been saved as: D:\...\winget-pkgs\manifests\t\TablePlus\TablePlus\5.9.7\TablePlus.TablePlus.installer.yaml
2025-01-17 18:29:34.770 INFO   Processing of manifest: D:\...\winget-pkgs\manifests\t\TablePlus\TablePlus\5.9.7\TablePlus.TablePlus.locale.en-US.yaml
2025-01-17 18:29:34.797 INFO     Replace ManifestVersion: 1.6.0 -> 1.9.0
2025-01-17 18:29:34.799 INFO     Replace schema references: 1.6.0.schema.json -> 1.9.0.schema.json
2025-01-17 18:29:34.800 INFO   Correction to Copyright entry: Copyright: ©2024 TablePlus, Inc -> Copyright: Copyright (c) 2025 TablePlus Inc. All rights reserved.
2025-01-17 18:29:34.800 INFO   Comment out Moniker entry: Moniker: tableplus -> # Moniker: tableplus
2025-01-17 18:29:34.801 WHY     When the PackageName (TablePlus) and the Moniker (tableplus) are the same, the Moniker should not be added.
2025-01-17 18:29:34.802 INFO     The modified file has been saved as: D:\...\winget-pkgs\manifests\t\TablePlus\TablePlus\5.9.7\TablePlus.TablePlus.locale.en-US.yaml
2025-01-17 18:29:34.804 INFO   Processing of manifest: D:\...\winget-pkgs\manifests\t\TablePlus\TablePlus\5.9.7\TablePlus.TablePlus.locale.zh-CN.yaml
2025-01-17 18:29:34.823 INFO     Replace ManifestVersion: 1.6.0 -> 1.9.0
2025-01-17 18:29:34.824 INFO     Replace schema references: 1.6.0.schema.json -> 1.9.0.schema.json
2025-01-17 18:29:34.825 INFO   Correction to Copyright entry: Copyright: ©2024 TablePlus, Inc -> Copyright: Copyright (c) 2025 TablePlus Inc. 保留所有权利. (zh-CN Locale Manifest)
2025-01-17 18:29:34.826 INFO     The modified file has been saved as: D:\...\winget-pkgs\manifests\t\TablePlus\TablePlus\5.9.7\TablePlus.TablePlus.locale.zh-CN.yaml
2025-01-17 18:29:34.827 INFO   Processing of manifest: D:\...\winget-pkgs\manifests\t\TablePlus\TablePlus\5.9.7\TablePlus.TablePlus.yaml
2025-01-17 18:29:34.843 INFO     Replace ManifestVersion: 1.6.0 -> 1.9.0
2025-01-17 18:29:34.844 INFO     Replace schema references: 1.6.0.schema.json -> 1.9.0.schema.json
2025-01-17 18:29:34.846 INFO     The modified file has been saved as: D:\...\winget-pkgs\manifests\t\TablePlus\TablePlus\5.9.7\TablePlus.TablePlus.yaml
2025-01-17 18:29:34.846 WARNING   zh-CN locale manifest file already exists, skip creating it: D:\...\winget-pkgs\manifests\t\TablePlus\TablePlus\5.9.7\TablePlus.TablePlus.locale.zh-CN.yaml
2025-01-17 18:29:34.848 INFO   Staging and Committing Changes to Git
2025-01-17 18:29:38.949 INFO     Commit message: Modify: TablePlus.TablePlus version 5.9.7 (Auto)
2025-01-17 18:29:38.949 INFO   Pushing changes to remote (origin) repository
2025-01-17 18:29:48.660 INFO     Successfully pushed to remote (origin): Modify-TablePlus.TablePlus-5.9.7
2025-01-17 18:29:48.661 INFO Processing version folder: 6.0.0
2025-01-17 18:29:48.664 INFO   Create and checkout to a new branch: Modify-TablePlus.TablePlus-6.0.0
2025-01-17 18:29:52.935 INFO   Processing of manifest: D:\...\winget-pkgs\manifests\t\TablePlus\TablePlus\6.0.0\TablePlus.TablePlus.installer.yaml
2025-01-17 18:29:52.951 INFO     Replace ManifestVersion: 1.6.0 -> 1.9.0
2025-01-17 18:29:52.951 INFO     Replace schema references: 1.6.0.schema.json -> 1.9.0.schema.json
2025-01-17 18:29:52.951 INFO     The modified file has been saved as: D:\...\winget-pkgs\manifests\t\TablePlus\TablePlus\6.0.0\TablePlus.TablePlus.installer.yaml
2025-01-17 18:29:52.951 INFO   Processing of manifest: D:\...\winget-pkgs\manifests\t\TablePlus\TablePlus\6.0.0\TablePlus.TablePlus.locale.en-US.yaml
2025-01-17 18:29:52.982 INFO     Replace ManifestVersion: 1.6.0 -> 1.9.0
2025-01-17 18:29:52.982 INFO     Replace schema references: 1.6.0.schema.json -> 1.9.0.schema.json
2025-01-17 18:29:52.982 INFO   Correction to Copyright entry: Copyright: ©2024 TablePlus, Inc -> Copyright: Copyright (c) 2025 TablePlus Inc. All rights reserved.
2025-01-17 18:29:52.982 INFO   Comment out Moniker entry: Moniker: tableplus -> # Moniker: tableplus
2025-01-17 18:29:52.982 WHY     When the PackageName (TablePlus) and the Moniker (tableplus) are the same, the Moniker should not be added.
2025-01-17 18:29:52.982 INFO     The modified file has been saved as: D:\...\winget-pkgs\manifests\t\TablePlus\TablePlus\6.0.0\TablePlus.TablePlus.locale.en-US.yaml
2025-01-17 18:29:52.982 INFO   Processing of manifest: D:\...\winget-pkgs\manifests\t\TablePlus\TablePlus\6.0.0\TablePlus.TablePlus.locale.zh-CN.yaml
2025-01-17 18:29:53.103 INFO     Replace ManifestVersion: 1.6.0 -> 1.9.0
2025-01-17 18:29:53.113 INFO     Replace schema references: 1.6.0.schema.json -> 1.9.0.schema.json
2025-01-17 18:29:53.123 INFO   Correction to Copyright entry: Copyright: ©2024 TablePlus, Inc -> Copyright: Copyright (c) 2025 TablePlus Inc. 保留所有权利. (zh-CN Locale Manifest)
2025-01-17 18:29:53.152 INFO     The modified file has been saved as: D:\...\winget-pkgs\manifests\t\TablePlus\TablePlus\6.0.0\TablePlus.TablePlus.locale.zh-CN.yaml
2025-01-17 18:29:53.162 INFO   Processing of manifest: D:\...\winget-pkgs\manifests\t\TablePlus\TablePlus\6.0.0\TablePlus.TablePlus.yaml
2025-01-17 18:29:53.355 INFO     Replace ManifestVersion: 1.6.0 -> 1.9.0
2025-01-17 18:29:53.375 INFO     Replace schema references: 1.6.0.schema.json -> 1.9.0.schema.json
2025-01-17 18:29:53.385 INFO     The modified file has been saved as: D:\...\winget-pkgs\manifests\t\TablePlus\TablePlus\6.0.0\TablePlus.TablePlus.yaml
2025-01-17 18:29:53.405 WARNING   zh-CN locale manifest file already exists, skip creating it: D:\...\winget-pkgs\manifests\t\TablePlus\TablePlus\6.0.0\TablePlus.TablePlus.locale.zh-CN.yaml
2025-01-17 18:29:53.415 INFO   Staging and Committing Changes to Git
2025-01-17 18:29:57.151 INFO     Commit message: Modify: TablePlus.TablePlus version 6.0.0 (Auto)
2025-01-17 18:29:57.152 INFO   Pushing changes to remote (origin) repository
2025-01-17 18:30:05.754 INFO     Successfully pushed to remote (origin): Modify-TablePlus.TablePlus-6.0.0
2025-01-17 18:30:05.769 INFO Processing version folder: 6.1.0
2025-01-17 18:30:05.769 INFO   Create and checkout to a new branch: Modify-TablePlus.TablePlus-6.1.0
2025-01-17 18:30:09.810 INFO   Processing of manifest: D:\...\winget-pkgs\manifests\t\TablePlus\TablePlus\6.1.0\TablePlus.TablePlus.installer.yaml
2025-01-17 18:30:09.826 INFO     Replace ManifestVersion: 1.6.0 -> 1.9.0
2025-01-17 18:30:09.826 INFO     Replace schema references: 1.6.0.schema.json -> 1.9.0.schema.json
2025-01-17 18:30:09.842 INFO     The modified file has been saved as: D:\...\winget-pkgs\manifests\t\TablePlus\TablePlus\6.1.0\TablePlus.TablePlus.installer.yaml
2025-01-17 18:30:09.842 INFO   Processing of manifest: D:\...\winget-pkgs\manifests\t\TablePlus\TablePlus\6.1.0\TablePlus.TablePlus.locale.en-US.yaml
2025-01-17 18:30:09.857 INFO     Replace ManifestVersion: 1.6.0 -> 1.9.0
2025-01-17 18:30:09.857 INFO     Replace schema references: 1.6.0.schema.json -> 1.9.0.schema.json
2025-01-17 18:30:09.857 INFO   Correction to Copyright entry: Copyright: ©2024 TablePlus, Inc -> Copyright: Copyright (c) 2025 TablePlus Inc. All rights reserved.
2025-01-17 18:30:09.873 INFO   Comment out Moniker entry: Moniker: tableplus -> # Moniker: tableplus
2025-01-17 18:30:09.873 WHY     When the PackageName (TablePlus) and the Moniker (tableplus) are the same, the Moniker should not be added.
2025-01-17 18:30:09.873 INFO     The modified file has been saved as: D:\...\winget-pkgs\manifests\t\TablePlus\TablePlus\6.1.0\TablePlus.TablePlus.locale.en-US.yaml
2025-01-17 18:30:09.873 INFO   Processing of manifest: D:\...\winget-pkgs\manifests\t\TablePlus\TablePlus\6.1.0\TablePlus.TablePlus.locale.zh-CN.yaml
2025-01-17 18:30:09.889 INFO     Replace ManifestVersion: 1.6.0 -> 1.9.0
2025-01-17 18:30:09.904 INFO     Replace schema references: 1.6.0.schema.json -> 1.9.0.schema.json
2025-01-17 18:30:09.904 INFO   Correction to Copyright entry: Copyright: ©2024 TablePlus, Inc -> Copyright: Copyright (c) 2025 TablePlus Inc. 保留所有权利. (zh-CN Locale Manifest)
2025-01-17 18:30:09.904 INFO     The modified file has been saved as: D:\...\winget-pkgs\manifests\t\TablePlus\TablePlus\6.1.0\TablePlus.TablePlus.locale.zh-CN.yaml
2025-01-17 18:30:09.904 INFO   Processing of manifest: D:\...\winget-pkgs\manifests\t\TablePlus\TablePlus\6.1.0\TablePlus.TablePlus.yaml
2025-01-17 18:30:09.920 INFO     Replace ManifestVersion: 1.6.0 -> 1.9.0
2025-01-17 18:30:09.920 INFO     Replace schema references: 1.6.0.schema.json -> 1.9.0.schema.json
2025-01-17 18:30:09.920 INFO     The modified file has been saved as: D:\...\winget-pkgs\manifests\t\TablePlus\TablePlus\6.1.0\TablePlus.TablePlus.yaml
2025-01-17 18:30:09.920 WARNING   zh-CN locale manifest file already exists, skip creating it: D:\...\winget-pkgs\manifests\t\TablePlus\TablePlus\6.1.0\TablePlus.TablePlus.locale.zh-CN.yaml
2025-01-17 18:30:09.920 INFO   Staging and Committing Changes to Git
2025-01-17 18:30:14.130 INFO     Commit message: Modify: TablePlus.TablePlus version 6.1.0 (Auto)
2025-01-17 18:30:14.146 INFO   Pushing changes to remote (origin) repository
2025-01-17 18:30:23.552 INFO     Successfully pushed to remote (origin): Modify-TablePlus.TablePlus-6.1.0
2025-01-17 18:30:23.552 INFO Processing version folder: 6.1.1
2025-01-17 18:30:23.552 INFO   Create and checkout to a new branch: Modify-TablePlus.TablePlus-6.1.1
2025-01-17 18:30:27.178 INFO   Processing of manifest: D:\...\winget-pkgs\manifests\t\TablePlus\TablePlus\6.1.1\TablePlus.TablePlus.installer.yaml
2025-01-17 18:30:27.193 INFO     Replace ManifestVersion: 1.6.0 -> 1.9.0
2025-01-17 18:30:27.193 INFO     Replace schema references: 1.6.0.schema.json -> 1.9.0.schema.json
2025-01-17 18:30:27.209 INFO     The modified file has been saved as: D:\...\winget-pkgs\manifests\t\TablePlus\TablePlus\6.1.1\TablePlus.TablePlus.installer.yaml
2025-01-17 18:30:27.209 INFO   Processing of manifest: D:\...\winget-pkgs\manifests\t\TablePlus\TablePlus\6.1.1\TablePlus.TablePlus.locale.en-US.yaml
2025-01-17 18:30:27.224 INFO     Replace ManifestVersion: 1.6.0 -> 1.9.0
2025-01-17 18:30:27.224 INFO     Replace schema references: 1.6.0.schema.json -> 1.9.0.schema.json
2025-01-17 18:30:27.224 INFO   Correction to Copyright entry: Copyright: ©2024 TablePlus, Inc -> Copyright: Copyright (c) 2025 TablePlus Inc. All rights reserved.
2025-01-17 18:30:27.224 INFO   Comment out Moniker entry: Moniker: tableplus -> # Moniker: tableplus
2025-01-17 18:30:27.224 WHY     When the PackageName (TablePlus) and the Moniker (tableplus) are the same, the Moniker should not be added.
2025-01-17 18:30:27.224 INFO     The modified file has been saved as: D:\...\winget-pkgs\manifests\t\TablePlus\TablePlus\6.1.1\TablePlus.TablePlus.locale.en-US.yaml
2025-01-17 18:30:27.224 INFO   Processing of manifest: D:\...\winget-pkgs\manifests\t\TablePlus\TablePlus\6.1.1\TablePlus.TablePlus.locale.zh-CN.yaml
2025-01-17 18:30:27.256 INFO     Replace ManifestVersion: 1.6.0 -> 1.9.0
2025-01-17 18:30:27.256 INFO     Replace schema references: 1.6.0.schema.json -> 1.9.0.schema.json
2025-01-17 18:30:27.256 INFO   Correction to Copyright entry: Copyright: ©2024 TablePlus, Inc -> Copyright: Copyright (c) 2025 TablePlus Inc. 保留所有权利. (zh-CN Locale Manifest)
2025-01-17 18:30:27.256 INFO     The modified file has been saved as: D:\...\winget-pkgs\manifests\t\TablePlus\TablePlus\6.1.1\TablePlus.TablePlus.locale.zh-CN.yaml
2025-01-17 18:30:27.256 INFO   Processing of manifest: D:\...\winget-pkgs\manifests\t\TablePlus\TablePlus\6.1.1\TablePlus.TablePlus.yaml
2025-01-17 18:30:27.271 INFO     Replace ManifestVersion: 1.6.0 -> 1.9.0
2025-01-17 18:30:27.271 INFO     Replace schema references: 1.6.0.schema.json -> 1.9.0.schema.json
2025-01-17 18:30:27.271 INFO     The modified file has been saved as: D:\...\winget-pkgs\manifests\t\TablePlus\TablePlus\6.1.1\TablePlus.TablePlus.yaml
2025-01-17 18:30:27.271 WARNING   zh-CN locale manifest file already exists, skip creating it: D:\...\winget-pkgs\manifests\t\TablePlus\TablePlus\6.1.1\TablePlus.TablePlus.locale.zh-CN.yaml
2025-01-17 18:30:27.271 INFO   Staging and Committing Changes to Git
2025-01-17 18:30:31.288 INFO     Commit message: Modify: TablePlus.TablePlus version 6.1.1 (Auto)
2025-01-17 18:30:31.288 INFO   Pushing changes to remote (origin) repository
2025-01-17 18:30:39.864 INFO     Successfully pushed to remote (origin): Modify-TablePlus.TablePlus-6.1.1
2025-01-17 18:30:39.880 INFO Processing version folder: 6.1.2
2025-01-17 18:30:39.880 INFO   Create and checkout to a new branch: Modify-TablePlus.TablePlus-6.1.2
2025-01-17 18:30:43.505 INFO   Processing of manifest: D:\...\winget-pkgs\manifests\t\TablePlus\TablePlus\6.1.2\TablePlus.TablePlus.installer.yaml
2025-01-17 18:30:43.521 INFO     Replace ManifestVersion: 1.6.0 -> 1.9.0
2025-01-17 18:30:43.536 INFO     Replace schema references: 1.6.0.schema.json -> 1.9.0.schema.json
2025-01-17 18:30:43.536 INFO     The modified file has been saved as: D:\...\winget-pkgs\manifests\t\TablePlus\TablePlus\6.1.2\TablePlus.TablePlus.installer.yaml
2025-01-17 18:30:43.536 INFO   Processing of manifest: D:\...\winget-pkgs\manifests\t\TablePlus\TablePlus\6.1.2\TablePlus.TablePlus.locale.en-US.yaml
2025-01-17 18:30:43.552 INFO     Replace ManifestVersion: 1.6.0 -> 1.9.0
2025-01-17 18:30:43.552 INFO     Replace schema references: 1.6.0.schema.json -> 1.9.0.schema.json
2025-01-17 18:30:43.552 INFO   Correction to Copyright entry: Copyright: ©2024 TablePlus, Inc -> Copyright: Copyright (c) 2025 TablePlus Inc. All rights reserved.
2025-01-17 18:30:43.552 INFO   Comment out Moniker entry: Moniker: tableplus -> # Moniker: tableplus
2025-01-17 18:30:43.552 WHY     When the PackageName (TablePlus) and the Moniker (tableplus) are the same, the Moniker should not be added.
2025-01-17 18:30:43.552 INFO     The modified file has been saved as: D:\...\winget-pkgs\manifests\t\TablePlus\TablePlus\6.1.2\TablePlus.TablePlus.locale.en-US.yaml
2025-01-17 18:30:43.552 INFO   Processing of manifest: D:\...\winget-pkgs\manifests\t\TablePlus\TablePlus\6.1.2\TablePlus.TablePlus.locale.zh-CN.yaml
2025-01-17 18:30:43.568 INFO     Replace ManifestVersion: 1.6.0 -> 1.9.0
2025-01-17 18:30:43.583 INFO     Replace schema references: 1.6.0.schema.json -> 1.9.0.schema.json
2025-01-17 18:30:43.583 INFO   Correction to Copyright entry: Copyright: ©2024 TablePlus, Inc -> Copyright: Copyright (c) 2025 TablePlus Inc. 保留所有权利. (zh-CN Locale Manifest)
2025-01-17 18:30:43.583 INFO     The modified file has been saved as: D:\...\winget-pkgs\manifests\t\TablePlus\TablePlus\6.1.2\TablePlus.TablePlus.locale.zh-CN.yaml
2025-01-17 18:30:43.583 INFO   Processing of manifest: D:\...\winget-pkgs\manifests\t\TablePlus\TablePlus\6.1.2\TablePlus.TablePlus.yaml
2025-01-17 18:30:43.599 INFO     Replace ManifestVersion: 1.6.0 -> 1.9.0
2025-01-17 18:30:43.599 INFO     Replace schema references: 1.6.0.schema.json -> 1.9.0.schema.json
2025-01-17 18:30:43.599 INFO     The modified file has been saved as: D:\...\winget-pkgs\manifests\t\TablePlus\TablePlus\6.1.2\TablePlus.TablePlus.yaml
2025-01-17 18:30:43.599 WARNING   zh-CN locale manifest file already exists, skip creating it: D:\...\winget-pkgs\manifests\t\TablePlus\TablePlus\6.1.2\TablePlus.TablePlus.locale.zh-CN.yaml
2025-01-17 18:30:43.599 INFO   Staging and Committing Changes to Git
2025-01-17 18:30:47.663 INFO     Commit message: Modify: TablePlus.TablePlus version 6.1.2 (Auto)
2025-01-17 18:30:47.663 INFO   Pushing changes to remote (origin) repository
2025-01-17 18:30:56.345 INFO     Successfully pushed to remote (origin): Modify-TablePlus.TablePlus-6.1.2
2025-01-17 18:30:56.345 INFO Processing version folder: 6.1.3
2025-01-17 18:30:56.345 INFO   Create and checkout to a new branch: Modify-TablePlus.TablePlus-6.1.3
2025-01-17 18:31:00.243 INFO   Processing of manifest: D:\...\winget-pkgs\manifests\t\TablePlus\TablePlus\6.1.3\TablePlus.TablePlus.installer.yaml
2025-01-17 18:31:00.180 INFO     Replace ManifestVersion: 1.6.0 -> 1.9.0
2025-01-17 18:31:00.336 INFO     Replace schema references: 1.6.0.schema.json -> 1.9.0.schema.json
2025-01-17 18:31:00.336 INFO     The modified file has been saved as: D:\...\winget-pkgs\manifests\t\TablePlus\TablePlus\6.1.3\TablePlus.TablePlus.installer.yaml
2025-01-17 18:31:00.336 INFO   Processing of manifest: D:\...\winget-pkgs\manifests\t\TablePlus\TablePlus\6.1.3\TablePlus.TablePlus.locale.en-US.yaml
2025-01-17 18:31:00.493 INFO     Replace ManifestVersion: 1.6.0 -> 1.9.0
2025-01-17 18:31:00.493 INFO     Replace schema references: 1.6.0.schema.json -> 1.9.0.schema.json
2025-01-17 18:31:00.493 INFO   Correction to Copyright entry: Copyright: ©2024 TablePlus, Inc -> Copyright: Copyright (c) 2025 TablePlus Inc. All rights reserved.
2025-01-17 18:31:00.493 INFO   Comment out Moniker entry: Moniker: tableplus -> # Moniker: tableplus
2025-01-17 18:31:00.493 WHY     When the PackageName (TablePlus) and the Moniker (tableplus) are the same, the Moniker should not be added.
2025-01-17 18:31:00.649 INFO     The modified file has been saved as: D:\...\winget-pkgs\manifests\t\TablePlus\TablePlus\6.1.3\TablePlus.TablePlus.locale.en-US.yaml
2025-01-17 18:31:00.649 INFO   Processing of manifest: D:\...\winget-pkgs\manifests\t\TablePlus\TablePlus\6.1.3\TablePlus.TablePlus.locale.zh-CN.yaml
2025-01-17 18:31:00.805 INFO     Replace ManifestVersion: 1.6.0 -> 1.9.0
2025-01-17 18:31:00.805 INFO     Replace schema references: 1.6.0.schema.json -> 1.9.0.schema.json
2025-01-17 18:31:00.805 INFO   Correction to Copyright entry: Copyright: ©2024 TablePlus, Inc -> Copyright: Copyright (c) 2025 TablePlus Inc. 保留所有权利. (zh-CN Locale Manifest)
2025-01-17 18:31:00.805 INFO     The modified file has been saved as: D:\...\winget-pkgs\manifests\t\TablePlus\TablePlus\6.1.3\TablePlus.TablePlus.locale.zh-CN.yaml
2025-01-17 18:31:00.805 INFO   Processing of manifest: D:\...\winget-pkgs\manifests\t\TablePlus\TablePlus\6.1.3\TablePlus.TablePlus.yaml
2025-01-17 18:31:00.961 INFO     Replace ManifestVersion: 1.6.0 -> 1.9.0
2025-01-17 18:31:00.961 INFO     Replace schema references: 1.6.0.schema.json -> 1.9.0.schema.json
2025-01-17 18:31:00.961 INFO     The modified file has been saved as: D:\...\winget-pkgs\manifests\t\TablePlus\TablePlus\6.1.3\TablePlus.TablePlus.yaml
2025-01-17 18:31:00.961 WARNING   zh-CN locale manifest file already exists, skip creating it: D:\...\winget-pkgs\manifests\t\TablePlus\TablePlus\6.1.3\TablePlus.TablePlus.locale.zh-CN.yaml
2025-01-17 18:31:00.961 INFO   Staging and Committing Changes to Git
2025-01-17 18:31:04.160 INFO     Commit message: Modify: TablePlus.TablePlus version 6.1.3 (Auto)
2025-01-17 18:31:04.160 INFO   Pushing changes to remote (origin) repository
2025-01-17 18:31:12.915 INFO     Successfully pushed to remote (origin): Modify-TablePlus.TablePlus-6.1.3
2025-01-17 18:31:12.915 INFO Processing version folder: 6.1.4
2025-01-17 18:31:12.915 INFO   Create and checkout to a new branch: Modify-TablePlus.TablePlus-6.1.4
2025-01-17 18:31:16.572 INFO   Processing of manifest: D:\...\winget-pkgs\manifests\t\TablePlus\TablePlus\6.1.4\TablePlus.TablePlus.installer.yaml
2025-01-17 18:31:16.588 INFO     Replace ManifestVersion: 1.6.0 -> 1.9.0
2025-01-17 18:31:16.588 INFO     Replace schema references: 1.6.0.schema.json -> 1.9.0.schema.json
2025-01-17 18:31:16.588 INFO     The modified file has been saved as: D:\...\winget-pkgs\manifests\t\TablePlus\TablePlus\6.1.4\TablePlus.TablePlus.installer.yaml
2025-01-17 18:31:16.588 INFO   Processing of manifest: D:\...\winget-pkgs\manifests\t\TablePlus\TablePlus\6.1.4\TablePlus.TablePlus.locale.en-US.yaml
2025-01-17 18:31:16.619 INFO     Replace ManifestVersion: 1.6.0 -> 1.9.0
2025-01-17 18:31:16.619 INFO     Replace schema references: 1.6.0.schema.json -> 1.9.0.schema.json
2025-01-17 18:31:16.619 INFO   Correction to Copyright entry: Copyright: ©2024 TablePlus, Inc -> Copyright: Copyright (c) 2025 TablePlus Inc. All rights reserved.
2025-01-17 18:31:16.619 INFO   Comment out Moniker entry: Moniker: tableplus -> # Moniker: tableplus
2025-01-17 18:31:16.619 WHY     When the PackageName (TablePlus) and the Moniker (tableplus) are the same, the Moniker should not be added.
2025-01-17 18:31:16.619 INFO     The modified file has been saved as: D:\...\winget-pkgs\manifests\t\TablePlus\TablePlus\6.1.4\TablePlus.TablePlus.locale.en-US.yaml
2025-01-17 18:31:16.619 INFO   Processing of manifest: D:\...\winget-pkgs\manifests\t\TablePlus\TablePlus\6.1.4\TablePlus.TablePlus.locale.zh-CN.yaml
2025-01-17 18:31:16.651 INFO     Replace ManifestVersion: 1.6.0 -> 1.9.0
2025-01-17 18:31:16.651 INFO     Replace schema references: 1.6.0.schema.json -> 1.9.0.schema.json
2025-01-17 18:31:16.651 INFO   Correction to Copyright entry: Copyright: ©2024 TablePlus, Inc -> Copyright: Copyright (c) 2025 TablePlus Inc. 保留所有权利. (zh-CN Locale Manifest)
2025-01-17 18:31:16.651 INFO     The modified file has been saved as: D:\...\winget-pkgs\manifests\t\TablePlus\TablePlus\6.1.4\TablePlus.TablePlus.locale.zh-CN.yaml
2025-01-17 18:31:16.651 INFO   Processing of manifest: D:\...\winget-pkgs\manifests\t\TablePlus\TablePlus\6.1.4\TablePlus.TablePlus.yaml
2025-01-17 18:31:16.666 INFO     Replace ManifestVersion: 1.6.0 -> 1.9.0
2025-01-17 18:31:16.666 INFO     Replace schema references: 1.6.0.schema.json -> 1.9.0.schema.json
2025-01-17 18:31:16.682 INFO     The modified file has been saved as: D:\...\winget-pkgs\manifests\t\TablePlus\TablePlus\6.1.4\TablePlus.TablePlus.yaml
2025-01-17 18:31:16.682 WARNING   zh-CN locale manifest file already exists, skip creating it: D:\...\winget-pkgs\manifests\t\TablePlus\TablePlus\6.1.4\TablePlus.TablePlus.locale.zh-CN.yaml
2025-01-17 18:31:16.682 INFO   Staging and Committing Changes to Git
2025-01-17 18:31:20.700 INFO     Commit message: Modify: TablePlus.TablePlus version 6.1.4 (Auto)
2025-01-17 18:31:20.700 INFO   Pushing changes to remote (origin) repository
2025-01-17 18:31:29.314 INFO     Successfully pushed to remote (origin): Modify-TablePlus.TablePlus-6.1.4
2025-01-17 18:31:29.316 INFO Processing version folder: 6.2.0
2025-01-17 18:31:29.317 INFO   Create and checkout to a new branch: Modify-TablePlus.TablePlus-6.2.0
2025-01-17 18:31:34.209 INFO   Processing of manifest: D:\...\winget-pkgs\manifests\t\TablePlus\TablePlus\6.2.0\TablePlus.TablePlus.installer.yaml
2025-01-17 18:31:34.459 INFO     Replace ManifestVersion: 1.6.0 -> 1.9.0
2025-01-17 18:31:34.469 INFO     Replace schema references: 1.6.0.schema.json -> 1.9.0.schema.json
2025-01-17 18:31:34.489 INFO     The modified file has been saved as: D:\...\winget-pkgs\manifests\t\TablePlus\TablePlus\6.2.0\TablePlus.TablePlus.installer.yaml
2025-01-17 18:31:34.509 INFO   Processing of manifest: D:\...\winget-pkgs\manifests\t\TablePlus\TablePlus\6.2.0\TablePlus.TablePlus.locale.en-US.yaml
2025-01-17 18:31:34.764 INFO     Replace ManifestVersion: 1.6.0 -> 1.9.0
2025-01-17 18:31:34.774 INFO     Replace schema references: 1.6.0.schema.json -> 1.9.0.schema.json
2025-01-17 18:31:34.787 INFO   Correction to Copyright entry: Copyright: ©2024 TablePlus, Inc -> Copyright: Copyright (c) 2025 TablePlus Inc. All rights reserved.
2025-01-17 18:31:34.787 INFO   Comment out Moniker entry: Moniker: tableplus -> # Moniker: tableplus
2025-01-17 18:31:34.787 WHY     When the PackageName (TablePlus) and the Moniker (tableplus) are the same, the Moniker should not be added.
2025-01-17 18:31:34.787 INFO     The modified file has been saved as: D:\...\winget-pkgs\manifests\t\TablePlus\TablePlus\6.2.0\TablePlus.TablePlus.locale.en-US.yaml
2025-01-17 18:31:34.787 INFO   Processing of manifest: D:\...\winget-pkgs\manifests\t\TablePlus\TablePlus\6.2.0\TablePlus.TablePlus.locale.zh-CN.yaml
2025-01-17 18:31:34.104 INFO     Replace ManifestVersion: 1.6.0 -> 1.9.0
2025-01-17 18:31:34.104 INFO     Replace schema references: 1.6.0.schema.json -> 1.9.0.schema.json
2025-01-17 18:31:34.104 INFO   Correction to Copyright entry: Copyright: ©2024 TablePlus, Inc -> Copyright: Copyright (c) 2025 TablePlus Inc. 保留所有权利. (zh-CN Locale Manifest)
2025-01-17 18:31:34.104 INFO     The modified file has been saved as: D:\...\winget-pkgs\manifests\t\TablePlus\TablePlus\6.2.0\TablePlus.TablePlus.locale.zh-CN.yaml
2025-01-17 18:31:34.104 INFO   Processing of manifest: D:\...\winget-pkgs\manifests\t\TablePlus\TablePlus\6.2.0\TablePlus.TablePlus.yaml
2025-01-17 18:31:34.120 INFO     Replace ManifestVersion: 1.6.0 -> 1.9.0
2025-01-17 18:31:34.137 INFO     Replace schema references: 1.6.0.schema.json -> 1.9.0.schema.json
2025-01-17 18:31:34.137 INFO     The modified file has been saved as: D:\...\winget-pkgs\manifests\t\TablePlus\TablePlus\6.2.0\TablePlus.TablePlus.yaml
2025-01-17 18:31:34.137 WARNING   zh-CN locale manifest file already exists, skip creating it: D:\...\winget-pkgs\manifests\t\TablePlus\TablePlus\6.2.0\TablePlus.TablePlus.locale.zh-CN.yaml
2025-01-17 18:31:34.137 INFO   Staging and Committing Changes to Git
2025-01-17 18:31:38.393 INFO     Commit message: Modify: TablePlus.TablePlus version 6.2.0 (Auto)
2025-01-17 18:31:38.393 INFO   Pushing changes to remote (origin) repository
2025-01-17 18:31:48.352 INFO     Successfully pushed to remote (origin): Modify-TablePlus.TablePlus-6.2.0
2025-01-17 18:31:48.352 INFO Processing version folder: 6.2.1
2025-01-17 18:31:48.488 INFO   Create and checkout to a new branch: Modify-TablePlus.TablePlus-6.2.1
2025-01-17 18:31:52.668 INFO   Processing of manifest: D:\...\winget-pkgs\manifests\t\TablePlus\TablePlus\6.2.1\TablePlus.TablePlus.installer.yaml
2025-01-17 18:31:52.910 INFO     Replace ManifestVersion: 1.6.0 -> 1.9.0
2025-01-17 18:31:52.930 INFO     Replace schema references: 1.6.0.schema.json -> 1.9.0.schema.json
2025-01-17 18:31:52.940 INFO     The modified file has been saved as: D:\...\winget-pkgs\manifests\t\TablePlus\TablePlus\6.2.1\TablePlus.TablePlus.installer.yaml
2025-01-17 18:31:52.960 INFO   Processing of manifest: D:\...\winget-pkgs\manifests\t\TablePlus\TablePlus\6.2.1\TablePlus.TablePlus.locale.en-US.yaml
2025-01-17 18:31:52.120 INFO     Replace ManifestVersion: 1.6.0 -> 1.9.0
2025-01-17 18:31:52.120 INFO     Replace schema references: 1.6.0.schema.json -> 1.9.0.schema.json
2025-01-17 18:31:52.121 INFO   Correction to Copyright entry: Copyright: ©2024 TablePlus, Inc -> Copyright: Copyright (c) 2025 TablePlus Inc. All rights reserved.
2025-01-17 18:31:52.122 INFO   Comment out Moniker entry: Moniker: tableplus -> # Moniker: tableplus
2025-01-17 18:31:52.124 WHY     When the PackageName (TablePlus) and the Moniker (tableplus) are the same, the Moniker should not be added.
2025-01-17 18:31:52.125 INFO     The modified file has been saved as: D:\...\winget-pkgs\manifests\t\TablePlus\TablePlus\6.2.1\TablePlus.TablePlus.locale.en-US.yaml
2025-01-17 18:31:52.126 INFO   Processing of manifest: D:\...\winget-pkgs\manifests\t\TablePlus\TablePlus\6.2.1\TablePlus.TablePlus.locale.zh-CN.yaml
2025-01-17 18:31:52.145 INFO     Replace ManifestVersion: 1.6.0 -> 1.9.0
2025-01-17 18:31:52.147 INFO     Replace schema references: 1.6.0.schema.json -> 1.9.0.schema.json
2025-01-17 18:31:52.148 INFO   Correction to Copyright entry: Copyright: ©2024 TablePlus, Inc -> Copyright: Copyright (c) 2025 TablePlus Inc. 保留所有权利. (zh-CN Locale Manifest)
2025-01-17 18:31:52.150 INFO     The modified file has been saved as: D:\...\winget-pkgs\manifests\t\TablePlus\TablePlus\6.2.1\TablePlus.TablePlus.locale.zh-CN.yaml
2025-01-17 18:31:52.152 INFO   Processing of manifest: D:\...\winget-pkgs\manifests\t\TablePlus\TablePlus\6.2.1\TablePlus.TablePlus.yaml
2025-01-17 18:31:52.167 INFO     Replace ManifestVersion: 1.6.0 -> 1.9.0
2025-01-17 18:31:52.168 INFO     Replace schema references: 1.6.0.schema.json -> 1.9.0.schema.json
2025-01-17 18:31:52.170 INFO     The modified file has been saved as: D:\...\winget-pkgs\manifests\t\TablePlus\TablePlus\6.2.1\TablePlus.TablePlus.yaml
2025-01-17 18:31:52.172 WARNING   zh-CN locale manifest file already exists, skip creating it: D:\...\winget-pkgs\manifests\t\TablePlus\TablePlus\6.2.1\TablePlus.TablePlus.locale.zh-CN.yaml
2025-01-17 18:31:52.173 INFO   Staging and Committing Changes to Git
2025-01-17 18:31:57.269 INFO     Commit message: Modify: TablePlus.TablePlus version 6.2.1 (Auto)
2025-01-17 18:31:57.269 INFO   Pushing changes to remote (origin) repository
2025-01-17 18:32:08.589 INFO     Successfully pushed to remote (origin): Modify-TablePlus.TablePlus-6.2.1
2025-01-17 18:32:08.589 INFO Processing version folder: 6.2.2
2025-01-17 18:32:08.589 INFO   Create and checkout to a new branch: Modify-TablePlus.TablePlus-6.2.2
2025-01-17 18:32:13.132 INFO   Processing of manifest: D:\...\winget-pkgs\manifests\t\TablePlus\TablePlus\6.2.2\TablePlus.TablePlus.installer.yaml
2025-01-17 18:32:13.133 INFO     The modified file has been saved as: D:\...\winget-pkgs\manifests\t\TablePlus\TablePlus\6.2.2\TablePlus.TablePlus.installer.yaml
2025-01-17 18:32:13.133 INFO   Processing of manifest: D:\...\winget-pkgs\manifests\t\TablePlus\TablePlus\6.2.2\TablePlus.TablePlus.locale.en-US.yaml
2025-01-17 18:32:13.133 INFO   Correction to Copyright entry: Copyright: ©2024 TablePlus, Inc -> Copyright: Copyright (c) 2025 TablePlus Inc. All rights reserved.
2025-01-17 18:32:13.133 INFO   Comment out Moniker entry: Moniker: tableplus -> # Moniker: tableplus
2025-01-17 18:32:13.133 WHY     When the PackageName (TablePlus) and the Moniker (tableplus) are the same, the Moniker should not be added.
2025-01-17 18:32:13.133 INFO     The modified file has been saved as: D:\...\winget-pkgs\manifests\t\TablePlus\TablePlus\6.2.2\TablePlus.TablePlus.locale.en-US.yaml
2025-01-17 18:32:13.133 INFO   Processing of manifest: D:\...\winget-pkgs\manifests\t\TablePlus\TablePlus\6.2.2\TablePlus.TablePlus.locale.zh-CN.yaml
2025-01-17 18:32:13.133 INFO   Correction to Copyright entry: Copyright: ©2024 TablePlus, Inc -> Copyright: Copyright (c) 2025 TablePlus Inc. 保留所有权利. (zh-CN Locale Manifest)
2025-01-17 18:32:13.133 INFO     The modified file has been saved as: D:\...\winget-pkgs\manifests\t\TablePlus\TablePlus\6.2.2\TablePlus.TablePlus.locale.zh-CN.yaml
2025-01-17 18:32:13.133 INFO   Processing of manifest: D:\...\winget-pkgs\manifests\t\TablePlus\TablePlus\6.2.2\TablePlus.TablePlus.yaml
2025-01-17 18:32:13.149 INFO     The modified file has been saved as: D:\...\winget-pkgs\manifests\t\TablePlus\TablePlus\6.2.2\TablePlus.TablePlus.yaml
2025-01-17 18:32:13.150 WARNING   zh-CN locale manifest file already exists, skip creating it: D:\...\winget-pkgs\manifests\t\TablePlus\TablePlus\6.2.2\TablePlus.TablePlus.locale.zh-CN.yaml
2025-01-17 18:32:13.150 INFO   Staging and Committing Changes to Git
2025-01-17 18:32:18.833 INFO     Commit message: Modify: TablePlus.TablePlus version 6.2.2 (Auto)
2025-01-17 18:32:18.833 INFO   Pushing changes to remote (origin) repository
2025-01-17 18:32:26.797 INFO     Successfully pushed to remote (origin): Modify-TablePlus.TablePlus-6.2.2
2025-01-17 18:32:26.797 INFO All manifests have been modified and pushed through.
2025-01-17 18:32:34.348 INFO Workspace clean-up completed.
~~ End of logging ~~
