~~ Start logging ~~
2025-03-06 13:08:01.253 FUN :)
2025-03-06 13:08:01.255 INFO Found the following version folder: ['1.3.2', '1.3.3', '1.3.4', '1.3.5', '1.3.6', '1.3.7']
2025-03-06 13:08:01.428 INFO Skip version 1.3.2, because it's not in the list of versions to be modified.
2025-03-06 13:08:01.429 INFO Skip version 1.3.3, because it's not in the list of versions to be modified.
2025-03-06 13:08:01.430 INFO Skip version 1.3.4, because it's not in the list of versions to be modified.
2025-03-06 13:08:01.431 INFO Skip version 1.3.5, because it's not in the list of versions to be modified.
2025-03-06 13:08:01.432 INFO Skip version 1.3.6, because it's not in the list of versions to be modified.
2025-03-06 13:08:01.433 INFO Processing version folder: 1.3.7
2025-03-06 13:08:01.433 INFO   Create and checkout to a new branch: NewVersion-DuckStudio.FufuTools-1.3.7
2025-03-06 13:08:14.246 INFO   Processing of manifest: D:\...\winget-pkgs\manifests\d\DuckStudio\FufuTools\1.3.7\DuckStudio.FufuTools.installer.yaml
2025-03-06 13:08:14.249 INFO     Cleaned up DuckStudio.FufuTools.installer.yaml
2025-03-06 13:08:14.251 INFO     The manifest file has been saved as: D:\...\winget-pkgs\manifests\d\DuckStudio\FufuTools\1.3.7\DuckStudio.FufuTools.installer.yaml
2025-03-06 13:10:36.840 INFO   Processing of manifest: D:\...\winget-pkgs\manifests\d\DuckStudio\FufuTools\1.3.7\DuckStudio.FufuTools.locale.en-US.yaml
2025-03-06 13:10:36.996 INFO     Cleaned up DuckStudio.FufuTools.locale.en-US.yaml
2025-03-06 13:10:36.996 INFO     The manifest file has been saved as: D:\...\winget-pkgs\manifests\d\DuckStudio\FufuTools\1.3.7\DuckStudio.FufuTools.locale.en-US.yaml
2025-03-06 13:10:48.462 INFO   Processing of manifest: D:\...\winget-pkgs\manifests\d\DuckStudio\FufuTools\1.3.7\DuckStudio.FufuTools.locale.zh-CN.yaml
2025-03-06 13:10:48.462 INFO     Cleaned up DuckStudio.FufuTools.locale.zh-CN.yaml
2025-03-06 13:10:48.478 INFO     The manifest file has been saved as: D:\...\winget-pkgs\manifests\d\DuckStudio\FufuTools\1.3.7\DuckStudio.FufuTools.locale.zh-CN.yaml
2025-03-06 13:13:47.383 INFO   Processing of manifest: D:\...\winget-pkgs\manifests\d\DuckStudio\FufuTools\1.3.7\DuckStudio.FufuTools.yaml
2025-03-06 13:13:47.383 INFO     Cleaned up DuckStudio.FufuTools.yaml
2025-03-06 13:13:47.383 INFO     The manifest file has been saved as: D:\...\winget-pkgs\manifests\d\DuckStudio\FufuTools\1.3.7\DuckStudio.FufuTools.yaml
2025-03-06 13:13:54.108 INFO   New manifests in D:\...\winget-pkgs\manifests\d\DuckStudio\FufuTools\1.3.7 for DuckStudio.FufuTools (1.9.0)
2025-03-06 13:13:54.519 INFO     清单具有以下未验证的依赖项;确保它们有效：
2025-03-06 13:13:54.519 INFO       - 程序包
2025-03-06 13:13:54.519 INFO           Microsoft.VCRedist.2015+.x64
2025-03-06 13:13:54.519 INFO           Microsoft.VCRedist.2015+.x86
2025-03-06 13:13:54.525 INFO     清单验证成功。
2025-03-06 13:13:54.530 INFO   Staging and Committing Changes to Git
2025-03-06 13:14:10.306 INFO     Commit message: New version: DuckStudio.FufuTools version 1.3.7 (Auto)
2025-03-06 13:14:10.306 INFO   Pushing changes to remote (origin) repository
2025-03-06 13:14:17.526 INFO     Successfully pushed to remote (origin): NewVersion-DuckStudio.FufuTools-1.3.7
2025-03-06 13:14:19.551 INFO     Pull request created successfully: https://github.com/microsoft/winget-pkgs/pull/235274
2025-03-06 13:14:19.563 INFO All manifests have been modified and pushed through.
2025-03-06 13:14:25.127 INFO Workspace clean-up completed.
~~ End of logging ~~
