~~ Start logging ~~
2025-04-26 09:16:59.156 FUN 星际和平商城年终大促，各种精品好物价格史低不容错过！
2025-04-26 09:16:59.157 INFO Found the following version folder: ['11.2.2', '11.4.1']
2025-04-26 09:16:59.265 INFO Skip version 11.2.2, because it's not in the list of versions to be modified.
2025-04-26 09:16:59.266 INFO Processing version folder: 11.4.1
2025-04-26 09:16:59.268 INFO   Create and checkout to a new branch: NewVersion-Ritlabs.TheBat-11.4.1-1745630219
2025-04-26 09:17:04.724 INFO   Processing of manifest: D:\...\winget-pkgs\manifests\r\Ritlabs\TheBat\11.4.1\Ritlabs.TheBat.installer.yaml
2025-04-26 09:17:04.736 INFO     Replace ManifestVersion: 1.9.0 -> 1.10.0
2025-04-26 09:17:04.737 INFO     Replace schema references: 1.9.0.schema.json -> 1.10.0.schema.json
2025-04-26 09:17:04.738 INFO     Cleaned up Ritlabs.TheBat.installer.yaml
2025-04-26 09:17:04.741 INFO     The manifest file has been saved as: D:\...\winget-pkgs\manifests\r\Ritlabs\TheBat\11.4.1\Ritlabs.TheBat.installer.yaml
2025-04-26 09:17:04.963 INFO   Processing of manifest: D:\...\winget-pkgs\manifests\r\Ritlabs\TheBat\11.4.1\Ritlabs.TheBat.locale.en-US.yaml
2025-04-26 09:17:04.965 INFO     Replace ManifestVersion: 1.9.0 -> 1.10.0
2025-04-26 09:17:04.966 INFO     Replace schema references: 1.9.0.schema.json -> 1.10.0.schema.json
2025-04-26 09:17:04.967 INFO     Cleaned up Ritlabs.TheBat.locale.en-US.yaml
2025-04-26 09:17:04.968 INFO     The manifest file has been saved as: D:\...\winget-pkgs\manifests\r\Ritlabs\TheBat\11.4.1\Ritlabs.TheBat.locale.en-US.yaml
2025-04-26 09:17:05.811 INFO   Processing of manifest: D:\...\winget-pkgs\manifests\r\Ritlabs\TheBat\11.4.1\Ritlabs.TheBat.yaml
2025-04-26 09:17:05.827 INFO     Replace ManifestVersion: 1.9.0 -> 1.10.0
2025-04-26 09:17:05.837 INFO     Replace schema references: 1.9.0.schema.json -> 1.10.0.schema.json
2025-04-26 09:17:05.844 INFO     Cleaned up Ritlabs.TheBat.yaml
2025-04-26 09:17:05.864 INFO     The manifest file has been saved as: D:\...\winget-pkgs\manifests\r\Ritlabs\TheBat\11.4.1\Ritlabs.TheBat.yaml
2025-04-26 09:17:05.193 INFO   New manifests in D:\...\winget-pkgs\manifests\r\Ritlabs\TheBat\11.4.1 for Ritlabs.TheBat (11.4.1)
2025-04-26 09:21:05.828 INFO     清单验证成功。
2025-04-26 09:21:05.838 INFO   Staging and Committing Changes to Git
2025-04-26 09:21:14.233 INFO     Commit message: New version: Ritlabs.TheBat version 11.4.1 (Auto)
2025-04-26 09:21:14.233 INFO   Pushing changes to remote (origin) repository
2025-04-26 09:21:18.639 INFO     Successfully pushed to remote (origin): NewVersion-Ritlabs.TheBat-11.4.1-1745630219
2025-04-26 09:21:20.108 INFO     Pull request created successfully: https://github.com/microsoft/winget-pkgs/pull/251165
2025-04-26 09:21:20.121 INFO All manifests have been modified and pushed through.
2025-04-26 09:21:24.687 INFO Workspace clean-up completed.
~~ End of logging ~~
