~~ Start logging ~~
2025-03-20 17:40:08.826 FUN 提问: 罗浮六御中谁最幸福? 答案: 符玄。因为她姓符。
2025-03-20 17:40:08.136 INFO Found the following version folder: ['1.0.1', '1.0.10', '1.0.11', '1.0.2', '1.0.3', '1.0.4', '1.0.5', '1.0.6', '1.0.7', '1.0.8', '1.0.9', '1.1.0', '1.1.1', '1.1.2', '1.1.3', '1.1.7']
2025-03-20 17:40:08.199 INFO Skip version 1.0.1, because it's not in the list of versions to be modified.
2025-03-20 17:40:08.199 INFO Skip version 1.0.10, because it's not in the list of versions to be modified.
2025-03-20 17:40:08.199 INFO Skip version 1.0.11, because it's not in the list of versions to be modified.
2025-03-20 17:40:08.199 INFO Skip version 1.0.2, because it's not in the list of versions to be modified.
2025-03-20 17:40:08.199 INFO Skip version 1.0.3, because it's not in the list of versions to be modified.
2025-03-20 17:40:08.207 INFO Skip version 1.0.4, because it's not in the list of versions to be modified.
2025-03-20 17:40:08.207 INFO Skip version 1.0.5, because it's not in the list of versions to be modified.
2025-03-20 17:40:08.207 INFO Skip version 1.0.6, because it's not in the list of versions to be modified.
2025-03-20 17:40:08.207 INFO Skip version 1.0.7, because it's not in the list of versions to be modified.
2025-03-20 17:40:08.207 INFO Skip version 1.0.8, because it's not in the list of versions to be modified.
2025-03-20 17:40:08.207 INFO Skip version 1.0.9, because it's not in the list of versions to be modified.
2025-03-20 17:40:08.207 INFO Skip version 1.1.0, because it's not in the list of versions to be modified.
2025-03-20 17:40:08.215 INFO Skip version 1.1.1, because it's not in the list of versions to be modified.
2025-03-20 17:40:08.215 INFO Skip version 1.1.2, because it's not in the list of versions to be modified.
2025-03-20 17:40:08.215 INFO Skip version 1.1.3, because it's not in the list of versions to be modified.
2025-03-20 17:40:08.215 INFO Processing version folder: 1.1.7
2025-03-20 17:40:08.215 INFO   Create and checkout to a new branch: NewVersion-DuckStudio.Sundry-1.1.7
2025-03-20 17:40:16.993 INFO   Processing of manifest: D:\...\winget-pkgs\manifests\d\DuckStudio\Sundry\1.1.7\DuckStudio.Sundry.installer.yaml
2025-03-20 17:40:17.114 INFO     Replace ManifestVersion: 1.9.0 -> 1.10.0
2025-03-20 17:40:17.114 INFO     Replace schema references: 1.9.0.schema.json -> 1.10.0.schema.json
2025-03-20 17:40:17.114 INFO     Cleaned up DuckStudio.Sundry.installer.yaml
2025-03-20 17:40:17.114 INFO     The manifest file has been saved as: D:\...\winget-pkgs\manifests\d\DuckStudio\Sundry\1.1.7\DuckStudio.Sundry.installer.yaml
2025-03-20 17:40:17.306 INFO   Processing of manifest: D:\...\winget-pkgs\manifests\d\DuckStudio\Sundry\1.1.7\DuckStudio.Sundry.locale.en-US.yaml
2025-03-20 17:40:17.307 INFO     Replace ManifestVersion: 1.9.0 -> 1.10.0
2025-03-20 17:40:17.308 INFO     Replace schema references: 1.9.0.schema.json -> 1.10.0.schema.json
2025-03-20 17:40:17.309 INFO     Cleaned up DuckStudio.Sundry.locale.en-US.yaml
2025-03-20 17:40:17.311 INFO     The manifest file has been saved as: D:\...\winget-pkgs\manifests\d\DuckStudio\Sundry\1.1.7\DuckStudio.Sundry.locale.en-US.yaml
2025-03-20 17:40:17.476 INFO   Processing of manifest: D:\...\winget-pkgs\manifests\d\DuckStudio\Sundry\1.1.7\DuckStudio.Sundry.locale.zh-CN.yaml
2025-03-20 17:40:17.484 INFO     Replace ManifestVersion: 1.9.0 -> 1.10.0
2025-03-20 17:40:17.484 INFO     Replace schema references: 1.9.0.schema.json -> 1.10.0.schema.json
2025-03-20 17:40:17.484 INFO     Cleaned up DuckStudio.Sundry.locale.zh-CN.yaml
2025-03-20 17:40:17.484 INFO     The manifest file has been saved as: D:\...\winget-pkgs\manifests\d\DuckStudio\Sundry\1.1.7\DuckStudio.Sundry.locale.zh-CN.yaml
2025-03-20 17:40:17.670 INFO   Processing of manifest: D:\...\winget-pkgs\manifests\d\DuckStudio\Sundry\1.1.7\DuckStudio.Sundry.yaml
2025-03-20 17:40:17.678 INFO     Replace ManifestVersion: 1.9.0 -> 1.10.0
2025-03-20 17:40:17.678 INFO     Replace schema references: 1.9.0.schema.json -> 1.10.0.schema.json
2025-03-20 17:40:17.678 INFO     Cleaned up DuckStudio.Sundry.yaml
2025-03-20 17:40:17.686 INFO     The manifest file has been saved as: D:\...\winget-pkgs\manifests\d\DuckStudio\Sundry\1.1.7\DuckStudio.Sundry.yaml
2025-03-20 17:40:17.894 INFO   New manifests in D:\...\winget-pkgs\manifests\d\DuckStudio\Sundry\1.1.7 for DuckStudio.Sundry (1.10.0)
2025-03-20 17:46:06.679 INFO     清单具有以下未验证的依赖项;确保它们有效：
2025-03-20 17:46:06.679 INFO       - 程序包
2025-03-20 17:46:06.679 INFO           DuckStudio.GitHubLabelsManager
2025-03-20 17:46:06.679 INFO           Git.Git
2025-03-20 17:46:06.679 INFO           GitHub.cli
2025-03-20 17:46:06.679 INFO     清单验证成功。
2025-03-20 17:46:06.695 INFO   Staging and Committing Changes to Git
2025-03-20 17:46:39.354 INFO     Commit message: New version: DuckStudio.Sundry version 1.1.7 (Auto)
2025-03-20 17:46:39.358 INFO   Pushing changes to remote (origin) repository
2025-03-20 17:46:45.658 INFO     Successfully pushed to remote (origin): NewVersion-DuckStudio.Sundry-1.1.7
2025-03-20 17:46:47.914 INFO     Pull request created successfully: https://github.com/microsoft/winget-pkgs/pull/241503
2025-03-20 17:46:47.956 INFO All manifests have been modified and pushed through.
2025-03-20 17:46:53.862 INFO Workspace clean-up completed.
~~ End of logging ~~
