~~ Start logging ~~
2025-09-16 10:10:54.850 FUN ⠀⠀⠀⠀⠀⠀⠀⠀⢀⣠⠴⠒⠛⠲⡄⠀⠀⠀⠀⠀⠀⠀⠀⠀⠀⠀
2025-09-16 10:10:54.850 FUN ⠀⠀⠀⠀⡀⠀⢀⠀⢻⡄⣠⠶⣆⠀⣸⣀⣀⠀⠀⡀⠀⢀⠀⢀⠀⠀
2025-09-16 10:10:54.850 FUN ⠀⠀⠀⠁⠀⠀⢀⡠⠬⠛⢓⣏⠉⣾⣉⣀⠉⢹⡀⠀⠀⠀⠀⠀⠀⠀
2025-09-16 10:10:54.850 FUN ⠀⠀⠐⠀⢀⡖⠋⣠⠴⠛⠙⢹⠞⢳⢀⣨⡵⠚⠀⠀⠀⠐⠀⠀⠂⠀
2025-09-16 10:10:54.850 FUN ⠀⠀⠀⣰⠋⡠⠎⠁⣀⠤⠒⠚⠛⠙⠒⠳⠤⣄⡀⠀⠠⠀⠀⠄⠀⠠
2025-09-16 10:10:54.850 FUN ⠀⠀⠀⠘⠐⢼⠖⠋⠀⠀⢀⠀⠀⠀⠀⠀⠀⠘⣌⡒⠲⢹⠀⠀⠀⠀
2025-09-16 10:10:54.850 FUN ⠀⠀⠈⠀⡸⠁⠀⠀⠀⠀⡆⠀⠀⠐⠀⠢⣄⠀⡽⡙⡲⠑⠒⠒⡒⠁
2025-09-16 10:10:54.850 FUN ⢀⡠⠴⠚⠀⠀⠀⠀⠀⣕⠝⣄⡀⢀⠀⠀⡇⠵⢍⠚⢾⡀⢠⠖⠁⠀
2025-09-16 10:10:54.850 FUN ⠈⠦⣄⣀⠀⡔⠀⠀⢁⡞⠀⠉⠲⣄⡀⢲⢼⠀⢀⠳⡄⠁⠀⢣⠀⠀
2025-09-16 10:10:54.850 FUN ⠀⠀⣠⠃⢐⠄⠀⠀⠴⠅⠠⡊⡢⠀⠉⠉⠁⠀⢆⠕⠹⡀⠀⠈⡆⠀
2025-09-16 10:10:54.850 FUN ⠀⠠⡇⠀⡸⠀⠀⠀⠨⡅⠀⠒⠈⠀⢄⠠⠠⠔⠀⠀⠀⢻⠀⠀⢣⠀
2025-09-16 10:10:54.850 FUN ⠀⢸⠅⠀⡕⠀⠀⠀⠀⣇⠀⠀⠀⠀⠀⠀⠀⠀⠀⣀⡤⡏⠀⠀⢸⠀
2025-09-16 10:10:54.850 FUN ⠀⠈⡇⠀⣣⠀⠀⠈⠀⠸⡦⠴⠲⢚⢚⠙⠝⠙⠍⠝⣱⠏⢠⠀⢸⠅
2025-09-16 10:10:54.850 FUN ⠀⠀⠙⣆⠘⣄⠀⠠⣄⠀⠹⣌⠌⠀⠂⠐⢈⠄⡁⢌⠳⣺⠏⢀⡞⠀
2025-09-16 10:10:54.850 FUN ⠀⠀⠀⠀⠙⠺⠛⣲⠜⠟⡓⡚⣏⣔⡀⡌⣀⢂⣔⠴⠋⢏⠒⠁⠀⠀
2025-09-16 10:10:54.879 INFO Found the following version folder: ['1.0.1', '1.0.10', '1.0.11', '1.0.2', '1.0.3', '1.0.4', '1.0.5', '1.0.6', '1.0.7', '1.0.8', '1.0.9', '1.1.0', '1.1.1', '1.1.10', '1.1.11', '1.1.12', '1.1.13', '1.1.14', '1.1.2', '1.1.3', '1.1.4', '1.1.6', '1.1.7', '1.1.8', '1.1.9', '1.2.0', '1.2.1', '1.2.2', '1.2.3', '1.2.4', '1.2.5', '1.2.6', '1.2.7', '1.2.8', '1.2.9', '1.3.0', '1.3.1', '1.3.2', '1.3.3', '1.3.4', '1.3.5', '1.3.6', '1.3.7', '1.3.8', '1.3.9', '1.4.1']
2025-09-16 10:10:54.881 INFO Skip version 1.0.1, because it's not in the list of versions to be modified.
2025-09-16 10:10:54.882 INFO Skip version 1.0.10, because it's not in the list of versions to be modified.
2025-09-16 10:10:54.883 INFO Skip version 1.0.11, because it's not in the list of versions to be modified.
2025-09-16 10:10:54.883 INFO Skip version 1.0.2, because it's not in the list of versions to be modified.
2025-09-16 10:10:54.884 INFO Skip version 1.0.3, because it's not in the list of versions to be modified.
2025-09-16 10:10:54.885 INFO Skip version 1.0.4, because it's not in the list of versions to be modified.
2025-09-16 10:10:54.886 INFO Skip version 1.0.5, because it's not in the list of versions to be modified.
2025-09-16 10:10:54.887 INFO Skip version 1.0.6, because it's not in the list of versions to be modified.
2025-09-16 10:10:54.887 INFO Skip version 1.0.7, because it's not in the list of versions to be modified.
2025-09-16 10:10:54.888 INFO Skip version 1.0.8, because it's not in the list of versions to be modified.
2025-09-16 10:10:54.889 INFO Skip version 1.0.9, because it's not in the list of versions to be modified.
2025-09-16 10:10:54.890 INFO Skip version 1.1.0, because it's not in the list of versions to be modified.
2025-09-16 10:10:54.891 INFO Skip version 1.1.1, because it's not in the list of versions to be modified.
2025-09-16 10:10:54.891 INFO Skip version 1.1.10, because it's not in the list of versions to be modified.
2025-09-16 10:10:54.892 INFO Skip version 1.1.11, because it's not in the list of versions to be modified.
2025-09-16 10:10:54.893 INFO Skip version 1.1.12, because it's not in the list of versions to be modified.
2025-09-16 10:10:54.894 INFO Skip version 1.1.13, because it's not in the list of versions to be modified.
2025-09-16 10:10:54.894 INFO Skip version 1.1.14, because it's not in the list of versions to be modified.
2025-09-16 10:10:54.895 INFO Skip version 1.1.2, because it's not in the list of versions to be modified.
2025-09-16 10:10:54.897 INFO Skip version 1.1.3, because it's not in the list of versions to be modified.
2025-09-16 10:10:54.898 INFO Skip version 1.1.4, because it's not in the list of versions to be modified.
2025-09-16 10:10:54.899 INFO Skip version 1.1.6, because it's not in the list of versions to be modified.
2025-09-16 10:10:54.900 INFO Skip version 1.1.7, because it's not in the list of versions to be modified.
2025-09-16 10:10:54.901 INFO Skip version 1.1.8, because it's not in the list of versions to be modified.
2025-09-16 10:10:54.902 INFO Skip version 1.1.9, because it's not in the list of versions to be modified.
2025-09-16 10:10:54.903 INFO Skip version 1.2.0, because it's not in the list of versions to be modified.
2025-09-16 10:10:54.904 INFO Skip version 1.2.1, because it's not in the list of versions to be modified.
2025-09-16 10:10:54.904 INFO Skip version 1.2.2, because it's not in the list of versions to be modified.
2025-09-16 10:10:54.905 INFO Skip version 1.2.3, because it's not in the list of versions to be modified.
2025-09-16 10:10:54.906 INFO Skip version 1.2.4, because it's not in the list of versions to be modified.
2025-09-16 10:10:54.907 INFO Skip version 1.2.5, because it's not in the list of versions to be modified.
2025-09-16 10:10:54.908 INFO Skip version 1.2.6, because it's not in the list of versions to be modified.
2025-09-16 10:10:54.909 INFO Skip version 1.2.7, because it's not in the list of versions to be modified.
2025-09-16 10:10:54.909 INFO Skip version 1.2.8, because it's not in the list of versions to be modified.
2025-09-16 10:10:54.910 INFO Skip version 1.2.9, because it's not in the list of versions to be modified.
2025-09-16 10:10:54.911 INFO Skip version 1.3.0, because it's not in the list of versions to be modified.
2025-09-16 10:10:54.912 INFO Skip version 1.3.1, because it's not in the list of versions to be modified.
2025-09-16 10:10:54.913 INFO Skip version 1.3.2, because it's not in the list of versions to be modified.
2025-09-16 10:10:54.915 INFO Skip version 1.3.3, because it's not in the list of versions to be modified.
2025-09-16 10:10:54.916 INFO Skip version 1.3.4, because it's not in the list of versions to be modified.
2025-09-16 10:10:54.916 INFO Skip version 1.3.5, because it's not in the list of versions to be modified.
2025-09-16 10:10:54.917 INFO Skip version 1.3.6, because it's not in the list of versions to be modified.
2025-09-16 10:10:54.918 INFO Skip version 1.3.7, because it's not in the list of versions to be modified.
2025-09-16 10:10:54.919 INFO Skip version 1.3.8, because it's not in the list of versions to be modified.
2025-09-16 10:10:54.920 INFO Skip version 1.3.9, because it's not in the list of versions to be modified.
2025-09-16 10:10:54.921 INFO Processing version folder: 1.4.1
2025-09-16 10:10:54.921 INFO   Create and checkout to a new branch: New-Version-DuckStudio.Sundry-1.4.1-1757988654
2025-09-16 10:11:17.756 INFO   Processing of manifest: D:\...\winget-pkgs\manifests\d\DuckStudio\Sundry\1.4.1\DuckStudio.Sundry.installer.yaml
2025-09-16 10:11:17.759 INFO     The manifest file has been saved as: D:\...\winget-pkgs\manifests\d\DuckStudio\Sundry\1.4.1\DuckStudio.Sundry.installer.yaml
2025-09-16 10:11:17.932 INFO   Processing of manifest: D:\...\winget-pkgs\manifests\d\DuckStudio\Sundry\1.4.1\DuckStudio.Sundry.locale.en-US.yaml
2025-09-16 10:11:17.935 INFO     The manifest file has been saved as: D:\...\winget-pkgs\manifests\d\DuckStudio\Sundry\1.4.1\DuckStudio.Sundry.locale.en-US.yaml
2025-09-16 10:11:18.449 INFO   Processing of manifest: D:\...\winget-pkgs\manifests\d\DuckStudio\Sundry\1.4.1\DuckStudio.Sundry.locale.zh-CN.yaml
2025-09-16 10:11:18.479 INFO     The manifest file has been saved as: D:\...\winget-pkgs\manifests\d\DuckStudio\Sundry\1.4.1\DuckStudio.Sundry.locale.zh-CN.yaml
2025-09-16 10:11:18.175 INFO   Processing of manifest: D:\...\winget-pkgs\manifests\d\DuckStudio\Sundry\1.4.1\DuckStudio.Sundry.locale.zh-HK.yaml
2025-09-16 10:11:18.179 INFO     The manifest file has been saved as: D:\...\winget-pkgs\manifests\d\DuckStudio\Sundry\1.4.1\DuckStudio.Sundry.locale.zh-HK.yaml
2025-09-16 10:11:18.323 INFO   Processing of manifest: D:\...\winget-pkgs\manifests\d\DuckStudio\Sundry\1.4.1\DuckStudio.Sundry.locale.zh-TW.yaml
2025-09-16 10:11:18.326 INFO     The manifest file has been saved as: D:\...\winget-pkgs\manifests\d\DuckStudio\Sundry\1.4.1\DuckStudio.Sundry.locale.zh-TW.yaml
2025-09-16 10:11:18.498 INFO   Processing of manifest: D:\...\winget-pkgs\manifests\d\DuckStudio\Sundry\1.4.1\DuckStudio.Sundry.yaml
2025-09-16 10:11:18.502 INFO     The manifest file has been saved as: D:\...\winget-pkgs\manifests\d\DuckStudio\Sundry\1.4.1\DuckStudio.Sundry.yaml
2025-09-16 10:11:18.791 INFO   New manifests in D:\...\winget-pkgs\manifests\d\DuckStudio\Sundry\1.4.1 for DuckStudio.Sundry (1.4.1)
2025-09-16 10:11:39.643 INFO     清单具有以下未验证的依赖项;确保它们有效：
2025-09-16 10:11:39.653 INFO       - 程序包
2025-09-16 10:11:39.655 INFO           DuckStudio.GitHubLabelsManager [>= 1.7]
2025-09-16 10:11:39.658 INFO           Git.Git
2025-09-16 10:11:39.661 INFO           GitHub.cli
2025-09-16 10:11:39.663 INFO     清单验证成功。
2025-09-16 10:11:39.678 INFO   Staging and Committing Changes to Git
2025-09-16 10:11:52.285 INFO     Commit message: New version: DuckStudio.Sundry version 1.4.1 (Auto)
2025-09-16 10:11:52.287 INFO   Pushing changes to remote (origin) repository
2025-09-16 10:11:56.566 INFO     Successfully pushed to remote (origin): New-Version-DuckStudio.Sundry-1.4.1-1757988654
2025-09-16 10:11:58.970 INFO     Pull request created successfully: https://github.com/microsoft/winget-pkgs/pull/293280
2025-09-16 10:11:58.972 INFO All manifests have been modified and pushed through.
2025-09-16 10:12:05.218 INFO Workspace clean-up completed.
~~ End of logging ~~
