~~ Start logging ~~
2026-03-14 20:58:13.527 FUN Welcome to Sundry!
2026-03-14 20:58:13.558 INFO Found the following version folder: ['1.0.1', '1.0.10', '1.0.11', '1.0.2', '1.0.3', '1.0.4', '1.0.5', '1.0.6', '1.0.7', '1.0.8', '1.0.9', '1.1.0', '1.1.1', '1.1.10', '1.1.11', '1.1.12', '1.1.13', '1.1.14', '1.1.2', '1.1.3', '1.1.4', '1.1.6', '1.1.7', '1.1.8', '1.1.9', '1.2.0', '1.2.1', '1.2.2', '1.2.3', '1.2.4', '1.2.5', '1.2.6', '1.2.7', '1.2.8', '1.2.9', '1.3.0', '1.3.1', '1.3.2', '1.3.3', '1.3.4', '1.3.5', '1.3.6', '1.3.7', '1.3.8', '1.3.9', '1.4.0', '1.4.1', '1.4.2', '1.4.3', '1.5.0', '1.5.1', '1.5.2', '1.6.0', '1.6.1', '1.6.2', '1.6.3', '1.6.4', '1.6.5', '1.6.6', '1.6.7', '1.6.8']
2026-03-14 20:58:13.562 VERBOSE Skip version 1.0.1, because it's not in the list of versions to be modified.
2026-03-14 20:58:13.565 VERBOSE Skip version 1.0.10, because it's not in the list of versions to be modified.
2026-03-14 20:58:13.567 VERBOSE Skip version 1.0.11, because it's not in the list of versions to be modified.
2026-03-14 20:58:13.570 VERBOSE Skip version 1.0.2, because it's not in the list of versions to be modified.
2026-03-14 20:58:13.572 VERBOSE Skip version 1.0.3, because it's not in the list of versions to be modified.
2026-03-14 20:58:13.573 VERBOSE Skip version 1.0.4, because it's not in the list of versions to be modified.
2026-03-14 20:58:13.575 VERBOSE Skip version 1.0.5, because it's not in the list of versions to be modified.
2026-03-14 20:58:13.582 VERBOSE Skip version 1.0.6, because it's not in the list of versions to be modified.
2026-03-14 20:58:13.584 VERBOSE Skip version 1.0.7, because it's not in the list of versions to be modified.
2026-03-14 20:58:13.586 VERBOSE Skip version 1.0.8, because it's not in the list of versions to be modified.
2026-03-14 20:58:13.588 VERBOSE Skip version 1.0.9, because it's not in the list of versions to be modified.
2026-03-14 20:58:13.590 VERBOSE Skip version 1.1.0, because it's not in the list of versions to be modified.
2026-03-14 20:58:13.593 VERBOSE Skip version 1.1.1, because it's not in the list of versions to be modified.
2026-03-14 20:58:13.596 VERBOSE Skip version 1.1.10, because it's not in the list of versions to be modified.
2026-03-14 20:58:13.599 VERBOSE Skip version 1.1.11, because it's not in the list of versions to be modified.
2026-03-14 20:58:13.601 VERBOSE Skip version 1.1.12, because it's not in the list of versions to be modified.
2026-03-14 20:58:13.603 VERBOSE Skip version 1.1.13, because it's not in the list of versions to be modified.
2026-03-14 20:58:13.605 VERBOSE Skip version 1.1.14, because it's not in the list of versions to be modified.
2026-03-14 20:58:13.607 VERBOSE Skip version 1.1.2, because it's not in the list of versions to be modified.
2026-03-14 20:58:13.609 VERBOSE Skip version 1.1.3, because it's not in the list of versions to be modified.
2026-03-14 20:58:13.613 VERBOSE Skip version 1.1.4, because it's not in the list of versions to be modified.
2026-03-14 20:58:13.615 VERBOSE Skip version 1.1.6, because it's not in the list of versions to be modified.
2026-03-14 20:58:13.617 VERBOSE Skip version 1.1.7, because it's not in the list of versions to be modified.
2026-03-14 20:58:13.618 VERBOSE Skip version 1.1.8, because it's not in the list of versions to be modified.
2026-03-14 20:58:13.620 VERBOSE Skip version 1.1.9, because it's not in the list of versions to be modified.
2026-03-14 20:58:13.622 VERBOSE Skip version 1.2.0, because it's not in the list of versions to be modified.
2026-03-14 20:58:13.623 VERBOSE Skip version 1.2.1, because it's not in the list of versions to be modified.
2026-03-14 20:58:13.625 VERBOSE Skip version 1.2.2, because it's not in the list of versions to be modified.
2026-03-14 20:58:13.627 VERBOSE Skip version 1.2.3, because it's not in the list of versions to be modified.
2026-03-14 20:58:13.630 VERBOSE Skip version 1.2.4, because it's not in the list of versions to be modified.
2026-03-14 20:58:13.633 VERBOSE Skip version 1.2.5, because it's not in the list of versions to be modified.
2026-03-14 20:58:13.636 VERBOSE Skip version 1.2.6, because it's not in the list of versions to be modified.
2026-03-14 20:58:13.638 VERBOSE Skip version 1.2.7, because it's not in the list of versions to be modified.
2026-03-14 20:58:13.640 VERBOSE Skip version 1.2.8, because it's not in the list of versions to be modified.
2026-03-14 20:58:13.642 VERBOSE Skip version 1.2.9, because it's not in the list of versions to be modified.
2026-03-14 20:58:13.646 VERBOSE Skip version 1.3.0, because it's not in the list of versions to be modified.
2026-03-14 20:58:13.648 VERBOSE Skip version 1.3.1, because it's not in the list of versions to be modified.
2026-03-14 20:58:13.651 VERBOSE Skip version 1.3.2, because it's not in the list of versions to be modified.
2026-03-14 20:58:13.653 VERBOSE Skip version 1.3.3, because it's not in the list of versions to be modified.
2026-03-14 20:58:13.655 VERBOSE Skip version 1.3.4, because it's not in the list of versions to be modified.
2026-03-14 20:58:13.657 VERBOSE Skip version 1.3.5, because it's not in the list of versions to be modified.
2026-03-14 20:58:13.660 VERBOSE Skip version 1.3.6, because it's not in the list of versions to be modified.
2026-03-14 20:58:13.663 VERBOSE Skip version 1.3.7, because it's not in the list of versions to be modified.
2026-03-14 20:58:13.665 VERBOSE Skip version 1.3.8, because it's not in the list of versions to be modified.
2026-03-14 20:58:13.668 VERBOSE Skip version 1.3.9, because it's not in the list of versions to be modified.
2026-03-14 20:58:13.670 VERBOSE Skip version 1.4.0, because it's not in the list of versions to be modified.
2026-03-14 20:58:13.672 VERBOSE Skip version 1.4.1, because it's not in the list of versions to be modified.
2026-03-14 20:58:13.674 VERBOSE Skip version 1.4.2, because it's not in the list of versions to be modified.
2026-03-14 20:58:13.676 VERBOSE Skip version 1.4.3, because it's not in the list of versions to be modified.
2026-03-14 20:58:13.679 VERBOSE Skip version 1.5.0, because it's not in the list of versions to be modified.
2026-03-14 20:58:13.682 VERBOSE Skip version 1.5.1, because it's not in the list of versions to be modified.
2026-03-14 20:58:13.684 VERBOSE Skip version 1.5.2, because it's not in the list of versions to be modified.
2026-03-14 20:58:13.686 VERBOSE Skip version 1.6.0, because it's not in the list of versions to be modified.
2026-03-14 20:58:13.688 VERBOSE Skip version 1.6.1, because it's not in the list of versions to be modified.
2026-03-14 20:58:13.690 VERBOSE Skip version 1.6.2, because it's not in the list of versions to be modified.
2026-03-14 20:58:13.692 VERBOSE Skip version 1.6.3, because it's not in the list of versions to be modified.
2026-03-14 20:58:13.696 VERBOSE Skip version 1.6.4, because it's not in the list of versions to be modified.
2026-03-14 20:58:13.699 VERBOSE Skip version 1.6.5, because it's not in the list of versions to be modified.
2026-03-14 20:58:13.701 VERBOSE Skip version 1.6.6, because it's not in the list of versions to be modified.
2026-03-14 20:58:13.703 VERBOSE Skip version 1.6.7, because it's not in the list of versions to be modified.
2026-03-14 20:58:13.705 INFO Processing version folder: 1.6.8
2026-03-14 20:58:13.706 INFO   Create and checkout to a new branch: New-Version-DuckStudio.Sundry-1.6.8-1773493093
2026-03-14 20:58:27.503 INFO   Processing of manifest: D:\...\winget-pkgs\manifests\d\DuckStudio\Sundry\1.6.8\DuckStudio.Sundry.installer.yaml
2026-03-14 20:58:27.508 INFO     The manifest file has been saved as: D:\...\winget-pkgs\manifests\d\DuckStudio\Sundry\1.6.8\DuckStudio.Sundry.installer.yaml
2026-03-14 20:58:27.869 INFO   Processing of manifest: D:\...\winget-pkgs\manifests\d\DuckStudio\Sundry\1.6.8\DuckStudio.Sundry.locale.en-US.yaml
2026-03-14 20:58:27.880 INFO     The manifest file has been saved as: D:\...\winget-pkgs\manifests\d\DuckStudio\Sundry\1.6.8\DuckStudio.Sundry.locale.en-US.yaml
2026-03-14 20:58:28.547 INFO   Processing of manifest: D:\...\winget-pkgs\manifests\d\DuckStudio\Sundry\1.6.8\DuckStudio.Sundry.locale.zh-CN.yaml
2026-03-14 20:58:28.581 INFO     The manifest file has been saved as: D:\...\winget-pkgs\manifests\d\DuckStudio\Sundry\1.6.8\DuckStudio.Sundry.locale.zh-CN.yaml
2026-03-14 20:58:28.220 INFO   Processing of manifest: D:\...\winget-pkgs\manifests\d\DuckStudio\Sundry\1.6.8\DuckStudio.Sundry.yaml
2026-03-14 20:58:28.224 INFO     The manifest file has been saved as: D:\...\winget-pkgs\manifests\d\DuckStudio\Sundry\1.6.8\DuckStudio.Sundry.yaml
2026-03-14 20:58:28.371 INFO   New manifests in D:\...\winget-pkgs\manifests\d\DuckStudio\Sundry\1.6.8 for DuckStudio.Sundry (1.6.8)
2026-03-14 20:59:39.366 INFO Manifest validation succeeded with "sundry validate".
2026-03-14 20:59:39.368 INFO   Staging and Committing Changes to Git
2026-03-14 21:00:02.461 INFO     Commit message: New version: DuckStudio.Sundry version 1.6.8 (Auto)
2026-03-14 21:00:15.271 INFO   Pushing changes to remote (origin) repository
2026-03-14 21:00:19.571 INFO     Successfully pushed to remote (origin): New-Version-DuckStudio.Sundry-1.6.8-1773493093
2026-03-14 21:00:24.109 INFO All manifests have been modified and pushed through.
2026-03-14 21:00:37.574 INFO Workspace clean-up completed.
~~ End of logging ~~
