~~ Start logging ~~
2026-02-01 11:26:17.310 FUN 【你 抚 琵 琶 奏 琴 弦】https://www.bilibili.com/video/BV19RuhzEEeM/ | https://www.bilibili.com/video/BV1pbuBznEdP/
2026-02-01 11:26:17.366 INFO Found the following version folder: ['1.0.1', '1.0.10', '1.0.11', '1.0.2', '1.0.3', '1.0.4', '1.0.5', '1.0.6', '1.0.7', '1.0.8', '1.0.9', '1.1.0', '1.1.1', '1.1.10', '1.1.11', '1.1.12', '1.1.13', '1.1.14', '1.1.2', '1.1.3', '1.1.4', '1.1.6', '1.1.7', '1.1.8', '1.1.9', '1.2.0', '1.2.1', '1.2.2', '1.2.3', '1.2.4', '1.2.5', '1.2.6', '1.2.7', '1.2.8', '1.2.9', '1.3.0', '1.3.1', '1.3.2', '1.3.3', '1.3.4', '1.3.5', '1.3.6', '1.3.7', '1.3.8', '1.3.9', '1.4.0', '1.4.1', '1.4.2', '1.4.3', '1.5.0', '1.5.1', '1.5.2', '1.6.0', '1.6.1', '1.6.2', '1.6.3', '1.6.4']
2026-02-01 11:26:17.369 VERBOSE Skip version 1.0.1, because it's not in the list of versions to be modified.
2026-02-01 11:26:17.371 VERBOSE Skip version 1.0.10, because it's not in the list of versions to be modified.
2026-02-01 11:26:17.373 VERBOSE Skip version 1.0.11, because it's not in the list of versions to be modified.
2026-02-01 11:26:17.374 VERBOSE Skip version 1.0.2, because it's not in the list of versions to be modified.
2026-02-01 11:26:17.377 VERBOSE Skip version 1.0.3, because it's not in the list of versions to be modified.
2026-02-01 11:26:17.378 VERBOSE Skip version 1.0.4, because it's not in the list of versions to be modified.
2026-02-01 11:26:17.380 VERBOSE Skip version 1.0.5, because it's not in the list of versions to be modified.
2026-02-01 11:26:17.381 VERBOSE Skip version 1.0.6, because it's not in the list of versions to be modified.
2026-02-01 11:26:17.382 VERBOSE Skip version 1.0.7, because it's not in the list of versions to be modified.
2026-02-01 11:26:17.383 VERBOSE Skip version 1.0.8, because it's not in the list of versions to be modified.
2026-02-01 11:26:17.385 VERBOSE Skip version 1.0.9, because it's not in the list of versions to be modified.
2026-02-01 11:26:17.386 VERBOSE Skip version 1.1.0, because it's not in the list of versions to be modified.
2026-02-01 11:26:17.387 VERBOSE Skip version 1.1.1, because it's not in the list of versions to be modified.
2026-02-01 11:26:17.389 VERBOSE Skip version 1.1.10, because it's not in the list of versions to be modified.
2026-02-01 11:26:17.390 VERBOSE Skip version 1.1.11, because it's not in the list of versions to be modified.
2026-02-01 11:26:17.391 VERBOSE Skip version 1.1.12, because it's not in the list of versions to be modified.
2026-02-01 11:26:17.394 VERBOSE Skip version 1.1.13, because it's not in the list of versions to be modified.
2026-02-01 11:26:17.396 VERBOSE Skip version 1.1.14, because it's not in the list of versions to be modified.
2026-02-01 11:26:17.398 VERBOSE Skip version 1.1.2, because it's not in the list of versions to be modified.
2026-02-01 11:26:17.399 VERBOSE Skip version 1.1.3, because it's not in the list of versions to be modified.
2026-02-01 11:26:17.400 VERBOSE Skip version 1.1.4, because it's not in the list of versions to be modified.
2026-02-01 11:26:17.401 VERBOSE Skip version 1.1.6, because it's not in the list of versions to be modified.
2026-02-01 11:26:17.402 VERBOSE Skip version 1.1.7, because it's not in the list of versions to be modified.
2026-02-01 11:26:17.403 VERBOSE Skip version 1.1.8, because it's not in the list of versions to be modified.
2026-02-01 11:26:17.404 VERBOSE Skip version 1.1.9, because it's not in the list of versions to be modified.
2026-02-01 11:26:17.405 VERBOSE Skip version 1.2.0, because it's not in the list of versions to be modified.
2026-02-01 11:26:17.406 VERBOSE Skip version 1.2.1, because it's not in the list of versions to be modified.
2026-02-01 11:26:17.407 VERBOSE Skip version 1.2.2, because it's not in the list of versions to be modified.
2026-02-01 11:26:17.409 VERBOSE Skip version 1.2.3, because it's not in the list of versions to be modified.
2026-02-01 11:26:17.410 VERBOSE Skip version 1.2.4, because it's not in the list of versions to be modified.
2026-02-01 11:26:17.411 VERBOSE Skip version 1.2.5, because it's not in the list of versions to be modified.
2026-02-01 11:26:17.412 VERBOSE Skip version 1.2.6, because it's not in the list of versions to be modified.
2026-02-01 11:26:17.413 VERBOSE Skip version 1.2.7, because it's not in the list of versions to be modified.
2026-02-01 11:26:17.414 VERBOSE Skip version 1.2.8, because it's not in the list of versions to be modified.
2026-02-01 11:26:17.415 VERBOSE Skip version 1.2.9, because it's not in the list of versions to be modified.
2026-02-01 11:26:17.415 VERBOSE Skip version 1.3.0, because it's not in the list of versions to be modified.
2026-02-01 11:26:17.416 VERBOSE Skip version 1.3.1, because it's not in the list of versions to be modified.
2026-02-01 11:26:17.418 VERBOSE Skip version 1.3.2, because it's not in the list of versions to be modified.
2026-02-01 11:26:17.419 VERBOSE Skip version 1.3.3, because it's not in the list of versions to be modified.
2026-02-01 11:26:17.419 VERBOSE Skip version 1.3.4, because it's not in the list of versions to be modified.
2026-02-01 11:26:17.420 VERBOSE Skip version 1.3.5, because it's not in the list of versions to be modified.
2026-02-01 11:26:17.422 VERBOSE Skip version 1.3.6, because it's not in the list of versions to be modified.
2026-02-01 11:26:17.423 VERBOSE Skip version 1.3.7, because it's not in the list of versions to be modified.
2026-02-01 11:26:17.424 VERBOSE Skip version 1.3.8, because it's not in the list of versions to be modified.
2026-02-01 11:26:17.425 VERBOSE Skip version 1.3.9, because it's not in the list of versions to be modified.
2026-02-01 11:26:17.426 VERBOSE Skip version 1.4.0, because it's not in the list of versions to be modified.
2026-02-01 11:26:17.427 VERBOSE Skip version 1.4.1, because it's not in the list of versions to be modified.
2026-02-01 11:26:17.428 VERBOSE Skip version 1.4.2, because it's not in the list of versions to be modified.
2026-02-01 11:26:17.429 VERBOSE Skip version 1.4.3, because it's not in the list of versions to be modified.
2026-02-01 11:26:17.430 VERBOSE Skip version 1.5.0, because it's not in the list of versions to be modified.
2026-02-01 11:26:17.431 VERBOSE Skip version 1.5.1, because it's not in the list of versions to be modified.
2026-02-01 11:26:17.432 VERBOSE Skip version 1.5.2, because it's not in the list of versions to be modified.
2026-02-01 11:26:17.433 VERBOSE Skip version 1.6.0, because it's not in the list of versions to be modified.
2026-02-01 11:26:17.434 VERBOSE Skip version 1.6.1, because it's not in the list of versions to be modified.
2026-02-01 11:26:17.435 VERBOSE Skip version 1.6.2, because it's not in the list of versions to be modified.
2026-02-01 11:26:17.436 VERBOSE Skip version 1.6.3, because it's not in the list of versions to be modified.
2026-02-01 11:26:17.437 INFO Processing version folder: 1.6.4
2026-02-01 11:26:17.438 INFO   Create and checkout to a new branch: New-Version-DuckStudio.Sundry-1.6.4-1769916377
2026-02-01 11:26:29.419 INFO   Processing of manifest: D:\...\winget-pkgs\manifests\d\DuckStudio\Sundry\1.6.4\DuckStudio.Sundry.installer.yaml
2026-02-01 11:26:29.422 INFO     The manifest file has been saved as: D:\...\winget-pkgs\manifests\d\DuckStudio\Sundry\1.6.4\DuckStudio.Sundry.installer.yaml
2026-02-01 11:26:32.260 INFO   Processing of manifest: D:\...\winget-pkgs\manifests\d\DuckStudio\Sundry\1.6.4\DuckStudio.Sundry.locale.en-US.yaml
2026-02-01 11:26:32.263 INFO     The manifest file has been saved as: D:\...\winget-pkgs\manifests\d\DuckStudio\Sundry\1.6.4\DuckStudio.Sundry.locale.en-US.yaml
2026-02-01 11:26:32.395 INFO   Processing of manifest: D:\...\winget-pkgs\manifests\d\DuckStudio\Sundry\1.6.4\DuckStudio.Sundry.locale.zh-CN.yaml
2026-02-01 11:26:32.399 INFO     The manifest file has been saved as: D:\...\winget-pkgs\manifests\d\DuckStudio\Sundry\1.6.4\DuckStudio.Sundry.locale.zh-CN.yaml
2026-02-01 11:26:32.539 INFO   Processing of manifest: D:\...\winget-pkgs\manifests\d\DuckStudio\Sundry\1.6.4\DuckStudio.Sundry.yaml
2026-02-01 11:26:32.546 INFO     The manifest file has been saved as: D:\...\winget-pkgs\manifests\d\DuckStudio\Sundry\1.6.4\DuckStudio.Sundry.yaml
2026-02-01 11:26:32.704 INFO   New manifests in D:\...\winget-pkgs\manifests\d\DuckStudio\Sundry\1.6.4 for DuckStudio.Sundry (1.6.4)
2026-02-01 11:30:45.207 INFO Manifest validation succeeded with "sundry validate".
2026-02-01 11:30:45.223 INFO   Staging and Committing Changes to Git
2026-02-01 11:31:08.934 INFO     Commit message: New version: DuckStudio.Sundry version 1.6.4 (Auto)
2026-02-01 11:36:06.596 INFO   Pushing changes to remote (origin) repository
2026-02-01 11:45:42.425 INFO     Successfully pushed to remote (origin): New-Version-DuckStudio.Sundry-1.6.4-1769916377
2026-02-01 11:45:47.857 INFO All manifests have been modified and pushed through.
2026-02-01 11:46:00.171 INFO Workspace clean-up completed.
~~ End of logging ~~
