~~ Start logging ~~
2025-05-30 08:56:42.362 FUN 星际和平商城年终大促，各种精品好物价格史低不容错过！
2025-05-30 08:56:42.366 INFO Found the following version folder: ['1.0.1', '1.0.10', '1.0.11', '1.0.2', '1.0.3', '1.0.4', '1.0.5', '1.0.6', '1.0.7', '1.0.8', '1.0.9', '1.1.0', '1.1.1', '1.1.10', '1.1.11', '1.1.12', '1.1.13', '1.1.14', '1.1.2', '1.1.3', '1.1.4', '1.1.6', '1.1.7', '1.1.8', '1.1.9', '1.2.0']
2025-05-30 08:56:42.492 INFO Skip version 1.0.1, because it's not in the list of versions to be modified.
2025-05-30 08:56:42.493 INFO Skip version 1.0.10, because it's not in the list of versions to be modified.
2025-05-30 08:56:42.495 INFO Skip version 1.0.11, because it's not in the list of versions to be modified.
2025-05-30 08:56:42.496 INFO Skip version 1.0.2, because it's not in the list of versions to be modified.
2025-05-30 08:56:42.497 INFO Skip version 1.0.3, because it's not in the list of versions to be modified.
2025-05-30 08:56:42.498 INFO Skip version 1.0.4, because it's not in the list of versions to be modified.
2025-05-30 08:56:42.499 INFO Skip version 1.0.5, because it's not in the list of versions to be modified.
2025-05-30 08:56:42.500 INFO Skip version 1.0.6, because it's not in the list of versions to be modified.
2025-05-30 08:56:42.501 INFO Skip version 1.0.7, because it's not in the list of versions to be modified.
2025-05-30 08:56:42.501 INFO Skip version 1.0.8, because it's not in the list of versions to be modified.
2025-05-30 08:56:42.502 INFO Skip version 1.0.9, because it's not in the list of versions to be modified.
2025-05-30 08:56:42.503 INFO Skip version 1.1.0, because it's not in the list of versions to be modified.
2025-05-30 08:56:42.504 INFO Skip version 1.1.1, because it's not in the list of versions to be modified.
2025-05-30 08:56:42.505 INFO Skip version 1.1.10, because it's not in the list of versions to be modified.
2025-05-30 08:56:42.505 INFO Skip version 1.1.11, because it's not in the list of versions to be modified.
2025-05-30 08:56:42.508 INFO Skip version 1.1.12, because it's not in the list of versions to be modified.
2025-05-30 08:56:42.510 INFO Skip version 1.1.13, because it's not in the list of versions to be modified.
2025-05-30 08:56:42.511 INFO Skip version 1.1.14, because it's not in the list of versions to be modified.
2025-05-30 08:56:42.513 INFO Skip version 1.1.2, because it's not in the list of versions to be modified.
2025-05-30 08:56:42.514 INFO Skip version 1.1.3, because it's not in the list of versions to be modified.
2025-05-30 08:56:42.515 INFO Skip version 1.1.4, because it's not in the list of versions to be modified.
2025-05-30 08:56:42.516 INFO Skip version 1.1.6, because it's not in the list of versions to be modified.
2025-05-30 08:56:42.517 INFO Skip version 1.1.7, because it's not in the list of versions to be modified.
2025-05-30 08:56:42.518 INFO Skip version 1.1.8, because it's not in the list of versions to be modified.
2025-05-30 08:56:42.519 INFO Skip version 1.1.9, because it's not in the list of versions to be modified.
2025-05-30 08:56:42.520 INFO Processing version folder: 1.2.0
2025-05-30 08:56:42.521 INFO   Create and checkout to a new branch: NewVersion-DuckStudio.Sundry-1.2.0-1748566602
2025-05-30 08:56:48.654 INFO   Processing of manifest: D:\...\winget-pkgs\manifests\d\DuckStudio\Sundry\1.2.0\DuckStudio.Sundry.installer.yaml
2025-05-30 08:56:48.656 INFO     Replace ManifestVersion: 1.9.0 -> 1.10.0
2025-05-30 08:56:48.657 INFO     Replace schema references: 1.9.0.schema.json -> 1.10.0.schema.json
2025-05-30 08:56:48.658 INFO     Cleaned up DuckStudio.Sundry.installer.yaml
2025-05-30 08:56:48.660 INFO     The manifest file has been saved as: D:\...\winget-pkgs\manifests\d\DuckStudio\Sundry\1.2.0\DuckStudio.Sundry.installer.yaml
2025-05-30 08:56:48.860 INFO   Processing of manifest: D:\...\winget-pkgs\manifests\d\DuckStudio\Sundry\1.2.0\DuckStudio.Sundry.locale.en-US.yaml
2025-05-30 08:56:48.864 INFO     Replace ManifestVersion: 1.9.0 -> 1.10.0
2025-05-30 08:56:48.865 INFO     Replace schema references: 1.9.0.schema.json -> 1.10.0.schema.json
2025-05-30 08:56:48.866 INFO     Cleaned up DuckStudio.Sundry.locale.en-US.yaml
2025-05-30 08:56:48.867 INFO     The manifest file has been saved as: D:\...\winget-pkgs\manifests\d\DuckStudio\Sundry\1.2.0\DuckStudio.Sundry.locale.en-US.yaml
2025-05-30 08:56:48.991 INFO   Processing of manifest: D:\...\winget-pkgs\manifests\d\DuckStudio\Sundry\1.2.0\DuckStudio.Sundry.locale.zh-CN.yaml
2025-05-30 08:56:48.992 INFO     Replace ManifestVersion: 1.9.0 -> 1.10.0
2025-05-30 08:56:48.993 INFO     Replace schema references: 1.9.0.schema.json -> 1.10.0.schema.json
2025-05-30 08:56:48.995 INFO     Cleaned up DuckStudio.Sundry.locale.zh-CN.yaml
2025-05-30 08:56:48.997 INFO     The manifest file has been saved as: D:\...\winget-pkgs\manifests\d\DuckStudio\Sundry\1.2.0\DuckStudio.Sundry.locale.zh-CN.yaml
2025-05-30 08:56:49.127 INFO   Processing of manifest: D:\...\winget-pkgs\manifests\d\DuckStudio\Sundry\1.2.0\DuckStudio.Sundry.yaml
2025-05-30 08:56:49.129 INFO     Replace ManifestVersion: 1.9.0 -> 1.10.0
2025-05-30 08:56:49.130 INFO     Replace schema references: 1.9.0.schema.json -> 1.10.0.schema.json
2025-05-30 08:56:49.131 INFO     Cleaned up DuckStudio.Sundry.yaml
2025-05-30 08:56:49.133 INFO     The manifest file has been saved as: D:\...\winget-pkgs\manifests\d\DuckStudio\Sundry\1.2.0\DuckStudio.Sundry.yaml
2025-05-30 08:56:49.271 INFO   New manifests in D:\...\winget-pkgs\manifests\d\DuckStudio\Sundry\1.2.0 for DuckStudio.Sundry (1.2.0)
2025-05-30 09:00:18.998 INFO     清单具有以下未验证的依赖项;确保它们有效：
2025-05-30 09:00:18.999 INFO       - 程序包
2025-05-30 09:00:19.284 INFO           DuckStudio.GitHubLabelsManager [>= 1.7]
2025-05-30 09:00:19.105 INFO           Git.Git
2025-05-30 09:00:19.173 INFO           GitHub.cli
2025-05-30 09:00:19.233 INFO     清单验证成功。
2025-05-30 09:00:19.147 INFO   Staging and Committing Changes to Git
2025-05-30 09:00:27.884 INFO     Commit message: New version: DuckStudio.Sundry version 1.2.0 (Auto)
2025-05-30 09:00:27.885 INFO   Pushing changes to remote (origin) repository
2025-05-30 09:00:32.182 INFO     Successfully pushed to remote (origin): NewVersion-DuckStudio.Sundry-1.2.0-1748566602
2025-05-30 09:00:34.452 INFO     Pull request created successfully: https://github.com/microsoft/winget-pkgs/pull/261706
2025-05-30 09:00:34.466 INFO All manifests have been modified and pushed through.
2025-05-30 09:00:39.279 INFO Workspace clean-up completed.
~~ End of logging ~~
