~~ Start logging ~~
2025-12-02 04:28:07.205 FUN 噫！我中了！
2025-12-02 04:28:07.213 INFO Found the following version folder: ['1.105.0', '1.106.0', '1.113.0', '1.114.0', '1.124.0', '1.125.0', '1.127.1', '1.128.0', '1.129.0']
2025-12-02 04:28:07.214 INFO Skip version 1.105.0, because it's not in the list of versions to be modified.
2025-12-02 04:28:07.216 INFO Skip version 1.106.0, because it's not in the list of versions to be modified.
2025-12-02 04:28:07.219 INFO Skip version 1.113.0, because it's not in the list of versions to be modified.
2025-12-02 04:28:07.220 INFO Skip version 1.114.0, because it's not in the list of versions to be modified.
2025-12-02 04:28:07.232 INFO Skip version 1.124.0, because it's not in the list of versions to be modified.
2025-12-02 04:28:07.234 INFO Skip version 1.125.0, because it's not in the list of versions to be modified.
2025-12-02 04:28:07.236 INFO Skip version 1.127.1, because it's not in the list of versions to be modified.
2025-12-02 04:28:07.238 INFO Skip version 1.128.0, because it's not in the list of versions to be modified.
2025-12-02 04:28:07.240 INFO Processing version folder: 1.129.0
2025-12-02 04:28:07.242 INFO   Create and checkout to a new branch: Modify-S-Pulsar-Edit.Pulsar-1.129.0-1764620887
2025-12-02 04:28:24.820 INFO   Processing of manifest: D:\...\winget-pkgs\manifests\p\Pulsar-Edit\Pulsar\1.129.0\Pulsar-Edit.Pulsar.installer.yaml
2025-12-02 04:28:24.863 INFO     The manifest file has been saved as: D:\...\winget-pkgs\manifests\p\Pulsar-Edit\Pulsar\1.129.0\Pulsar-Edit.Pulsar.installer.yaml
2025-12-02 04:28:24.299 INFO   Processing of manifest: D:\...\winget-pkgs\manifests\p\Pulsar-Edit\Pulsar\1.129.0\Pulsar-Edit.Pulsar.locale.en-US.yaml
2025-12-02 04:28:24.314 INFO     The manifest file has been saved as: D:\...\winget-pkgs\manifests\p\Pulsar-Edit\Pulsar\1.129.0\Pulsar-Edit.Pulsar.locale.en-US.yaml
2025-12-02 04:28:24.440 INFO   Processing of manifest: D:\...\winget-pkgs\manifests\p\Pulsar-Edit\Pulsar\1.129.0\Pulsar-Edit.Pulsar.yaml
2025-12-02 04:28:24.444 INFO     The manifest file has been saved as: D:\...\winget-pkgs\manifests\p\Pulsar-Edit\Pulsar\1.129.0\Pulsar-Edit.Pulsar.yaml
2025-12-02 04:28:43.290 INFO Manifest validation succeeded with "sundry validate".
2025-12-02 04:28:43.291 INFO   Staging and Committing Changes to Git
2025-12-02 04:28:51.957 INFO     Commit message: Modify: Pulsar-Edit.Pulsar version 1.129.0 (Auto)
2025-12-02 04:28:51.959 INFO   Pushing changes to remote (origin) repository
2025-12-02 04:28:57.602 INFO     Successfully pushed to remote (origin): Modify-S-Pulsar-Edit.Pulsar-1.129.0-1764620887
2025-12-02 04:29:00.306 INFO     Pull request created successfully: https://github.com/microsoft/winget-pkgs/pull/318789
2025-12-02 04:29:00.308 INFO All manifests have been modified and pushed through.
2025-12-02 04:29:07.507 INFO Workspace clean-up completed.
~~ End of logging ~~
