~~ Start logging ~~
2025-07-12 00:07:50.245 FUN 起きて 起きて 起きて 起きて 起きて
2025-07-12 00:07:50.268 INFO Found the following version folder: ['2024.1009.1', '2024.1115.1', '2024.1115.2', '2024.1115.3', '2024.1208.0', '2024.1219.2', '2024.1224.1', '2024.412.1', '2024.521.2', '2024.625.0', '2024.625.2', '2024.906.2', '2025.101.0', '2025.118.2', '2025.118.3', '2025.220.0', '2025.221.0', '2025.225.0', '2025.306.0', '2025.310.0', '2025.321.0', '2025.418.0', '2025.418.1', '2025.420.0', '2025.424.0', '2025.607.0']
2025-07-12 00:07:50.269 INFO Skip version 2024.1009.1, because it's not in the list of versions to be modified.
2025-07-12 00:07:50.270 INFO Skip version 2024.1115.1, because it's not in the list of versions to be modified.
2025-07-12 00:07:50.271 INFO Skip version 2024.1115.2, because it's not in the list of versions to be modified.
2025-07-12 00:07:50.272 INFO Skip version 2024.1115.3, because it's not in the list of versions to be modified.
2025-07-12 00:07:50.273 INFO Skip version 2024.1208.0, because it's not in the list of versions to be modified.
2025-07-12 00:07:50.275 INFO Skip version 2024.1219.2, because it's not in the list of versions to be modified.
2025-07-12 00:07:50.276 INFO Skip version 2024.1224.1, because it's not in the list of versions to be modified.
2025-07-12 00:07:50.277 INFO Skip version 2024.412.1, because it's not in the list of versions to be modified.
2025-07-12 00:07:50.278 INFO Skip version 2024.521.2, because it's not in the list of versions to be modified.
2025-07-12 00:07:50.279 INFO Skip version 2024.625.0, because it's not in the list of versions to be modified.
2025-07-12 00:07:50.279 INFO Skip version 2024.625.2, because it's not in the list of versions to be modified.
2025-07-12 00:07:50.280 INFO Skip version 2024.906.2, because it's not in the list of versions to be modified.
2025-07-12 00:07:50.281 INFO Skip version 2025.101.0, because it's not in the list of versions to be modified.
2025-07-12 00:07:50.281 INFO Skip version 2025.118.2, because it's not in the list of versions to be modified.
2025-07-12 00:07:50.282 INFO Skip version 2025.118.3, because it's not in the list of versions to be modified.
2025-07-12 00:07:50.283 INFO Skip version 2025.220.0, because it's not in the list of versions to be modified.
2025-07-12 00:07:50.283 INFO Skip version 2025.221.0, because it's not in the list of versions to be modified.
2025-07-12 00:07:50.284 INFO Skip version 2025.225.0, because it's not in the list of versions to be modified.
2025-07-12 00:07:50.284 INFO Skip version 2025.306.0, because it's not in the list of versions to be modified.
2025-07-12 00:07:50.285 INFO Skip version 2025.310.0, because it's not in the list of versions to be modified.
2025-07-12 00:07:50.285 INFO Skip version 2025.321.0, because it's not in the list of versions to be modified.
2025-07-12 00:07:50.286 INFO Skip version 2025.418.0, because it's not in the list of versions to be modified.
2025-07-12 00:07:50.286 INFO Skip version 2025.418.1, because it's not in the list of versions to be modified.
2025-07-12 00:07:50.287 INFO Skip version 2025.420.0, because it's not in the list of versions to be modified.
2025-07-12 00:07:50.288 INFO Skip version 2025.424.0, because it's not in the list of versions to be modified.
2025-07-12 00:07:50.289 INFO Processing version folder: 2025.607.0
2025-07-12 00:07:50.290 INFO   Create and checkout to a new branch: Modify-S-ppy.osu-2025.607.0-1752250070
2025-07-12 00:08:03.929 INFO   Processing of manifest: D:\...\winget-pkgs\manifests\p\ppy\osu\2025.607.0\ppy.osu.installer.yaml
2025-07-12 00:08:03.932 INFO     The manifest file has been saved as: D:\...\winget-pkgs\manifests\p\ppy\osu\2025.607.0\ppy.osu.installer.yaml
2025-07-12 00:08:04.277 INFO   Processing of manifest: D:\...\winget-pkgs\manifests\p\ppy\osu\2025.607.0\ppy.osu.locale.en-US.yaml
2025-07-12 00:08:04.284 INFO     The manifest file has been saved as: D:\...\winget-pkgs\manifests\p\ppy\osu\2025.607.0\ppy.osu.locale.en-US.yaml
2025-07-12 00:08:04.634 INFO   Processing of manifest: D:\...\winget-pkgs\manifests\p\ppy\osu\2025.607.0\ppy.osu.locale.ja-JP.yaml
2025-07-12 00:08:04.640 INFO     The manifest file has been saved as: D:\...\winget-pkgs\manifests\p\ppy\osu\2025.607.0\ppy.osu.locale.ja-JP.yaml
2025-07-12 00:08:05.161 INFO   Processing of manifest: D:\...\winget-pkgs\manifests\p\ppy\osu\2025.607.0\ppy.osu.locale.zh-CN.yaml
2025-07-12 00:08:05.202 INFO     The manifest file has been saved as: D:\...\winget-pkgs\manifests\p\ppy\osu\2025.607.0\ppy.osu.locale.zh-CN.yaml
2025-07-12 00:08:05.398 INFO   Processing of manifest: D:\...\winget-pkgs\manifests\p\ppy\osu\2025.607.0\ppy.osu.yaml
2025-07-12 00:08:05.406 INFO     The manifest file has been saved as: D:\...\winget-pkgs\manifests\p\ppy\osu\2025.607.0\ppy.osu.yaml
2025-07-12 00:13:29.294 WARNING     清单验证成功，但出现警告。
2025-07-12 00:13:29.308 WARNING     Manifest Warning: Silent and SilentWithProgress switches are not specified for InstallerType exe. Please make sure the installer can run unattended.
2025-07-12 00:13:29.360 INFO     
2025-07-12 00:14:56.418 INFO Manifest Error Fixed.
2025-07-12 00:14:56.419 INFO   Staging and Committing Changes to Git
2025-07-12 00:15:05.396 INFO     Commit message: Modify: ppy.osu version 2025.607.0 (Auto)
2025-07-12 00:15:05.407 INFO   Pushing changes to remote (origin) repository
2025-07-12 00:15:12.657 INFO     Successfully pushed to remote (origin): Modify-S-ppy.osu-2025.607.0-1752250070
2025-07-12 00:15:14.696 INFO     Pull request created successfully: https://github.com/microsoft/winget-pkgs/pull/273516
2025-07-12 00:15:14.700 INFO All manifests have been modified and pushed through.
2025-07-12 00:15:19.808 INFO Workspace clean-up completed.
~~ End of logging ~~
