~~ Start logging ~~
2025-07-12 00:18:01.996 FUN 好可爱(/ω＼)
2025-07-12 00:18:02.198 INFO Found the following version folder: ['2024.1009.1', '2024.1115.1', '2024.1115.2', '2024.1115.3', '2024.1208.0', '2024.1219.2', '2024.1224.1', '2024.412.1', '2024.521.2', '2024.625.0', '2024.625.2', '2024.906.2', '2025.101.0', '2025.118.2', '2025.118.3', '2025.220.0', '2025.221.0', '2025.225.0', '2025.306.0', '2025.310.0', '2025.321.0', '2025.418.0', '2025.418.1', '2025.420.0', '2025.424.0', '2025.607.0', '2025.710.0']
2025-07-12 00:18:02.209 INFO Skip version 2024.1009.1, because it's not in the list of versions to be modified.
2025-07-12 00:18:02.223 INFO Skip version 2024.1115.1, because it's not in the list of versions to be modified.
2025-07-12 00:18:02.232 INFO Skip version 2024.1115.2, because it's not in the list of versions to be modified.
2025-07-12 00:18:02.239 INFO Skip version 2024.1115.3, because it's not in the list of versions to be modified.
2025-07-12 00:18:02.248 INFO Skip version 2024.1208.0, because it's not in the list of versions to be modified.
2025-07-12 00:18:02.258 INFO Skip version 2024.1219.2, because it's not in the list of versions to be modified.
2025-07-12 00:18:02.265 INFO Skip version 2024.1224.1, because it's not in the list of versions to be modified.
2025-07-12 00:18:02.270 INFO Skip version 2024.412.1, because it's not in the list of versions to be modified.
2025-07-12 00:18:02.276 INFO Skip version 2024.521.2, because it's not in the list of versions to be modified.
2025-07-12 00:18:02.281 INFO Skip version 2024.625.0, because it's not in the list of versions to be modified.
2025-07-12 00:18:02.286 INFO Skip version 2024.625.2, because it's not in the list of versions to be modified.
2025-07-12 00:18:02.292 INFO Skip version 2024.906.2, because it's not in the list of versions to be modified.
2025-07-12 00:18:02.298 INFO Skip version 2025.101.0, because it's not in the list of versions to be modified.
2025-07-12 00:18:02.303 INFO Skip version 2025.118.2, because it's not in the list of versions to be modified.
2025-07-12 00:18:02.309 INFO Skip version 2025.118.3, because it's not in the list of versions to be modified.
2025-07-12 00:18:02.314 INFO Skip version 2025.220.0, because it's not in the list of versions to be modified.
2025-07-12 00:18:02.321 INFO Skip version 2025.221.0, because it's not in the list of versions to be modified.
2025-07-12 00:18:02.327 INFO Skip version 2025.225.0, because it's not in the list of versions to be modified.
2025-07-12 00:18:02.333 INFO Skip version 2025.306.0, because it's not in the list of versions to be modified.
2025-07-12 00:18:02.339 INFO Skip version 2025.310.0, because it's not in the list of versions to be modified.
2025-07-12 00:18:02.345 INFO Skip version 2025.321.0, because it's not in the list of versions to be modified.
2025-07-12 00:18:02.352 INFO Skip version 2025.418.0, because it's not in the list of versions to be modified.
2025-07-12 00:18:02.360 INFO Skip version 2025.418.1, because it's not in the list of versions to be modified.
2025-07-12 00:18:02.371 INFO Skip version 2025.420.0, because it's not in the list of versions to be modified.
2025-07-12 00:18:02.378 INFO Skip version 2025.424.0, because it's not in the list of versions to be modified.
2025-07-12 00:18:02.391 INFO Skip version 2025.607.0, because it's not in the list of versions to be modified.
2025-07-12 00:18:02.402 INFO Processing version folder: 2025.710.0
2025-07-12 00:18:02.412 INFO   Create and checkout to a new branch: New-Version-ppy.osu-2025.710.0-1752250682
2025-07-12 00:18:11.849 INFO   Processing of manifest: D:\...\winget-pkgs\manifests\p\ppy\osu\2025.710.0\ppy.osu.installer.yaml
2025-07-12 00:18:11.851 INFO     The manifest file has been saved as: D:\...\winget-pkgs\manifests\p\ppy\osu\2025.710.0\ppy.osu.installer.yaml
2025-07-12 00:18:12.195 INFO   Processing of manifest: D:\...\winget-pkgs\manifests\p\ppy\osu\2025.710.0\ppy.osu.locale.en-US.yaml
2025-07-12 00:18:12.265 INFO     The manifest file has been saved as: D:\...\winget-pkgs\manifests\p\ppy\osu\2025.710.0\ppy.osu.locale.en-US.yaml
2025-07-12 00:18:12.105 INFO   Processing of manifest: D:\...\winget-pkgs\manifests\p\ppy\osu\2025.710.0\ppy.osu.locale.ja-JP.yaml
2025-07-12 00:18:12.108 INFO     The manifest file has been saved as: D:\...\winget-pkgs\manifests\p\ppy\osu\2025.710.0\ppy.osu.locale.ja-JP.yaml
2025-07-12 00:18:12.219 INFO   Processing of manifest: D:\...\winget-pkgs\manifests\p\ppy\osu\2025.710.0\ppy.osu.locale.zh-CN.yaml
2025-07-12 00:18:12.222 INFO     The manifest file has been saved as: D:\...\winget-pkgs\manifests\p\ppy\osu\2025.710.0\ppy.osu.locale.zh-CN.yaml
2025-07-12 00:18:12.345 INFO   Processing of manifest: D:\...\winget-pkgs\manifests\p\ppy\osu\2025.710.0\ppy.osu.yaml
2025-07-12 00:18:12.348 INFO     The manifest file has been saved as: D:\...\winget-pkgs\manifests\p\ppy\osu\2025.710.0\ppy.osu.yaml
2025-07-12 00:18:12.523 INFO   New manifests in D:\...\winget-pkgs\manifests\p\ppy\osu\2025.710.0 for ppy.osu (2025.710.0)
2025-07-12 00:39:59.170 WARNING     清单验证成功，但出现警告。
2025-07-12 00:39:59.171 WARNING     Manifest Warning: Silent and SilentWithProgress switches are not specified for InstallerType exe. Please make sure the installer can run unattended.
2025-07-12 00:39:59.173 INFO     
2025-07-12 00:40:00.420 INFO Manifest Error Fixed.
2025-07-12 00:40:00.421 INFO   Staging and Committing Changes to Git
2025-07-12 00:40:11.776 INFO     Commit message: New version: ppy.osu version 2025.710.0 (Auto)
2025-07-12 00:40:11.778 INFO   Pushing changes to remote (origin) repository
2025-07-12 00:40:18.112 INFO     Successfully pushed to remote (origin): New-Version-ppy.osu-2025.710.0-1752250682
2025-07-12 00:40:21.332 INFO     Pull request created successfully: https://github.com/microsoft/winget-pkgs/pull/273520
2025-07-12 00:40:21.335 INFO All manifests have been modified and pushed through.
2025-07-12 00:40:30.279 INFO Workspace clean-up completed.
~~ End of logging ~~
