~~ Start logging ~~
2025-09-18 10:10:55.962 FUN 【有这时间玩音游还不如去玩原神】https://www.bilibili.com/video/BV1Lb421n7pB/
2025-09-18 10:10:55.966 INFO Found the following version folder: ['1.5']
2025-09-18 10:10:55.968 INFO Processing version folder: 1.5
2025-09-18 10:10:55.969 INFO   Create and checkout to a new branch: Modify-S-SwastikSagar.sFirewall.PreRelease-1.5-1758161455
2025-09-18 10:11:33.976 INFO   Processing of manifest: d:\duckhome\projects\msvs\source\repos\winget-pkgs\manifests\s\SwastikSagar\sFirewall\PreRelease\1.5\SwastikSagar.sFirewall.PreRelease.installer.yaml
2025-09-18 10:11:33.980 INFO     The manifest file has been saved as: d:\duckhome\projects\msvs\source\repos\winget-pkgs\manifests\s\SwastikSagar\sFirewall\PreRelease\1.5\SwastikSagar.sFirewall.PreRelease.installer.yaml
2025-09-18 10:11:34.205 INFO   Processing of manifest: d:\duckhome\projects\msvs\source\repos\winget-pkgs\manifests\s\SwastikSagar\sFirewall\PreRelease\1.5\SwastikSagar.sFirewall.PreRelease.locale.en-US.yaml
2025-09-18 10:11:34.214 INFO     The manifest file has been saved as: d:\duckhome\projects\msvs\source\repos\winget-pkgs\manifests\s\SwastikSagar\sFirewall\PreRelease\1.5\SwastikSagar.sFirewall.PreRelease.locale.en-US.yaml
2025-09-18 10:11:34.362 INFO   Processing of manifest: d:\duckhome\projects\msvs\source\repos\winget-pkgs\manifests\s\SwastikSagar\sFirewall\PreRelease\1.5\SwastikSagar.sFirewall.PreRelease.yaml
2025-09-18 10:11:34.365 INFO     The manifest file has been saved as: d:\duckhome\projects\msvs\source\repos\winget-pkgs\manifests\s\SwastikSagar\sFirewall\PreRelease\1.5\SwastikSagar.sFirewall.PreRelease.yaml
2025-09-18 10:13:25.497 INFO     清单验证成功。
2025-09-18 10:13:25.514 INFO   Staging and Committing Changes to Git
2025-09-18 10:13:43.897 INFO     Commit message: Modify: SwastikSagar.sFirewall.PreRelease version 1.5 (Auto)
2025-09-18 10:13:43.901 INFO   Pushing changes to remote (origin) repository
2025-09-18 10:13:48.880 INFO     Successfully pushed to remote (origin): Modify-S-SwastikSagar.sFirewall.PreRelease-1.5-1758161455
2025-09-18 10:13:51.533 INFO     Pull request created successfully: https://github.com/microsoft/winget-pkgs/pull/294525
2025-09-18 10:13:51.536 INFO All manifests have been modified and pushed through.
2025-09-18 10:14:00.281 INFO Workspace clean-up completed.
~~ End of logging ~~
