~~ Start logging ~~
2025-06-21 16:59:07.754 FUN 算了懒得写了
2025-06-21 16:59:07.779 INFO Found the following version folder: ['1.0.1', '1.0.10', '1.0.11', '1.0.2', '1.0.3', '1.0.4', '1.0.5', '1.0.6', '1.0.7', '1.0.8', '1.0.9', '1.1.0', '1.1.1', '1.1.10', '1.1.11', '1.1.12', '1.1.13', '1.1.14', '1.1.2', '1.1.3', '1.1.4', '1.1.6', '1.1.7', '1.1.8', '1.1.9', '1.2.0', '1.2.1', '1.2.2', '1.2.3', '1.2.4']
2025-06-21 16:59:07.780 INFO Skip version 1.0.1, because it's not in the list of versions to be modified.
2025-06-21 16:59:07.782 INFO Skip version 1.0.10, because it's not in the list of versions to be modified.
2025-06-21 16:59:07.783 INFO Skip version 1.0.11, because it's not in the list of versions to be modified.
2025-06-21 16:59:07.784 INFO Skip version 1.0.2, because it's not in the list of versions to be modified.
2025-06-21 16:59:07.785 INFO Skip version 1.0.3, because it's not in the list of versions to be modified.
2025-06-21 16:59:07.786 INFO Skip version 1.0.4, because it's not in the list of versions to be modified.
2025-06-21 16:59:07.787 INFO Skip version 1.0.5, because it's not in the list of versions to be modified.
2025-06-21 16:59:07.788 INFO Skip version 1.0.6, because it's not in the list of versions to be modified.
2025-06-21 16:59:07.789 INFO Skip version 1.0.7, because it's not in the list of versions to be modified.
2025-06-21 16:59:07.790 INFO Skip version 1.0.8, because it's not in the list of versions to be modified.
2025-06-21 16:59:07.790 INFO Skip version 1.0.9, because it's not in the list of versions to be modified.
2025-06-21 16:59:07.791 INFO Skip version 1.1.0, because it's not in the list of versions to be modified.
2025-06-21 16:59:07.792 INFO Skip version 1.1.1, because it's not in the list of versions to be modified.
2025-06-21 16:59:07.793 INFO Skip version 1.1.10, because it's not in the list of versions to be modified.
2025-06-21 16:59:07.794 INFO Skip version 1.1.11, because it's not in the list of versions to be modified.
2025-06-21 16:59:07.796 INFO Skip version 1.1.12, because it's not in the list of versions to be modified.
2025-06-21 16:59:07.797 INFO Skip version 1.1.13, because it's not in the list of versions to be modified.
2025-06-21 16:59:07.798 INFO Skip version 1.1.14, because it's not in the list of versions to be modified.
2025-06-21 16:59:07.799 INFO Skip version 1.1.2, because it's not in the list of versions to be modified.
2025-06-21 16:59:07.800 INFO Skip version 1.1.3, because it's not in the list of versions to be modified.
2025-06-21 16:59:07.801 INFO Skip version 1.1.4, because it's not in the list of versions to be modified.
2025-06-21 16:59:07.802 INFO Skip version 1.1.6, because it's not in the list of versions to be modified.
2025-06-21 16:59:07.803 INFO Skip version 1.1.7, because it's not in the list of versions to be modified.
2025-06-21 16:59:07.804 INFO Skip version 1.1.8, because it's not in the list of versions to be modified.
2025-06-21 16:59:07.805 INFO Skip version 1.1.9, because it's not in the list of versions to be modified.
2025-06-21 16:59:07.806 INFO Skip version 1.2.0, because it's not in the list of versions to be modified.
2025-06-21 16:59:07.807 INFO Skip version 1.2.1, because it's not in the list of versions to be modified.
2025-06-21 16:59:07.808 INFO Skip version 1.2.2, because it's not in the list of versions to be modified.
2025-06-21 16:59:07.809 INFO Skip version 1.2.3, because it's not in the list of versions to be modified.
2025-06-21 16:59:07.810 INFO Processing version folder: 1.2.4
2025-06-21 16:59:07.811 INFO   Create and checkout to a new branch: New-Version-DuckStudio.Sundry-1.2.4-1750496347
2025-06-21 16:59:18.419 INFO   Processing of manifest: D:\...\winget-pkgs\manifests\d\DuckStudio\Sundry\1.2.4\DuckStudio.Sundry.installer.yaml
2025-06-21 16:59:18.421 INFO     The manifest file has been saved as: D:\...\winget-pkgs\manifests\d\DuckStudio\Sundry\1.2.4\DuckStudio.Sundry.installer.yaml
2025-06-21 16:59:18.584 INFO   Processing of manifest: D:\...\winget-pkgs\manifests\d\DuckStudio\Sundry\1.2.4\DuckStudio.Sundry.locale.en-US.yaml
2025-06-21 16:59:18.588 INFO     The manifest file has been saved as: D:\...\winget-pkgs\manifests\d\DuckStudio\Sundry\1.2.4\DuckStudio.Sundry.locale.en-US.yaml
2025-06-21 16:59:18.700 INFO   Processing of manifest: D:\...\winget-pkgs\manifests\d\DuckStudio\Sundry\1.2.4\DuckStudio.Sundry.locale.zh-CN.yaml
2025-06-21 16:59:18.704 INFO     The manifest file has been saved as: D:\...\winget-pkgs\manifests\d\DuckStudio\Sundry\1.2.4\DuckStudio.Sundry.locale.zh-CN.yaml
2025-06-21 16:59:18.817 INFO   Processing of manifest: D:\...\winget-pkgs\manifests\d\DuckStudio\Sundry\1.2.4\DuckStudio.Sundry.yaml
2025-06-21 16:59:18.819 INFO     The manifest file has been saved as: D:\...\winget-pkgs\manifests\d\DuckStudio\Sundry\1.2.4\DuckStudio.Sundry.yaml
2025-06-21 16:59:18.945 INFO   New manifests in D:\...\winget-pkgs\manifests\d\DuckStudio\Sundry\1.2.4 for DuckStudio.Sundry (1.2.4)
2025-06-21 17:01:52.512 INFO     清单具有以下未验证的依赖项;确保它们有效：
2025-06-21 17:01:52.513 INFO       - 程序包
2025-06-21 17:01:52.514 INFO           DuckStudio.GitHubLabelsManager [>= 1.7]
2025-06-21 17:01:52.515 INFO           Git.Git
2025-06-21 17:01:52.516 INFO           GitHub.cli
2025-06-21 17:01:52.517 INFO     清单验证成功。
2025-06-21 17:01:52.524 INFO   Staging and Committing Changes to Git
2025-06-21 17:02:01.479 INFO     Commit message: New version: DuckStudio.Sundry version 1.2.4 (Auto)
2025-06-21 17:02:01.480 INFO   Pushing changes to remote (origin) repository
2025-06-21 17:02:05.745 INFO     Successfully pushed to remote (origin): New-Version-DuckStudio.Sundry-1.2.4-1750496347
2025-06-21 17:02:07.509 INFO     Pull request created successfully: https://github.com/microsoft/winget-pkgs/pull/267449
2025-06-21 17:02:07.522 INFO All manifests have been modified and pushed through.
2025-06-21 17:02:12.444 INFO Workspace clean-up completed.
~~ End of logging ~~
