~~ Start logging ~~
2026-01-07 20:59:26.227 FUN 进不去！怎么想都进不去吧！
2026-01-07 20:59:26.236 INFO Found the following version folder: ['1.0.2', '1.1.0', '1.1.1', '1.2.0', '1.2.1', '1.2.2', '1.2.3', '1.3.0', '1.3.1', '1.3.2']
2026-01-07 20:59:26.237 INFO Skip version 1.0.2, because it's not in the list of versions to be modified.
2026-01-07 20:59:26.239 INFO Skip version 1.1.0, because it's not in the list of versions to be modified.
2026-01-07 20:59:26.240 INFO Skip version 1.1.1, because it's not in the list of versions to be modified.
2026-01-07 20:59:26.242 INFO Skip version 1.2.0, because it's not in the list of versions to be modified.
2026-01-07 20:59:26.244 INFO Processing version folder: 1.2.1
2026-01-07 20:59:26.246 INFO   Create and checkout to a new branch: Modify-S-Nethesis.NethLink-1.2.1-1767790766
2026-01-07 20:59:57.781 INFO   Processing of manifest: D:\...\winget-pkgs\manifests\n\Nethesis\NethLink\1.2.1\Nethesis.NethLink.installer.yaml
2026-01-07 20:59:57.784 INFO     The manifest file has been saved as: D:\...\winget-pkgs\manifests\n\Nethesis\NethLink\1.2.1\Nethesis.NethLink.installer.yaml
2026-01-07 20:59:57.908 INFO   Processing of manifest: D:\...\winget-pkgs\manifests\n\Nethesis\NethLink\1.2.1\Nethesis.NethLink.locale.en-US.yaml
2026-01-07 20:59:57.914 INFO     The manifest file has been saved as: D:\...\winget-pkgs\manifests\n\Nethesis\NethLink\1.2.1\Nethesis.NethLink.locale.en-US.yaml
2026-01-07 20:59:58.490 INFO   Processing of manifest: D:\...\winget-pkgs\manifests\n\Nethesis\NethLink\1.2.1\Nethesis.NethLink.yaml
2026-01-07 20:59:58.543 INFO     The manifest file has been saved as: D:\...\winget-pkgs\manifests\n\Nethesis\NethLink\1.2.1\Nethesis.NethLink.yaml
2026-01-07 21:01:04.261 INFO Manifest validation succeeded with "sundry validate".
2026-01-07 21:01:04.263 INFO   Staging and Committing Changes to Git
2026-01-07 21:01:19.853 INFO     Commit message: Modify: Nethesis.NethLink version 1.2.1 (Auto)
2026-01-07 21:01:19.855 INFO   Pushing changes to remote (origin) repository
2026-01-07 21:01:24.270 INFO     Successfully pushed to remote (origin): Modify-S-Nethesis.NethLink-1.2.1-1767790766
2026-01-07 21:01:28.650 INFO     Pull request created successfully: https://github.com/microsoft/winget-pkgs/pull/328513
2026-01-07 21:01:28.657 INFO Skip version 1.2.2, because it's not in the list of versions to be modified.
2026-01-07 21:01:28.659 INFO Skip version 1.2.3, because it's not in the list of versions to be modified.
2026-01-07 21:01:28.662 INFO Skip version 1.3.0, because it's not in the list of versions to be modified.
2026-01-07 21:01:28.664 INFO Skip version 1.3.1, because it's not in the list of versions to be modified.
2026-01-07 21:01:28.667 INFO Skip version 1.3.2, because it's not in the list of versions to be modified.
2026-01-07 21:01:28.669 INFO All manifests have been modified and pushed through.
2026-01-07 21:01:38.375 INFO Workspace clean-up completed.
~~ End of logging ~~
