~~ Start logging ~~
2026-01-07 21:01:57.387 FUN (・◇・)
2026-01-07 21:01:57.396 INFO Found the following version folder: ['1.0.2', '1.1.0', '1.1.1', '1.2.0', '1.2.1', '1.2.2', '1.2.3', '1.3.0', '1.3.1', '1.3.2']
2026-01-07 21:01:57.398 INFO Skip version 1.0.2, because it's not in the list of versions to be modified.
2026-01-07 21:01:57.399 INFO Skip version 1.1.0, because it's not in the list of versions to be modified.
2026-01-07 21:01:57.401 INFO Skip version 1.1.1, because it's not in the list of versions to be modified.
2026-01-07 21:01:57.403 INFO Skip version 1.2.0, because it's not in the list of versions to be modified.
2026-01-07 21:01:57.405 INFO Skip version 1.2.1, because it's not in the list of versions to be modified.
2026-01-07 21:01:57.407 INFO Processing version folder: 1.2.2
2026-01-07 21:01:57.409 INFO   Create and checkout to a new branch: Modify-S-Nethesis.NethLink-1.2.2-1767790917
2026-01-07 21:03:37.404 INFO   Processing of manifest: D:\...\winget-pkgs\manifests\n\Nethesis\NethLink\1.2.2\Nethesis.NethLink.installer.yaml
2026-01-07 21:03:37.408 INFO     The manifest file has been saved as: D:\...\winget-pkgs\manifests\n\Nethesis\NethLink\1.2.2\Nethesis.NethLink.installer.yaml
2026-01-07 21:03:37.580 INFO   Processing of manifest: D:\...\winget-pkgs\manifests\n\Nethesis\NethLink\1.2.2\Nethesis.NethLink.locale.en-US.yaml
2026-01-07 21:03:37.595 INFO     The manifest file has been saved as: D:\...\winget-pkgs\manifests\n\Nethesis\NethLink\1.2.2\Nethesis.NethLink.locale.en-US.yaml
2026-01-07 21:03:37.758 INFO   Processing of manifest: D:\...\winget-pkgs\manifests\n\Nethesis\NethLink\1.2.2\Nethesis.NethLink.yaml
2026-01-07 21:03:37.765 INFO     The manifest file has been saved as: D:\...\winget-pkgs\manifests\n\Nethesis\NethLink\1.2.2\Nethesis.NethLink.yaml
2026-01-07 21:05:19.146 INFO Manifest validation succeeded with "sundry validate".
2026-01-07 21:05:19.148 INFO   Staging and Committing Changes to Git
2026-01-07 21:05:34.696 INFO     Commit message: Modify: Nethesis.NethLink version 1.2.2 (Auto)
2026-01-07 21:05:34.723 INFO   Pushing changes to remote (origin) repository
2026-01-07 21:05:38.610 INFO     Successfully pushed to remote (origin): Modify-S-Nethesis.NethLink-1.2.2-1767790917
2026-01-07 21:05:41.398 INFO     Pull request created successfully: https://github.com/microsoft/winget-pkgs/pull/328515
2026-01-07 21:05:41.404 INFO Skip version 1.2.3, because it's not in the list of versions to be modified.
2026-01-07 21:05:41.406 INFO Skip version 1.3.0, because it's not in the list of versions to be modified.
2026-01-07 21:05:41.408 INFO Skip version 1.3.1, because it's not in the list of versions to be modified.
2026-01-07 21:05:41.410 INFO Skip version 1.3.2, because it's not in the list of versions to be modified.
2026-01-07 21:05:41.412 INFO All manifests have been modified and pushed through.
2026-01-07 21:05:50.504 INFO Workspace clean-up completed.
~~ End of logging ~~
