~~ Start logging ~~
2025-09-29 11:18:07.440 FUN (^～^)
2025-09-29 11:18:07.450 INFO Found the following version folder: ['2.2.0', '2.2.1', '2.2.2', '2.2.3', '2.2.5', '2.2.6', '2.2.7', '3.1.10', '3.1.11', '3.1.12', '3.1.2', '3.1.3', '3.1.5', '3.1.6', '3.1.7', '3.1.8', '3.1.9']
2025-09-29 11:18:07.452 INFO Skip version 2.2.0, because it's not in the list of versions to be modified.
2025-09-29 11:18:07.454 INFO Skip version 2.2.1, because it's not in the list of versions to be modified.
2025-09-29 11:18:07.455 INFO Skip version 2.2.2, because it's not in the list of versions to be modified.
2025-09-29 11:18:07.456 INFO Skip version 2.2.3, because it's not in the list of versions to be modified.
2025-09-29 11:18:07.457 INFO Skip version 2.2.5, because it's not in the list of versions to be modified.
2025-09-29 11:18:07.459 INFO Skip version 2.2.6, because it's not in the list of versions to be modified.
2025-09-29 11:18:07.460 INFO Skip version 2.2.7, because it's not in the list of versions to be modified.
2025-09-29 11:18:07.461 INFO Skip version 3.1.10, because it's not in the list of versions to be modified.
2025-09-29 11:18:07.462 INFO Skip version 3.1.11, because it's not in the list of versions to be modified.
2025-09-29 11:18:07.463 INFO Processing version folder: 3.1.12
2025-09-29 11:18:07.464 INFO   Create and checkout to a new branch: Modify-S-FutureScholars.Paperlib-3.1.12-1759115887
2025-09-29 11:18:35.581 INFO   Processing of manifest: D:\...\winget-pkgs\manifests\f\FutureScholars\Paperlib\3.1.12\FutureScholars.Paperlib.installer.yaml
2025-09-29 11:18:35.704 INFO     The manifest file has been saved as: D:\...\winget-pkgs\manifests\f\FutureScholars\Paperlib\3.1.12\FutureScholars.Paperlib.installer.yaml
2025-09-29 11:18:35.239 INFO   Processing of manifest: D:\...\winget-pkgs\manifests\f\FutureScholars\Paperlib\3.1.12\FutureScholars.Paperlib.locale.en-US.yaml
2025-09-29 11:18:35.242 INFO     The manifest file has been saved as: D:\...\winget-pkgs\manifests\f\FutureScholars\Paperlib\3.1.12\FutureScholars.Paperlib.locale.en-US.yaml
2025-09-29 11:18:35.339 INFO   Processing of manifest: D:\...\winget-pkgs\manifests\f\FutureScholars\Paperlib\3.1.12\FutureScholars.Paperlib.locale.zh-CN.yaml
2025-09-29 11:18:35.342 INFO     The manifest file has been saved as: D:\...\winget-pkgs\manifests\f\FutureScholars\Paperlib\3.1.12\FutureScholars.Paperlib.locale.zh-CN.yaml
2025-09-29 11:18:35.448 INFO   Processing of manifest: D:\...\winget-pkgs\manifests\f\FutureScholars\Paperlib\3.1.12\FutureScholars.Paperlib.yaml
2025-09-29 11:18:35.451 INFO     The manifest file has been saved as: D:\...\winget-pkgs\manifests\f\FutureScholars\Paperlib\3.1.12\FutureScholars.Paperlib.yaml
2025-09-29 11:19:59.176 INFO     清单验证成功。
2025-09-29 11:19:59.188 INFO   Staging and Committing Changes to Git
2025-09-29 11:20:10.979 INFO     Commit message: Modify: FutureScholars.Paperlib version 3.1.12 (Auto)
2025-09-29 11:20:10.981 INFO   Pushing changes to remote (origin) repository
2025-09-29 11:20:15.714 INFO     Successfully pushed to remote (origin): Modify-S-FutureScholars.Paperlib-3.1.12-1759115887
2025-09-29 11:20:18.931 INFO     Pull request created successfully: https://github.com/microsoft/winget-pkgs/pull/298677
2025-09-29 11:20:18.933 INFO Skip version 3.1.2, because it's not in the list of versions to be modified.
2025-09-29 11:20:18.935 INFO Skip version 3.1.3, because it's not in the list of versions to be modified.
2025-09-29 11:20:18.936 INFO Skip version 3.1.5, because it's not in the list of versions to be modified.
2025-09-29 11:20:18.937 INFO Skip version 3.1.6, because it's not in the list of versions to be modified.
2025-09-29 11:20:18.938 INFO Skip version 3.1.7, because it's not in the list of versions to be modified.
2025-09-29 11:20:18.940 INFO Skip version 3.1.8, because it's not in the list of versions to be modified.
2025-09-29 11:20:18.941 INFO Skip version 3.1.9, because it's not in the list of versions to be modified.
2025-09-29 11:20:18.942 INFO All manifests have been modified and pushed through.
2025-09-29 11:20:24.879 INFO Workspace clean-up completed.
~~ End of logging ~~
