~~ Start logging ~~
2025-07-07 16:23:25.291 FUN 音游真的毁了这一代青少年！天天不吃不喝就盯着屏幕敲敲敲！还经常听一些奇怪的噪音音乐！最近电玩城还有那个什么舞萌，全是一些十多二十岁的小孩子，盯着那个东西跟发疯似了的敲！一大堆人抢着玩，害得我一小时才能轮到一把！
2025-07-07 16:23:25.298 INFO Found the following version folder: ['17', '19', '20', '21', '22', '23', '24', '25']
2025-07-07 16:23:25.298 INFO Skip version 17, because it's not in the list of versions to be modified.
2025-07-07 16:23:25.299 INFO Skip version 19, because it's not in the list of versions to be modified.
2025-07-07 16:23:25.300 INFO Skip version 20, because it's not in the list of versions to be modified.
2025-07-07 16:23:25.301 INFO Processing version folder: 21
2025-07-07 16:23:25.302 INFO   Create and checkout to a new branch: Modify-S-Apache.NetBeans-21-1751876605
2025-07-07 16:23:35.611 INFO   Processing of manifest: D:\...\winget-pkgs\manifests\a\Apache\NetBeans\21\Apache.NetBeans.installer.yaml
2025-07-07 16:23:35.623 INFO     Replace ManifestVersion: 1.6.0 -> 1.10.0
2025-07-07 16:23:35.630 INFO     Replace schema references: 1.6.0.schema.json -> 1.10.0.schema.json
2025-07-07 16:23:35.642 INFO     The manifest file has been saved as: D:\...\winget-pkgs\manifests\a\Apache\NetBeans\21\Apache.NetBeans.installer.yaml
2025-07-07 16:23:35.279 INFO   Processing of manifest: D:\...\winget-pkgs\manifests\a\Apache\NetBeans\21\Apache.NetBeans.locale.en-US.yaml
2025-07-07 16:23:35.281 INFO     Replace ManifestVersion: 1.6.0 -> 1.10.0
2025-07-07 16:23:35.283 INFO     Replace schema references: 1.6.0.schema.json -> 1.10.0.schema.json
2025-07-07 16:23:35.285 INFO     The manifest file has been saved as: D:\...\winget-pkgs\manifests\a\Apache\NetBeans\21\Apache.NetBeans.locale.en-US.yaml
2025-07-07 16:23:35.412 INFO   Processing of manifest: D:\...\winget-pkgs\manifests\a\Apache\NetBeans\21\Apache.NetBeans.yaml
2025-07-07 16:23:35.413 INFO     Replace ManifestVersion: 1.6.0 -> 1.10.0
2025-07-07 16:23:35.414 INFO     Replace schema references: 1.6.0.schema.json -> 1.10.0.schema.json
2025-07-07 16:23:35.417 INFO     The manifest file has been saved as: D:\...\winget-pkgs\manifests\a\Apache\NetBeans\21\Apache.NetBeans.yaml
2025-07-07 16:24:12.699 INFO     清单具有以下未验证的依赖项;确保它们有效：
2025-07-07 16:24:12.701 INFO       - 程序包
2025-07-07 16:24:12.702 INFO           BellSoft.LibericaJDK.11
2025-07-07 16:24:12.703 INFO     清单验证成功。
2025-07-07 16:24:12.711 INFO   Staging and Committing Changes to Git
2025-07-07 16:24:28.379 INFO     Commit message: Modify: Apache.NetBeans version 21 (Auto)
2025-07-07 16:24:28.380 INFO   Pushing changes to remote (origin) repository
2025-07-07 16:24:32.682 INFO     Successfully pushed to remote (origin): Modify-S-Apache.NetBeans-21-1751876605
2025-07-07 16:24:34.572 INFO     Pull request created successfully: https://github.com/microsoft/winget-pkgs/pull/271799
2025-07-07 16:24:34.573 INFO Skip version 22, because it's not in the list of versions to be modified.
2025-07-07 16:24:34.575 INFO Skip version 23, because it's not in the list of versions to be modified.
2025-07-07 16:24:34.576 INFO Skip version 24, because it's not in the list of versions to be modified.
2025-07-07 16:24:34.577 INFO Skip version 25, because it's not in the list of versions to be modified.
2025-07-07 16:24:34.578 INFO All manifests have been modified and pushed through.
2025-07-07 16:24:38.584 INFO Workspace clean-up completed.
~~ End of logging ~~
