~~ Start logging ~~
2025-06-24 08:25:25.198 FUN Welcome to Sundry!
2025-06-24 08:25:25.220 INFO Found the following version folder: ['1.0.1', '1.0.10', '1.0.11', '1.0.2', '1.0.3', '1.0.4', '1.0.5', '1.0.6', '1.0.7', '1.0.8', '1.0.9', '1.1.0', '1.1.1', '1.1.10', '1.1.11', '1.1.12', '1.1.13', '1.1.14', '1.1.2', '1.1.3', '1.1.4', '1.1.6', '1.1.7', '1.1.8', '1.1.9', '1.2.0', '1.2.1', '1.2.2', '1.2.3']
2025-06-24 08:25:25.221 INFO Skip version 1.0.1, because it's not in the list of versions to be modified.
2025-06-24 08:25:25.221 INFO Skip version 1.0.10, because it's not in the list of versions to be modified.
2025-06-24 08:25:25.232 INFO Skip version 1.0.11, because it's not in the list of versions to be modified.
2025-06-24 08:25:25.233 INFO Skip version 1.0.2, because it's not in the list of versions to be modified.
2025-06-24 08:25:25.234 INFO Skip version 1.0.3, because it's not in the list of versions to be modified.
2025-06-24 08:25:25.235 INFO Skip version 1.0.4, because it's not in the list of versions to be modified.
2025-06-24 08:25:25.236 INFO Skip version 1.0.5, because it's not in the list of versions to be modified.
2025-06-24 08:25:25.237 INFO Skip version 1.0.6, because it's not in the list of versions to be modified.
2025-06-24 08:25:25.238 INFO Skip version 1.0.7, because it's not in the list of versions to be modified.
2025-06-24 08:25:25.239 INFO Skip version 1.0.8, because it's not in the list of versions to be modified.
2025-06-24 08:25:25.240 INFO Skip version 1.0.9, because it's not in the list of versions to be modified.
2025-06-24 08:25:25.241 INFO Skip version 1.1.0, because it's not in the list of versions to be modified.
2025-06-24 08:25:25.242 INFO Skip version 1.1.1, because it's not in the list of versions to be modified.
2025-06-24 08:25:25.243 INFO Skip version 1.1.10, because it's not in the list of versions to be modified.
2025-06-24 08:25:25.244 INFO Skip version 1.1.11, because it's not in the list of versions to be modified.
2025-06-24 08:25:25.245 INFO Skip version 1.1.12, because it's not in the list of versions to be modified.
2025-06-24 08:25:25.246 INFO Skip version 1.1.13, because it's not in the list of versions to be modified.
2025-06-24 08:25:25.246 INFO Skip version 1.1.14, because it's not in the list of versions to be modified.
2025-06-24 08:25:25.248 INFO Skip version 1.1.2, because it's not in the list of versions to be modified.
2025-06-24 08:25:25.249 INFO Skip version 1.1.3, because it's not in the list of versions to be modified.
2025-06-24 08:25:25.250 INFO Skip version 1.1.4, because it's not in the list of versions to be modified.
2025-06-24 08:25:25.251 INFO Skip version 1.1.6, because it's not in the list of versions to be modified.
2025-06-24 08:25:25.251 INFO Skip version 1.1.7, because it's not in the list of versions to be modified.
2025-06-24 08:25:25.252 INFO Skip version 1.1.8, because it's not in the list of versions to be modified.
2025-06-24 08:25:25.253 INFO Skip version 1.1.9, because it's not in the list of versions to be modified.
2025-06-24 08:25:25.254 INFO Processing version folder: 1.2.0
2025-06-24 08:25:25.255 INFO   Create and checkout to a new branch: Modify-S-DuckStudio.Sundry-1.2.0-1750724725
2025-06-24 08:25:35.218 INFO   Processing of manifest: D:\...\winget-pkgs\manifests\d\DuckStudio\Sundry\1.2.0\DuckStudio.Sundry.installer.yaml
2025-06-24 08:25:35.220 INFO     The manifest file has been saved as: D:\...\winget-pkgs\manifests\d\DuckStudio\Sundry\1.2.0\DuckStudio.Sundry.installer.yaml
2025-06-24 08:25:35.448 INFO   Processing of manifest: D:\...\winget-pkgs\manifests\d\DuckStudio\Sundry\1.2.0\DuckStudio.Sundry.locale.en-US.yaml
2025-06-24 08:25:35.462 INFO     The manifest file has been saved as: D:\...\winget-pkgs\manifests\d\DuckStudio\Sundry\1.2.0\DuckStudio.Sundry.locale.en-US.yaml
2025-06-24 08:25:35.586 INFO   Processing of manifest: D:\...\winget-pkgs\manifests\d\DuckStudio\Sundry\1.2.0\DuckStudio.Sundry.locale.zh-CN.yaml
2025-06-24 08:25:35.589 INFO     The manifest file has been saved as: D:\...\winget-pkgs\manifests\d\DuckStudio\Sundry\1.2.0\DuckStudio.Sundry.locale.zh-CN.yaml
2025-06-24 08:25:35.726 INFO   Processing of manifest: D:\...\winget-pkgs\manifests\d\DuckStudio\Sundry\1.2.0\DuckStudio.Sundry.yaml
2025-06-24 08:25:35.729 INFO     The manifest file has been saved as: D:\...\winget-pkgs\manifests\d\DuckStudio\Sundry\1.2.0\DuckStudio.Sundry.yaml
2025-06-24 08:26:17.174 INFO     清单具有以下未验证的依赖项;确保它们有效：
2025-06-24 08:26:17.176 INFO       - 程序包
2025-06-24 08:26:17.177 INFO           DuckStudio.GitHubLabelsManager [>= 1.7]
2025-06-24 08:26:17.178 INFO           Git.Git
2025-06-24 08:26:17.179 INFO           GitHub.cli
2025-06-24 08:26:17.181 INFO     清单验证成功。
2025-06-24 08:26:17.190 INFO   Staging and Committing Changes to Git
2025-06-24 08:26:22.952 INFO     Commit message: Modify: DuckStudio.Sundry version 1.2.0 (Auto)
2025-06-24 08:26:22.953 INFO   Pushing changes to remote (origin) repository
2025-06-24 08:26:29.604 INFO     Successfully pushed to remote (origin): Modify-S-DuckStudio.Sundry-1.2.0-1750724725
2025-06-24 08:26:32.277 INFO     Pull request created successfully: https://github.com/microsoft/winget-pkgs/pull/267812
2025-06-24 08:26:32.280 INFO Skip version 1.2.1, because it's not in the list of versions to be modified.
2025-06-24 08:26:32.282 INFO Skip version 1.2.2, because it's not in the list of versions to be modified.
2025-06-24 08:26:32.283 INFO Skip version 1.2.3, because it's not in the list of versions to be modified.
2025-06-24 08:26:32.285 INFO All manifests have been modified and pushed through.
2025-06-24 08:26:37.291 INFO Workspace clean-up completed.
~~ End of logging ~~
