~~ Start logging ~~
2025-06-24 07:56:12.586 FUN 转生成为雷电将军，然后天下无敌
2025-06-24 07:56:12.616 INFO Found the following version folder: ['1.0.1', '1.0.10', '1.0.11', '1.0.2', '1.0.3', '1.0.4', '1.0.5', '1.0.6', '1.0.7', '1.0.8', '1.0.9', '1.1.0', '1.1.1', '1.1.10', '1.1.11', '1.1.12', '1.1.13', '1.1.14', '1.1.2', '1.1.3', '1.1.4', '1.1.6', '1.1.7', '1.1.8', '1.1.9', '1.2.0', '1.2.1', '1.2.2', '1.2.3']
2025-06-24 07:56:12.617 INFO Skip version 1.0.1, because it's not in the list of versions to be modified.
2025-06-24 07:56:12.618 INFO Skip version 1.0.10, because it's not in the list of versions to be modified.
2025-06-24 07:56:12.654 INFO Skip version 1.0.11, because it's not in the list of versions to be modified.
2025-06-24 07:56:12.655 INFO Skip version 1.0.2, because it's not in the list of versions to be modified.
2025-06-24 07:56:12.656 INFO Skip version 1.0.3, because it's not in the list of versions to be modified.
2025-06-24 07:56:12.658 INFO Processing version folder: 1.0.4
2025-06-24 07:56:12.659 INFO   Create and checkout to a new branch: Modify-S-DuckStudio.Sundry-1.0.4-1750722972
2025-06-24 07:56:24.266 INFO   Processing of manifest: D:\...\winget-pkgs\manifests\d\DuckStudio\Sundry\1.0.4\DuckStudio.Sundry.installer.yaml
2025-06-24 07:56:24.275 INFO     The manifest file has been saved as: D:\...\winget-pkgs\manifests\d\DuckStudio\Sundry\1.0.4\DuckStudio.Sundry.installer.yaml
2025-06-24 07:56:24.763 INFO   Processing of manifest: D:\...\winget-pkgs\manifests\d\DuckStudio\Sundry\1.0.4\DuckStudio.Sundry.locale.en-US.yaml
2025-06-24 07:56:24.766 INFO     The manifest file has been saved as: D:\...\winget-pkgs\manifests\d\DuckStudio\Sundry\1.0.4\DuckStudio.Sundry.locale.en-US.yaml
2025-06-24 07:56:24.909 INFO   Processing of manifest: D:\...\winget-pkgs\manifests\d\DuckStudio\Sundry\1.0.4\DuckStudio.Sundry.locale.zh-CN.yaml
2025-06-24 07:56:24.912 INFO     The manifest file has been saved as: D:\...\winget-pkgs\manifests\d\DuckStudio\Sundry\1.0.4\DuckStudio.Sundry.locale.zh-CN.yaml
2025-06-24 07:56:25.829 INFO   Processing of manifest: D:\...\winget-pkgs\manifests\d\DuckStudio\Sundry\1.0.4\DuckStudio.Sundry.yaml
2025-06-24 07:56:25.864 INFO     The manifest file has been saved as: D:\...\winget-pkgs\manifests\d\DuckStudio\Sundry\1.0.4\DuckStudio.Sundry.yaml
2025-06-24 07:57:11.611 INFO     清单具有以下未验证的依赖项;确保它们有效：
2025-06-24 07:57:11.613 INFO       - 程序包
2025-06-24 07:57:11.615 INFO           DuckStudio.GitHubLabelsManager [>= 1.7]
2025-06-24 07:57:11.616 INFO           Git.Git
2025-06-24 07:57:11.618 INFO           GitHub.cli
2025-06-24 07:57:11.620 INFO     清单验证成功。
2025-06-24 07:57:11.625 INFO   Staging and Committing Changes to Git
2025-06-24 07:57:18.192 INFO     Commit message: Modify: DuckStudio.Sundry version 1.0.4 (Auto)
2025-06-24 07:57:18.194 INFO   Pushing changes to remote (origin) repository
2025-06-24 07:57:22.317 INFO     Successfully pushed to remote (origin): Modify-S-DuckStudio.Sundry-1.0.4-1750722972
2025-06-24 07:57:24.160 INFO     Pull request created successfully: https://github.com/microsoft/winget-pkgs/pull/267782
2025-06-24 07:57:24.161 INFO Skip version 1.0.5, because it's not in the list of versions to be modified.
2025-06-24 07:57:24.163 INFO Skip version 1.0.6, because it's not in the list of versions to be modified.
2025-06-24 07:57:24.164 INFO Skip version 1.0.7, because it's not in the list of versions to be modified.
2025-06-24 07:57:24.165 INFO Skip version 1.0.8, because it's not in the list of versions to be modified.
2025-06-24 07:57:24.167 INFO Skip version 1.0.9, because it's not in the list of versions to be modified.
2025-06-24 07:57:24.168 INFO Skip version 1.1.0, because it's not in the list of versions to be modified.
2025-06-24 07:57:24.170 INFO Skip version 1.1.1, because it's not in the list of versions to be modified.
2025-06-24 07:57:24.171 INFO Skip version 1.1.10, because it's not in the list of versions to be modified.
2025-06-24 07:57:24.172 INFO Skip version 1.1.11, because it's not in the list of versions to be modified.
2025-06-24 07:57:24.174 INFO Skip version 1.1.12, because it's not in the list of versions to be modified.
2025-06-24 07:57:24.175 INFO Skip version 1.1.13, because it's not in the list of versions to be modified.
2025-06-24 07:57:24.176 INFO Skip version 1.1.14, because it's not in the list of versions to be modified.
2025-06-24 07:57:24.177 INFO Skip version 1.1.2, because it's not in the list of versions to be modified.
2025-06-24 07:57:24.178 INFO Skip version 1.1.3, because it's not in the list of versions to be modified.
2025-06-24 07:57:24.180 INFO Skip version 1.1.4, because it's not in the list of versions to be modified.
2025-06-24 07:57:24.181 INFO Skip version 1.1.6, because it's not in the list of versions to be modified.
2025-06-24 07:57:24.182 INFO Skip version 1.1.7, because it's not in the list of versions to be modified.
2025-06-24 07:57:24.183 INFO Skip version 1.1.8, because it's not in the list of versions to be modified.
2025-06-24 07:57:24.185 INFO Skip version 1.1.9, because it's not in the list of versions to be modified.
2025-06-24 07:57:24.186 INFO Skip version 1.2.0, because it's not in the list of versions to be modified.
2025-06-24 07:57:24.188 INFO Skip version 1.2.1, because it's not in the list of versions to be modified.
2025-06-24 07:57:24.189 INFO Skip version 1.2.2, because it's not in the list of versions to be modified.
2025-06-24 07:57:24.190 INFO Skip version 1.2.3, because it's not in the list of versions to be modified.
2025-06-24 07:57:24.191 INFO All manifests have been modified and pushed through.
2025-06-24 07:57:30.693 INFO Workspace clean-up completed.
~~ End of logging ~~
