~~ Start logging ~~
2025-06-24 07:46:40.636 FUN 星际和平商城年终大促，各种精品好物价格史低不容错过！
2025-06-24 07:46:40.656 INFO Found the following version folder: ['1.0.1', '1.0.10', '1.0.11', '1.0.2', '1.0.3', '1.0.4', '1.0.5', '1.0.6', '1.0.7', '1.0.8', '1.0.9', '1.1.0', '1.1.1', '1.1.10', '1.1.11', '1.1.12', '1.1.13', '1.1.14', '1.1.2', '1.1.3', '1.1.4', '1.1.6', '1.1.7', '1.1.8', '1.1.9', '1.2.0', '1.2.1', '1.2.2', '1.2.3']
2025-06-24 07:46:40.657 INFO Skip version 1.0.1, because it's not in the list of versions to be modified.
2025-06-24 07:46:40.658 INFO Skip version 1.0.10, because it's not in the list of versions to be modified.
2025-06-24 07:46:40.694 INFO Skip version 1.0.11, because it's not in the list of versions to be modified.
2025-06-24 07:46:40.696 INFO Processing version folder: 1.0.2
2025-06-24 07:46:40.698 INFO   Create and checkout to a new branch: Modify-S-DuckStudio.Sundry-1.0.2-1750722400
2025-06-24 07:46:52.372 INFO   Processing of manifest: D:\...\winget-pkgs\manifests\d\DuckStudio\Sundry\1.0.2\DuckStudio.Sundry.installer.yaml
2025-06-24 07:46:52.377 INFO     The manifest file has been saved as: D:\...\winget-pkgs\manifests\d\DuckStudio\Sundry\1.0.2\DuckStudio.Sundry.installer.yaml
2025-06-24 07:46:52.626 INFO   Processing of manifest: D:\...\winget-pkgs\manifests\d\DuckStudio\Sundry\1.0.2\DuckStudio.Sundry.locale.zh-CN.yaml
2025-06-24 07:46:52.665 INFO     The manifest file has been saved as: D:\...\winget-pkgs\manifests\d\DuckStudio\Sundry\1.0.2\DuckStudio.Sundry.locale.zh-CN.yaml
2025-06-24 07:46:52.784 INFO   Processing of manifest: D:\...\winget-pkgs\manifests\d\DuckStudio\Sundry\1.0.2\DuckStudio.Sundry.yaml
2025-06-24 07:46:52.788 INFO     The manifest file has been saved as: D:\...\winget-pkgs\manifests\d\DuckStudio\Sundry\1.0.2\DuckStudio.Sundry.yaml
2025-06-24 07:47:36.917 INFO     清单具有以下未验证的依赖项;确保它们有效：
2025-06-24 07:47:36.919 INFO       - 程序包
2025-06-24 07:47:36.921 INFO           DuckStudio.GitHubLabelsManager [>= 1.7]
2025-06-24 07:47:36.923 INFO           Git.Git
2025-06-24 07:47:36.924 INFO           GitHub.cli
2025-06-24 07:47:36.926 INFO     清单验证成功。
2025-06-24 07:47:36.938 INFO   Staging and Committing Changes to Git
2025-06-24 07:47:42.582 INFO     Commit message: Modify: DuckStudio.Sundry version 1.0.2 (Auto)
2025-06-24 07:47:42.583 INFO   Pushing changes to remote (origin) repository
2025-06-24 07:47:47.101 INFO     Successfully pushed to remote (origin): Modify-S-DuckStudio.Sundry-1.0.2-1750722400
2025-06-24 07:47:48.915 INFO     Pull request created successfully: https://github.com/microsoft/winget-pkgs/pull/267777
2025-06-24 07:47:48.917 INFO Skip version 1.0.3, because it's not in the list of versions to be modified.
2025-06-24 07:47:48.918 INFO Skip version 1.0.4, because it's not in the list of versions to be modified.
2025-06-24 07:47:48.920 INFO Skip version 1.0.5, because it's not in the list of versions to be modified.
2025-06-24 07:47:48.921 INFO Skip version 1.0.6, because it's not in the list of versions to be modified.
2025-06-24 07:47:48.922 INFO Skip version 1.0.7, because it's not in the list of versions to be modified.
2025-06-24 07:47:48.923 INFO Skip version 1.0.8, because it's not in the list of versions to be modified.
2025-06-24 07:47:48.925 INFO Skip version 1.0.9, because it's not in the list of versions to be modified.
2025-06-24 07:47:48.926 INFO Skip version 1.1.0, because it's not in the list of versions to be modified.
2025-06-24 07:47:48.928 INFO Skip version 1.1.1, because it's not in the list of versions to be modified.
2025-06-24 07:47:48.930 INFO Skip version 1.1.10, because it's not in the list of versions to be modified.
2025-06-24 07:47:48.931 INFO Skip version 1.1.11, because it's not in the list of versions to be modified.
2025-06-24 07:47:48.932 INFO Skip version 1.1.12, because it's not in the list of versions to be modified.
2025-06-24 07:47:48.934 INFO Skip version 1.1.13, because it's not in the list of versions to be modified.
2025-06-24 07:47:48.935 INFO Skip version 1.1.14, because it's not in the list of versions to be modified.
2025-06-24 07:47:48.936 INFO Skip version 1.1.2, because it's not in the list of versions to be modified.
2025-06-24 07:47:48.937 INFO Skip version 1.1.3, because it's not in the list of versions to be modified.
2025-06-24 07:47:48.939 INFO Skip version 1.1.4, because it's not in the list of versions to be modified.
2025-06-24 07:47:48.940 INFO Skip version 1.1.6, because it's not in the list of versions to be modified.
2025-06-24 07:47:48.941 INFO Skip version 1.1.7, because it's not in the list of versions to be modified.
2025-06-24 07:47:48.942 INFO Skip version 1.1.8, because it's not in the list of versions to be modified.
2025-06-24 07:47:48.943 INFO Skip version 1.1.9, because it's not in the list of versions to be modified.
2025-06-24 07:47:48.945 INFO Skip version 1.2.0, because it's not in the list of versions to be modified.
2025-06-24 07:47:48.946 INFO Skip version 1.2.1, because it's not in the list of versions to be modified.
2025-06-24 07:47:48.947 INFO Skip version 1.2.2, because it's not in the list of versions to be modified.
2025-06-24 07:47:48.948 INFO Skip version 1.2.3, because it's not in the list of versions to be modified.
2025-06-24 07:47:48.950 INFO All manifests have been modified and pushed through.
2025-06-24 07:47:54.567 INFO Workspace clean-up completed.
~~ End of logging ~~
