~~ Start logging ~~
2025-06-24 08:09:34.486 FUN (·v·)
2025-06-24 08:09:34.509 INFO Found the following version folder: ['1.0.1', '1.0.10', '1.0.11', '1.0.2', '1.0.3', '1.0.4', '1.0.5', '1.0.6', '1.0.7', '1.0.8', '1.0.9', '1.1.0', '1.1.1', '1.1.10', '1.1.11', '1.1.12', '1.1.13', '1.1.14', '1.1.2', '1.1.3', '1.1.4', '1.1.6', '1.1.7', '1.1.8', '1.1.9', '1.2.0', '1.2.1', '1.2.2', '1.2.3']
2025-06-24 08:09:34.510 INFO Skip version 1.0.1, because it's not in the list of versions to be modified.
2025-06-24 08:09:34.511 INFO Skip version 1.0.10, because it's not in the list of versions to be modified.
2025-06-24 08:09:34.512 INFO Skip version 1.0.11, because it's not in the list of versions to be modified.
2025-06-24 08:09:34.513 INFO Skip version 1.0.2, because it's not in the list of versions to be modified.
2025-06-24 08:09:34.513 INFO Skip version 1.0.3, because it's not in the list of versions to be modified.
2025-06-24 08:09:34.514 INFO Skip version 1.0.4, because it's not in the list of versions to be modified.
2025-06-24 08:09:34.515 INFO Skip version 1.0.5, because it's not in the list of versions to be modified.
2025-06-24 08:09:34.516 INFO Skip version 1.0.6, because it's not in the list of versions to be modified.
2025-06-24 08:09:34.517 INFO Skip version 1.0.7, because it's not in the list of versions to be modified.
2025-06-24 08:09:34.517 INFO Skip version 1.0.8, because it's not in the list of versions to be modified.
2025-06-24 08:09:34.518 INFO Skip version 1.0.9, because it's not in the list of versions to be modified.
2025-06-24 08:09:34.519 INFO Skip version 1.1.0, because it's not in the list of versions to be modified.
2025-06-24 08:09:34.520 INFO Skip version 1.1.1, because it's not in the list of versions to be modified.
2025-06-24 08:09:34.521 INFO Skip version 1.1.10, because it's not in the list of versions to be modified.
2025-06-24 08:09:34.522 INFO Processing version folder: 1.1.11
2025-06-24 08:09:34.523 INFO   Create and checkout to a new branch: Modify-S-DuckStudio.Sundry-1.1.11-1750723774
2025-06-24 08:09:44.748 INFO   Processing of manifest: D:\...\winget-pkgs\manifests\d\DuckStudio\Sundry\1.1.11\DuckStudio.Sundry.installer.yaml
2025-06-24 08:09:44.750 INFO     The manifest file has been saved as: D:\...\winget-pkgs\manifests\d\DuckStudio\Sundry\1.1.11\DuckStudio.Sundry.installer.yaml
2025-06-24 08:09:44.935 INFO   Processing of manifest: D:\...\winget-pkgs\manifests\d\DuckStudio\Sundry\1.1.11\DuckStudio.Sundry.locale.en-US.yaml
2025-06-24 08:09:44.939 INFO     The manifest file has been saved as: D:\...\winget-pkgs\manifests\d\DuckStudio\Sundry\1.1.11\DuckStudio.Sundry.locale.en-US.yaml
2025-06-24 08:09:45.108 INFO   Processing of manifest: D:\...\winget-pkgs\manifests\d\DuckStudio\Sundry\1.1.11\DuckStudio.Sundry.locale.zh-CN.yaml
2025-06-24 08:09:45.111 INFO     The manifest file has been saved as: D:\...\winget-pkgs\manifests\d\DuckStudio\Sundry\1.1.11\DuckStudio.Sundry.locale.zh-CN.yaml
2025-06-24 08:09:45.258 INFO   Processing of manifest: D:\...\winget-pkgs\manifests\d\DuckStudio\Sundry\1.1.11\DuckStudio.Sundry.yaml
2025-06-24 08:09:45.261 INFO     The manifest file has been saved as: D:\...\winget-pkgs\manifests\d\DuckStudio\Sundry\1.1.11\DuckStudio.Sundry.yaml
2025-06-24 08:10:09.336 INFO     清单具有以下未验证的依赖项;确保它们有效：
2025-06-24 08:10:09.338 INFO       - 程序包
2025-06-24 08:10:09.339 INFO           DuckStudio.GitHubLabelsManager [>= 1.7]
2025-06-24 08:10:09.340 INFO           Git.Git
2025-06-24 08:10:09.341 INFO           GitHub.cli
2025-06-24 08:10:09.342 INFO     清单验证成功。
2025-06-24 08:10:09.350 INFO   Staging and Committing Changes to Git
2025-06-24 08:10:15.615 INFO     Commit message: Modify: DuckStudio.Sundry version 1.1.11 (Auto)
2025-06-24 08:10:15.626 INFO   Pushing changes to remote (origin) repository
2025-06-24 08:10:19.613 INFO     Successfully pushed to remote (origin): Modify-S-DuckStudio.Sundry-1.1.11-1750723774
2025-06-24 08:10:20.687 INFO     Pull request created successfully: https://github.com/microsoft/winget-pkgs/pull/267791
2025-06-24 08:10:20.689 INFO Skip version 1.1.12, because it's not in the list of versions to be modified.
2025-06-24 08:10:20.690 INFO Skip version 1.1.13, because it's not in the list of versions to be modified.
2025-06-24 08:10:20.692 INFO Skip version 1.1.14, because it's not in the list of versions to be modified.
2025-06-24 08:10:20.693 INFO Skip version 1.1.2, because it's not in the list of versions to be modified.
2025-06-24 08:10:20.694 INFO Skip version 1.1.3, because it's not in the list of versions to be modified.
2025-06-24 08:10:20.695 INFO Skip version 1.1.4, because it's not in the list of versions to be modified.
2025-06-24 08:10:20.696 INFO Skip version 1.1.6, because it's not in the list of versions to be modified.
2025-06-24 08:10:20.697 INFO Skip version 1.1.7, because it's not in the list of versions to be modified.
2025-06-24 08:10:20.699 INFO Skip version 1.1.8, because it's not in the list of versions to be modified.
2025-06-24 08:10:20.701 INFO Skip version 1.1.9, because it's not in the list of versions to be modified.
2025-06-24 08:10:20.703 INFO Skip version 1.2.0, because it's not in the list of versions to be modified.
2025-06-24 08:10:20.705 INFO Skip version 1.2.1, because it's not in the list of versions to be modified.
2025-06-24 08:10:20.706 INFO Skip version 1.2.2, because it's not in the list of versions to be modified.
2025-06-24 08:10:20.708 INFO Skip version 1.2.3, because it's not in the list of versions to be modified.
2025-06-24 08:10:20.710 INFO All manifests have been modified and pushed through.
2025-06-24 08:10:25.579 INFO Workspace clean-up completed.
~~ End of logging ~~
