~~ Start logging ~~
2025-06-24 07:55:02.826 FUN ≧▽≦
2025-06-24 07:55:02.877 INFO Found the following version folder: ['1.0.1', '1.0.10', '1.0.11', '1.0.2', '1.0.3', '1.0.4', '1.0.5', '1.0.6', '1.0.7', '1.0.8', '1.0.9', '1.1.0', '1.1.1', '1.1.10', '1.1.11', '1.1.12', '1.1.13', '1.1.14', '1.1.2', '1.1.3', '1.1.4', '1.1.6', '1.1.7', '1.1.8', '1.1.9', '1.2.0', '1.2.1', '1.2.2', '1.2.3']
2025-06-24 07:55:02.878 INFO Skip version 1.0.1, because it's not in the list of versions to be modified.
2025-06-24 07:55:02.880 INFO Skip version 1.0.10, because it's not in the list of versions to be modified.
2025-06-24 07:55:02.916 INFO Skip version 1.0.11, because it's not in the list of versions to be modified.
2025-06-24 07:55:02.917 INFO Skip version 1.0.2, because it's not in the list of versions to be modified.
2025-06-24 07:55:02.919 INFO Processing version folder: 1.0.3
2025-06-24 07:55:02.921 INFO   Create and checkout to a new branch: Modify-S-DuckStudio.Sundry-1.0.3-1750722902
2025-06-24 07:55:13.847 INFO   Processing of manifest: D:\...\winget-pkgs\manifests\d\DuckStudio\Sundry\1.0.3\DuckStudio.Sundry.installer.yaml
2025-06-24 07:55:13.850 INFO     The manifest file has been saved as: D:\...\winget-pkgs\manifests\d\DuckStudio\Sundry\1.0.3\DuckStudio.Sundry.installer.yaml
2025-06-24 07:55:14.803 INFO   Processing of manifest: D:\...\winget-pkgs\manifests\d\DuckStudio\Sundry\1.0.3\DuckStudio.Sundry.locale.en-US.yaml
2025-06-24 07:55:14.118 INFO     The manifest file has been saved as: D:\...\winget-pkgs\manifests\d\DuckStudio\Sundry\1.0.3\DuckStudio.Sundry.locale.en-US.yaml
2025-06-24 07:55:14.271 INFO   Processing of manifest: D:\...\winget-pkgs\manifests\d\DuckStudio\Sundry\1.0.3\DuckStudio.Sundry.locale.zh-CN.yaml
2025-06-24 07:55:14.309 INFO     The manifest file has been saved as: D:\...\winget-pkgs\manifests\d\DuckStudio\Sundry\1.0.3\DuckStudio.Sundry.locale.zh-CN.yaml
2025-06-24 07:55:14.497 INFO   Processing of manifest: D:\...\winget-pkgs\manifests\d\DuckStudio\Sundry\1.0.3\DuckStudio.Sundry.yaml
2025-06-24 07:55:14.501 INFO     The manifest file has been saved as: D:\...\winget-pkgs\manifests\d\DuckStudio\Sundry\1.0.3\DuckStudio.Sundry.yaml
2025-06-24 07:55:36.878 INFO     清单具有以下未验证的依赖项;确保它们有效：
2025-06-24 07:55:36.880 INFO       - 程序包
2025-06-24 07:55:36.881 INFO           DuckStudio.GitHubLabelsManager [>= 1.7]
2025-06-24 07:55:36.883 INFO           Git.Git
2025-06-24 07:55:36.884 INFO           GitHub.cli
2025-06-24 07:55:36.886 INFO     清单验证成功。
2025-06-24 07:55:36.892 INFO   Staging and Committing Changes to Git
2025-06-24 07:55:43.235 INFO     Commit message: Modify: DuckStudio.Sundry version 1.0.3 (Auto)
2025-06-24 07:55:43.236 INFO   Pushing changes to remote (origin) repository
2025-06-24 07:55:47.343 INFO     Successfully pushed to remote (origin): Modify-S-DuckStudio.Sundry-1.0.3-1750722902
2025-06-24 07:55:48.953 INFO     Pull request created successfully: https://github.com/microsoft/winget-pkgs/pull/267781
2025-06-24 07:55:48.955 INFO Skip version 1.0.4, because it's not in the list of versions to be modified.
2025-06-24 07:55:48.956 INFO Skip version 1.0.5, because it's not in the list of versions to be modified.
2025-06-24 07:55:48.957 INFO Skip version 1.0.6, because it's not in the list of versions to be modified.
2025-06-24 07:55:48.958 INFO Skip version 1.0.7, because it's not in the list of versions to be modified.
2025-06-24 07:55:48.960 INFO Skip version 1.0.8, because it's not in the list of versions to be modified.
2025-06-24 07:55:48.961 INFO Skip version 1.0.9, because it's not in the list of versions to be modified.
2025-06-24 07:55:48.962 INFO Skip version 1.1.0, because it's not in the list of versions to be modified.
2025-06-24 07:55:48.963 INFO Skip version 1.1.1, because it's not in the list of versions to be modified.
2025-06-24 07:55:48.964 INFO Skip version 1.1.10, because it's not in the list of versions to be modified.
2025-06-24 07:55:48.965 INFO Skip version 1.1.11, because it's not in the list of versions to be modified.
2025-06-24 07:55:48.966 INFO Skip version 1.1.12, because it's not in the list of versions to be modified.
2025-06-24 07:55:48.967 INFO Skip version 1.1.13, because it's not in the list of versions to be modified.
2025-06-24 07:55:48.968 INFO Skip version 1.1.14, because it's not in the list of versions to be modified.
2025-06-24 07:55:48.969 INFO Skip version 1.1.2, because it's not in the list of versions to be modified.
2025-06-24 07:55:48.970 INFO Skip version 1.1.3, because it's not in the list of versions to be modified.
2025-06-24 07:55:48.971 INFO Skip version 1.1.4, because it's not in the list of versions to be modified.
2025-06-24 07:55:48.972 INFO Skip version 1.1.6, because it's not in the list of versions to be modified.
2025-06-24 07:55:48.973 INFO Skip version 1.1.7, because it's not in the list of versions to be modified.
2025-06-24 07:55:48.974 INFO Skip version 1.1.8, because it's not in the list of versions to be modified.
2025-06-24 07:55:48.974 INFO Skip version 1.1.9, because it's not in the list of versions to be modified.
2025-06-24 07:55:48.976 INFO Skip version 1.2.0, because it's not in the list of versions to be modified.
2025-06-24 07:55:48.978 INFO Skip version 1.2.1, because it's not in the list of versions to be modified.
2025-06-24 07:55:48.979 INFO Skip version 1.2.2, because it's not in the list of versions to be modified.
2025-06-24 07:55:48.980 INFO Skip version 1.2.3, because it's not in the list of versions to be modified.
2025-06-24 07:55:48.981 INFO All manifests have been modified and pushed through.
2025-06-24 07:55:54.638 INFO Workspace clean-up completed.
~~ End of logging ~~
