~~ Start logging ~~
2025-06-24 08:22:51.439 FUN https://www.bilibili.com/video/BV1Lb421n7pB/
2025-06-24 08:22:51.464 INFO Found the following version folder: ['1.0.1', '1.0.10', '1.0.11', '1.0.2', '1.0.3', '1.0.4', '1.0.5', '1.0.6', '1.0.7', '1.0.8', '1.0.9', '1.1.0', '1.1.1', '1.1.10', '1.1.11', '1.1.12', '1.1.13', '1.1.14', '1.1.2', '1.1.3', '1.1.4', '1.1.6', '1.1.7', '1.1.8', '1.1.9', '1.2.0', '1.2.1', '1.2.2', '1.2.3']
2025-06-24 08:22:51.465 INFO Skip version 1.0.1, because it's not in the list of versions to be modified.
2025-06-24 08:22:51.466 INFO Skip version 1.0.10, because it's not in the list of versions to be modified.
2025-06-24 08:22:51.476 INFO Skip version 1.0.11, because it's not in the list of versions to be modified.
2025-06-24 08:22:51.477 INFO Skip version 1.0.2, because it's not in the list of versions to be modified.
2025-06-24 08:22:51.478 INFO Skip version 1.0.3, because it's not in the list of versions to be modified.
2025-06-24 08:22:51.479 INFO Skip version 1.0.4, because it's not in the list of versions to be modified.
2025-06-24 08:22:51.480 INFO Skip version 1.0.5, because it's not in the list of versions to be modified.
2025-06-24 08:22:51.480 INFO Skip version 1.0.6, because it's not in the list of versions to be modified.
2025-06-24 08:22:51.481 INFO Skip version 1.0.7, because it's not in the list of versions to be modified.
2025-06-24 08:22:51.482 INFO Skip version 1.0.8, because it's not in the list of versions to be modified.
2025-06-24 08:22:51.483 INFO Skip version 1.0.9, because it's not in the list of versions to be modified.
2025-06-24 08:22:51.485 INFO Skip version 1.1.0, because it's not in the list of versions to be modified.
2025-06-24 08:22:51.486 INFO Skip version 1.1.1, because it's not in the list of versions to be modified.
2025-06-24 08:22:51.488 INFO Skip version 1.1.10, because it's not in the list of versions to be modified.
2025-06-24 08:22:51.489 INFO Skip version 1.1.11, because it's not in the list of versions to be modified.
2025-06-24 08:22:51.490 INFO Skip version 1.1.12, because it's not in the list of versions to be modified.
2025-06-24 08:22:51.491 INFO Skip version 1.1.13, because it's not in the list of versions to be modified.
2025-06-24 08:22:51.492 INFO Skip version 1.1.14, because it's not in the list of versions to be modified.
2025-06-24 08:22:51.493 INFO Skip version 1.1.2, because it's not in the list of versions to be modified.
2025-06-24 08:22:51.494 INFO Skip version 1.1.3, because it's not in the list of versions to be modified.
2025-06-24 08:22:51.495 INFO Skip version 1.1.4, because it's not in the list of versions to be modified.
2025-06-24 08:22:51.495 INFO Skip version 1.1.6, because it's not in the list of versions to be modified.
2025-06-24 08:22:51.496 INFO Skip version 1.1.7, because it's not in the list of versions to be modified.
2025-06-24 08:22:51.497 INFO Processing version folder: 1.1.8
2025-06-24 08:22:51.498 INFO   Create and checkout to a new branch: Modify-S-DuckStudio.Sundry-1.1.8-1750724571
2025-06-24 08:23:11.601 INFO   Processing of manifest: D:\...\winget-pkgs\manifests\d\DuckStudio\Sundry\1.1.8\DuckStudio.Sundry.installer.yaml
2025-06-24 08:23:11.613 INFO     The manifest file has been saved as: D:\...\winget-pkgs\manifests\d\DuckStudio\Sundry\1.1.8\DuckStudio.Sundry.installer.yaml
2025-06-24 08:23:11.827 INFO   Processing of manifest: D:\...\winget-pkgs\manifests\d\DuckStudio\Sundry\1.1.8\DuckStudio.Sundry.locale.en-US.yaml
2025-06-24 08:23:11.830 INFO     The manifest file has been saved as: D:\...\winget-pkgs\manifests\d\DuckStudio\Sundry\1.1.8\DuckStudio.Sundry.locale.en-US.yaml
2025-06-24 08:23:11.994 INFO   Processing of manifest: D:\...\winget-pkgs\manifests\d\DuckStudio\Sundry\1.1.8\DuckStudio.Sundry.locale.zh-CN.yaml
2025-06-24 08:23:11.998 INFO     The manifest file has been saved as: D:\...\winget-pkgs\manifests\d\DuckStudio\Sundry\1.1.8\DuckStudio.Sundry.locale.zh-CN.yaml
2025-06-24 08:23:12.172 INFO   Processing of manifest: D:\...\winget-pkgs\manifests\d\DuckStudio\Sundry\1.1.8\DuckStudio.Sundry.yaml
2025-06-24 08:23:12.175 INFO     The manifest file has been saved as: D:\...\winget-pkgs\manifests\d\DuckStudio\Sundry\1.1.8\DuckStudio.Sundry.yaml
2025-06-24 08:23:34.762 INFO     清单具有以下未验证的依赖项;确保它们有效：
2025-06-24 08:23:34.763 INFO       - 程序包
2025-06-24 08:23:34.765 INFO           DuckStudio.GitHubLabelsManager [>= 1.7]
2025-06-24 08:23:34.767 INFO           Git.Git
2025-06-24 08:23:34.768 INFO           GitHub.cli
2025-06-24 08:23:34.770 INFO     清单验证成功。
2025-06-24 08:23:34.771 INFO   Staging and Committing Changes to Git
2025-06-24 08:23:40.788 INFO     Commit message: Modify: DuckStudio.Sundry version 1.1.8 (Auto)
2025-06-24 08:23:40.789 INFO   Pushing changes to remote (origin) repository
2025-06-24 08:23:44.667 INFO     Successfully pushed to remote (origin): Modify-S-DuckStudio.Sundry-1.1.8-1750724571
2025-06-24 08:23:46.398 INFO     Pull request created successfully: https://github.com/microsoft/winget-pkgs/pull/267809
2025-06-24 08:23:46.399 INFO Skip version 1.1.9, because it's not in the list of versions to be modified.
2025-06-24 08:23:46.400 INFO Skip version 1.2.0, because it's not in the list of versions to be modified.
2025-06-24 08:23:46.401 INFO Skip version 1.2.1, because it's not in the list of versions to be modified.
2025-06-24 08:23:46.401 INFO Skip version 1.2.2, because it's not in the list of versions to be modified.
2025-06-24 08:23:46.402 INFO Skip version 1.2.3, because it's not in the list of versions to be modified.
2025-06-24 08:23:46.403 INFO All manifests have been modified and pushed through.
2025-06-24 08:23:51.378 INFO Workspace clean-up completed.
~~ End of logging ~~
