~~ Start logging ~~
2025-06-24 08:07:03.285 FUN https://www.bilibili.com/video/BV196kmYuE1K/?t=300
2025-06-24 08:07:03.566 INFO Found the following version folder: ['1.0.1', '1.0.10', '1.0.11', '1.0.2', '1.0.3', '1.0.4', '1.0.5', '1.0.6', '1.0.7', '1.0.8', '1.0.9', '1.1.0', '1.1.1', '1.1.10', '1.1.11', '1.1.12', '1.1.13', '1.1.14', '1.1.2', '1.1.3', '1.1.4', '1.1.6', '1.1.7', '1.1.8', '1.1.9', '1.2.0', '1.2.1', '1.2.2', '1.2.3']
2025-06-24 08:07:03.575 INFO Skip version 1.0.1, because it's not in the list of versions to be modified.
2025-06-24 08:07:03.587 INFO Skip version 1.0.10, because it's not in the list of versions to be modified.
2025-06-24 08:07:03.597 INFO Skip version 1.0.11, because it's not in the list of versions to be modified.
2025-06-24 08:07:03.604 INFO Skip version 1.0.2, because it's not in the list of versions to be modified.
2025-06-24 08:07:03.611 INFO Skip version 1.0.3, because it's not in the list of versions to be modified.
2025-06-24 08:07:03.619 INFO Skip version 1.0.4, because it's not in the list of versions to be modified.
2025-06-24 08:07:03.627 INFO Skip version 1.0.5, because it's not in the list of versions to be modified.
2025-06-24 08:07:03.634 INFO Skip version 1.0.6, because it's not in the list of versions to be modified.
2025-06-24 08:07:03.643 INFO Skip version 1.0.7, because it's not in the list of versions to be modified.
2025-06-24 08:07:03.652 INFO Skip version 1.0.8, because it's not in the list of versions to be modified.
2025-06-24 08:07:03.658 INFO Skip version 1.0.9, because it's not in the list of versions to be modified.
2025-06-24 08:07:03.664 INFO Skip version 1.1.0, because it's not in the list of versions to be modified.
2025-06-24 08:07:03.670 INFO Processing version folder: 1.1.1
2025-06-24 08:07:03.675 INFO   Create and checkout to a new branch: Modify-S-DuckStudio.Sundry-1.1.1-1750723623
2025-06-24 08:07:12.996 INFO   Processing of manifest: D:\...\winget-pkgs\manifests\d\DuckStudio\Sundry\1.1.1\DuckStudio.Sundry.installer.yaml
2025-06-24 08:07:12.999 INFO     The manifest file has been saved as: D:\...\winget-pkgs\manifests\d\DuckStudio\Sundry\1.1.1\DuckStudio.Sundry.installer.yaml
2025-06-24 08:07:13.231 INFO   Processing of manifest: D:\...\winget-pkgs\manifests\d\DuckStudio\Sundry\1.1.1\DuckStudio.Sundry.locale.en-US.yaml
2025-06-24 08:07:13.243 INFO     The manifest file has been saved as: D:\...\winget-pkgs\manifests\d\DuckStudio\Sundry\1.1.1\DuckStudio.Sundry.locale.en-US.yaml
2025-06-24 08:07:13.369 INFO   Processing of manifest: D:\...\winget-pkgs\manifests\d\DuckStudio\Sundry\1.1.1\DuckStudio.Sundry.locale.zh-CN.yaml
2025-06-24 08:07:13.372 INFO     The manifest file has been saved as: D:\...\winget-pkgs\manifests\d\DuckStudio\Sundry\1.1.1\DuckStudio.Sundry.locale.zh-CN.yaml
2025-06-24 08:07:13.503 INFO   Processing of manifest: D:\...\winget-pkgs\manifests\d\DuckStudio\Sundry\1.1.1\DuckStudio.Sundry.yaml
2025-06-24 08:07:13.506 INFO     The manifest file has been saved as: D:\...\winget-pkgs\manifests\d\DuckStudio\Sundry\1.1.1\DuckStudio.Sundry.yaml
2025-06-24 08:07:35.730 INFO     清单具有以下未验证的依赖项;确保它们有效：
2025-06-24 08:07:35.732 INFO       - 程序包
2025-06-24 08:07:35.733 INFO           DuckStudio.GitHubLabelsManager [>= 1.7]
2025-06-24 08:07:35.735 INFO           Git.Git
2025-06-24 08:07:35.736 INFO           GitHub.cli
2025-06-24 08:07:35.738 INFO     清单验证成功。
2025-06-24 08:07:35.740 INFO   Staging and Committing Changes to Git
2025-06-24 08:07:41.231 INFO     Commit message: Modify: DuckStudio.Sundry version 1.1.1 (Auto)
2025-06-24 08:07:41.232 INFO   Pushing changes to remote (origin) repository
2025-06-24 08:07:45.264 INFO     Successfully pushed to remote (origin): Modify-S-DuckStudio.Sundry-1.1.1-1750723623
2025-06-24 08:07:46.943 INFO     Pull request created successfully: https://github.com/microsoft/winget-pkgs/pull/267789
2025-06-24 08:07:46.945 INFO Skip version 1.1.10, because it's not in the list of versions to be modified.
2025-06-24 08:07:46.947 INFO Skip version 1.1.11, because it's not in the list of versions to be modified.
2025-06-24 08:07:46.948 INFO Skip version 1.1.12, because it's not in the list of versions to be modified.
2025-06-24 08:07:46.949 INFO Skip version 1.1.13, because it's not in the list of versions to be modified.
2025-06-24 08:07:46.951 INFO Skip version 1.1.14, because it's not in the list of versions to be modified.
2025-06-24 08:07:46.952 INFO Skip version 1.1.2, because it's not in the list of versions to be modified.
2025-06-24 08:07:46.953 INFO Skip version 1.1.3, because it's not in the list of versions to be modified.
2025-06-24 08:07:46.955 INFO Skip version 1.1.4, because it's not in the list of versions to be modified.
2025-06-24 08:07:46.956 INFO Skip version 1.1.6, because it's not in the list of versions to be modified.
2025-06-24 08:07:46.957 INFO Skip version 1.1.7, because it's not in the list of versions to be modified.
2025-06-24 08:07:46.958 INFO Skip version 1.1.8, because it's not in the list of versions to be modified.
2025-06-24 08:07:46.959 INFO Skip version 1.1.9, because it's not in the list of versions to be modified.
2025-06-24 08:07:46.960 INFO Skip version 1.2.0, because it's not in the list of versions to be modified.
2025-06-24 08:07:46.962 INFO Skip version 1.2.1, because it's not in the list of versions to be modified.
2025-06-24 08:07:46.963 INFO Skip version 1.2.2, because it's not in the list of versions to be modified.
2025-06-24 08:07:46.965 INFO Skip version 1.2.3, because it's not in the list of versions to be modified.
2025-06-24 08:07:46.966 INFO All manifests have been modified and pushed through.
2025-06-24 08:07:51.654 INFO Workspace clean-up completed.
~~ End of logging ~~
