~~ Start logging ~~
2025-06-24 08:05:40.941 FUN 狐人专用尾部护毛素套装，全新优化配方，更适合仙舟狐人体质！
2025-06-24 08:05:40.970 INFO Found the following version folder: ['1.0.1', '1.0.10', '1.0.11', '1.0.2', '1.0.3', '1.0.4', '1.0.5', '1.0.6', '1.0.7', '1.0.8', '1.0.9', '1.1.0', '1.1.1', '1.1.10', '1.1.11', '1.1.12', '1.1.13', '1.1.14', '1.1.2', '1.1.3', '1.1.4', '1.1.6', '1.1.7', '1.1.8', '1.1.9', '1.2.0', '1.2.1', '1.2.2', '1.2.3']
2025-06-24 08:05:40.971 INFO Skip version 1.0.1, because it's not in the list of versions to be modified.
2025-06-24 08:05:40.973 INFO Skip version 1.0.10, because it's not in the list of versions to be modified.
2025-06-24 08:05:40.974 INFO Skip version 1.0.11, because it's not in the list of versions to be modified.
2025-06-24 08:05:40.975 INFO Skip version 1.0.2, because it's not in the list of versions to be modified.
2025-06-24 08:05:40.976 INFO Skip version 1.0.3, because it's not in the list of versions to be modified.
2025-06-24 08:05:40.977 INFO Skip version 1.0.4, because it's not in the list of versions to be modified.
2025-06-24 08:05:40.978 INFO Skip version 1.0.5, because it's not in the list of versions to be modified.
2025-06-24 08:05:40.979 INFO Skip version 1.0.6, because it's not in the list of versions to be modified.
2025-06-24 08:05:40.980 INFO Skip version 1.0.7, because it's not in the list of versions to be modified.
2025-06-24 08:05:40.981 INFO Skip version 1.0.8, because it's not in the list of versions to be modified.
2025-06-24 08:05:40.982 INFO Skip version 1.0.9, because it's not in the list of versions to be modified.
2025-06-24 08:05:40.983 INFO Processing version folder: 1.1.0
2025-06-24 08:05:40.984 INFO   Create and checkout to a new branch: Modify-S-DuckStudio.Sundry-1.1.0-1750723540
2025-06-24 08:05:50.996 INFO   Processing of manifest: D:\...\winget-pkgs\manifests\d\DuckStudio\Sundry\1.1.0\DuckStudio.Sundry.installer.yaml
2025-06-24 08:05:50.999 INFO     The manifest file has been saved as: D:\...\winget-pkgs\manifests\d\DuckStudio\Sundry\1.1.0\DuckStudio.Sundry.installer.yaml
2025-06-24 08:05:51.202 INFO   Processing of manifest: D:\...\winget-pkgs\manifests\d\DuckStudio\Sundry\1.1.0\DuckStudio.Sundry.locale.en-US.yaml
2025-06-24 08:05:51.214 INFO     The manifest file has been saved as: D:\...\winget-pkgs\manifests\d\DuckStudio\Sundry\1.1.0\DuckStudio.Sundry.locale.en-US.yaml
2025-06-24 08:05:51.341 INFO   Processing of manifest: D:\...\winget-pkgs\manifests\d\DuckStudio\Sundry\1.1.0\DuckStudio.Sundry.locale.zh-CN.yaml
2025-06-24 08:05:51.344 INFO     The manifest file has been saved as: D:\...\winget-pkgs\manifests\d\DuckStudio\Sundry\1.1.0\DuckStudio.Sundry.locale.zh-CN.yaml
2025-06-24 08:05:51.501 INFO   Processing of manifest: D:\...\winget-pkgs\manifests\d\DuckStudio\Sundry\1.1.0\DuckStudio.Sundry.yaml
2025-06-24 08:05:51.504 INFO     The manifest file has been saved as: D:\...\winget-pkgs\manifests\d\DuckStudio\Sundry\1.1.0\DuckStudio.Sundry.yaml
2025-06-24 08:06:28.779 INFO     清单具有以下未验证的依赖项;确保它们有效：
2025-06-24 08:06:28.781 INFO       - 程序包
2025-06-24 08:06:28.782 INFO           DuckStudio.GitHubLabelsManager [>= 1.7]
2025-06-24 08:06:28.783 INFO           Git.Git
2025-06-24 08:06:28.784 INFO           GitHub.cli
2025-06-24 08:06:28.785 INFO     清单验证成功。
2025-06-24 08:06:28.794 INFO   Staging and Committing Changes to Git
2025-06-24 08:06:34.598 INFO     Commit message: Modify: DuckStudio.Sundry version 1.1.0 (Auto)
2025-06-24 08:06:34.599 INFO   Pushing changes to remote (origin) repository
2025-06-24 08:06:39.952 INFO     Successfully pushed to remote (origin): Modify-S-DuckStudio.Sundry-1.1.0-1750723540
2025-06-24 08:06:41.830 INFO     Pull request created successfully: https://github.com/microsoft/winget-pkgs/pull/267788
2025-06-24 08:06:41.832 INFO Skip version 1.1.1, because it's not in the list of versions to be modified.
2025-06-24 08:06:41.833 INFO Skip version 1.1.10, because it's not in the list of versions to be modified.
2025-06-24 08:06:41.835 INFO Skip version 1.1.11, because it's not in the list of versions to be modified.
2025-06-24 08:06:41.836 INFO Skip version 1.1.12, because it's not in the list of versions to be modified.
2025-06-24 08:06:41.837 INFO Skip version 1.1.13, because it's not in the list of versions to be modified.
2025-06-24 08:06:41.839 INFO Skip version 1.1.14, because it's not in the list of versions to be modified.
2025-06-24 08:06:41.840 INFO Skip version 1.1.2, because it's not in the list of versions to be modified.
2025-06-24 08:06:41.841 INFO Skip version 1.1.3, because it's not in the list of versions to be modified.
2025-06-24 08:06:41.843 INFO Skip version 1.1.4, because it's not in the list of versions to be modified.
2025-06-24 08:06:41.844 INFO Skip version 1.1.6, because it's not in the list of versions to be modified.
2025-06-24 08:06:41.846 INFO Skip version 1.1.7, because it's not in the list of versions to be modified.
2025-06-24 08:06:41.847 INFO Skip version 1.1.8, because it's not in the list of versions to be modified.
2025-06-24 08:06:41.848 INFO Skip version 1.1.9, because it's not in the list of versions to be modified.
2025-06-24 08:06:41.849 INFO Skip version 1.2.0, because it's not in the list of versions to be modified.
2025-06-24 08:06:41.850 INFO Skip version 1.2.1, because it's not in the list of versions to be modified.
2025-06-24 08:06:41.851 INFO Skip version 1.2.2, because it's not in the list of versions to be modified.
2025-06-24 08:06:41.853 INFO Skip version 1.2.3, because it's not in the list of versions to be modified.
2025-06-24 08:06:41.854 INFO All manifests have been modified and pushed through.
2025-06-24 08:06:46.827 INFO Workspace clean-up completed.
~~ End of logging ~~
