~~ Start logging ~~
2025-06-24 08:21:34.163 FUN https://www.bilibili.com/video/BV1SnNbzFEkG/
2025-06-24 08:21:34.185 INFO Found the following version folder: ['1.0.1', '1.0.10', '1.0.11', '1.0.2', '1.0.3', '1.0.4', '1.0.5', '1.0.6', '1.0.7', '1.0.8', '1.0.9', '1.1.0', '1.1.1', '1.1.10', '1.1.11', '1.1.12', '1.1.13', '1.1.14', '1.1.2', '1.1.3', '1.1.4', '1.1.6', '1.1.7', '1.1.8', '1.1.9', '1.2.0', '1.2.1', '1.2.2', '1.2.3']
2025-06-24 08:21:34.186 INFO Skip version 1.0.1, because it's not in the list of versions to be modified.
2025-06-24 08:21:34.187 INFO Skip version 1.0.10, because it's not in the list of versions to be modified.
2025-06-24 08:21:34.188 INFO Skip version 1.0.11, because it's not in the list of versions to be modified.
2025-06-24 08:21:34.189 INFO Skip version 1.0.2, because it's not in the list of versions to be modified.
2025-06-24 08:21:34.191 INFO Skip version 1.0.3, because it's not in the list of versions to be modified.
2025-06-24 08:21:34.192 INFO Skip version 1.0.4, because it's not in the list of versions to be modified.
2025-06-24 08:21:34.193 INFO Skip version 1.0.5, because it's not in the list of versions to be modified.
2025-06-24 08:21:34.195 INFO Skip version 1.0.6, because it's not in the list of versions to be modified.
2025-06-24 08:21:34.196 INFO Skip version 1.0.7, because it's not in the list of versions to be modified.
2025-06-24 08:21:34.197 INFO Skip version 1.0.8, because it's not in the list of versions to be modified.
2025-06-24 08:21:34.197 INFO Skip version 1.0.9, because it's not in the list of versions to be modified.
2025-06-24 08:21:34.199 INFO Skip version 1.1.0, because it's not in the list of versions to be modified.
2025-06-24 08:21:34.200 INFO Skip version 1.1.1, because it's not in the list of versions to be modified.
2025-06-24 08:21:34.202 INFO Skip version 1.1.10, because it's not in the list of versions to be modified.
2025-06-24 08:21:34.203 INFO Skip version 1.1.11, because it's not in the list of versions to be modified.
2025-06-24 08:21:34.204 INFO Skip version 1.1.12, because it's not in the list of versions to be modified.
2025-06-24 08:21:34.205 INFO Skip version 1.1.13, because it's not in the list of versions to be modified.
2025-06-24 08:21:34.206 INFO Skip version 1.1.14, because it's not in the list of versions to be modified.
2025-06-24 08:21:34.206 INFO Skip version 1.1.2, because it's not in the list of versions to be modified.
2025-06-24 08:21:34.207 INFO Skip version 1.1.3, because it's not in the list of versions to be modified.
2025-06-24 08:21:34.208 INFO Skip version 1.1.4, because it's not in the list of versions to be modified.
2025-06-24 08:21:34.208 INFO Skip version 1.1.6, because it's not in the list of versions to be modified.
2025-06-24 08:21:34.210 INFO Processing version folder: 1.1.7
2025-06-24 08:21:34.211 INFO   Create and checkout to a new branch: Modify-S-DuckStudio.Sundry-1.1.7-1750724494
2025-06-24 08:21:45.656 INFO   Processing of manifest: D:\...\winget-pkgs\manifests\d\DuckStudio\Sundry\1.1.7\DuckStudio.Sundry.installer.yaml
2025-06-24 08:21:45.668 INFO     The manifest file has been saved as: D:\...\winget-pkgs\manifests\d\DuckStudio\Sundry\1.1.7\DuckStudio.Sundry.installer.yaml
2025-06-24 08:21:45.873 INFO   Processing of manifest: D:\...\winget-pkgs\manifests\d\DuckStudio\Sundry\1.1.7\DuckStudio.Sundry.locale.en-US.yaml
2025-06-24 08:21:45.880 INFO     The manifest file has been saved as: D:\...\winget-pkgs\manifests\d\DuckStudio\Sundry\1.1.7\DuckStudio.Sundry.locale.en-US.yaml
2025-06-24 08:21:46.660 INFO   Processing of manifest: D:\...\winget-pkgs\manifests\d\DuckStudio\Sundry\1.1.7\DuckStudio.Sundry.locale.zh-CN.yaml
2025-06-24 08:21:46.690 INFO     The manifest file has been saved as: D:\...\winget-pkgs\manifests\d\DuckStudio\Sundry\1.1.7\DuckStudio.Sundry.locale.zh-CN.yaml
2025-06-24 08:21:46.238 INFO   Processing of manifest: D:\...\winget-pkgs\manifests\d\DuckStudio\Sundry\1.1.7\DuckStudio.Sundry.yaml
2025-06-24 08:21:46.243 INFO     The manifest file has been saved as: D:\...\winget-pkgs\manifests\d\DuckStudio\Sundry\1.1.7\DuckStudio.Sundry.yaml
2025-06-24 08:22:08.367 INFO     清单具有以下未验证的依赖项;确保它们有效：
2025-06-24 08:22:08.369 INFO       - 程序包
2025-06-24 08:22:08.370 INFO           DuckStudio.GitHubLabelsManager [>= 1.7]
2025-06-24 08:22:08.371 INFO           Git.Git
2025-06-24 08:22:08.372 INFO           GitHub.cli
2025-06-24 08:22:08.374 INFO     清单验证成功。
2025-06-24 08:22:08.380 INFO   Staging and Committing Changes to Git
2025-06-24 08:22:14.920 INFO     Commit message: Modify: DuckStudio.Sundry version 1.1.7 (Auto)
2025-06-24 08:22:14.921 INFO   Pushing changes to remote (origin) repository
2025-06-24 08:22:19.211 INFO     Successfully pushed to remote (origin): Modify-S-DuckStudio.Sundry-1.1.7-1750724494
2025-06-24 08:22:20.796 INFO     Pull request created successfully: https://github.com/microsoft/winget-pkgs/pull/267808
2025-06-24 08:22:20.798 INFO Skip version 1.1.8, because it's not in the list of versions to be modified.
2025-06-24 08:22:20.799 INFO Skip version 1.1.9, because it's not in the list of versions to be modified.
2025-06-24 08:22:20.800 INFO Skip version 1.2.0, because it's not in the list of versions to be modified.
2025-06-24 08:22:20.801 INFO Skip version 1.2.1, because it's not in the list of versions to be modified.
2025-06-24 08:22:20.802 INFO Skip version 1.2.2, because it's not in the list of versions to be modified.
2025-06-24 08:22:20.803 INFO Skip version 1.2.3, because it's not in the list of versions to be modified.
2025-06-24 08:22:20.803 INFO All manifests have been modified and pushed through.
2025-06-24 08:22:25.978 INFO Workspace clean-up completed.
~~ End of logging ~~
