~~ Start logging ~~
2025-06-24 08:01:30.631 FUN 进不去！怎么想都进不去吧！
2025-06-24 08:01:30.105 INFO Found the following version folder: ['1.0.1', '1.0.10', '1.0.11', '1.0.2', '1.0.3', '1.0.4', '1.0.5', '1.0.6', '1.0.7', '1.0.8', '1.0.9', '1.1.0', '1.1.1', '1.1.10', '1.1.11', '1.1.12', '1.1.13', '1.1.14', '1.1.2', '1.1.3', '1.1.4', '1.1.6', '1.1.7', '1.1.8', '1.1.9', '1.2.0', '1.2.1', '1.2.2', '1.2.3']
2025-06-24 08:01:30.106 INFO Skip version 1.0.1, because it's not in the list of versions to be modified.
2025-06-24 08:01:30.107 INFO Skip version 1.0.10, because it's not in the list of versions to be modified.
2025-06-24 08:01:30.108 INFO Skip version 1.0.11, because it's not in the list of versions to be modified.
2025-06-24 08:01:30.109 INFO Skip version 1.0.2, because it's not in the list of versions to be modified.
2025-06-24 08:01:30.109 INFO Skip version 1.0.3, because it's not in the list of versions to be modified.
2025-06-24 08:01:30.110 INFO Skip version 1.0.4, because it's not in the list of versions to be modified.
2025-06-24 08:01:30.111 INFO Skip version 1.0.5, because it's not in the list of versions to be modified.
2025-06-24 08:01:30.111 INFO Skip version 1.0.6, because it's not in the list of versions to be modified.
2025-06-24 08:01:30.112 INFO Processing version folder: 1.0.7
2025-06-24 08:01:30.112 INFO   Create and checkout to a new branch: Modify-S-DuckStudio.Sundry-1.0.7-1750723290
2025-06-24 08:01:39.975 INFO   Processing of manifest: D:\...\winget-pkgs\manifests\d\DuckStudio\Sundry\1.0.7\DuckStudio.Sundry.installer.yaml
2025-06-24 08:01:39.978 INFO     The manifest file has been saved as: D:\...\winget-pkgs\manifests\d\DuckStudio\Sundry\1.0.7\DuckStudio.Sundry.installer.yaml
2025-06-24 08:01:40.181 INFO   Processing of manifest: D:\...\winget-pkgs\manifests\d\DuckStudio\Sundry\1.0.7\DuckStudio.Sundry.locale.en-US.yaml
2025-06-24 08:01:40.194 INFO     The manifest file has been saved as: D:\...\winget-pkgs\manifests\d\DuckStudio\Sundry\1.0.7\DuckStudio.Sundry.locale.en-US.yaml
2025-06-24 08:01:40.335 INFO   Processing of manifest: D:\...\winget-pkgs\manifests\d\DuckStudio\Sundry\1.0.7\DuckStudio.Sundry.locale.zh-CN.yaml
2025-06-24 08:01:40.338 INFO     The manifest file has been saved as: D:\...\winget-pkgs\manifests\d\DuckStudio\Sundry\1.0.7\DuckStudio.Sundry.locale.zh-CN.yaml
2025-06-24 08:01:40.467 INFO   Processing of manifest: D:\...\winget-pkgs\manifests\d\DuckStudio\Sundry\1.0.7\DuckStudio.Sundry.yaml
2025-06-24 08:01:40.470 INFO     The manifest file has been saved as: D:\...\winget-pkgs\manifests\d\DuckStudio\Sundry\1.0.7\DuckStudio.Sundry.yaml
2025-06-24 08:02:28.579 INFO     清单具有以下未验证的依赖项;确保它们有效：
2025-06-24 08:02:28.591 INFO       - 程序包
2025-06-24 08:02:28.600 INFO           DuckStudio.GitHubLabelsManager [>= 1.7]
2025-06-24 08:02:28.609 INFO           Git.Git
2025-06-24 08:02:28.619 INFO           GitHub.cli
2025-06-24 08:02:28.629 INFO     清单验证成功。
2025-06-24 08:02:28.689 INFO   Staging and Committing Changes to Git
2025-06-24 08:02:33.506 INFO     Commit message: Modify: DuckStudio.Sundry version 1.0.7 (Auto)
2025-06-24 08:02:33.507 INFO   Pushing changes to remote (origin) repository
2025-06-24 08:02:38.369 INFO     Successfully pushed to remote (origin): Modify-S-DuckStudio.Sundry-1.0.7-1750723290
2025-06-24 08:02:40.623 INFO     Pull request created successfully: https://github.com/microsoft/winget-pkgs/pull/267785
2025-06-24 08:02:40.646 INFO Skip version 1.0.8, because it's not in the list of versions to be modified.
2025-06-24 08:02:40.663 INFO Skip version 1.0.9, because it's not in the list of versions to be modified.
2025-06-24 08:02:40.676 INFO Skip version 1.1.0, because it's not in the list of versions to be modified.
2025-06-24 08:02:40.690 INFO Skip version 1.1.1, because it's not in the list of versions to be modified.
2025-06-24 08:02:40.703 INFO Skip version 1.1.10, because it's not in the list of versions to be modified.
2025-06-24 08:02:40.719 INFO Skip version 1.1.11, because it's not in the list of versions to be modified.
2025-06-24 08:02:40.734 INFO Skip version 1.1.12, because it's not in the list of versions to be modified.
2025-06-24 08:02:40.743 INFO Skip version 1.1.13, because it's not in the list of versions to be modified.
2025-06-24 08:02:40.754 INFO Skip version 1.1.14, because it's not in the list of versions to be modified.
2025-06-24 08:02:40.764 INFO Skip version 1.1.2, because it's not in the list of versions to be modified.
2025-06-24 08:02:40.774 INFO Skip version 1.1.3, because it's not in the list of versions to be modified.
2025-06-24 08:02:40.784 INFO Skip version 1.1.4, because it's not in the list of versions to be modified.
2025-06-24 08:02:40.793 INFO Skip version 1.1.6, because it's not in the list of versions to be modified.
2025-06-24 08:02:40.803 INFO Skip version 1.1.7, because it's not in the list of versions to be modified.
2025-06-24 08:02:40.813 INFO Skip version 1.1.8, because it's not in the list of versions to be modified.
2025-06-24 08:02:40.828 INFO Skip version 1.1.9, because it's not in the list of versions to be modified.
2025-06-24 08:02:40.840 INFO Skip version 1.2.0, because it's not in the list of versions to be modified.
2025-06-24 08:02:40.849 INFO Skip version 1.2.1, because it's not in the list of versions to be modified.
2025-06-24 08:02:40.862 INFO Skip version 1.2.2, because it's not in the list of versions to be modified.
2025-06-24 08:02:40.871 INFO Skip version 1.2.3, because it's not in the list of versions to be modified.
2025-06-24 08:02:40.881 INFO All manifests have been modified and pushed through.
2025-06-24 08:02:44.782 INFO Workspace clean-up completed.
~~ End of logging ~~
