~~ Start logging ~~
2025-06-24 08:18:00.427 FUN 算了懒得写了
2025-06-24 08:18:00.449 INFO Found the following version folder: ['1.0.1', '1.0.10', '1.0.11', '1.0.2', '1.0.3', '1.0.4', '1.0.5', '1.0.6', '1.0.7', '1.0.8', '1.0.9', '1.1.0', '1.1.1', '1.1.10', '1.1.11', '1.1.12', '1.1.13', '1.1.14', '1.1.2', '1.1.3', '1.1.4', '1.1.6', '1.1.7', '1.1.8', '1.1.9', '1.2.0', '1.2.1', '1.2.2', '1.2.3']
2025-06-24 08:18:00.450 INFO Skip version 1.0.1, because it's not in the list of versions to be modified.
2025-06-24 08:18:00.451 INFO Skip version 1.0.10, because it's not in the list of versions to be modified.
2025-06-24 08:18:00.453 INFO Skip version 1.0.11, because it's not in the list of versions to be modified.
2025-06-24 08:18:00.453 INFO Skip version 1.0.2, because it's not in the list of versions to be modified.
2025-06-24 08:18:00.454 INFO Skip version 1.0.3, because it's not in the list of versions to be modified.
2025-06-24 08:18:00.455 INFO Skip version 1.0.4, because it's not in the list of versions to be modified.
2025-06-24 08:18:00.455 INFO Skip version 1.0.5, because it's not in the list of versions to be modified.
2025-06-24 08:18:00.456 INFO Skip version 1.0.6, because it's not in the list of versions to be modified.
2025-06-24 08:18:00.457 INFO Skip version 1.0.7, because it's not in the list of versions to be modified.
2025-06-24 08:18:00.457 INFO Skip version 1.0.8, because it's not in the list of versions to be modified.
2025-06-24 08:18:00.458 INFO Skip version 1.0.9, because it's not in the list of versions to be modified.
2025-06-24 08:18:00.459 INFO Skip version 1.1.0, because it's not in the list of versions to be modified.
2025-06-24 08:18:00.460 INFO Skip version 1.1.1, because it's not in the list of versions to be modified.
2025-06-24 08:18:00.461 INFO Skip version 1.1.10, because it's not in the list of versions to be modified.
2025-06-24 08:18:00.462 INFO Skip version 1.1.11, because it's not in the list of versions to be modified.
2025-06-24 08:18:00.463 INFO Skip version 1.1.12, because it's not in the list of versions to be modified.
2025-06-24 08:18:00.464 INFO Skip version 1.1.13, because it's not in the list of versions to be modified.
2025-06-24 08:18:00.465 INFO Skip version 1.1.14, because it's not in the list of versions to be modified.
2025-06-24 08:18:00.466 INFO Skip version 1.1.2, because it's not in the list of versions to be modified.
2025-06-24 08:18:00.466 INFO Skip version 1.1.3, because it's not in the list of versions to be modified.
2025-06-24 08:18:00.467 INFO Processing version folder: 1.1.4
2025-06-24 08:18:00.468 INFO   Create and checkout to a new branch: Modify-S-DuckStudio.Sundry-1.1.4-1750724280
2025-06-24 08:18:11.180 INFO   Processing of manifest: D:\...\winget-pkgs\manifests\d\DuckStudio\Sundry\1.1.4\DuckStudio.Sundry.installer.yaml
2025-06-24 08:18:11.185 INFO     The manifest file has been saved as: D:\...\winget-pkgs\manifests\d\DuckStudio\Sundry\1.1.4\DuckStudio.Sundry.installer.yaml
2025-06-24 08:18:11.371 INFO   Processing of manifest: D:\...\winget-pkgs\manifests\d\DuckStudio\Sundry\1.1.4\DuckStudio.Sundry.locale.en-US.yaml
2025-06-24 08:18:11.375 INFO     The manifest file has been saved as: D:\...\winget-pkgs\manifests\d\DuckStudio\Sundry\1.1.4\DuckStudio.Sundry.locale.en-US.yaml
2025-06-24 08:18:11.504 INFO   Processing of manifest: D:\...\winget-pkgs\manifests\d\DuckStudio\Sundry\1.1.4\DuckStudio.Sundry.locale.zh-CN.yaml
2025-06-24 08:18:11.507 INFO     The manifest file has been saved as: D:\...\winget-pkgs\manifests\d\DuckStudio\Sundry\1.1.4\DuckStudio.Sundry.locale.zh-CN.yaml
2025-06-24 08:18:11.645 INFO   Processing of manifest: D:\...\winget-pkgs\manifests\d\DuckStudio\Sundry\1.1.4\DuckStudio.Sundry.yaml
2025-06-24 08:18:11.649 INFO     The manifest file has been saved as: D:\...\winget-pkgs\manifests\d\DuckStudio\Sundry\1.1.4\DuckStudio.Sundry.yaml
2025-06-24 08:18:36.871 INFO     清单具有以下未验证的依赖项;确保它们有效：
2025-06-24 08:18:36.888 INFO       - 程序包
2025-06-24 08:18:36.904 INFO           DuckStudio.GitHubLabelsManager [>= 1.7]
2025-06-24 08:18:36.919 INFO           Git.Git
2025-06-24 08:18:36.931 INFO           GitHub.cli
2025-06-24 08:18:36.945 INFO     清单验证成功。
2025-06-24 08:18:36.101 INFO   Staging and Committing Changes to Git
2025-06-24 08:18:42.118 INFO     Commit message: Modify: DuckStudio.Sundry version 1.1.4 (Auto)
2025-06-24 08:18:42.119 INFO   Pushing changes to remote (origin) repository
2025-06-24 08:18:46.130 INFO     Successfully pushed to remote (origin): Modify-S-DuckStudio.Sundry-1.1.4-1750724280
2025-06-24 08:18:47.921 INFO     Pull request created successfully: https://github.com/microsoft/winget-pkgs/pull/267803
2025-06-24 08:18:47.922 INFO Skip version 1.1.6, because it's not in the list of versions to be modified.
2025-06-24 08:18:47.923 INFO Skip version 1.1.7, because it's not in the list of versions to be modified.
2025-06-24 08:18:47.924 INFO Skip version 1.1.8, because it's not in the list of versions to be modified.
2025-06-24 08:18:47.925 INFO Skip version 1.1.9, because it's not in the list of versions to be modified.
2025-06-24 08:18:47.926 INFO Skip version 1.2.0, because it's not in the list of versions to be modified.
2025-06-24 08:18:47.928 INFO Skip version 1.2.1, because it's not in the list of versions to be modified.
2025-06-24 08:18:47.929 INFO Skip version 1.2.2, because it's not in the list of versions to be modified.
2025-06-24 08:18:47.930 INFO Skip version 1.2.3, because it's not in the list of versions to be modified.
2025-06-24 08:18:47.931 INFO All manifests have been modified and pushed through.
2025-06-24 08:18:53.656 INFO Workspace clean-up completed.
~~ End of logging ~~
