~~ Start logging ~~
2025-06-24 08:04:25.747 FUN o((>ω< ))o
2025-06-24 08:04:25.773 INFO Found the following version folder: ['1.0.1', '1.0.10', '1.0.11', '1.0.2', '1.0.3', '1.0.4', '1.0.5', '1.0.6', '1.0.7', '1.0.8', '1.0.9', '1.1.0', '1.1.1', '1.1.10', '1.1.11', '1.1.12', '1.1.13', '1.1.14', '1.1.2', '1.1.3', '1.1.4', '1.1.6', '1.1.7', '1.1.8', '1.1.9', '1.2.0', '1.2.1', '1.2.2', '1.2.3']
2025-06-24 08:04:25.774 INFO Skip version 1.0.1, because it's not in the list of versions to be modified.
2025-06-24 08:04:25.775 INFO Skip version 1.0.10, because it's not in the list of versions to be modified.
2025-06-24 08:04:25.777 INFO Skip version 1.0.11, because it's not in the list of versions to be modified.
2025-06-24 08:04:25.778 INFO Skip version 1.0.2, because it's not in the list of versions to be modified.
2025-06-24 08:04:25.779 INFO Skip version 1.0.3, because it's not in the list of versions to be modified.
2025-06-24 08:04:25.780 INFO Skip version 1.0.4, because it's not in the list of versions to be modified.
2025-06-24 08:04:25.781 INFO Skip version 1.0.5, because it's not in the list of versions to be modified.
2025-06-24 08:04:25.781 INFO Skip version 1.0.6, because it's not in the list of versions to be modified.
2025-06-24 08:04:25.782 INFO Skip version 1.0.7, because it's not in the list of versions to be modified.
2025-06-24 08:04:25.783 INFO Skip version 1.0.8, because it's not in the list of versions to be modified.
2025-06-24 08:04:25.784 INFO Processing version folder: 1.0.9
2025-06-24 08:04:25.795 INFO   Create and checkout to a new branch: Modify-S-DuckStudio.Sundry-1.0.9-1750723465
2025-06-24 08:04:35.798 INFO   Processing of manifest: D:\...\winget-pkgs\manifests\d\DuckStudio\Sundry\1.0.9\DuckStudio.Sundry.installer.yaml
2025-06-24 08:04:35.810 INFO     The manifest file has been saved as: D:\...\winget-pkgs\manifests\d\DuckStudio\Sundry\1.0.9\DuckStudio.Sundry.installer.yaml
2025-06-24 08:04:36.537 INFO   Processing of manifest: D:\...\winget-pkgs\manifests\d\DuckStudio\Sundry\1.0.9\DuckStudio.Sundry.locale.en-US.yaml
2025-06-24 08:04:36.101 INFO     The manifest file has been saved as: D:\...\winget-pkgs\manifests\d\DuckStudio\Sundry\1.0.9\DuckStudio.Sundry.locale.en-US.yaml
2025-06-24 08:04:36.163 INFO   Processing of manifest: D:\...\winget-pkgs\manifests\d\DuckStudio\Sundry\1.0.9\DuckStudio.Sundry.locale.zh-CN.yaml
2025-06-24 08:04:36.165 INFO     The manifest file has been saved as: D:\...\winget-pkgs\manifests\d\DuckStudio\Sundry\1.0.9\DuckStudio.Sundry.locale.zh-CN.yaml
2025-06-24 08:04:36.301 INFO   Processing of manifest: D:\...\winget-pkgs\manifests\d\DuckStudio\Sundry\1.0.9\DuckStudio.Sundry.yaml
2025-06-24 08:04:36.304 INFO     The manifest file has been saved as: D:\...\winget-pkgs\manifests\d\DuckStudio\Sundry\1.0.9\DuckStudio.Sundry.yaml
2025-06-24 08:05:07.937 INFO     清单具有以下未验证的依赖项;确保它们有效：
2025-06-24 08:05:07.938 INFO       - 程序包
2025-06-24 08:05:07.939 INFO           DuckStudio.GitHubLabelsManager [>= 1.7]
2025-06-24 08:05:07.940 INFO           Git.Git
2025-06-24 08:05:07.940 INFO           GitHub.cli
2025-06-24 08:05:07.941 INFO     清单验证成功。
2025-06-24 08:05:07.947 INFO   Staging and Committing Changes to Git
2025-06-24 08:05:13.901 INFO     Commit message: Modify: DuckStudio.Sundry version 1.0.9 (Auto)
2025-06-24 08:05:13.903 INFO   Pushing changes to remote (origin) repository
2025-06-24 08:05:19.135 INFO     Successfully pushed to remote (origin): Modify-S-DuckStudio.Sundry-1.0.9-1750723465
2025-06-24 08:05:20.797 INFO     Pull request created successfully: https://github.com/microsoft/winget-pkgs/pull/267787
2025-06-24 08:05:20.799 INFO Skip version 1.1.0, because it's not in the list of versions to be modified.
2025-06-24 08:05:20.801 INFO Skip version 1.1.1, because it's not in the list of versions to be modified.
2025-06-24 08:05:20.802 INFO Skip version 1.1.10, because it's not in the list of versions to be modified.
2025-06-24 08:05:20.804 INFO Skip version 1.1.11, because it's not in the list of versions to be modified.
2025-06-24 08:05:20.805 INFO Skip version 1.1.12, because it's not in the list of versions to be modified.
2025-06-24 08:05:20.806 INFO Skip version 1.1.13, because it's not in the list of versions to be modified.
2025-06-24 08:05:20.808 INFO Skip version 1.1.14, because it's not in the list of versions to be modified.
2025-06-24 08:05:20.809 INFO Skip version 1.1.2, because it's not in the list of versions to be modified.
2025-06-24 08:05:20.810 INFO Skip version 1.1.3, because it's not in the list of versions to be modified.
2025-06-24 08:05:20.811 INFO Skip version 1.1.4, because it's not in the list of versions to be modified.
2025-06-24 08:05:20.813 INFO Skip version 1.1.6, because it's not in the list of versions to be modified.
2025-06-24 08:05:20.814 INFO Skip version 1.1.7, because it's not in the list of versions to be modified.
2025-06-24 08:05:20.816 INFO Skip version 1.1.8, because it's not in the list of versions to be modified.
2025-06-24 08:05:20.818 INFO Skip version 1.1.9, because it's not in the list of versions to be modified.
2025-06-24 08:05:20.819 INFO Skip version 1.2.0, because it's not in the list of versions to be modified.
2025-06-24 08:05:20.820 INFO Skip version 1.2.1, because it's not in the list of versions to be modified.
2025-06-24 08:05:20.822 INFO Skip version 1.2.2, because it's not in the list of versions to be modified.
2025-06-24 08:05:20.823 INFO Skip version 1.2.3, because it's not in the list of versions to be modified.
2025-06-24 08:05:20.825 INFO All manifests have been modified and pushed through.
2025-06-24 08:05:25.650 INFO Workspace clean-up completed.
~~ End of logging ~~
