~~ Start logging ~~
2025-06-24 07:51:57.363 FUN Never Gonna Give You Up!
2025-06-24 07:51:57.679 INFO Found the following version folder: ['1.0.1', '1.0.10', '1.0.11', '1.0.2', '1.0.3', '1.0.4', '1.0.5', '1.0.6', '1.0.7', '1.0.8', '1.0.9', '1.1.0', '1.1.1', '1.1.10', '1.1.11', '1.1.12', '1.1.13', '1.1.14', '1.1.2', '1.1.3', '1.1.4', '1.1.6', '1.1.7', '1.1.8', '1.1.9', '1.2.0', '1.2.1', '1.2.2', '1.2.3']
2025-06-24 07:51:57.692 INFO Skip version 1.0.1, because it's not in the list of versions to be modified.
2025-06-24 07:51:57.702 INFO Processing version folder: 1.0.10
2025-06-24 07:51:57.716 INFO   Create and checkout to a new branch: Modify-S-DuckStudio.Sundry-1.0.10-1750722717
2025-06-24 07:52:14.275 INFO   Processing of manifest: D:\...\winget-pkgs\manifests\d\DuckStudio\Sundry\1.0.10\DuckStudio.Sundry.installer.yaml
2025-06-24 07:52:14.313 INFO     The manifest file has been saved as: D:\...\winget-pkgs\manifests\d\DuckStudio\Sundry\1.0.10\DuckStudio.Sundry.installer.yaml
2025-06-24 07:52:14.587 INFO   Processing of manifest: D:\...\winget-pkgs\manifests\d\DuckStudio\Sundry\1.0.10\DuckStudio.Sundry.locale.en-US.yaml
2025-06-24 07:52:14.625 INFO     The manifest file has been saved as: D:\...\winget-pkgs\manifests\d\DuckStudio\Sundry\1.0.10\DuckStudio.Sundry.locale.en-US.yaml
2025-06-24 07:52:14.770 INFO   Processing of manifest: D:\...\winget-pkgs\manifests\d\DuckStudio\Sundry\1.0.10\DuckStudio.Sundry.locale.zh-CN.yaml
2025-06-24 07:52:14.807 INFO     The manifest file has been saved as: D:\...\winget-pkgs\manifests\d\DuckStudio\Sundry\1.0.10\DuckStudio.Sundry.locale.zh-CN.yaml
2025-06-24 07:52:14.985 INFO   Processing of manifest: D:\...\winget-pkgs\manifests\d\DuckStudio\Sundry\1.0.10\DuckStudio.Sundry.yaml
2025-06-24 07:52:14.987 INFO     The manifest file has been saved as: D:\...\winget-pkgs\manifests\d\DuckStudio\Sundry\1.0.10\DuckStudio.Sundry.yaml
2025-06-24 07:52:39.381 INFO     清单具有以下未验证的依赖项;确保它们有效：
2025-06-24 07:52:39.383 INFO       - 程序包
2025-06-24 07:52:39.385 INFO           DuckStudio.GitHubLabelsManager [>= 1.7]
2025-06-24 07:52:39.387 INFO           Git.Git
2025-06-24 07:52:39.388 INFO           GitHub.cli
2025-06-24 07:52:39.390 INFO     清单验证成功。
2025-06-24 07:52:39.396 INFO   Staging and Committing Changes to Git
2025-06-24 07:52:45.215 INFO     Commit message: Modify: DuckStudio.Sundry version 1.0.10 (Auto)
2025-06-24 07:52:45.216 INFO   Pushing changes to remote (origin) repository
2025-06-24 07:52:49.490 INFO     Successfully pushed to remote (origin): Modify-S-DuckStudio.Sundry-1.0.10-1750722717
2025-06-24 07:52:51.481 INFO     Pull request created successfully: https://github.com/microsoft/winget-pkgs/pull/267779
2025-06-24 07:52:51.484 INFO Skip version 1.0.11, because it's not in the list of versions to be modified.
2025-06-24 07:52:51.485 INFO Skip version 1.0.2, because it's not in the list of versions to be modified.
2025-06-24 07:52:51.487 INFO Skip version 1.0.3, because it's not in the list of versions to be modified.
2025-06-24 07:52:51.489 INFO Skip version 1.0.4, because it's not in the list of versions to be modified.
2025-06-24 07:52:51.490 INFO Skip version 1.0.5, because it's not in the list of versions to be modified.
2025-06-24 07:52:51.492 INFO Skip version 1.0.6, because it's not in the list of versions to be modified.
2025-06-24 07:52:51.493 INFO Skip version 1.0.7, because it's not in the list of versions to be modified.
2025-06-24 07:52:51.495 INFO Skip version 1.0.8, because it's not in the list of versions to be modified.
2025-06-24 07:52:51.496 INFO Skip version 1.0.9, because it's not in the list of versions to be modified.
2025-06-24 07:52:51.498 INFO Skip version 1.1.0, because it's not in the list of versions to be modified.
2025-06-24 07:52:51.500 INFO Skip version 1.1.1, because it's not in the list of versions to be modified.
2025-06-24 07:52:51.502 INFO Skip version 1.1.10, because it's not in the list of versions to be modified.
2025-06-24 07:52:51.504 INFO Skip version 1.1.11, because it's not in the list of versions to be modified.
2025-06-24 07:52:51.505 INFO Skip version 1.1.12, because it's not in the list of versions to be modified.
2025-06-24 07:52:51.507 INFO Skip version 1.1.13, because it's not in the list of versions to be modified.
2025-06-24 07:52:51.509 INFO Skip version 1.1.14, because it's not in the list of versions to be modified.
2025-06-24 07:52:51.510 INFO Skip version 1.1.2, because it's not in the list of versions to be modified.
2025-06-24 07:52:51.512 INFO Skip version 1.1.3, because it's not in the list of versions to be modified.
2025-06-24 07:52:51.514 INFO Skip version 1.1.4, because it's not in the list of versions to be modified.
2025-06-24 07:52:51.516 INFO Skip version 1.1.6, because it's not in the list of versions to be modified.
2025-06-24 07:52:51.517 INFO Skip version 1.1.7, because it's not in the list of versions to be modified.
2025-06-24 07:52:51.520 INFO Skip version 1.1.8, because it's not in the list of versions to be modified.
2025-06-24 07:52:51.522 INFO Skip version 1.1.9, because it's not in the list of versions to be modified.
2025-06-24 07:52:51.523 INFO Skip version 1.2.0, because it's not in the list of versions to be modified.
2025-06-24 07:52:51.525 INFO Skip version 1.2.1, because it's not in the list of versions to be modified.
2025-06-24 07:52:51.526 INFO Skip version 1.2.2, because it's not in the list of versions to be modified.
2025-06-24 07:52:51.528 INFO Skip version 1.2.3, because it's not in the list of versions to be modified.
2025-06-24 07:52:51.530 INFO All manifests have been modified and pushed through.
2025-06-24 07:52:56.399 INFO Workspace clean-up completed.
~~ End of logging ~~
