~~ Start logging ~~
2025-08-21 06:54:51.712 FUN >.<
2025-08-21 06:54:51.741 INFO Found the following version folder: ['1.0.1', '1.0.10', '1.0.11', '1.0.2', '1.0.3', '1.0.4', '1.0.5', '1.0.6', '1.0.7', '1.0.8', '1.0.9', '1.1.0', '1.1.1', '1.1.10', '1.1.11', '1.1.12', '1.1.13', '1.1.14', '1.1.2', '1.1.3', '1.1.4', '1.1.6', '1.1.7', '1.1.8', '1.1.9', '1.2.0', '1.2.1', '1.2.2', '1.2.3', '1.2.4', '1.2.5', '1.2.6', '1.2.7', '1.2.8', '1.2.9', '1.3.0', '1.3.1', '1.3.2', '1.3.3', '1.3.4', '1.3.7']
2025-08-21 06:54:51.742 INFO Skip version 1.0.1, because it's not in the list of versions to be modified.
2025-08-21 06:54:51.744 INFO Skip version 1.0.10, because it's not in the list of versions to be modified.
2025-08-21 06:54:51.744 INFO Skip version 1.0.11, because it's not in the list of versions to be modified.
2025-08-21 06:54:51.745 INFO Skip version 1.0.2, because it's not in the list of versions to be modified.
2025-08-21 06:54:51.746 INFO Skip version 1.0.3, because it's not in the list of versions to be modified.
2025-08-21 06:54:51.746 INFO Skip version 1.0.4, because it's not in the list of versions to be modified.
2025-08-21 06:54:51.747 INFO Skip version 1.0.5, because it's not in the list of versions to be modified.
2025-08-21 06:54:51.748 INFO Skip version 1.0.6, because it's not in the list of versions to be modified.
2025-08-21 06:54:51.748 INFO Skip version 1.0.7, because it's not in the list of versions to be modified.
2025-08-21 06:54:51.749 INFO Skip version 1.0.8, because it's not in the list of versions to be modified.
2025-08-21 06:54:51.750 INFO Skip version 1.0.9, because it's not in the list of versions to be modified.
2025-08-21 06:54:51.750 INFO Skip version 1.1.0, because it's not in the list of versions to be modified.
2025-08-21 06:54:51.751 INFO Skip version 1.1.1, because it's not in the list of versions to be modified.
2025-08-21 06:54:51.751 INFO Skip version 1.1.10, because it's not in the list of versions to be modified.
2025-08-21 06:54:51.752 INFO Skip version 1.1.11, because it's not in the list of versions to be modified.
2025-08-21 06:54:51.752 INFO Skip version 1.1.12, because it's not in the list of versions to be modified.
2025-08-21 06:54:51.753 INFO Skip version 1.1.13, because it's not in the list of versions to be modified.
2025-08-21 06:54:51.753 INFO Skip version 1.1.14, because it's not in the list of versions to be modified.
2025-08-21 06:54:51.754 INFO Skip version 1.1.2, because it's not in the list of versions to be modified.
2025-08-21 06:54:51.754 INFO Skip version 1.1.3, because it's not in the list of versions to be modified.
2025-08-21 06:54:51.755 INFO Skip version 1.1.4, because it's not in the list of versions to be modified.
2025-08-21 06:54:51.755 INFO Skip version 1.1.6, because it's not in the list of versions to be modified.
2025-08-21 06:54:51.756 INFO Skip version 1.1.7, because it's not in the list of versions to be modified.
2025-08-21 06:54:51.756 INFO Skip version 1.1.8, because it's not in the list of versions to be modified.
2025-08-21 06:54:51.757 INFO Skip version 1.1.9, because it's not in the list of versions to be modified.
2025-08-21 06:54:51.757 INFO Skip version 1.2.0, because it's not in the list of versions to be modified.
2025-08-21 06:54:51.759 INFO Skip version 1.2.1, because it's not in the list of versions to be modified.
2025-08-21 06:54:51.760 INFO Skip version 1.2.2, because it's not in the list of versions to be modified.
2025-08-21 06:54:51.761 INFO Skip version 1.2.3, because it's not in the list of versions to be modified.
2025-08-21 06:54:51.761 INFO Skip version 1.2.4, because it's not in the list of versions to be modified.
2025-08-21 06:54:51.762 INFO Skip version 1.2.5, because it's not in the list of versions to be modified.
2025-08-21 06:54:51.762 INFO Skip version 1.2.6, because it's not in the list of versions to be modified.
2025-08-21 06:54:51.763 INFO Skip version 1.2.7, because it's not in the list of versions to be modified.
2025-08-21 06:54:51.763 INFO Skip version 1.2.8, because it's not in the list of versions to be modified.
2025-08-21 06:54:51.764 INFO Skip version 1.2.9, because it's not in the list of versions to be modified.
2025-08-21 06:54:51.764 INFO Skip version 1.3.0, because it's not in the list of versions to be modified.
2025-08-21 06:54:51.765 INFO Skip version 1.3.1, because it's not in the list of versions to be modified.
2025-08-21 06:54:51.765 INFO Skip version 1.3.2, because it's not in the list of versions to be modified.
2025-08-21 06:54:51.766 INFO Skip version 1.3.3, because it's not in the list of versions to be modified.
2025-08-21 06:54:51.766 INFO Skip version 1.3.4, because it's not in the list of versions to be modified.
2025-08-21 06:54:51.767 INFO Processing version folder: 1.3.7
2025-08-21 06:54:51.767 INFO   Create and checkout to a new branch: New-Version-DuckStudio.Sundry-1.3.7-1755730491
2025-08-21 06:55:10.980 INFO   Processing of manifest: D:\...\winget-pkgs\manifests\d\DuckStudio\Sundry\1.3.7\DuckStudio.Sundry.installer.yaml
2025-08-21 06:55:10.981 INFO     The manifest file has been saved as: D:\...\winget-pkgs\manifests\d\DuckStudio\Sundry\1.3.7\DuckStudio.Sundry.installer.yaml
2025-08-21 06:55:11.148 INFO   Processing of manifest: D:\...\winget-pkgs\manifests\d\DuckStudio\Sundry\1.3.7\DuckStudio.Sundry.locale.en-US.yaml
2025-08-21 06:55:11.150 INFO     The manifest file has been saved as: D:\...\winget-pkgs\manifests\d\DuckStudio\Sundry\1.3.7\DuckStudio.Sundry.locale.en-US.yaml
2025-08-21 06:55:11.253 INFO   Processing of manifest: D:\...\winget-pkgs\manifests\d\DuckStudio\Sundry\1.3.7\DuckStudio.Sundry.locale.zh-CN.yaml
2025-08-21 06:55:11.255 INFO     The manifest file has been saved as: D:\...\winget-pkgs\manifests\d\DuckStudio\Sundry\1.3.7\DuckStudio.Sundry.locale.zh-CN.yaml
2025-08-21 06:55:11.370 INFO   Processing of manifest: D:\...\winget-pkgs\manifests\d\DuckStudio\Sundry\1.3.7\DuckStudio.Sundry.yaml
2025-08-21 06:55:11.373 INFO     The manifest file has been saved as: D:\...\winget-pkgs\manifests\d\DuckStudio\Sundry\1.3.7\DuckStudio.Sundry.yaml
2025-08-21 06:55:11.494 INFO   New manifests in D:\...\winget-pkgs\manifests\d\DuckStudio\Sundry\1.3.7 for DuckStudio.Sundry (1.3.7)
2025-08-21 07:00:35.806 INFO     清单具有以下未验证的依赖项;确保它们有效：
2025-08-21 07:00:35.808 INFO       - 程序包
2025-08-21 07:00:35.809 INFO           DuckStudio.GitHubLabelsManager [>= 1.7]
2025-08-21 07:00:35.810 INFO           Git.Git
2025-08-21 07:00:35.811 INFO           GitHub.cli
2025-08-21 07:00:35.812 INFO     清单验证成功。
2025-08-21 07:00:35.818 INFO   Staging and Committing Changes to Git
2025-08-21 07:00:45.377 INFO     Commit message: New version: DuckStudio.Sundry version 1.3.7 (Auto)
2025-08-21 07:00:45.379 INFO   Pushing changes to remote (origin) repository
2025-08-21 07:00:49.947 INFO     Successfully pushed to remote (origin): New-Version-DuckStudio.Sundry-1.3.7-1755730491
2025-08-21 07:00:51.648 INFO     Pull request created successfully: https://github.com/microsoft/winget-pkgs/pull/285782
2025-08-21 07:00:51.649 INFO All manifests have been modified and pushed through.
2025-08-21 07:00:58.102 INFO Workspace clean-up completed.
~~ End of logging ~~
