~~ Start logging ~~
2025-06-06 13:21:37.659 FUN (*≧︶≦))(￣▽￣* )ゞ
2025-06-06 13:21:37.662 INFO Found the following version folder: ['1.3.2', '1.3.3', '1.3.4', '1.3.5', '1.3.6', '1.3.7', '1.3.7.1', '1.3.8', '1.3.9']
2025-06-06 13:21:37.662 INFO Skip version 1.3.2, because it's not in the list of versions to be modified.
2025-06-06 13:21:37.663 INFO Skip version 1.3.3, because it's not in the list of versions to be modified.
2025-06-06 13:21:37.664 INFO Skip version 1.3.4, because it's not in the list of versions to be modified.
2025-06-06 13:21:37.665 INFO Skip version 1.3.5, because it's not in the list of versions to be modified.
2025-06-06 13:21:37.666 INFO Skip version 1.3.6, because it's not in the list of versions to be modified.
2025-06-06 13:21:37.666 INFO Skip version 1.3.7, because it's not in the list of versions to be modified.
2025-06-06 13:21:37.667 INFO Skip version 1.3.7.1, because it's not in the list of versions to be modified.
2025-06-06 13:21:37.668 INFO Skip version 1.3.8, because it's not in the list of versions to be modified.
2025-06-06 13:21:37.668 INFO Processing version folder: 1.3.9
2025-06-06 13:21:37.669 INFO   Create and checkout to a new branch: New-Version-DuckStudio.FufuTools-1.3.9-1749187297
2025-06-06 13:21:48.608 INFO   Processing of manifest: D:\...\winget-pkgs\manifests\d\DuckStudio\FufuTools\1.3.9\DuckStudio.FufuTools.installer.yaml
2025-06-06 13:21:48.625 INFO     The manifest file has been saved as: D:\...\winget-pkgs\manifests\d\DuckStudio\FufuTools\1.3.9\DuckStudio.FufuTools.installer.yaml
2025-06-06 13:21:48.288 INFO   Processing of manifest: D:\...\winget-pkgs\manifests\d\DuckStudio\FufuTools\1.3.9\DuckStudio.FufuTools.locale.en-US.yaml
2025-06-06 13:21:48.291 INFO     The manifest file has been saved as: D:\...\winget-pkgs\manifests\d\DuckStudio\FufuTools\1.3.9\DuckStudio.FufuTools.locale.en-US.yaml
2025-06-06 13:21:48.440 INFO   Processing of manifest: D:\...\winget-pkgs\manifests\d\DuckStudio\FufuTools\1.3.9\DuckStudio.FufuTools.locale.zh-CN.yaml
2025-06-06 13:21:48.444 INFO     The manifest file has been saved as: D:\...\winget-pkgs\manifests\d\DuckStudio\FufuTools\1.3.9\DuckStudio.FufuTools.locale.zh-CN.yaml
2025-06-06 13:21:48.553 INFO   Processing of manifest: D:\...\winget-pkgs\manifests\d\DuckStudio\FufuTools\1.3.9\DuckStudio.FufuTools.yaml
2025-06-06 13:21:48.556 INFO     The manifest file has been saved as: D:\...\winget-pkgs\manifests\d\DuckStudio\FufuTools\1.3.9\DuckStudio.FufuTools.yaml
2025-06-06 13:21:48.678 INFO   New manifests in D:\...\winget-pkgs\manifests\d\DuckStudio\FufuTools\1.3.9 for DuckStudio.FufuTools (1.3.9)
2025-06-06 13:25:02.802 INFO     清单验证成功。
2025-06-06 13:25:02.812 INFO   Staging and Committing Changes to Git
2025-06-06 13:25:11.897 INFO     Commit message: New version: DuckStudio.FufuTools version 1.3.9 (Auto)
2025-06-06 13:25:11.899 INFO   Pushing changes to remote (origin) repository
2025-06-06 13:25:16.874 INFO     Successfully pushed to remote (origin): New-Version-DuckStudio.FufuTools-1.3.9-1749187297
2025-06-06 13:25:18.741 INFO     Pull request created successfully: https://github.com/microsoft/winget-pkgs/pull/263486
2025-06-06 13:25:18.742 INFO All manifests have been modified and pushed through.
2025-06-06 13:25:23.799 INFO Workspace clean-up completed.
~~ End of logging ~~
