~~ Start logging ~~
2025-04-25 08:11:25.803 FUN 如果你染上了__，你这辈子就完了！
2025-04-25 08:11:25.804 INFO Found the following version folder: ['3.18.1']
2025-04-25 08:11:25.910 INFO Processing version folder: 3.18.1
2025-04-25 08:11:25.911 INFO   Create and checkout to a new branch: NewVersion-HuoHuaSiWei.HuoHuaBianCheng-3.18.1-1745539885
2025-04-25 08:11:31.991 INFO   Processing of manifest: D:\...\winget-pkgs\manifests\h\HuoHuaSiWei\HuoHuaBianCheng\3.18.1\HuoHuaSiWei.HuoHuaBianCheng.installer.yaml
2025-04-25 08:11:31.993 INFO     Replace ManifestVersion: 1.9.0 -> 1.10.0
2025-04-25 08:11:31.994 INFO     Replace schema references: 1.9.0.schema.json -> 1.10.0.schema.json
2025-04-25 08:11:31.994 INFO     Cleaned up HuoHuaSiWei.HuoHuaBianCheng.installer.yaml
2025-04-25 08:11:31.996 INFO     The manifest file has been saved as: D:\...\winget-pkgs\manifests\h\HuoHuaSiWei\HuoHuaBianCheng\3.18.1\HuoHuaSiWei.HuoHuaBianCheng.installer.yaml
2025-04-25 08:11:32.203 INFO   Processing of manifest: D:\...\winget-pkgs\manifests\h\HuoHuaSiWei\HuoHuaBianCheng\3.18.1\HuoHuaSiWei.HuoHuaBianCheng.locale.zh-CN.yaml
2025-04-25 08:11:32.207 INFO     Replace ManifestVersion: 1.9.0 -> 1.10.0
2025-04-25 08:11:32.208 INFO     Replace schema references: 1.9.0.schema.json -> 1.10.0.schema.json
2025-04-25 08:11:32.209 INFO     Cleaned up HuoHuaSiWei.HuoHuaBianCheng.locale.zh-CN.yaml
2025-04-25 08:11:32.213 INFO     The manifest file has been saved as: D:\...\winget-pkgs\manifests\h\HuoHuaSiWei\HuoHuaBianCheng\3.18.1\HuoHuaSiWei.HuoHuaBianCheng.locale.zh-CN.yaml
2025-04-25 08:11:32.334 INFO   Processing of manifest: D:\...\winget-pkgs\manifests\h\HuoHuaSiWei\HuoHuaBianCheng\3.18.1\HuoHuaSiWei.HuoHuaBianCheng.yaml
2025-04-25 08:11:32.336 INFO     Replace ManifestVersion: 1.9.0 -> 1.10.0
2025-04-25 08:11:32.337 INFO     Replace schema references: 1.9.0.schema.json -> 1.10.0.schema.json
2025-04-25 08:11:32.337 INFO     Cleaned up HuoHuaSiWei.HuoHuaBianCheng.yaml
2025-04-25 08:11:32.339 INFO     The manifest file has been saved as: D:\...\winget-pkgs\manifests\h\HuoHuaSiWei\HuoHuaBianCheng\3.18.1\HuoHuaSiWei.HuoHuaBianCheng.yaml
2025-04-25 08:11:32.460 INFO   New manifests in D:\...\winget-pkgs\manifests\h\HuoHuaSiWei\HuoHuaBianCheng\3.18.1 for HuoHuaSiWei.HuoHuaBianCheng (3.18.1)
2025-04-25 08:12:29.481 INFO     清单验证成功。
2025-04-25 08:12:29.490 INFO   Staging and Committing Changes to Git
2025-04-25 08:12:41.617 INFO     Commit message: New version: HuoHuaSiWei.HuoHuaBianCheng version 3.18.1 (Auto)
2025-04-25 08:12:41.618 INFO   Pushing changes to remote (origin) repository
2025-04-25 08:12:46.108 INFO     Successfully pushed to remote (origin): NewVersion-HuoHuaSiWei.HuoHuaBianCheng-3.18.1-1745539885
2025-04-25 08:12:47.690 INFO     Pull request created successfully: https://github.com/microsoft/winget-pkgs/pull/250898
2025-04-25 08:12:47.694 INFO All manifests have been modified and pushed through.
2025-04-25 08:12:52.869 INFO Workspace clean-up completed.
~~ End of logging ~~
