~~ Start logging ~~
2025-07-15 15:34:09.548 FUN 这下听懂了。
2025-07-15 15:34:09.624 INFO Found the following version folder: ['1.0.1', '1.0.10', '1.0.11', '1.0.2', '1.0.3', '1.0.4', '1.0.5', '1.0.6', '1.0.7', '1.0.8', '1.0.9', '1.1.0', '1.1.1', '1.1.10', '1.1.11', '1.1.12', '1.1.13', '1.1.14', '1.1.2', '1.1.3', '1.1.4', '1.1.6', '1.1.7', '1.1.8', '1.1.9', '1.2.0', '1.2.1', '1.2.2', '1.2.3', '1.2.4', '1.2.5', '1.2.6', '1.2.7', '1.2.8', '1.2.9', '1.3.0', '1.3.1']
2025-07-15 15:34:09.626 INFO Skip version 1.0.1, because it's not in the list of versions to be modified.
2025-07-15 15:34:09.627 INFO Skip version 1.0.10, because it's not in the list of versions to be modified.
2025-07-15 15:34:09.628 INFO Skip version 1.0.11, because it's not in the list of versions to be modified.
2025-07-15 15:34:09.628 INFO Skip version 1.0.2, because it's not in the list of versions to be modified.
2025-07-15 15:34:09.629 INFO Skip version 1.0.3, because it's not in the list of versions to be modified.
2025-07-15 15:34:09.630 INFO Skip version 1.0.4, because it's not in the list of versions to be modified.
2025-07-15 15:34:09.631 INFO Skip version 1.0.5, because it's not in the list of versions to be modified.
2025-07-15 15:34:09.632 INFO Skip version 1.0.6, because it's not in the list of versions to be modified.
2025-07-15 15:34:09.634 INFO Skip version 1.0.7, because it's not in the list of versions to be modified.
2025-07-15 15:34:09.636 INFO Skip version 1.0.8, because it's not in the list of versions to be modified.
2025-07-15 15:34:09.637 INFO Skip version 1.0.9, because it's not in the list of versions to be modified.
2025-07-15 15:34:09.638 INFO Skip version 1.1.0, because it's not in the list of versions to be modified.
2025-07-15 15:34:09.639 INFO Skip version 1.1.1, because it's not in the list of versions to be modified.
2025-07-15 15:34:09.640 INFO Skip version 1.1.10, because it's not in the list of versions to be modified.
2025-07-15 15:34:09.641 INFO Skip version 1.1.11, because it's not in the list of versions to be modified.
2025-07-15 15:34:09.641 INFO Skip version 1.1.12, because it's not in the list of versions to be modified.
2025-07-15 15:34:09.642 INFO Skip version 1.1.13, because it's not in the list of versions to be modified.
2025-07-15 15:34:09.643 INFO Skip version 1.1.14, because it's not in the list of versions to be modified.
2025-07-15 15:34:09.644 INFO Skip version 1.1.2, because it's not in the list of versions to be modified.
2025-07-15 15:34:09.646 INFO Skip version 1.1.3, because it's not in the list of versions to be modified.
2025-07-15 15:34:09.647 INFO Skip version 1.1.4, because it's not in the list of versions to be modified.
2025-07-15 15:34:09.648 INFO Skip version 1.1.6, because it's not in the list of versions to be modified.
2025-07-15 15:34:09.649 INFO Skip version 1.1.7, because it's not in the list of versions to be modified.
2025-07-15 15:34:09.651 INFO Skip version 1.1.8, because it's not in the list of versions to be modified.
2025-07-15 15:34:09.652 INFO Skip version 1.1.9, because it's not in the list of versions to be modified.
2025-07-15 15:34:09.653 INFO Skip version 1.2.0, because it's not in the list of versions to be modified.
2025-07-15 15:34:09.654 INFO Skip version 1.2.1, because it's not in the list of versions to be modified.
2025-07-15 15:34:09.655 INFO Skip version 1.2.2, because it's not in the list of versions to be modified.
2025-07-15 15:34:09.656 INFO Skip version 1.2.3, because it's not in the list of versions to be modified.
2025-07-15 15:34:09.657 INFO Skip version 1.2.4, because it's not in the list of versions to be modified.
2025-07-15 15:34:09.659 INFO Skip version 1.2.5, because it's not in the list of versions to be modified.
2025-07-15 15:34:09.661 INFO Skip version 1.2.6, because it's not in the list of versions to be modified.
2025-07-15 15:34:09.662 INFO Skip version 1.2.7, because it's not in the list of versions to be modified.
2025-07-15 15:34:09.663 INFO Skip version 1.2.8, because it's not in the list of versions to be modified.
2025-07-15 15:34:09.664 INFO Skip version 1.2.9, because it's not in the list of versions to be modified.
2025-07-15 15:34:09.666 INFO Skip version 1.3.0, because it's not in the list of versions to be modified.
2025-07-15 15:34:09.668 INFO Processing version folder: 1.3.1
2025-07-15 15:34:09.669 INFO   Create and checkout to a new branch: Modify-S-DuckStudio.Sundry-1.3.1-1752564849
2025-07-15 15:34:40.875 INFO   Processing of manifest: D:\...\winget-pkgs\manifests\d\DuckStudio\Sundry\1.3.1\DuckStudio.Sundry.installer.yaml
2025-07-15 15:34:40.914 INFO     The manifest file has been saved as: D:\...\winget-pkgs\manifests\d\DuckStudio\Sundry\1.3.1\DuckStudio.Sundry.installer.yaml
2025-07-15 15:34:41.137 INFO   Processing of manifest: D:\...\winget-pkgs\manifests\d\DuckStudio\Sundry\1.3.1\DuckStudio.Sundry.locale.en-US.yaml
2025-07-15 15:34:41.141 INFO     The manifest file has been saved as: D:\...\winget-pkgs\manifests\d\DuckStudio\Sundry\1.3.1\DuckStudio.Sundry.locale.en-US.yaml
2025-07-15 15:34:41.256 INFO   Processing of manifest: D:\...\winget-pkgs\manifests\d\DuckStudio\Sundry\1.3.1\DuckStudio.Sundry.locale.zh-CN.yaml
2025-07-15 15:34:41.261 INFO     The manifest file has been saved as: D:\...\winget-pkgs\manifests\d\DuckStudio\Sundry\1.3.1\DuckStudio.Sundry.locale.zh-CN.yaml
2025-07-15 15:34:41.383 INFO   Processing of manifest: D:\...\winget-pkgs\manifests\d\DuckStudio\Sundry\1.3.1\DuckStudio.Sundry.yaml
2025-07-15 15:34:41.386 INFO     The manifest file has been saved as: D:\...\winget-pkgs\manifests\d\DuckStudio\Sundry\1.3.1\DuckStudio.Sundry.yaml
2025-07-15 15:36:05.897 INFO     清单具有以下未验证的依赖项;确保它们有效：
2025-07-15 15:36:05.898 INFO       - 程序包
2025-07-15 15:36:05.899 INFO           DuckStudio.GitHubLabelsManager [>= 1.7]
2025-07-15 15:36:05.901 INFO           Git.Git
2025-07-15 15:36:05.902 INFO           GitHub.cli
2025-07-15 15:36:05.903 INFO     清单验证成功。
2025-07-15 15:36:05.915 INFO   Staging and Committing Changes to Git
2025-07-15 15:36:11.904 INFO     Commit message: Modify: DuckStudio.Sundry version 1.3.1 (Auto)
2025-07-15 15:36:12.656 INFO   Pushing changes to remote (origin) repository
2025-07-15 15:36:17.465 INFO     Successfully pushed to remote (origin): Modify-S-DuckStudio.Sundry-1.3.1-1752564849
2025-07-15 15:36:20.735 INFO     Pull request created successfully: https://github.com/microsoft/winget-pkgs/pull/274305
2025-07-15 15:36:20.738 INFO All manifests have been modified and pushed through.
2025-07-15 15:36:27.174 INFO Workspace clean-up completed.
~~ End of logging ~~
