~~ Start logging ~~
2026-06-17 19:54:44.400 FUN 算了懒得写了
2026-06-17 19:54:44.415 INFO Found the following version folder: ['2024.12.25.12494060383', '2025.01.14.12764289055', '2025.01.15.12782147412', '2025.01.19.12849721517', '2025.01.22.12907017964', '2025.01.22.12911106870', '2025.03.07.13718228324', '2025.03.10.13761118669', '2025.04.10.14373190636', '2025.07.16.16318740224', '2025.07.17.16336851664', '2025.09.08.17538371202', '2025.10.14.18485774741', '2025.11.13.19317791500', '2025.11.13.19329603276', '2025.12.14.20209192776', '2026.06.17.27686834029']
2026-06-17 19:54:44.418 VERBOSE Skip version 2024.12.25.12494060383, because it's not in the list of versions to be modified.
2026-06-17 19:54:44.421 VERBOSE Skip version 2025.01.14.12764289055, because it's not in the list of versions to be modified.
2026-06-17 19:54:44.424 VERBOSE Skip version 2025.01.15.12782147412, because it's not in the list of versions to be modified.
2026-06-17 19:54:44.427 VERBOSE Skip version 2025.01.19.12849721517, because it's not in the list of versions to be modified.
2026-06-17 19:54:44.430 VERBOSE Skip version 2025.01.22.12907017964, because it's not in the list of versions to be modified.
2026-06-17 19:54:44.433 VERBOSE Skip version 2025.01.22.12911106870, because it's not in the list of versions to be modified.
2026-06-17 19:54:44.436 VERBOSE Skip version 2025.03.07.13718228324, because it's not in the list of versions to be modified.
2026-06-17 19:54:44.440 VERBOSE Skip version 2025.03.10.13761118669, because it's not in the list of versions to be modified.
2026-06-17 19:54:44.444 VERBOSE Skip version 2025.04.10.14373190636, because it's not in the list of versions to be modified.
2026-06-17 19:54:44.446 VERBOSE Skip version 2025.07.16.16318740224, because it's not in the list of versions to be modified.
2026-06-17 19:54:44.448 VERBOSE Skip version 2025.07.17.16336851664, because it's not in the list of versions to be modified.
2026-06-17 19:54:44.450 VERBOSE Skip version 2025.09.08.17538371202, because it's not in the list of versions to be modified.
2026-06-17 19:54:44.451 VERBOSE Skip version 2025.10.14.18485774741, because it's not in the list of versions to be modified.
2026-06-17 19:54:44.454 VERBOSE Skip version 2025.11.13.19317791500, because it's not in the list of versions to be modified.
2026-06-17 19:54:44.457 VERBOSE Skip version 2025.11.13.19329603276, because it's not in the list of versions to be modified.
2026-06-17 19:54:44.460 VERBOSE Skip version 2025.12.14.20209192776, because it's not in the list of versions to be modified.
2026-06-17 19:54:44.462 INFO Processing version folder: 2026.06.17.27686834029
2026-06-17 19:54:44.464 INFO   Create and checkout to a new branch: New-Version-DuckStudio.GitHubView.Nightly-2026.06.17.27686834029-1781697284
2026-06-17 19:55:02.446 INFO   Processing of manifest: D:\...\winget-pkgs\manifests\d\DuckStudio\GitHubView\Nightly\2026.06.17.27686834029\DuckStudio.GitHubView.Nightly.installer.yaml
2026-06-17 19:55:02.450 INFO     The manifest file has been saved as: D:\...\winget-pkgs\manifests\d\DuckStudio\GitHubView\Nightly\2026.06.17.27686834029\DuckStudio.GitHubView.Nightly.installer.yaml
2026-06-17 19:55:05.998 INFO   Processing of manifest: D:\...\winget-pkgs\manifests\d\DuckStudio\GitHubView\Nightly\2026.06.17.27686834029\DuckStudio.GitHubView.Nightly.locale.en-US.yaml
2026-06-17 19:55:06.556 INFO     The manifest file has been saved as: D:\...\winget-pkgs\manifests\d\DuckStudio\GitHubView\Nightly\2026.06.17.27686834029\DuckStudio.GitHubView.Nightly.locale.en-US.yaml
2026-06-17 19:55:06.145 INFO   Processing of manifest: D:\...\winget-pkgs\manifests\d\DuckStudio\GitHubView\Nightly\2026.06.17.27686834029\DuckStudio.GitHubView.Nightly.locale.zh-CN.yaml
2026-06-17 19:55:06.148 INFO     The manifest file has been saved as: D:\...\winget-pkgs\manifests\d\DuckStudio\GitHubView\Nightly\2026.06.17.27686834029\DuckStudio.GitHubView.Nightly.locale.zh-CN.yaml
2026-06-17 19:55:06.290 INFO   Processing of manifest: D:\...\winget-pkgs\manifests\d\DuckStudio\GitHubView\Nightly\2026.06.17.27686834029\DuckStudio.GitHubView.Nightly.yaml
2026-06-17 19:55:06.293 INFO     The manifest file has been saved as: D:\...\winget-pkgs\manifests\d\DuckStudio\GitHubView\Nightly\2026.06.17.27686834029\DuckStudio.GitHubView.Nightly.yaml
2026-06-17 19:55:06.450 INFO   New manifests in D:\...\winget-pkgs\manifests\d\DuckStudio\GitHubView\Nightly\2026.06.17.27686834029 for DuckStudio.GitHubView.Nightly (2026.06.17.27686834029)
2026-06-17 19:56:23.917 INFO Manifest validation succeeded with "sundry validate".
2026-06-17 19:56:23.918 INFO   Staging and Committing Changes to Git
2026-06-17 19:56:51.872 INFO     Commit message: New version: DuckStudio.GitHubView.Nightly version 2026.06.17.27686834029 (Auto)
2026-06-17 19:57:08.139 INFO   Pushing changes to remote (origin) repository
2026-06-17 19:57:14.264 INFO     Successfully pushed to remote (origin): New-Version-DuckStudio.GitHubView.Nightly-2026.06.17.27686834029-1781697284
2026-06-17 19:57:19.677 INFO All manifests have been modified and pushed through.
2026-06-17 19:57:35.876 INFO Workspace clean-up completed.
~~ End of logging ~~
