~~ Start logging ~~
2026-06-17 20:01:36.767 FUN >.<
2026-06-17 20:01:36.784 INFO Found the following version folder: ['2024.12.25.12494060383', '2025.01.14.12764289055', '2025.01.15.12782147412', '2025.01.19.12849721517', '2025.01.22.12907017964', '2025.01.22.12911106870', '2025.03.07.13718228324', '2025.03.10.13761118669', '2025.04.10.14373190636', '2025.07.16.16318740224', '2025.07.17.16336851664', '2025.09.08.17538371202', '2025.10.14.18485774741', '2025.11.13.19317791500', '2025.11.13.19329603276', '2025.12.14.20209192776', '2026.06.17.27686501084']
2026-06-17 20:01:36.797 VERBOSE Skip version 2024.12.25.12494060383, because it's not in the list of versions to be modified.
2026-06-17 20:01:36.800 VERBOSE Skip version 2025.01.14.12764289055, because it's not in the list of versions to be modified.
2026-06-17 20:01:36.802 VERBOSE Skip version 2025.01.15.12782147412, because it's not in the list of versions to be modified.
2026-06-17 20:01:36.804 VERBOSE Skip version 2025.01.19.12849721517, because it's not in the list of versions to be modified.
2026-06-17 20:01:36.806 VERBOSE Skip version 2025.01.22.12907017964, because it's not in the list of versions to be modified.
2026-06-17 20:01:36.808 VERBOSE Skip version 2025.01.22.12911106870, because it's not in the list of versions to be modified.
2026-06-17 20:01:36.810 VERBOSE Skip version 2025.03.07.13718228324, because it's not in the list of versions to be modified.
2026-06-17 20:01:36.813 VERBOSE Skip version 2025.03.10.13761118669, because it's not in the list of versions to be modified.
2026-06-17 20:01:36.816 VERBOSE Skip version 2025.04.10.14373190636, because it's not in the list of versions to be modified.
2026-06-17 20:01:36.819 VERBOSE Skip version 2025.07.16.16318740224, because it's not in the list of versions to be modified.
2026-06-17 20:01:36.821 VERBOSE Skip version 2025.07.17.16336851664, because it's not in the list of versions to be modified.
2026-06-17 20:01:36.823 VERBOSE Skip version 2025.09.08.17538371202, because it's not in the list of versions to be modified.
2026-06-17 20:01:36.826 VERBOSE Skip version 2025.10.14.18485774741, because it's not in the list of versions to be modified.
2026-06-17 20:01:36.828 VERBOSE Skip version 2025.11.13.19317791500, because it's not in the list of versions to be modified.
2026-06-17 20:01:36.830 VERBOSE Skip version 2025.11.13.19329603276, because it's not in the list of versions to be modified.
2026-06-17 20:01:36.833 VERBOSE Skip version 2025.12.14.20209192776, because it's not in the list of versions to be modified.
2026-06-17 20:01:36.834 INFO Processing version folder: 2026.06.17.27686501084
2026-06-17 20:01:36.835 INFO   Create and checkout to a new branch: New-Version-DuckStudio.GitHubView.Nightly-2026.06.17.27686501084-1781697696
2026-06-17 20:01:47.347 INFO   Processing of manifest: D:\...\winget-pkgs\manifests\d\DuckStudio\GitHubView\Nightly\2026.06.17.27686501084\DuckStudio.GitHubView.Nightly.installer.yaml
2026-06-17 20:01:47.352 INFO     The manifest file has been saved as: D:\...\winget-pkgs\manifests\d\DuckStudio\GitHubView\Nightly\2026.06.17.27686501084\DuckStudio.GitHubView.Nightly.installer.yaml
2026-06-17 20:01:47.625 INFO   Processing of manifest: D:\...\winget-pkgs\manifests\d\DuckStudio\GitHubView\Nightly\2026.06.17.27686501084\DuckStudio.GitHubView.Nightly.locale.en-US.yaml
2026-06-17 20:01:47.628 INFO     The manifest file has been saved as: D:\...\winget-pkgs\manifests\d\DuckStudio\GitHubView\Nightly\2026.06.17.27686501084\DuckStudio.GitHubView.Nightly.locale.en-US.yaml
2026-06-17 20:01:47.739 INFO   Processing of manifest: D:\...\winget-pkgs\manifests\d\DuckStudio\GitHubView\Nightly\2026.06.17.27686501084\DuckStudio.GitHubView.Nightly.locale.zh-CN.yaml
2026-06-17 20:01:47.744 INFO     The manifest file has been saved as: D:\...\winget-pkgs\manifests\d\DuckStudio\GitHubView\Nightly\2026.06.17.27686501084\DuckStudio.GitHubView.Nightly.locale.zh-CN.yaml
2026-06-17 20:01:47.867 INFO   Processing of manifest: D:\...\winget-pkgs\manifests\d\DuckStudio\GitHubView\Nightly\2026.06.17.27686501084\DuckStudio.GitHubView.Nightly.yaml
2026-06-17 20:01:47.870 INFO     The manifest file has been saved as: D:\...\winget-pkgs\manifests\d\DuckStudio\GitHubView\Nightly\2026.06.17.27686501084\DuckStudio.GitHubView.Nightly.yaml
2026-06-17 20:01:48.128 INFO   New manifests in D:\...\winget-pkgs\manifests\d\DuckStudio\GitHubView\Nightly\2026.06.17.27686501084 for DuckStudio.GitHubView.Nightly (2026.06.17.27686501084)
2026-06-17 20:11:08.285 INFO Manifest validation succeeded with "sundry validate".
2026-06-17 20:11:08.286 INFO   Staging and Committing Changes to Git
2026-06-17 20:11:24.820 INFO     Commit message: New version: DuckStudio.GitHubView.Nightly version 2026.06.17.27686501084 (Auto)
2026-06-17 20:12:55.892 INFO   Pushing changes to remote (origin) repository
2026-06-17 20:13:01.135 INFO     Successfully pushed to remote (origin): New-Version-DuckStudio.GitHubView.Nightly-2026.06.17.27686501084-1781697696
2026-06-17 20:13:06.477 INFO All manifests have been modified and pushed through.
2026-06-17 20:13:17.251 INFO Workspace clean-up completed.
~~ End of logging ~~
