~~ Start logging ~~
2026-06-17 15:36:37.947 FUN 吃西瓜籽的功效是会在肚子里长西瓜（？）
2026-06-17 15:36:37.954 INFO Found the following version folder: ['1.0.0', '1.0.1', '1.0.2', '1.1.0', '1.2.0', '1.3.0', '1.3.1']
2026-06-17 15:36:37.957 VERBOSE Skip version 1.0.0, because it's not in the list of versions to be modified.
2026-06-17 15:36:37.959 VERBOSE Skip version 1.0.1, because it's not in the list of versions to be modified.
2026-06-17 15:36:37.962 VERBOSE Skip version 1.0.2, because it's not in the list of versions to be modified.
2026-06-17 15:36:37.964 VERBOSE Skip version 1.1.0, because it's not in the list of versions to be modified.
2026-06-17 15:36:37.967 VERBOSE Skip version 1.2.0, because it's not in the list of versions to be modified.
2026-06-17 15:36:37.970 VERBOSE Skip version 1.3.0, because it's not in the list of versions to be modified.
2026-06-17 15:36:37.972 INFO Processing version folder: 1.3.1
2026-06-17 15:36:37.974 INFO   Create and checkout to a new branch: New-Version-DuckStudio.FCM-1.3.1-1781681797
2026-06-17 15:36:55.629 INFO   Processing of manifest: D:\...\winget-pkgs\manifests\d\DuckStudio\FCM\1.3.1\DuckStudio.FCM.installer.yaml
2026-06-17 15:36:55.672 INFO     The manifest file has been saved as: D:\...\winget-pkgs\manifests\d\DuckStudio\FCM\1.3.1\DuckStudio.FCM.installer.yaml
2026-06-17 15:36:55.467 INFO   Processing of manifest: D:\...\winget-pkgs\manifests\d\DuckStudio\FCM\1.3.1\DuckStudio.FCM.locale.en-US.yaml
2026-06-17 15:36:55.472 INFO     The manifest file has been saved as: D:\...\winget-pkgs\manifests\d\DuckStudio\FCM\1.3.1\DuckStudio.FCM.locale.en-US.yaml
2026-06-17 15:36:55.665 INFO   Processing of manifest: D:\...\winget-pkgs\manifests\d\DuckStudio\FCM\1.3.1\DuckStudio.FCM.locale.zh-CN.yaml
2026-06-17 15:36:55.673 INFO     The manifest file has been saved as: D:\...\winget-pkgs\manifests\d\DuckStudio\FCM\1.3.1\DuckStudio.FCM.locale.zh-CN.yaml
2026-06-17 15:36:56.201 INFO   Processing of manifest: D:\...\winget-pkgs\manifests\d\DuckStudio\FCM\1.3.1\DuckStudio.FCM.yaml
2026-06-17 15:36:56.382 INFO     The manifest file has been saved as: D:\...\winget-pkgs\manifests\d\DuckStudio\FCM\1.3.1\DuckStudio.FCM.yaml
2026-06-17 15:36:56.809 INFO   New manifests in D:\...\winget-pkgs\manifests\d\DuckStudio\FCM\1.3.1 for DuckStudio.FCM (1.3.1)
2026-06-17 15:39:40.654 INFO Manifest validation succeeded with "sundry validate".
2026-06-17 15:39:40.656 INFO   Staging and Committing Changes to Git
2026-06-17 15:40:18.829 INFO     Commit message: New version: DuckStudio.FCM version 1.3.1 (Auto)
2026-06-17 15:46:53.502 INFO   Pushing changes to remote (origin) repository
2026-06-17 15:46:58.320 INFO     Successfully pushed to remote (origin): New-Version-DuckStudio.FCM-1.3.1-1781681797
2026-06-17 15:47:02.668 INFO All manifests have been modified and pushed through.
2026-06-17 15:47:15.551 INFO Workspace clean-up completed.
~~ End of logging ~~
