~~ Start logging ~~
2025-08-18 07:15:11.689 FUN 知其燃，而不知其所以燃
2025-08-18 07:15:11.144 INFO Found the following version folder: ['1.0.1', '1.0.10', '1.0.11', '1.0.2', '1.0.3', '1.0.4', '1.0.5', '1.0.6', '1.0.7', '1.0.8', '1.0.9', '1.1.0', '1.1.1', '1.1.10', '1.1.11', '1.1.12', '1.1.13', '1.1.14', '1.1.2', '1.1.3', '1.1.4', '1.1.6', '1.1.7', '1.1.8', '1.1.9', '1.2.0', '1.2.1', '1.2.2', '1.2.3', '1.2.4', '1.2.5', '1.2.6', '1.2.7', '1.2.8', '1.2.9', '1.3.0', '1.3.1', '1.3.2', '1.3.3', '1.3.4', '1.3.5']
2025-08-18 07:15:11.146 INFO Skip version 1.0.1, because it's not in the list of versions to be modified.
2025-08-18 07:15:11.148 INFO Skip version 1.0.10, because it's not in the list of versions to be modified.
2025-08-18 07:15:11.149 INFO Skip version 1.0.11, because it's not in the list of versions to be modified.
2025-08-18 07:15:11.153 INFO Skip version 1.0.2, because it's not in the list of versions to be modified.
2025-08-18 07:15:11.154 INFO Skip version 1.0.3, because it's not in the list of versions to be modified.
2025-08-18 07:15:11.155 INFO Skip version 1.0.4, because it's not in the list of versions to be modified.
2025-08-18 07:15:11.157 INFO Skip version 1.0.5, because it's not in the list of versions to be modified.
2025-08-18 07:15:11.159 INFO Skip version 1.0.6, because it's not in the list of versions to be modified.
2025-08-18 07:15:11.161 INFO Skip version 1.0.7, because it's not in the list of versions to be modified.
2025-08-18 07:15:11.162 INFO Skip version 1.0.8, because it's not in the list of versions to be modified.
2025-08-18 07:15:11.163 INFO Skip version 1.0.9, because it's not in the list of versions to be modified.
2025-08-18 07:15:11.164 INFO Skip version 1.1.0, because it's not in the list of versions to be modified.
2025-08-18 07:15:11.166 INFO Skip version 1.1.1, because it's not in the list of versions to be modified.
2025-08-18 07:15:11.167 INFO Skip version 1.1.10, because it's not in the list of versions to be modified.
2025-08-18 07:15:11.168 INFO Skip version 1.1.11, because it's not in the list of versions to be modified.
2025-08-18 07:15:11.170 INFO Skip version 1.1.12, because it's not in the list of versions to be modified.
2025-08-18 07:15:11.171 INFO Skip version 1.1.13, because it's not in the list of versions to be modified.
2025-08-18 07:15:11.172 INFO Skip version 1.1.14, because it's not in the list of versions to be modified.
2025-08-18 07:15:11.176 INFO Skip version 1.1.2, because it's not in the list of versions to be modified.
2025-08-18 07:15:11.177 INFO Skip version 1.1.3, because it's not in the list of versions to be modified.
2025-08-18 07:15:11.179 INFO Skip version 1.1.4, because it's not in the list of versions to be modified.
2025-08-18 07:15:11.180 INFO Skip version 1.1.6, because it's not in the list of versions to be modified.
2025-08-18 07:15:11.181 INFO Skip version 1.1.7, because it's not in the list of versions to be modified.
2025-08-18 07:15:11.183 INFO Skip version 1.1.8, because it's not in the list of versions to be modified.
2025-08-18 07:15:11.185 INFO Skip version 1.1.9, because it's not in the list of versions to be modified.
2025-08-18 07:15:11.186 INFO Skip version 1.2.0, because it's not in the list of versions to be modified.
2025-08-18 07:15:11.187 INFO Skip version 1.2.1, because it's not in the list of versions to be modified.
2025-08-18 07:15:11.188 INFO Skip version 1.2.2, because it's not in the list of versions to be modified.
2025-08-18 07:15:11.189 INFO Skip version 1.2.3, because it's not in the list of versions to be modified.
2025-08-18 07:15:11.191 INFO Skip version 1.2.4, because it's not in the list of versions to be modified.
2025-08-18 07:15:11.192 INFO Skip version 1.2.5, because it's not in the list of versions to be modified.
2025-08-18 07:15:11.194 INFO Skip version 1.2.6, because it's not in the list of versions to be modified.
2025-08-18 07:15:11.196 INFO Skip version 1.2.7, because it's not in the list of versions to be modified.
2025-08-18 07:15:11.197 INFO Skip version 1.2.8, because it's not in the list of versions to be modified.
2025-08-18 07:15:11.199 INFO Skip version 1.2.9, because it's not in the list of versions to be modified.
2025-08-18 07:15:11.201 INFO Skip version 1.3.0, because it's not in the list of versions to be modified.
2025-08-18 07:15:11.202 INFO Skip version 1.3.1, because it's not in the list of versions to be modified.
2025-08-18 07:15:11.203 INFO Skip version 1.3.2, because it's not in the list of versions to be modified.
2025-08-18 07:15:11.204 INFO Skip version 1.3.3, because it's not in the list of versions to be modified.
2025-08-18 07:15:11.205 INFO Skip version 1.3.4, because it's not in the list of versions to be modified.
2025-08-18 07:15:11.207 INFO Processing version folder: 1.3.5
2025-08-18 07:15:11.208 INFO   Create and checkout to a new branch: New-Version-DuckStudio.Sundry-1.3.5-1755472511
2025-08-18 07:15:23.206 INFO   Processing of manifest: D:\...\winget-pkgs\manifests\d\DuckStudio\Sundry\1.3.5\DuckStudio.Sundry.installer.yaml
2025-08-18 07:15:23.210 INFO     The manifest file has been saved as: D:\...\winget-pkgs\manifests\d\DuckStudio\Sundry\1.3.5\DuckStudio.Sundry.installer.yaml
2025-08-18 07:15:23.552 INFO   Processing of manifest: D:\...\winget-pkgs\manifests\d\DuckStudio\Sundry\1.3.5\DuckStudio.Sundry.locale.en-US.yaml
2025-08-18 07:15:23.556 INFO     The manifest file has been saved as: D:\...\winget-pkgs\manifests\d\DuckStudio\Sundry\1.3.5\DuckStudio.Sundry.locale.en-US.yaml
2025-08-18 07:15:23.701 INFO   Processing of manifest: D:\...\winget-pkgs\manifests\d\DuckStudio\Sundry\1.3.5\DuckStudio.Sundry.locale.zh-CN.yaml
2025-08-18 07:15:23.703 INFO     The manifest file has been saved as: D:\...\winget-pkgs\manifests\d\DuckStudio\Sundry\1.3.5\DuckStudio.Sundry.locale.zh-CN.yaml
2025-08-18 07:15:23.850 INFO   Processing of manifest: D:\...\winget-pkgs\manifests\d\DuckStudio\Sundry\1.3.5\DuckStudio.Sundry.yaml
2025-08-18 07:15:23.853 INFO     The manifest file has been saved as: D:\...\winget-pkgs\manifests\d\DuckStudio\Sundry\1.3.5\DuckStudio.Sundry.yaml
2025-08-18 07:15:23.998 INFO   New manifests in D:\...\winget-pkgs\manifests\d\DuckStudio\Sundry\1.3.5 for DuckStudio.Sundry (1.3.5)
2025-08-18 07:15:31.947 INFO     清单具有以下未验证的依赖项;确保它们有效：
2025-08-18 07:15:31.113 INFO       - 程序包
2025-08-18 07:15:31.148 INFO           DuckStudio.GitHubLabelsManager [>= 1.7]
2025-08-18 07:15:31.168 INFO           Git.Git
2025-08-18 07:15:31.184 INFO           GitHub.cli
2025-08-18 07:15:31.197 INFO     清单验证成功。
2025-08-18 07:15:31.321 INFO   Staging and Committing Changes to Git
2025-08-18 07:15:42.393 INFO     Commit message: New version: DuckStudio.Sundry version 1.3.5 (Auto)
2025-08-18 07:15:42.409 INFO   Pushing changes to remote (origin) repository
2025-08-18 07:15:46.275 INFO     Successfully pushed to remote (origin): New-Version-DuckStudio.Sundry-1.3.5-1755472511
2025-08-18 07:15:48.538 INFO     Pull request created successfully: https://github.com/microsoft/winget-pkgs/pull/284507
2025-08-18 07:15:48.577 INFO All manifests have been modified and pushed through.
2025-08-18 07:15:56.336 INFO Workspace clean-up completed.
~~ End of logging ~~
