~~ Start logging ~~
2025-03-23 20:14:51.283 FUN 提问: 罗浮六御中谁最幸福? 答案: 符玄。因为她姓符。
2025-03-23 20:14:51.284 INFO Found the following version folder: ['20250306.2', '20250309.2']
2025-03-23 20:14:51.447 INFO Skip version 20250306.2, because it's not in the list of versions to be modified.
2025-03-23 20:14:51.449 INFO Processing version folder: 20250309.2
2025-03-23 20:14:51.451 INFO   Create and checkout to a new branch: NewVersion-ppy.osu.stable-20250309.2
2025-03-23 20:14:57.925 INFO   Processing of manifest: D:\...\winget-pkgs\manifests\p\ppy\osu\stable\20250309.2\ppy.osu.stable.installer.yaml
2025-03-23 20:14:57.936 INFO     Replace ManifestVersion: 1.9.0 -> 1.10.0
2025-03-23 20:14:57.939 INFO     Replace schema references: 1.9.0.schema.json -> 1.10.0.schema.json
2025-03-23 20:14:57.941 INFO     Cleaned up ppy.osu.stable.installer.yaml
2025-03-23 20:14:57.943 INFO     The manifest file has been saved as: D:\...\winget-pkgs\manifests\p\ppy\osu\stable\20250309.2\ppy.osu.stable.installer.yaml
2025-03-23 20:14:58.166 INFO   Processing of manifest: D:\...\winget-pkgs\manifests\p\ppy\osu\stable\20250309.2\ppy.osu.stable.locale.en-US.yaml
2025-03-23 20:14:58.172 INFO     Replace ManifestVersion: 1.9.0 -> 1.10.0
2025-03-23 20:14:58.173 INFO     Replace schema references: 1.9.0.schema.json -> 1.10.0.schema.json
2025-03-23 20:14:58.174 INFO     Cleaned up ppy.osu.stable.locale.en-US.yaml
2025-03-23 20:14:58.176 INFO     The manifest file has been saved as: D:\...\winget-pkgs\manifests\p\ppy\osu\stable\20250309.2\ppy.osu.stable.locale.en-US.yaml
2025-03-23 20:14:58.326 INFO   Processing of manifest: D:\...\winget-pkgs\manifests\p\ppy\osu\stable\20250309.2\ppy.osu.stable.yaml
2025-03-23 20:14:58.327 INFO     Replace ManifestVersion: 1.9.0 -> 1.10.0
2025-03-23 20:14:58.329 INFO     Replace schema references: 1.9.0.schema.json -> 1.10.0.schema.json
2025-03-23 20:14:58.330 INFO     Cleaned up ppy.osu.stable.yaml
2025-03-23 20:14:58.333 INFO     The manifest file has been saved as: D:\...\winget-pkgs\manifests\p\ppy\osu\stable\20250309.2\ppy.osu.stable.yaml
2025-03-23 20:14:58.516 INFO   New manifests in D:\...\winget-pkgs\manifests\p\ppy\osu\stable\20250309.2 for ppy.osu.stable (1.10.0)
2025-03-23 22:15:11.851 INFO     清单验证成功，但出现警告。
2025-03-23 22:15:11.866 INFO     Manifest Warning: Silent and SilentWithProgress switches are not specified for InstallerType exe. Please make sure the installer can run unattended.
2025-03-23 22:15:11.866 INFO     
2025-03-23 22:15:55.300 INFO   Staging and Committing Changes to Git
2025-03-23 22:16:07.226 INFO     Commit message: New version: ppy.osu.stable version 20250309.2 (Auto)
2025-03-23 22:16:07.226 INFO   Pushing changes to remote (origin) repository
2025-03-23 22:16:13.512 INFO     Successfully pushed to remote (origin): NewVersion-ppy.osu.stable-20250309.2
2025-03-23 22:16:15.685 INFO     Pull request created successfully: https://github.com/microsoft/winget-pkgs/pull/242019
2025-03-23 22:16:15.697 INFO All manifests have been modified and pushed through.
2025-03-23 22:16:19.587 INFO Workspace clean-up completed.
~~ End of logging ~~
