~~ Start logging ~~
2025-03-19 21:13:22.772 FUN 你这清单是从多少个现有清单中拼凑出来的？
2025-03-19 21:13:22.775 INFO Found the following version folder: ['1.5', '1.6', '1.7', '1.8', '1.9', 'v1.1', 'v1.2', 'v1.3', 'v1.4']
2025-03-19 21:13:22.887 INFO Skip version 1.5, because it's not in the list of versions to be modified.
2025-03-19 21:13:22.887 INFO Skip version 1.6, because it's not in the list of versions to be modified.
2025-03-19 21:13:22.889 INFO Skip version 1.7, because it's not in the list of versions to be modified.
2025-03-19 21:13:22.889 INFO Skip version 1.8, because it's not in the list of versions to be modified.
2025-03-19 21:13:22.889 INFO Processing version folder: 1.9
2025-03-19 21:13:22.889 INFO   Create and checkout to a new branch: NewVersion-DuckStudio.GitHubLabelsManager-1.9
2025-03-19 21:13:27.913 INFO   Processing of manifest: D:\...\winget-pkgs\manifests\d\DuckStudio\GitHubLabelsManager\1.9\DuckStudio.GitHubLabelsManager.installer.yaml
2025-03-19 21:13:27.913 INFO     Replace ManifestVersion: 1.9.0 -> 1.10.0
2025-03-19 21:13:27.913 INFO     Replace schema references: 1.9.0.schema.json -> 1.10.0.schema.json
2025-03-19 21:13:27.913 INFO     Cleaned up DuckStudio.GitHubLabelsManager.installer.yaml
2025-03-19 21:13:27.918 INFO     The manifest file has been saved as: D:\...\winget-pkgs\manifests\d\DuckStudio\GitHubLabelsManager\1.9\DuckStudio.GitHubLabelsManager.installer.yaml
2025-03-19 21:13:28.308 INFO   Processing of manifest: D:\...\winget-pkgs\manifests\d\DuckStudio\GitHubLabelsManager\1.9\DuckStudio.GitHubLabelsManager.locale.en-US.yaml
2025-03-19 21:13:28.363 INFO     Replace ManifestVersion: 1.9.0 -> 1.10.0
2025-03-19 21:13:28.363 INFO     Replace schema references: 1.9.0.schema.json -> 1.10.0.schema.json
2025-03-19 21:13:28.363 INFO     Cleaned up DuckStudio.GitHubLabelsManager.locale.en-US.yaml
2025-03-19 21:13:28.363 INFO     The manifest file has been saved as: D:\...\winget-pkgs\manifests\d\DuckStudio\GitHubLabelsManager\1.9\DuckStudio.GitHubLabelsManager.locale.en-US.yaml
2025-03-19 21:13:28.105 INFO   Processing of manifest: D:\...\winget-pkgs\manifests\d\DuckStudio\GitHubLabelsManager\1.9\DuckStudio.GitHubLabelsManager.locale.zh-CN.yaml
2025-03-19 21:13:28.105 INFO     Replace ManifestVersion: 1.9.0 -> 1.10.0
2025-03-19 21:13:28.105 INFO     Replace schema references: 1.9.0.schema.json -> 1.10.0.schema.json
2025-03-19 21:13:28.105 INFO     Cleaned up DuckStudio.GitHubLabelsManager.locale.zh-CN.yaml
2025-03-19 21:13:28.115 INFO     The manifest file has been saved as: D:\...\winget-pkgs\manifests\d\DuckStudio\GitHubLabelsManager\1.9\DuckStudio.GitHubLabelsManager.locale.zh-CN.yaml
2025-03-19 21:13:28.188 INFO   Processing of manifest: D:\...\winget-pkgs\manifests\d\DuckStudio\GitHubLabelsManager\1.9\DuckStudio.GitHubLabelsManager.yaml
2025-03-19 21:13:28.190 INFO     Replace ManifestVersion: 1.9.0 -> 1.10.0
2025-03-19 21:13:28.191 INFO     Replace schema references: 1.9.0.schema.json -> 1.10.0.schema.json
2025-03-19 21:13:28.191 INFO     Cleaned up DuckStudio.GitHubLabelsManager.yaml
2025-03-19 21:13:28.195 INFO     The manifest file has been saved as: D:\...\winget-pkgs\manifests\d\DuckStudio\GitHubLabelsManager\1.9\DuckStudio.GitHubLabelsManager.yaml
2025-03-19 21:13:28.276 INFO   New manifests in D:\...\winget-pkgs\manifests\d\DuckStudio\GitHubLabelsManager\1.9 for DuckStudio.GitHubLabelsManager (1.10.0)
2025-03-19 21:23:17.626 INFO     清单验证成功。
2025-03-19 21:23:17.639 INFO   Staging and Committing Changes to Git
2025-03-19 21:23:26.437 INFO     Commit message: New version: DuckStudio.GitHubLabelsManager version 1.9 (Auto)
2025-03-19 21:23:26.443 INFO   Pushing changes to remote (origin) repository
2025-03-19 21:23:36.656 INFO     Successfully pushed to remote (origin): NewVersion-DuckStudio.GitHubLabelsManager-1.9
2025-03-19 21:23:38.993 INFO     Pull request created successfully: https://github.com/microsoft/winget-pkgs/pull/241229
2025-03-19 21:23:39.132 INFO Skip version v1.1, because it's not in the list of versions to be modified.
2025-03-19 21:23:39.132 INFO Skip version v1.2, because it's not in the list of versions to be modified.
2025-03-19 21:23:39.132 INFO Skip version v1.3, because it's not in the list of versions to be modified.
2025-03-19 21:23:39.132 INFO Skip version v1.4, because it's not in the list of versions to be modified.
2025-03-19 21:23:39.132 INFO All manifests have been modified and pushed through.
2025-03-19 21:23:42.433 INFO Workspace clean-up completed.
~~ End of logging ~~
