~~ Start logging ~~
2025-03-21 23:36:49.994 FUN (·v·)
2025-03-21 23:36:49.998 INFO Found the following version folder: ['2024.1009.1', '2024.1115.1', '2024.1115.2', '2024.1115.3', '2024.1208.0', '2024.1219.2', '2024.1224.1', '2024.412.1', '2024.521.2', '2024.625.0', '2024.625.2', '2024.906.2', '2025.101.0', '2025.118.2', '2025.118.3', '2025.220.0', '2025.221.0', '2025.225.0', '2025.306.0', '2025.310.0', '2025.321.0', 'stable']
2025-03-21 23:36:50.156 INFO Skip version 2024.1009.1, because it's not in the list of versions to be modified.
2025-03-21 23:36:50.157 INFO Skip version 2024.1115.1, because it's not in the list of versions to be modified.
2025-03-21 23:36:50.158 INFO Skip version 2024.1115.2, because it's not in the list of versions to be modified.
2025-03-21 23:36:50.159 INFO Skip version 2024.1115.3, because it's not in the list of versions to be modified.
2025-03-21 23:36:50.160 INFO Skip version 2024.1208.0, because it's not in the list of versions to be modified.
2025-03-21 23:36:50.161 INFO Skip version 2024.1219.2, because it's not in the list of versions to be modified.
2025-03-21 23:36:50.162 INFO Skip version 2024.1224.1, because it's not in the list of versions to be modified.
2025-03-21 23:36:50.163 INFO Skip version 2024.412.1, because it's not in the list of versions to be modified.
2025-03-21 23:36:50.163 INFO Skip version 2024.521.2, because it's not in the list of versions to be modified.
2025-03-21 23:36:50.164 INFO Skip version 2024.625.0, because it's not in the list of versions to be modified.
2025-03-21 23:36:50.165 INFO Skip version 2024.625.2, because it's not in the list of versions to be modified.
2025-03-21 23:36:50.166 INFO Skip version 2024.906.2, because it's not in the list of versions to be modified.
2025-03-21 23:36:50.168 INFO Skip version 2025.101.0, because it's not in the list of versions to be modified.
2025-03-21 23:36:50.169 INFO Skip version 2025.118.2, because it's not in the list of versions to be modified.
2025-03-21 23:36:50.170 INFO Skip version 2025.118.3, because it's not in the list of versions to be modified.
2025-03-21 23:36:50.171 INFO Skip version 2025.220.0, because it's not in the list of versions to be modified.
2025-03-21 23:36:50.172 INFO Skip version 2025.221.0, because it's not in the list of versions to be modified.
2025-03-21 23:36:50.173 INFO Skip version 2025.225.0, because it's not in the list of versions to be modified.
2025-03-21 23:36:50.174 INFO Skip version 2025.306.0, because it's not in the list of versions to be modified.
2025-03-21 23:36:50.175 INFO Skip version 2025.310.0, because it's not in the list of versions to be modified.
2025-03-21 23:36:50.176 INFO Processing version folder: 2025.321.0
2025-03-21 23:36:50.178 INFO   Create and checkout to a new branch: NewVersion-ppy.osu-2025.321.0
2025-03-21 23:36:55.993 INFO   Processing of manifest: D:\...\winget-pkgs\manifests\p\ppy\osu\2025.321.0\ppy.osu.installer.yaml
2025-03-21 23:36:55.995 INFO     Replace ManifestVersion: 1.9.0 -> 1.10.0
2025-03-21 23:36:55.996 INFO     Replace schema references: 1.9.0.schema.json -> 1.10.0.schema.json
2025-03-21 23:36:55.996 INFO     Cleaned up ppy.osu.installer.yaml
2025-03-21 23:36:55.998 INFO     The manifest file has been saved as: D:\...\winget-pkgs\manifests\p\ppy\osu\2025.321.0\ppy.osu.installer.yaml
2025-03-21 23:36:56.237 INFO   Processing of manifest: D:\...\winget-pkgs\manifests\p\ppy\osu\2025.321.0\ppy.osu.locale.en-US.yaml
2025-03-21 23:36:56.237 INFO     Replace ManifestVersion: 1.9.0 -> 1.10.0
2025-03-21 23:36:56.237 INFO     Replace schema references: 1.9.0.schema.json -> 1.10.0.schema.json
2025-03-21 23:36:56.248 INFO     Cleaned up ppy.osu.locale.en-US.yaml
2025-03-21 23:36:56.248 INFO     The manifest file has been saved as: D:\...\winget-pkgs\manifests\p\ppy\osu\2025.321.0\ppy.osu.locale.en-US.yaml
2025-03-21 23:36:56.389 INFO   Processing of manifest: D:\...\winget-pkgs\manifests\p\ppy\osu\2025.321.0\ppy.osu.locale.ja-JP.yaml
2025-03-21 23:36:56.391 INFO     Replace ManifestVersion: 1.9.0 -> 1.10.0
2025-03-21 23:36:56.392 INFO     Replace schema references: 1.9.0.schema.json -> 1.10.0.schema.json
2025-03-21 23:36:56.393 INFO     Cleaned up ppy.osu.locale.ja-JP.yaml
2025-03-21 23:36:56.395 INFO     The manifest file has been saved as: D:\...\winget-pkgs\manifests\p\ppy\osu\2025.321.0\ppy.osu.locale.ja-JP.yaml
2025-03-21 23:36:56.544 INFO   Processing of manifest: D:\...\winget-pkgs\manifests\p\ppy\osu\2025.321.0\ppy.osu.locale.zh-CN.yaml
2025-03-21 23:36:56.545 INFO     Replace ManifestVersion: 1.9.0 -> 1.10.0
2025-03-21 23:36:56.546 INFO     Replace schema references: 1.9.0.schema.json -> 1.10.0.schema.json
2025-03-21 23:36:56.548 INFO     Cleaned up ppy.osu.locale.zh-CN.yaml
2025-03-21 23:36:56.550 INFO     The manifest file has been saved as: D:\...\winget-pkgs\manifests\p\ppy\osu\2025.321.0\ppy.osu.locale.zh-CN.yaml
2025-03-21 23:36:56.730 INFO   Processing of manifest: D:\...\winget-pkgs\manifests\p\ppy\osu\2025.321.0\ppy.osu.yaml
2025-03-21 23:36:56.733 INFO     Replace ManifestVersion: 1.9.0 -> 1.10.0
2025-03-21 23:36:56.734 INFO     Replace schema references: 1.9.0.schema.json -> 1.10.0.schema.json
2025-03-21 23:36:56.735 INFO     Cleaned up ppy.osu.yaml
2025-03-21 23:36:56.740 INFO     The manifest file has been saved as: D:\...\winget-pkgs\manifests\p\ppy\osu\2025.321.0\ppy.osu.yaml
2025-03-21 23:36:56.973 INFO   New manifests in D:\...\winget-pkgs\manifests\p\ppy\osu\2025.321.0 for ppy.osu (1.10.0)
2025-03-21 23:43:52.932 INFO     清单验证成功，但出现警告。
2025-03-21 23:43:52.932 INFO     Manifest Warning: Silent and SilentWithProgress switches are not specified for InstallerType exe. Please make sure the installer can run unattended.
2025-03-21 23:43:52.932 INFO     
2025-03-21 23:44:09.327 INFO   Staging and Committing Changes to Git
2025-03-21 23:44:24.998 INFO     Commit message: New version: ppy.osu version 2025.321.0 (Auto)
2025-03-21 23:44:24.998 INFO   Pushing changes to remote (origin) repository
2025-03-21 23:44:32.114 INFO     Successfully pushed to remote (origin): NewVersion-ppy.osu-2025.321.0
2025-03-21 23:44:34.251 INFO     Pull request created successfully: https://github.com/microsoft/winget-pkgs/pull/241691
2025-03-21 23:44:34.256 INFO Skip version stable, because it's not in the list of versions to be modified.
2025-03-21 23:44:34.256 INFO All manifests have been modified and pushed through.
2025-03-21 23:44:38.171 INFO Workspace clean-up completed.
~~ End of logging ~~
