~~ Start logging ~~
2025-03-14 10:17:23.710 FUN 啊对对对。
2025-03-14 10:17:23.751 INFO Found the following version folder: ['1.0.1', '1.0.10', '1.0.2', '1.0.3', '1.0.4', '1.0.5', '1.0.6', '1.0.7', '1.0.8', '1.0.9']
2025-03-14 10:17:23.218 INFO Skip version 1.0.1, because it's not in the list of versions to be modified.
2025-03-14 10:17:23.219 INFO Processing version folder: 1.0.10
2025-03-14 10:17:23.220 INFO   Create and checkout to a new branch: NewVersion-DuckStudio.Sundry-1.0.10
2025-03-14 10:17:27.861 INFO   Processing of manifest: D:\...\winget-pkgs\manifests\d\DuckStudio\Sundry\1.0.10\DuckStudio.Sundry.installer.yaml
2025-03-14 10:17:27.862 INFO     Cleaned up DuckStudio.Sundry.installer.yaml
2025-03-14 10:17:27.865 INFO     The manifest file has been saved as: D:\...\winget-pkgs\manifests\d\DuckStudio\Sundry\1.0.10\DuckStudio.Sundry.installer.yaml
2025-03-14 10:17:32.721 INFO   Processing of manifest: D:\...\winget-pkgs\manifests\d\DuckStudio\Sundry\1.0.10\DuckStudio.Sundry.locale.en-US.yaml
2025-03-14 10:17:32.732 INFO     Cleaned up DuckStudio.Sundry.locale.en-US.yaml
2025-03-14 10:17:32.752 INFO     The manifest file has been saved as: D:\...\winget-pkgs\manifests\d\DuckStudio\Sundry\1.0.10\DuckStudio.Sundry.locale.en-US.yaml
2025-03-14 10:17:32.999 INFO   Processing of manifest: D:\...\winget-pkgs\manifests\d\DuckStudio\Sundry\1.0.10\DuckStudio.Sundry.locale.zh-CN.yaml
2025-03-14 10:17:33.172 INFO     Cleaned up DuckStudio.Sundry.locale.zh-CN.yaml
2025-03-14 10:17:33.986 INFO     The manifest file has been saved as: D:\...\winget-pkgs\manifests\d\DuckStudio\Sundry\1.0.10\DuckStudio.Sundry.locale.zh-CN.yaml
2025-03-14 10:20:19.139 INFO   Processing of manifest: D:\...\winget-pkgs\manifests\d\DuckStudio\Sundry\1.0.10\DuckStudio.Sundry.yaml
2025-03-14 10:20:19.141 INFO     Cleaned up DuckStudio.Sundry.yaml
2025-03-14 10:20:19.143 INFO     The manifest file has been saved as: D:\...\winget-pkgs\manifests\d\DuckStudio\Sundry\1.0.10\DuckStudio.Sundry.yaml
2025-03-14 10:20:23.523 INFO   New manifests in D:\...\winget-pkgs\manifests\d\DuckStudio\Sundry\1.0.10 for DuckStudio.Sundry (1.9.0)
2025-03-14 10:20:23.819 INFO     清单具有以下未验证的依赖项;确保它们有效：
2025-03-14 10:20:23.820 INFO       - 程序包
2025-03-14 10:20:23.820 INFO           DuckStudio.GitHubLabelsManager
2025-03-14 10:20:23.821 INFO           Git.Git
2025-03-14 10:20:23.821 INFO           GitHub.cli
2025-03-14 10:20:23.822 INFO     清单验证成功。
2025-03-14 10:20:23.831 INFO   Staging and Committing Changes to Git
2025-03-14 10:20:33.339 INFO     Commit message: New version: DuckStudio.Sundry version 1.0.10 (Auto)
2025-03-14 10:20:33.340 INFO   Pushing changes to remote (origin) repository
2025-03-14 10:20:37.533 INFO     Successfully pushed to remote (origin): NewVersion-DuckStudio.Sundry-1.0.10
2025-03-14 10:20:39.519 INFO     Pull request created successfully: https://github.com/microsoft/winget-pkgs/pull/237308
2025-03-14 10:20:39.522 INFO Skip version 1.0.2, because it's not in the list of versions to be modified.
2025-03-14 10:20:39.523 INFO Skip version 1.0.3, because it's not in the list of versions to be modified.
2025-03-14 10:20:39.524 INFO Skip version 1.0.4, because it's not in the list of versions to be modified.
2025-03-14 10:20:39.525 INFO Skip version 1.0.5, because it's not in the list of versions to be modified.
2025-03-14 10:20:39.526 INFO Skip version 1.0.6, because it's not in the list of versions to be modified.
2025-03-14 10:20:39.528 INFO Skip version 1.0.7, because it's not in the list of versions to be modified.
2025-03-14 10:20:39.529 INFO Skip version 1.0.8, because it's not in the list of versions to be modified.
2025-03-14 10:20:39.530 INFO Skip version 1.0.9, because it's not in the list of versions to be modified.
2025-03-14 10:20:39.531 INFO All manifests have been modified and pushed through.
2025-03-14 10:20:43.401 INFO Workspace clean-up completed.
~~ End of logging ~~
