~~ Start logging ~~
2025-04-18 09:37:17.285 FUN 你这清单是从多少个现有清单中拼凑出来的？
2025-04-18 09:37:17.292 INFO Found the following version folder: ['1.0.1', '1.0.10', '1.0.11', '1.0.2', '1.0.3', '1.0.4', '1.0.5', '1.0.6', '1.0.7', '1.0.8', '1.0.9', '1.1.0', '1.1.1', '1.1.10', '1.1.11', '1.1.12', '1.1.2', '1.1.3', '1.1.4', '1.1.6', '1.1.7', '1.1.8', '1.1.9']
2025-04-18 09:37:17.394 INFO Skip version 1.0.1, because it's not in the list of versions to be modified.
2025-04-18 09:37:17.395 INFO Skip version 1.0.10, because it's not in the list of versions to be modified.
2025-04-18 09:37:17.396 INFO Skip version 1.0.11, because it's not in the list of versions to be modified.
2025-04-18 09:37:17.397 INFO Skip version 1.0.2, because it's not in the list of versions to be modified.
2025-04-18 09:37:17.398 INFO Skip version 1.0.3, because it's not in the list of versions to be modified.
2025-04-18 09:37:17.399 INFO Skip version 1.0.4, because it's not in the list of versions to be modified.
2025-04-18 09:37:17.399 INFO Skip version 1.0.5, because it's not in the list of versions to be modified.
2025-04-18 09:37:17.400 INFO Skip version 1.0.6, because it's not in the list of versions to be modified.
2025-04-18 09:37:17.400 INFO Skip version 1.0.7, because it's not in the list of versions to be modified.
2025-04-18 09:37:17.401 INFO Skip version 1.0.8, because it's not in the list of versions to be modified.
2025-04-18 09:37:17.402 INFO Skip version 1.0.9, because it's not in the list of versions to be modified.
2025-04-18 09:37:17.402 INFO Skip version 1.1.0, because it's not in the list of versions to be modified.
2025-04-18 09:37:17.403 INFO Skip version 1.1.1, because it's not in the list of versions to be modified.
2025-04-18 09:37:17.404 INFO Skip version 1.1.10, because it's not in the list of versions to be modified.
2025-04-18 09:37:17.405 INFO Skip version 1.1.11, because it's not in the list of versions to be modified.
2025-04-18 09:37:17.405 INFO Processing version folder: 1.1.12
2025-04-18 09:37:17.406 INFO   Create and checkout to a new branch: NewVersion-DuckStudio.Sundry-1.1.12-1744940237
2025-04-18 09:37:28.143 INFO   Processing of manifest: D:\...\winget-pkgs\manifests\d\DuckStudio\Sundry\1.1.12\DuckStudio.Sundry.installer.yaml
2025-04-18 09:37:28.145 INFO     Replace ManifestVersion: 1.9.0 -> 1.10.0
2025-04-18 09:37:28.146 INFO     Replace schema references: 1.9.0.schema.json -> 1.10.0.schema.json
2025-04-18 09:37:28.146 INFO     Cleaned up DuckStudio.Sundry.installer.yaml
2025-04-18 09:37:28.148 INFO     The manifest file has been saved as: D:\...\winget-pkgs\manifests\d\DuckStudio\Sundry\1.1.12\DuckStudio.Sundry.installer.yaml
2025-04-18 09:37:28.308 INFO   Processing of manifest: D:\...\winget-pkgs\manifests\d\DuckStudio\Sundry\1.1.12\DuckStudio.Sundry.locale.en-US.yaml
2025-04-18 09:37:28.310 INFO     Replace ManifestVersion: 1.9.0 -> 1.10.0
2025-04-18 09:37:28.311 INFO     Replace schema references: 1.9.0.schema.json -> 1.10.0.schema.json
2025-04-18 09:37:28.312 INFO     Cleaned up DuckStudio.Sundry.locale.en-US.yaml
2025-04-18 09:37:28.314 INFO     The manifest file has been saved as: D:\...\winget-pkgs\manifests\d\DuckStudio\Sundry\1.1.12\DuckStudio.Sundry.locale.en-US.yaml
2025-04-18 09:37:28.416 INFO   Processing of manifest: D:\...\winget-pkgs\manifests\d\DuckStudio\Sundry\1.1.12\DuckStudio.Sundry.locale.zh-CN.yaml
2025-04-18 09:37:28.418 INFO     Replace ManifestVersion: 1.9.0 -> 1.10.0
2025-04-18 09:37:28.419 INFO     Replace schema references: 1.9.0.schema.json -> 1.10.0.schema.json
2025-04-18 09:37:28.419 INFO     Cleaned up DuckStudio.Sundry.locale.zh-CN.yaml
2025-04-18 09:37:28.422 INFO     The manifest file has been saved as: D:\...\winget-pkgs\manifests\d\DuckStudio\Sundry\1.1.12\DuckStudio.Sundry.locale.zh-CN.yaml
2025-04-18 09:37:28.543 INFO   Processing of manifest: D:\...\winget-pkgs\manifests\d\DuckStudio\Sundry\1.1.12\DuckStudio.Sundry.yaml
2025-04-18 09:37:28.545 INFO     Replace ManifestVersion: 1.9.0 -> 1.10.0
2025-04-18 09:37:28.547 INFO     Replace schema references: 1.9.0.schema.json -> 1.10.0.schema.json
2025-04-18 09:37:28.548 INFO     Cleaned up DuckStudio.Sundry.yaml
2025-04-18 09:37:28.550 INFO     The manifest file has been saved as: D:\...\winget-pkgs\manifests\d\DuckStudio\Sundry\1.1.12\DuckStudio.Sundry.yaml
2025-04-18 09:37:28.724 INFO   New manifests in D:\...\winget-pkgs\manifests\d\DuckStudio\Sundry\1.1.12 for DuckStudio.Sundry (1.1.12)
2025-04-18 09:43:02.446 INFO     清单具有以下未验证的依赖项;确保它们有效：
2025-04-18 09:43:02.449 INFO       - 程序包
2025-04-18 09:43:02.450 INFO           DuckStudio.GitHubLabelsManager
2025-04-18 09:43:02.451 INFO           Git.Git
2025-04-18 09:43:02.452 INFO           GitHub.cli
2025-04-18 09:43:02.453 INFO     清单验证成功。
2025-04-18 09:43:02.501 INFO   Staging and Committing Changes to Git
2025-04-18 09:43:10.876 INFO     Commit message: New version: DuckStudio.Sundry version 1.1.12 (Auto)
2025-04-18 09:43:10.877 INFO   Pushing changes to remote (origin) repository
2025-04-18 09:43:16.152 INFO     Successfully pushed to remote (origin): NewVersion-DuckStudio.Sundry-1.1.12-1744940237
2025-04-18 09:43:17.682 INFO     Pull request created successfully: https://github.com/microsoft/winget-pkgs/pull/249259
2025-04-18 09:43:17.694 INFO Skip version 1.1.2, because it's not in the list of versions to be modified.
2025-04-18 09:43:17.695 INFO Skip version 1.1.3, because it's not in the list of versions to be modified.
2025-04-18 09:43:17.695 INFO Skip version 1.1.4, because it's not in the list of versions to be modified.
2025-04-18 09:43:17.696 INFO Skip version 1.1.6, because it's not in the list of versions to be modified.
2025-04-18 09:43:17.697 INFO Skip version 1.1.7, because it's not in the list of versions to be modified.
2025-04-18 09:43:17.697 INFO Skip version 1.1.8, because it's not in the list of versions to be modified.
2025-04-18 09:43:17.698 INFO Skip version 1.1.9, because it's not in the list of versions to be modified.
2025-04-18 09:43:17.699 INFO All manifests have been modified and pushed through.
2025-04-18 09:43:21.333 INFO Workspace clean-up completed.
~~ End of logging ~~
