~~ Start logging ~~
2025-05-16 14:17:25.568 FUN (·v·)
2025-05-16 14:17:25.581 INFO Found the following version folder: ['1.0.1', '1.0.10', '1.0.11', '1.0.2', '1.0.3', '1.0.4', '1.0.5', '1.0.6', '1.0.7', '1.0.8', '1.0.9', '1.1.0', '1.1.1', '1.1.10', '1.1.11', '1.1.12', '1.1.13', '1.1.14', '1.1.2', '1.1.3', '1.1.4', '1.1.6', '1.1.7', '1.1.8', '1.1.9']
2025-05-16 14:17:25.777 INFO Skip version 1.0.1, because it's not in the list of versions to be modified.
2025-05-16 14:17:25.778 INFO Skip version 1.0.10, because it's not in the list of versions to be modified.
2025-05-16 14:17:25.814 INFO Skip version 1.0.11, because it's not in the list of versions to be modified.
2025-05-16 14:17:25.816 INFO Skip version 1.0.2, because it's not in the list of versions to be modified.
2025-05-16 14:17:25.817 INFO Skip version 1.0.3, because it's not in the list of versions to be modified.
2025-05-16 14:17:25.819 INFO Skip version 1.0.4, because it's not in the list of versions to be modified.
2025-05-16 14:17:25.820 INFO Skip version 1.0.5, because it's not in the list of versions to be modified.
2025-05-16 14:17:25.822 INFO Skip version 1.0.6, because it's not in the list of versions to be modified.
2025-05-16 14:17:25.824 INFO Skip version 1.0.7, because it's not in the list of versions to be modified.
2025-05-16 14:17:25.825 INFO Skip version 1.0.8, because it's not in the list of versions to be modified.
2025-05-16 14:17:25.827 INFO Skip version 1.0.9, because it's not in the list of versions to be modified.
2025-05-16 14:17:25.829 INFO Skip version 1.1.0, because it's not in the list of versions to be modified.
2025-05-16 14:17:25.831 INFO Skip version 1.1.1, because it's not in the list of versions to be modified.
2025-05-16 14:17:25.833 INFO Skip version 1.1.10, because it's not in the list of versions to be modified.
2025-05-16 14:17:25.834 INFO Skip version 1.1.11, because it's not in the list of versions to be modified.
2025-05-16 14:17:25.836 INFO Skip version 1.1.12, because it's not in the list of versions to be modified.
2025-05-16 14:17:25.837 INFO Skip version 1.1.13, because it's not in the list of versions to be modified.
2025-05-16 14:17:25.839 INFO Processing version folder: 1.1.14
2025-05-16 14:17:25.841 INFO   Create and checkout to a new branch: NewVersion-DuckStudio.Sundry-1.1.14-1747376245
2025-05-16 14:17:35.291 INFO   Processing of manifest: D:\...\winget-pkgs\manifests\d\DuckStudio\Sundry\1.1.14\DuckStudio.Sundry.installer.yaml
2025-05-16 14:17:35.293 INFO     Replace ManifestVersion: 1.9.0 -> 1.10.0
2025-05-16 14:17:35.295 INFO     Replace schema references: 1.9.0.schema.json -> 1.10.0.schema.json
2025-05-16 14:17:35.296 INFO     Cleaned up DuckStudio.Sundry.installer.yaml
2025-05-16 14:17:35.299 INFO     The manifest file has been saved as: D:\...\winget-pkgs\manifests\d\DuckStudio\Sundry\1.1.14\DuckStudio.Sundry.installer.yaml
2025-05-16 14:17:35.682 INFO   Processing of manifest: D:\...\winget-pkgs\manifests\d\DuckStudio\Sundry\1.1.14\DuckStudio.Sundry.locale.en-US.yaml
2025-05-16 14:17:35.684 INFO     Replace ManifestVersion: 1.9.0 -> 1.10.0
2025-05-16 14:17:35.685 INFO     Replace schema references: 1.9.0.schema.json -> 1.10.0.schema.json
2025-05-16 14:17:35.686 INFO     Cleaned up DuckStudio.Sundry.locale.en-US.yaml
2025-05-16 14:17:35.690 INFO     The manifest file has been saved as: D:\...\winget-pkgs\manifests\d\DuckStudio\Sundry\1.1.14\DuckStudio.Sundry.locale.en-US.yaml
2025-05-16 14:17:35.859 INFO   Processing of manifest: D:\...\winget-pkgs\manifests\d\DuckStudio\Sundry\1.1.14\DuckStudio.Sundry.locale.zh-CN.yaml
2025-05-16 14:17:35.862 INFO     Replace ManifestVersion: 1.9.0 -> 1.10.0
2025-05-16 14:17:35.864 INFO     Replace schema references: 1.9.0.schema.json -> 1.10.0.schema.json
2025-05-16 14:17:35.865 INFO     Cleaned up DuckStudio.Sundry.locale.zh-CN.yaml
2025-05-16 14:17:35.894 INFO     The manifest file has been saved as: D:\...\winget-pkgs\manifests\d\DuckStudio\Sundry\1.1.14\DuckStudio.Sundry.locale.zh-CN.yaml
2025-05-16 14:17:36.354 INFO   Processing of manifest: D:\...\winget-pkgs\manifests\d\DuckStudio\Sundry\1.1.14\DuckStudio.Sundry.yaml
2025-05-16 14:17:36.415 INFO     Replace ManifestVersion: 1.9.0 -> 1.10.0
2025-05-16 14:17:36.428 INFO     Replace schema references: 1.9.0.schema.json -> 1.10.0.schema.json
2025-05-16 14:17:36.429 INFO     Cleaned up DuckStudio.Sundry.yaml
2025-05-16 14:17:36.445 INFO     The manifest file has been saved as: D:\...\winget-pkgs\manifests\d\DuckStudio\Sundry\1.1.14\DuckStudio.Sundry.yaml
2025-05-16 14:17:36.834 INFO   New manifests in D:\...\winget-pkgs\manifests\d\DuckStudio\Sundry\1.1.14 for DuckStudio.Sundry (1.1.14)
2025-05-16 14:25:18.612 INFO     清单具有以下未验证的依赖项;确保它们有效：
2025-05-16 14:25:18.613 INFO       - 程序包
2025-05-16 14:25:18.614 INFO           DuckStudio.GitHubLabelsManager [>= 1.7]
2025-05-16 14:25:18.615 INFO           Git.Git
2025-05-16 14:25:18.616 INFO           GitHub.cli
2025-05-16 14:25:18.618 INFO     清单验证成功。
2025-05-16 14:25:18.632 INFO   Staging and Committing Changes to Git
2025-05-16 14:25:29.385 INFO     Commit message: New version: DuckStudio.Sundry version 1.1.14 (Auto)
2025-05-16 14:25:29.387 INFO   Pushing changes to remote (origin) repository
2025-05-16 14:25:35.511 INFO     Successfully pushed to remote (origin): NewVersion-DuckStudio.Sundry-1.1.14-1747376245
2025-05-16 14:25:37.369 INFO     Pull request created successfully: https://github.com/microsoft/winget-pkgs/pull/257063
2025-05-16 14:25:37.429 INFO Skip version 1.1.2, because it's not in the list of versions to be modified.
2025-05-16 14:25:37.453 INFO Skip version 1.1.3, because it's not in the list of versions to be modified.
2025-05-16 14:25:37.471 INFO Skip version 1.1.4, because it's not in the list of versions to be modified.
2025-05-16 14:25:37.494 INFO Skip version 1.1.6, because it's not in the list of versions to be modified.
2025-05-16 14:25:37.546 INFO Skip version 1.1.7, because it's not in the list of versions to be modified.
2025-05-16 14:25:37.635 INFO Skip version 1.1.8, because it's not in the list of versions to be modified.
2025-05-16 14:25:37.685 INFO Skip version 1.1.9, because it's not in the list of versions to be modified.
2025-05-16 14:25:37.753 INFO All manifests have been modified and pushed through.
2025-05-16 14:25:45.180 INFO Workspace clean-up completed.
~~ End of logging ~~
