~~ Start logging ~~
2026-01-12 07:00:05.902 FUN 那么，代价是什么？
2026-01-12 07:00:05.960 INFO Found the following version folder: ['1.0.1', '1.0.10', '1.0.11', '1.0.2', '1.0.3', '1.0.4', '1.0.5', '1.0.6', '1.0.7', '1.0.8', '1.0.9', '1.1.0', '1.1.1', '1.1.10', '1.1.11', '1.1.12', '1.1.13', '1.1.14', '1.1.2', '1.1.3', '1.1.4', '1.1.6', '1.1.7', '1.1.8', '1.1.9', '1.2.0', '1.2.1', '1.2.2', '1.2.3', '1.2.4', '1.2.5', '1.2.6', '1.2.7', '1.2.8', '1.2.9', '1.3.0', '1.3.1', '1.3.2', '1.3.3', '1.3.4', '1.3.5', '1.3.6', '1.3.7', '1.3.8', '1.3.9', '1.4.0', '1.4.1', '1.4.2', '1.4.3', '1.5.0', '1.5.1', '1.5.2', '1.6.0', '1.6.1']
2026-01-12 07:00:05.961 INFO Skip version 1.0.1, because it's not in the list of versions to be modified.
2026-01-12 07:00:05.962 INFO Skip version 1.0.10, because it's not in the list of versions to be modified.
2026-01-12 07:00:05.963 INFO Skip version 1.0.11, because it's not in the list of versions to be modified.
2026-01-12 07:00:05.965 INFO Skip version 1.0.2, because it's not in the list of versions to be modified.
2026-01-12 07:00:05.965 INFO Skip version 1.0.3, because it's not in the list of versions to be modified.
2026-01-12 07:00:05.967 INFO Skip version 1.0.4, because it's not in the list of versions to be modified.
2026-01-12 07:00:05.968 INFO Skip version 1.0.5, because it's not in the list of versions to be modified.
2026-01-12 07:00:05.968 INFO Skip version 1.0.6, because it's not in the list of versions to be modified.
2026-01-12 07:00:05.969 INFO Skip version 1.0.7, because it's not in the list of versions to be modified.
2026-01-12 07:00:05.970 INFO Skip version 1.0.8, because it's not in the list of versions to be modified.
2026-01-12 07:00:05.971 INFO Skip version 1.0.9, because it's not in the list of versions to be modified.
2026-01-12 07:00:05.972 INFO Skip version 1.1.0, because it's not in the list of versions to be modified.
2026-01-12 07:00:05.973 INFO Skip version 1.1.1, because it's not in the list of versions to be modified.
2026-01-12 07:00:05.974 INFO Skip version 1.1.10, because it's not in the list of versions to be modified.
2026-01-12 07:00:05.975 INFO Skip version 1.1.11, because it's not in the list of versions to be modified.
2026-01-12 07:00:05.976 INFO Skip version 1.1.12, because it's not in the list of versions to be modified.
2026-01-12 07:00:05.977 INFO Skip version 1.1.13, because it's not in the list of versions to be modified.
2026-01-12 07:00:05.977 INFO Skip version 1.1.14, because it's not in the list of versions to be modified.
2026-01-12 07:00:05.978 INFO Skip version 1.1.2, because it's not in the list of versions to be modified.
2026-01-12 07:00:05.980 INFO Skip version 1.1.3, because it's not in the list of versions to be modified.
2026-01-12 07:00:05.982 INFO Skip version 1.1.4, because it's not in the list of versions to be modified.
2026-01-12 07:00:05.983 INFO Skip version 1.1.6, because it's not in the list of versions to be modified.
2026-01-12 07:00:05.984 INFO Skip version 1.1.7, because it's not in the list of versions to be modified.
2026-01-12 07:00:05.985 INFO Skip version 1.1.8, because it's not in the list of versions to be modified.
2026-01-12 07:00:05.985 INFO Skip version 1.1.9, because it's not in the list of versions to be modified.
2026-01-12 07:00:05.986 INFO Skip version 1.2.0, because it's not in the list of versions to be modified.
2026-01-12 07:00:05.987 INFO Skip version 1.2.1, because it's not in the list of versions to be modified.
2026-01-12 07:00:05.988 INFO Skip version 1.2.2, because it's not in the list of versions to be modified.
2026-01-12 07:00:05.989 INFO Skip version 1.2.3, because it's not in the list of versions to be modified.
2026-01-12 07:00:05.990 INFO Skip version 1.2.4, because it's not in the list of versions to be modified.
2026-01-12 07:00:05.991 INFO Skip version 1.2.5, because it's not in the list of versions to be modified.
2026-01-12 07:00:05.992 INFO Skip version 1.2.6, because it's not in the list of versions to be modified.
2026-01-12 07:00:05.993 INFO Skip version 1.2.7, because it's not in the list of versions to be modified.
2026-01-12 07:00:05.994 INFO Skip version 1.2.8, because it's not in the list of versions to be modified.
2026-01-12 07:00:05.995 INFO Skip version 1.2.9, because it's not in the list of versions to be modified.
2026-01-12 07:00:05.996 INFO Skip version 1.3.0, because it's not in the list of versions to be modified.
2026-01-12 07:00:05.997 INFO Skip version 1.3.1, because it's not in the list of versions to be modified.
2026-01-12 07:00:05.998 INFO Skip version 1.3.2, because it's not in the list of versions to be modified.
2026-01-12 07:00:05.999 INFO Skip version 1.3.3, because it's not in the list of versions to be modified.
2026-01-12 07:00:06.164 INFO Skip version 1.3.4, because it's not in the list of versions to be modified.
2026-01-12 07:00:06.328 INFO Skip version 1.3.5, because it's not in the list of versions to be modified.
2026-01-12 07:00:06.489 INFO Skip version 1.3.6, because it's not in the list of versions to be modified.
2026-01-12 07:00:06.645 INFO Skip version 1.3.7, because it's not in the list of versions to be modified.
2026-01-12 07:00:06.808 INFO Skip version 1.3.8, because it's not in the list of versions to be modified.
2026-01-12 07:00:06.968 INFO Skip version 1.3.9, because it's not in the list of versions to be modified.
2026-01-12 07:00:06.118 INFO Skip version 1.4.0, because it's not in the list of versions to be modified.
2026-01-12 07:00:06.132 INFO Skip version 1.4.1, because it's not in the list of versions to be modified.
2026-01-12 07:00:06.144 INFO Skip version 1.4.2, because it's not in the list of versions to be modified.
2026-01-12 07:00:06.155 INFO Skip version 1.4.3, because it's not in the list of versions to be modified.
2026-01-12 07:00:06.165 INFO Skip version 1.5.0, because it's not in the list of versions to be modified.
2026-01-12 07:00:06.174 INFO Skip version 1.5.1, because it's not in the list of versions to be modified.
2026-01-12 07:00:06.183 INFO Skip version 1.5.2, because it's not in the list of versions to be modified.
2026-01-12 07:00:06.192 INFO Skip version 1.6.0, because it's not in the list of versions to be modified.
2026-01-12 07:00:06.201 INFO Processing version folder: 1.6.1
2026-01-12 07:00:06.210 INFO   Create and checkout to a new branch: New-Version-DuckStudio.Sundry-1.6.1-1768172406
2026-01-12 07:00:23.354 INFO   Processing of manifest: D:\...\winget-pkgs\manifests\d\DuckStudio\Sundry\1.6.1\DuckStudio.Sundry.installer.yaml
2026-01-12 07:00:23.356 INFO     The manifest file has been saved as: D:\...\winget-pkgs\manifests\d\DuckStudio\Sundry\1.6.1\DuckStudio.Sundry.installer.yaml
2026-01-12 07:00:23.580 INFO   Processing of manifest: D:\...\winget-pkgs\manifests\d\DuckStudio\Sundry\1.6.1\DuckStudio.Sundry.locale.en-US.yaml
2026-01-12 07:00:23.585 INFO     The manifest file has been saved as: D:\...\winget-pkgs\manifests\d\DuckStudio\Sundry\1.6.1\DuckStudio.Sundry.locale.en-US.yaml
2026-01-12 07:00:23.723 INFO   Processing of manifest: D:\...\winget-pkgs\manifests\d\DuckStudio\Sundry\1.6.1\DuckStudio.Sundry.locale.zh-CN.yaml
2026-01-12 07:00:23.727 INFO     The manifest file has been saved as: D:\...\winget-pkgs\manifests\d\DuckStudio\Sundry\1.6.1\DuckStudio.Sundry.locale.zh-CN.yaml
2026-01-12 07:00:23.866 INFO   Processing of manifest: D:\...\winget-pkgs\manifests\d\DuckStudio\Sundry\1.6.1\DuckStudio.Sundry.yaml
2026-01-12 07:00:23.870 INFO     The manifest file has been saved as: D:\...\winget-pkgs\manifests\d\DuckStudio\Sundry\1.6.1\DuckStudio.Sundry.yaml
2026-01-12 07:00:24.117 INFO   New manifests in D:\...\winget-pkgs\manifests\d\DuckStudio\Sundry\1.6.1 for DuckStudio.Sundry (1.6.1)
2026-01-12 07:02:21.404 INFO Manifest validation succeeded with "sundry validate".
2026-01-12 07:02:21.432 INFO   Staging and Committing Changes to Git
2026-01-12 07:02:36.923 INFO     Commit message: New version: DuckStudio.Sundry version 1.6.1 (Auto)
2026-01-12 07:03:08.337 INFO   Pushing changes to remote (origin) repository
2026-01-12 07:03:13.573 INFO     Successfully pushed to remote (origin): New-Version-DuckStudio.Sundry-1.6.1-1768172406
2026-01-12 07:03:16.530 INFO     Pull request created successfully: https://github.com/microsoft/winget-pkgs/pull/329455
2026-01-12 07:03:16.536 INFO All manifests have been modified and pushed through.
2026-01-12 07:03:34.976 INFO Workspace clean-up completed.
~~ End of logging ~~
