~~ Start logging ~~
2026-07-02 10:08:46.567 FUN ⠀⠀⠀⠀⠀⠀⠀⠀⢀⣠⠴⠒⠛⠲⡄
2026-07-02 10:08:46.567 FUN ⠀⠀⠀⠀ ⠀  ⠀⢻⡄⣠⠶⣆⠀⣸⣀⣀
2026-07-02 10:08:46.567 FUN ⠀⠀⠀ ⠀⠀⢀⡠⠬⠛⢓⣏⠉⣾⣉⣀⠉⢹⡀
2026-07-02 10:08:46.567 FUN ⠀⠀ ⠀⢀⡖⠋⣠⠴⠛⠙⢹⠞⢳⢀⣨⡵⠚
2026-07-02 10:08:46.567 FUN ⠀⠀⠀⣰⠋⡠⠎⠁⣀⠤⠒⠚⠛⠙⠒⠳⠤⣄⡀
2026-07-02 10:08:46.567 FUN ⠀⠀⠀⠘⠐⢼⠖⠋⠀⠀⢀⠀⠀⠀⠀⠀⠀⠘⣌⡒⠲⢹
2026-07-02 10:08:46.567 FUN ⠀⠀ ⠀⡸⠁⠀⠀⠀⠀⡆⠀⠀⠐⠀⠢⣄⠀⡽⡙⡲⠑⠒⠒⡒⠁
2026-07-02 10:08:46.567 FUN ⢀⡠⠴⠚⠀⠀⠀⠀⠀⣕⠝⣄⡀⢀⠀⠀⡇⠵⢍⠚⢾⡀⢠⠖⠁
2026-07-02 10:08:46.567 FUN ⠈⠦⣄⣀⠀⡔⠀⠀⢁⡞⠀⠉⠲⣄⡀⢲⢼⠀⢀⠳⡄⠁⠀⢣
2026-07-02 10:08:46.567 FUN ⠀⠀⣠⠃⢐⠄⠀⠀⠴⠅⠠⡊⡢⠀⠉⠉⠁⠀⢆⠕⠹⡀⠀⠈⡆
2026-07-02 10:08:46.567 FUN ⠀⠠⡇⠀⡸⠀⠀⠀⠨⡅⠀⠒⠈⠀⢄⠠⠠⠔⠀⠀⠀⢻⠀⠀⢣
2026-07-02 10:08:46.567 FUN ⠀⢸⠅⠀⡕⠀⠀⠀⠀⣇⠀⠀⠀⠀⠀⠀⠀⠀⠀⣀⡤⡏⠀⠀ ⢸
2026-07-02 10:08:46.567 FUN ⠀⠈⡇⠀⣣⠀⠀ ⠀⠸⡦⠴⠲⢚⢚⠙⠝⠙⠍⠝⣱⠏⢠⠀⢸⠅
2026-07-02 10:08:46.567 FUN ⠀⠀⠙⣆⠘⣄⠀⠠⣄⠀⠹⣌⠌⠀⠂⠐⢈⠄⡁⢌⠳⣺⠏⢀⡞
2026-07-02 10:08:46.567 FUN ⠀⠀⠀⠀⠙⠺⠛⣲⠜⠟⡓⡚⣏⣔⡀⡌⣀⢂⣔⠴⠋⢏⠒⠁
2026-07-02 10:08:46.617 INFO Found the following version folder: ['1.0.1', '1.0.10', '1.0.11', '1.0.2', '1.0.3', '1.0.4', '1.0.5', '1.0.6', '1.0.7', '1.0.8', '1.0.9', '1.1.0', '1.1.1', '1.1.10', '1.1.11', '1.1.12', '1.1.13', '1.1.14', '1.1.2', '1.1.3', '1.1.4', '1.1.6', '1.1.7', '1.1.8', '1.1.9', '1.2.0', '1.2.1', '1.2.2', '1.2.3', '1.2.4', '1.2.5', '1.2.6', '1.2.7', '1.2.8', '1.2.9', '1.3.0', '1.3.1', '1.3.2', '1.3.3', '1.3.4', '1.3.5', '1.3.6', '1.3.7', '1.3.8', '1.3.9', '1.4.0', '1.4.1', '1.4.2', '1.4.3', '1.5.0', '1.5.1', '1.5.2', '1.6.0', '1.6.1', '1.6.2', '1.6.3', '1.6.4', '1.6.5', '1.6.6', '1.6.7', '1.6.8', '1.6.9', '1.7.0']
2026-07-02 10:08:46.618 VERBOSE Skip version 1.0.1, because it's not in the list of versions to be modified.
2026-07-02 10:08:46.620 VERBOSE Skip version 1.0.10, because it's not in the list of versions to be modified.
2026-07-02 10:08:46.622 VERBOSE Skip version 1.0.11, because it's not in the list of versions to be modified.
2026-07-02 10:08:46.623 VERBOSE Skip version 1.0.2, because it's not in the list of versions to be modified.
2026-07-02 10:08:46.625 VERBOSE Skip version 1.0.3, because it's not in the list of versions to be modified.
2026-07-02 10:08:46.628 VERBOSE Skip version 1.0.4, because it's not in the list of versions to be modified.
2026-07-02 10:08:46.630 VERBOSE Skip version 1.0.5, because it's not in the list of versions to be modified.
2026-07-02 10:08:46.632 VERBOSE Skip version 1.0.6, because it's not in the list of versions to be modified.
2026-07-02 10:08:46.634 VERBOSE Skip version 1.0.7, because it's not in the list of versions to be modified.
2026-07-02 10:08:46.636 VERBOSE Skip version 1.0.8, because it's not in the list of versions to be modified.
2026-07-02 10:08:46.637 VERBOSE Skip version 1.0.9, because it's not in the list of versions to be modified.
2026-07-02 10:08:46.638 VERBOSE Skip version 1.1.0, because it's not in the list of versions to be modified.
2026-07-02 10:08:46.640 VERBOSE Skip version 1.1.1, because it's not in the list of versions to be modified.
2026-07-02 10:08:46.642 VERBOSE Skip version 1.1.10, because it's not in the list of versions to be modified.
2026-07-02 10:08:46.644 VERBOSE Skip version 1.1.11, because it's not in the list of versions to be modified.
2026-07-02 10:08:46.646 VERBOSE Skip version 1.1.12, because it's not in the list of versions to be modified.
2026-07-02 10:08:46.647 VERBOSE Skip version 1.1.13, because it's not in the list of versions to be modified.
2026-07-02 10:08:46.649 VERBOSE Skip version 1.1.14, because it's not in the list of versions to be modified.
2026-07-02 10:08:46.651 VERBOSE Skip version 1.1.2, because it's not in the list of versions to be modified.
2026-07-02 10:08:46.653 VERBOSE Skip version 1.1.3, because it's not in the list of versions to be modified.
2026-07-02 10:08:46.654 VERBOSE Skip version 1.1.4, because it's not in the list of versions to be modified.
2026-07-02 10:08:46.655 VERBOSE Skip version 1.1.6, because it's not in the list of versions to be modified.
2026-07-02 10:08:46.657 VERBOSE Skip version 1.1.7, because it's not in the list of versions to be modified.
2026-07-02 10:08:46.659 VERBOSE Skip version 1.1.8, because it's not in the list of versions to be modified.
2026-07-02 10:08:46.661 VERBOSE Skip version 1.1.9, because it's not in the list of versions to be modified.
2026-07-02 10:08:46.663 VERBOSE Skip version 1.2.0, because it's not in the list of versions to be modified.
2026-07-02 10:08:46.664 VERBOSE Skip version 1.2.1, because it's not in the list of versions to be modified.
2026-07-02 10:08:46.666 VERBOSE Skip version 1.2.2, because it's not in the list of versions to be modified.
2026-07-02 10:08:46.668 VERBOSE Skip version 1.2.3, because it's not in the list of versions to be modified.
2026-07-02 10:08:46.670 VERBOSE Skip version 1.2.4, because it's not in the list of versions to be modified.
2026-07-02 10:08:46.671 VERBOSE Skip version 1.2.5, because it's not in the list of versions to be modified.
2026-07-02 10:08:46.672 VERBOSE Skip version 1.2.6, because it's not in the list of versions to be modified.
2026-07-02 10:08:46.674 VERBOSE Skip version 1.2.7, because it's not in the list of versions to be modified.
2026-07-02 10:08:46.676 VERBOSE Skip version 1.2.8, because it's not in the list of versions to be modified.
2026-07-02 10:08:46.677 VERBOSE Skip version 1.2.9, because it's not in the list of versions to be modified.
2026-07-02 10:08:46.679 VERBOSE Skip version 1.3.0, because it's not in the list of versions to be modified.
2026-07-02 10:08:46.681 VERBOSE Skip version 1.3.1, because it's not in the list of versions to be modified.
2026-07-02 10:08:46.683 VERBOSE Skip version 1.3.2, because it's not in the list of versions to be modified.
2026-07-02 10:08:46.685 VERBOSE Skip version 1.3.3, because it's not in the list of versions to be modified.
2026-07-02 10:08:46.687 VERBOSE Skip version 1.3.4, because it's not in the list of versions to be modified.
2026-07-02 10:08:46.688 VERBOSE Skip version 1.3.5, because it's not in the list of versions to be modified.
2026-07-02 10:08:46.689 VERBOSE Skip version 1.3.6, because it's not in the list of versions to be modified.
2026-07-02 10:08:46.691 VERBOSE Skip version 1.3.7, because it's not in the list of versions to be modified.
2026-07-02 10:08:46.693 VERBOSE Skip version 1.3.8, because it's not in the list of versions to be modified.
2026-07-02 10:08:46.695 VERBOSE Skip version 1.3.9, because it's not in the list of versions to be modified.
2026-07-02 10:08:46.697 VERBOSE Skip version 1.4.0, because it's not in the list of versions to be modified.
2026-07-02 10:08:46.699 VERBOSE Skip version 1.4.1, because it's not in the list of versions to be modified.
2026-07-02 10:08:46.701 VERBOSE Skip version 1.4.2, because it's not in the list of versions to be modified.
2026-07-02 10:08:46.702 VERBOSE Skip version 1.4.3, because it's not in the list of versions to be modified.
2026-07-02 10:08:46.704 VERBOSE Skip version 1.5.0, because it's not in the list of versions to be modified.
2026-07-02 10:08:46.705 VERBOSE Skip version 1.5.1, because it's not in the list of versions to be modified.
2026-07-02 10:08:46.706 VERBOSE Skip version 1.5.2, because it's not in the list of versions to be modified.
2026-07-02 10:08:46.709 VERBOSE Skip version 1.6.0, because it's not in the list of versions to be modified.
2026-07-02 10:08:46.710 VERBOSE Skip version 1.6.1, because it's not in the list of versions to be modified.
2026-07-02 10:08:46.712 VERBOSE Skip version 1.6.2, because it's not in the list of versions to be modified.
2026-07-02 10:08:46.714 VERBOSE Skip version 1.6.3, because it's not in the list of versions to be modified.
2026-07-02 10:08:46.716 VERBOSE Skip version 1.6.4, because it's not in the list of versions to be modified.
2026-07-02 10:08:46.718 VERBOSE Skip version 1.6.5, because it's not in the list of versions to be modified.
2026-07-02 10:08:46.719 VERBOSE Skip version 1.6.6, because it's not in the list of versions to be modified.
2026-07-02 10:08:46.721 VERBOSE Skip version 1.6.7, because it's not in the list of versions to be modified.
2026-07-02 10:08:46.722 VERBOSE Skip version 1.6.8, because it's not in the list of versions to be modified.
2026-07-02 10:08:46.724 VERBOSE Skip version 1.6.9, because it's not in the list of versions to be modified.
2026-07-02 10:08:46.725 INFO Processing version folder: 1.7.0
2026-07-02 10:08:46.726 INFO   Create and checkout to a new branch: New-Version-DuckStudio.Sundry-1.7.0-1782958126
2026-07-02 10:09:08.102 INFO   Processing of manifest: D:\...\winget-pkgs\manifests\d\DuckStudio\Sundry\1.7.0\DuckStudio.Sundry.installer.yaml
2026-07-02 10:09:08.105 INFO     The manifest file has been saved as: D:\...\winget-pkgs\manifests\d\DuckStudio\Sundry\1.7.0\DuckStudio.Sundry.installer.yaml
2026-07-02 10:09:08.312 INFO   Processing of manifest: D:\...\winget-pkgs\manifests\d\DuckStudio\Sundry\1.7.0\DuckStudio.Sundry.locale.en-US.yaml
2026-07-02 10:09:08.318 INFO     The manifest file has been saved as: D:\...\winget-pkgs\manifests\d\DuckStudio\Sundry\1.7.0\DuckStudio.Sundry.locale.en-US.yaml
2026-07-02 10:09:08.437 INFO   Processing of manifest: D:\...\winget-pkgs\manifests\d\DuckStudio\Sundry\1.7.0\DuckStudio.Sundry.locale.zh-CN.yaml
2026-07-02 10:09:08.441 INFO     The manifest file has been saved as: D:\...\winget-pkgs\manifests\d\DuckStudio\Sundry\1.7.0\DuckStudio.Sundry.locale.zh-CN.yaml
2026-07-02 10:09:08.579 INFO   Processing of manifest: D:\...\winget-pkgs\manifests\d\DuckStudio\Sundry\1.7.0\DuckStudio.Sundry.yaml
2026-07-02 10:09:08.582 INFO     The manifest file has been saved as: D:\...\winget-pkgs\manifests\d\DuckStudio\Sundry\1.7.0\DuckStudio.Sundry.yaml
2026-07-02 10:09:08.733 INFO   New manifests in D:\...\winget-pkgs\manifests\d\DuckStudio\Sundry\1.7.0 for DuckStudio.Sundry (1.7.0)
2026-07-02 10:13:34.777 INFO Manifest validation succeeded with "sundry validate".
2026-07-02 10:13:34.835 INFO   Staging and Committing Changes to Git
2026-07-02 10:14:34.315 INFO     Commit message: New version: DuckStudio.Sundry version 1.7.0 (Auto)
2026-07-02 10:22:39.397 INFO   Pushing changes to remote (origin) repository
2026-07-02 10:22:44.462 INFO     Successfully pushed to remote (origin): New-Version-DuckStudio.Sundry-1.7.0-1782958126
2026-07-02 10:22:47.992 INFO All manifests have been modified and pushed through.
2026-07-02 10:23:07.120 INFO Workspace clean-up completed.
~~ End of logging ~~
