~~ Start logging ~~
2025-04-24 11:58:27.451 FUN 入口函数 🤔，能吃吗？
2025-04-24 11:58:27.774 INFO Found the following version folder: ['2.0.0', '2.0.1', '2.1.1', '2.4.0', '2.6.1', '2.7.3', '2.7.4']
2025-04-24 11:58:27.104 INFO Skip version 2.0.0, because it's not in the list of versions to be modified.
2025-04-24 11:58:27.105 INFO Skip version 2.0.1, because it's not in the list of versions to be modified.
2025-04-24 11:58:27.106 INFO Skip version 2.1.1, because it's not in the list of versions to be modified.
2025-04-24 11:58:27.107 INFO Skip version 2.4.0, because it's not in the list of versions to be modified.
2025-04-24 11:58:27.108 INFO Skip version 2.6.1, because it's not in the list of versions to be modified.
2025-04-24 11:58:27.109 INFO Skip version 2.7.3, because it's not in the list of versions to be modified.
2025-04-24 11:58:27.110 INFO Processing version folder: 2.7.4
2025-04-24 11:58:27.111 INFO   Create and checkout to a new branch: NewVersion-Codemao.TurtleEditor.2-2.7.4-1745467107
2025-04-24 11:58:34.151 INFO   Processing of manifest: D:\...\winget-pkgs\manifests\c\Codemao\TurtleEditor\2\2.7.4\Codemao.TurtleEditor.2.installer.yaml
2025-04-24 11:58:34.152 INFO     Replace ManifestVersion: 1.9.0 -> 1.10.0
2025-04-24 11:58:34.153 INFO     Replace schema references: 1.9.0.schema.json -> 1.10.0.schema.json
2025-04-24 11:58:34.153 INFO     Cleaned up Codemao.TurtleEditor.2.installer.yaml
2025-04-24 11:58:34.155 INFO     The manifest file has been saved as: D:\...\winget-pkgs\manifests\c\Codemao\TurtleEditor\2\2.7.4\Codemao.TurtleEditor.2.installer.yaml
2025-04-24 11:58:34.327 INFO   Processing of manifest: D:\...\winget-pkgs\manifests\c\Codemao\TurtleEditor\2\2.7.4\Codemao.TurtleEditor.2.locale.en-US.yaml
2025-04-24 11:58:34.328 INFO     Replace ManifestVersion: 1.9.0 -> 1.10.0
2025-04-24 11:58:34.329 INFO     Replace schema references: 1.9.0.schema.json -> 1.10.0.schema.json
2025-04-24 11:58:34.330 INFO     Cleaned up Codemao.TurtleEditor.2.locale.en-US.yaml
2025-04-24 11:58:34.332 INFO     The manifest file has been saved as: D:\...\winget-pkgs\manifests\c\Codemao\TurtleEditor\2\2.7.4\Codemao.TurtleEditor.2.locale.en-US.yaml
2025-04-24 11:58:34.443 INFO   Processing of manifest: D:\...\winget-pkgs\manifests\c\Codemao\TurtleEditor\2\2.7.4\Codemao.TurtleEditor.2.locale.zh-CN.yaml
2025-04-24 11:58:34.445 INFO     Replace ManifestVersion: 1.9.0 -> 1.10.0
2025-04-24 11:58:34.446 INFO     Replace schema references: 1.9.0.schema.json -> 1.10.0.schema.json
2025-04-24 11:58:34.447 INFO     Cleaned up Codemao.TurtleEditor.2.locale.zh-CN.yaml
2025-04-24 11:58:34.449 INFO     The manifest file has been saved as: D:\...\winget-pkgs\manifests\c\Codemao\TurtleEditor\2\2.7.4\Codemao.TurtleEditor.2.locale.zh-CN.yaml
2025-04-24 11:58:34.568 INFO   Processing of manifest: D:\...\winget-pkgs\manifests\c\Codemao\TurtleEditor\2\2.7.4\Codemao.TurtleEditor.2.yaml
2025-04-24 11:58:34.570 INFO     Replace ManifestVersion: 1.9.0 -> 1.10.0
2025-04-24 11:58:34.570 INFO     Replace schema references: 1.9.0.schema.json -> 1.10.0.schema.json
2025-04-24 11:58:34.571 INFO     Cleaned up Codemao.TurtleEditor.2.yaml
2025-04-24 11:58:34.574 INFO     The manifest file has been saved as: D:\...\winget-pkgs\manifests\c\Codemao\TurtleEditor\2\2.7.4\Codemao.TurtleEditor.2.yaml
2025-04-24 11:58:34.710 INFO   New manifests in D:\...\winget-pkgs\manifests\c\Codemao\TurtleEditor\2\2.7.4 for Codemao.TurtleEditor.2 (2.7.4)
2025-04-24 12:01:21.909 INFO     清单验证成功。
2025-04-24 12:01:22.490 INFO   Staging and Committing Changes to Git
2025-04-24 12:01:31.318 INFO     Commit message: New version: Codemao.TurtleEditor.2 version 2.7.4 (Auto)
2025-04-24 12:01:31.319 INFO   Pushing changes to remote (origin) repository
2025-04-24 12:01:37.279 INFO     Successfully pushed to remote (origin): NewVersion-Codemao.TurtleEditor.2-2.7.4-1745467107
2025-04-24 12:01:38.996 INFO     Pull request created successfully: https://github.com/microsoft/winget-pkgs/pull/250681
2025-04-24 12:01:39.826 INFO All manifests have been modified and pushed through.
2025-04-24 12:01:43.145 INFO Workspace clean-up completed.
~~ End of logging ~~
