~~ Start logging ~~
2025-04-24 14:03:55.528 FUN O v O
2025-04-24 14:03:55.532 INFO Found the following version folder: ['1.3.0', '1.3.1', '1.3.2', '1.4.0', '1.4.1', '1.4.2', '1.7.0', '1.7.1', '1.7.2', '1.7.6', '1.8.2', '1.8.4']
2025-04-24 14:03:55.685 INFO Skip version 1.3.0, because it's not in the list of versions to be modified.
2025-04-24 14:03:55.686 INFO Skip version 1.3.1, because it's not in the list of versions to be modified.
2025-04-24 14:03:55.687 INFO Skip version 1.3.2, because it's not in the list of versions to be modified.
2025-04-24 14:03:55.688 INFO Skip version 1.4.0, because it's not in the list of versions to be modified.
2025-04-24 14:03:55.689 INFO Skip version 1.4.1, because it's not in the list of versions to be modified.
2025-04-24 14:03:55.690 INFO Skip version 1.4.2, because it's not in the list of versions to be modified.
2025-04-24 14:03:55.690 INFO Skip version 1.7.0, because it's not in the list of versions to be modified.
2025-04-24 14:03:55.691 INFO Skip version 1.7.1, because it's not in the list of versions to be modified.
2025-04-24 14:03:55.692 INFO Skip version 1.7.2, because it's not in the list of versions to be modified.
2025-04-24 14:03:55.693 INFO Skip version 1.7.6, because it's not in the list of versions to be modified.
2025-04-24 14:03:55.694 INFO Skip version 1.8.2, because it's not in the list of versions to be modified.
2025-04-24 14:03:55.695 INFO Processing version folder: 1.8.4
2025-04-24 14:03:55.696 INFO   Create and checkout to a new branch: NewVersion-Codemao.TurtleEditor.1-1.8.4-1745474635
2025-04-24 14:04:04.301 INFO   Processing of manifest: D:\...\winget-pkgs\manifests\c\Codemao\TurtleEditor\1\1.8.4\Codemao.TurtleEditor.1.installer.yaml
2025-04-24 14:04:04.302 INFO     Replace ManifestVersion: 1.9.0 -> 1.10.0
2025-04-24 14:04:04.303 INFO     Replace schema references: 1.9.0.schema.json -> 1.10.0.schema.json
2025-04-24 14:04:04.303 INFO     Cleaned up Codemao.TurtleEditor.1.installer.yaml
2025-04-24 14:04:04.305 INFO     The manifest file has been saved as: D:\...\winget-pkgs\manifests\c\Codemao\TurtleEditor\1\1.8.4\Codemao.TurtleEditor.1.installer.yaml
2025-04-24 14:04:04.460 INFO   Processing of manifest: D:\...\winget-pkgs\manifests\c\Codemao\TurtleEditor\1\1.8.4\Codemao.TurtleEditor.1.locale.en-US.yaml
2025-04-24 14:04:04.462 INFO     Replace ManifestVersion: 1.9.0 -> 1.10.0
2025-04-24 14:04:04.464 INFO     Replace schema references: 1.9.0.schema.json -> 1.10.0.schema.json
2025-04-24 14:04:04.465 INFO     Cleaned up Codemao.TurtleEditor.1.locale.en-US.yaml
2025-04-24 14:04:04.466 INFO     The manifest file has been saved as: D:\...\winget-pkgs\manifests\c\Codemao\TurtleEditor\1\1.8.4\Codemao.TurtleEditor.1.locale.en-US.yaml
2025-04-24 14:04:04.567 INFO   Processing of manifest: D:\...\winget-pkgs\manifests\c\Codemao\TurtleEditor\1\1.8.4\Codemao.TurtleEditor.1.locale.zh-CN.yaml
2025-04-24 14:04:04.569 INFO     Replace ManifestVersion: 1.9.0 -> 1.10.0
2025-04-24 14:04:04.570 INFO     Replace schema references: 1.9.0.schema.json -> 1.10.0.schema.json
2025-04-24 14:04:04.571 INFO     Cleaned up Codemao.TurtleEditor.1.locale.zh-CN.yaml
2025-04-24 14:04:04.573 INFO     The manifest file has been saved as: D:\...\winget-pkgs\manifests\c\Codemao\TurtleEditor\1\1.8.4\Codemao.TurtleEditor.1.locale.zh-CN.yaml
2025-04-24 14:04:04.766 INFO   Processing of manifest: D:\...\winget-pkgs\manifests\c\Codemao\TurtleEditor\1\1.8.4\Codemao.TurtleEditor.1.yaml
2025-04-24 14:04:04.767 INFO     Replace ManifestVersion: 1.9.0 -> 1.10.0
2025-04-24 14:04:04.768 INFO     Replace schema references: 1.9.0.schema.json -> 1.10.0.schema.json
2025-04-24 14:04:04.769 INFO     Cleaned up Codemao.TurtleEditor.1.yaml
2025-04-24 14:04:04.771 INFO     The manifest file has been saved as: D:\...\winget-pkgs\manifests\c\Codemao\TurtleEditor\1\1.8.4\Codemao.TurtleEditor.1.yaml
2025-04-24 14:04:04.944 INFO   New manifests in D:\...\winget-pkgs\manifests\c\Codemao\TurtleEditor\1\1.8.4 for Codemao.TurtleEditor.1 (1.8.4)
2025-04-24 14:06:35.270 INFO     清单验证成功。
2025-04-24 14:06:35.376 INFO   Staging and Committing Changes to Git
2025-04-24 14:06:45.768 INFO     Commit message: New version: Codemao.TurtleEditor.1 version 1.8.4 (Auto)
2025-04-24 14:06:45.770 INFO   Pushing changes to remote (origin) repository
2025-04-24 14:06:50.391 INFO     Successfully pushed to remote (origin): NewVersion-Codemao.TurtleEditor.1-1.8.4-1745474635
2025-04-24 14:06:52.125 INFO     Pull request created successfully: https://github.com/microsoft/winget-pkgs/pull/250694
2025-04-24 14:06:52.128 INFO All manifests have been modified and pushed through.
2025-04-24 14:06:57.106 INFO Workspace clean-up completed.
~~ End of logging ~~
